# date=3-23
# cmd: C:\Users\vioyq\Desktop\Coach_Tracker\coach-tracker-demo\venv\Scripts\python.exe -u C:\Users\vioyq\Desktop\Coach_Tracker\coach-tracker-demo\video-script\coach-date-camera-id-runner.py --date 3-23 --camera coach-1 --video-root C:\Users\vioyq\Desktop\Coach_Tracker\_Coach_Video --drive-mount-root /content/drive --no-viewer
# cwd: C:\Users\vioyq\Desktop\Coach_Tracker\coach-tracker-demo

Combined CSV output: C:\Users\vioyq\Desktop\Coach_Tracker\coach-tracker-demo\coach-store\CSV-state\coach1\0323-coach1-20260331-232007.csv
Found 11 video(s) in C:\Users\vioyq\Desktop\Coach_Tracker\_Coach_Video\3-23\Coach-1
001. Coach-1-hour-1-20260323095957.mp4
002. Coach-1-hour-2-20260323105959.mp4
003. Coach-1-hour-3-20260323115959.mp4
004. Coach-1-hour-4-20260323125959.mp4
005. Coach-1-hour-5-20260323135959.mp4
006. Coach-1-hour-6-20260323145959.mp4
007. Coach-1-hour-7-20260323155959.mp4
008. Coach-1-hour-8-20260323165959.mp4
009. Coach-1-hour-9-20260323175959.mp4
010. Coach-1-hour-10-20260323190000.mp4
011. Coach-1-hour-11-20260323200000.mp4

[Progress] 1/11 (  9.1%) | elapsed     0.0s | ETA     0.0s

=== Running: Coach-1-hour-1-20260323095957.mp4 ===
Person-ID memory: loaded 0 IDs from C:\Users\vioyq\Desktop\Coach_Tracker\coach-tracker-demo\coach-store\person-ID\coach1\0323.json
[coach1] C:\Users\vioyq\Desktop\Coach_Tracker\_Coach_Video\3-23\Coach-1\Coach-1-hour-1-20260323095957.mp4 (36018 frames @ 10.0 fps). (headless)
Config: yaml=coach1.yaml zone=C:\Users\vioyq\Desktop\Coach_Tracker\coach-tracker-demo\coach-store\zone\coach1.json
Output CSV: C:\Users\vioyq\Desktop\Coach_Tracker\coach-tracker-demo\coach-store\CSV-state\coach1\0323-coach1-20260331-232007.csv

--- Report ---
Time spent processing: 1156.6s
Time on screen per person:
  Person 0 on screen for 3055.6s | zone=0.0s
  Person 1 on screen for 2895.8s | zone=1561.2s
  Person 2 on screen for 2876.0s | zone=0.0s
  Person 3 on screen for 2696.4s | zone=0.0s
  Person 4 on screen for 2398.4s | zone=0.8s
  Person 5 on screen for 1913.9s | zone=0.5s
  Person 6 on screen for 14.9s | zone=13.3s
  Person 7 on screen for 1815.3s | zone=33.1s
  Person 9 on screen for 2594.8s | zone=2529.4s
  Person 12 on screen for 2058.9s | zone=2056.4s
  Person 13 on screen for 41.7s | zone=32.9s
  Person 15 on screen for 0.2s | zone=0.0s
  Person 17 on screen for 10.1s | zone=7.1s
  Person 18 on screen for 2332.4s | zone=0.0s
  Person 19 on screen for 0.4s | zone=0.0s
  Person 20 on screen for 1853.3s | zone=0.0s
  Person 21 on screen for 0.4s | zone=0.0s
  Person 22 on screen for 12.4s | zone=4.7s
  Person 23 on screen for 706.1s | zone=3.0s
  Person 24 on screen for 1322.6s | zone=0.0s
  Person 26 on screen for 2147.5s | zone=2101.3s
  Person 27 on screen for 39.8s | zone=10.9s
  Person 28 on screen for 1.1s | zone=0.0s
  Person 30 on screen for 5.9s | zone=0.0s
  Person 32 on screen for 1.7s | zone=0.6s
  Person 34 on screen for 37.0s | zone=35.8s
  Person 35 on screen for 1228.2s | zone=1171.3s
  Person 42 on screen for 5.5s | zone=0.0s
  Person 45 on screen for 316.0s | zone=0.0s
  Person 46 on screen for 16.0s | zone=6.8s
  Person 47 on screen for 1003.8s | zone=992.7s
  Person 50 on screen for 14.1s | zone=14.9s
  Person 51 on screen for 8.2s | zone=0.0s
  Person 55 on screen for 16.3s | zone=0.2s
  Person 57 on screen for 1.6s | zone=0.0s
  Person 58 on screen for 31.9s | zone=8.1s
  Person 61 on screen for 5.5s | zone=1.8s
  Person 68 on screen for 38.2s | zone=26.0s
  Person 73 on screen for 6.8s | zone=0.0s
  Person 78 on screen for 8.4s | zone=5.6s
  Person 80 on screen for 11.0s | zone=7.9s
  Person 82 on screen for 59.5s | zone=24.8s
  Person 85 on screen for 0.1s | zone=0.0s
  Person 88 on screen for 6.5s | zone=1.5s
  Person 89 on screen for 9.6s | zone=0.0s
  Person 90 on screen for 234.2s | zone=0.0s
  Person 92 on screen for 3.7s | zone=0.0s
  Person 95 on screen for 8.2s | zone=0.0s
  Person 98 on screen for 1.8s | zone=0.0s
  Person 104 on screen for 437.9s | zone=14.7s
  Person 106 on screen for 509.1s | zone=1.4s
  Person 109 on screen for 24.8s | zone=22.3s
  Person 118 on screen for 1.5s | zone=0.0s
  Person 121 on screen for 63.4s | zone=0.3s
  Person 123 on screen for 24.0s | zone=0.0s
  Person 125 on screen for 2.0s | zone=0.0s
Person-ID memory saved: C:\Users\vioyq\Desktop\Coach_Tracker\coach-tracker-demo\coach-store\person-ID\coach1\0323.json
CSV written: C:\Users\vioyq\Desktop\Coach_Tracker\coach-tracker-demo\coach-store\CSV-state\coach1\0323-coach1-20260331-232007.csv
--- end report ---

[Progress] 2/11 ( 18.2%) | elapsed  1166.5s | ETA  5249.2s

=== Running: Coach-1-hour-2-20260323105959.mp4 ===
Person-ID memory: loaded 55 IDs from C:\Users\vioyq\Desktop\Coach_Tracker\coach-tracker-demo\coach-store\person-ID\coach1\0323.json
[coach1] C:\Users\vioyq\Desktop\Coach_Tracker\_Coach_Video\3-23\Coach-1\Coach-1-hour-2-20260323105959.mp4 (36000 frames @ 10.0 fps). (headless)
Config: yaml=coach1.yaml zone=C:\Users\vioyq\Desktop\Coach_Tracker\coach-tracker-demo\coach-store\zone\coach1.json
Output CSV: C:\Users\vioyq\Desktop\Coach_Tracker\coach-tracker-demo\coach-store\CSV-state\coach1\0323-coach1-20260331-232007.csv

--- Report ---
Time spent processing: 1160.0s
Time on screen per person:
  Person 0 on screen for 3410.9s | zone=0.0s
  Person 1 on screen for 2699.8s | zone=0.0s
  Person 2 on screen for 3513.6s | zone=20.1s
  Person 3 on screen for 1106.1s | zone=0.0s
  Person 4 on screen for 479.2s | zone=0.0s
  Person 5 on screen for 1317.2s | zone=0.0s
  Person 6 on screen for 27.9s | zone=0.2s
  Person 7 on screen for 12.5s | zone=7.1s
  Person 9 on screen for 2745.4s | zone=1.9s
  Person 12 on screen for 8.2s | zone=5.9s
  Person 13 on screen for 1445.6s | zone=25.4s
  Person 14 on screen for 2393.6s | zone=1354.4s
  Person 17 on screen for 54.0s | zone=0.1s
  Person 18 on screen for 2666.4s | zone=51.7s
  Person 20 on screen for 304.8s | zone=302.4s
  Person 22 on screen for 550.1s | zone=0.0s
  Person 23 on screen for 2598.2s | zone=3.6s
  Person 24 on screen for 952.2s | zone=2.1s
  Person 26 on screen for 31.2s | zone=2.3s
  Person 27 on screen for 19.3s | zone=12.5s
  Person 32 on screen for 608.8s | zone=2.1s
  Person 34 on screen for 2451.1s | zone=7.6s
  Person 35 on screen for 1699.0s | zone=0.1s
  Person 37 on screen for 28.8s | zone=28.1s
  Person 38 on screen for 1318.5s | zone=30.4s
  Person 39 on screen for 4.0s | zone=3.0s
  Person 42 on screen for 1463.7s | zone=0.0s
  Person 45 on screen for 1932.3s | zone=2.3s
  Person 47 on screen for 579.4s | zone=0.0s
  Person 49 on screen for 467.1s | zone=465.6s
  Person 50 on screen for 0.3s | zone=0.0s
  Person 51 on screen for 1.4s | zone=0.1s
  Person 57 on screen for 822.3s | zone=3.2s
  Person 58 on screen for 3.4s | zone=0.7s
  Person 63 on screen for 19.8s | zone=12.6s
  Person 64 on screen for 612.5s | zone=0.0s
  Person 65 on screen for 0.1s | zone=0.0s
  Person 68 on screen for 23.4s | zone=21.6s
  Person 73 on screen for 1981.1s | zone=4.7s
  Person 77 on screen for 5.1s | zone=4.1s
  Person 78 on screen for 3295.7s | zone=7.2s
  Person 79 on screen for 39.5s | zone=23.5s
  Person 80 on screen for 37.0s | zone=7.2s
  Person 86 on screen for 1296.3s | zone=0.0s
  Person 89 on screen for 2983.7s | zone=2853.3s
  Person 90 on screen for 1140.5s | zone=0.3s
  Person 92 on screen for 4.6s | zone=0.1s
  Person 95 on screen for 2228.3s | zone=0.1s
  Person 99 on screen for 0.3s | zone=0.0s
  Person 100 on screen for 0.4s | zone=0.0s
  Person 101 on screen for 23.0s | zone=0.0s
  Person 102 on screen for 992.9s | zone=33.6s
  Person 103 on screen for 61.5s | zone=34.7s
  Person 104 on screen for 1915.1s | zone=0.0s
  Person 106 on screen for 2573.3s | zone=0.4s
  Person 109 on screen for 2633.6s | zone=1534.8s
  Person 110 on screen for 10.2s | zone=4.3s
  Person 111 on screen for 407.8s | zone=8.4s
  Person 113 on screen for 0.1s | zone=0.0s
  Person 114 on screen for 13.7s | zone=3.8s
  Person 118 on screen for 2405.7s | zone=211.9s
  Person 121 on screen for 420.6s | zone=28.3s
  Person 122 on screen for 1.4s | zone=0.0s
  Person 123 on screen for 498.7s | zone=0.5s
  Person 124 on screen for 27.8s | zone=21.0s
  Person 125 on screen for 2465.3s | zone=1.0s
  Person 130 on screen for 9.0s | zone=0.0s
  Person 131 on screen for 4.9s | zone=0.1s
  Person 132 on screen for 17.5s | zone=0.0s
  Person 133 on screen for 711.7s | zone=0.1s
  Person 138 on screen for 837.7s | zone=834.5s
  Person 139 on screen for 861.2s | zone=855.7s
  Person 142 on screen for 46.6s | zone=1.2s
  Person 155 on screen for 100.6s | zone=46.7s
  Person 158 on screen for 5.5s | zone=1.4s
  Person 165 on screen for 0.6s | zone=0.0s
  Person 166 on screen for 431.8s | zone=1.3s
  Person 168 on screen for 68.7s | zone=9.9s
  Person 169 on screen for 69.4s | zone=4.7s
  Person 172 on screen for 3.2s | zone=0.0s
  Person 179 on screen for 15.1s | zone=3.4s
  Person 181 on screen for 27.3s | zone=15.3s
  Person 200 on screen for 21.1s | zone=2.9s
Person-ID memory saved: C:\Users\vioyq\Desktop\Coach_Tracker\coach-tracker-demo\coach-store\person-ID\coach1\0323.json
CSV written: C:\Users\vioyq\Desktop\Coach_Tracker\coach-tracker-demo\coach-store\CSV-state\coach1\0323-coach1-20260331-232007.csv
--- end report ---

[Progress] 3/11 ( 27.3%) | elapsed  2330.1s | ETA  6213.6s

=== Running: Coach-1-hour-3-20260323115959.mp4 ===
Person-ID memory: loaded 94 IDs from C:\Users\vioyq\Desktop\Coach_Tracker\coach-tracker-demo\coach-store\person-ID\coach1\0323.json
[coach1] C:\Users\vioyq\Desktop\Coach_Tracker\_Coach_Video\3-23\Coach-1\Coach-1-hour-3-20260323115959.mp4 (36000 frames @ 10.0 fps). (headless)
Config: yaml=coach1.yaml zone=C:\Users\vioyq\Desktop\Coach_Tracker\coach-tracker-demo\coach-store\zone\coach1.json
Output CSV: C:\Users\vioyq\Desktop\Coach_Tracker\coach-tracker-demo\coach-store\CSV-state\coach1\0323-coach1-20260331-232007.csv

--- Report ---
Time spent processing: 1168.4s
Time on screen per person:
  Person 0 on screen for 3560.6s | zone=0.0s
  Person 1 on screen for 3520.5s | zone=0.0s
  Person 2 on screen for 3540.9s | zone=0.0s
  Person 3 on screen for 2045.4s | zone=0.3s
  Person 4 on screen for 2474.1s | zone=0.1s
  Person 5 on screen for 1.7s | zone=0.0s
  Person 9 on screen for 863.4s | zone=0.0s
  Person 11 on screen for 3279.3s | zone=4.0s
  Person 12 on screen for 1656.4s | zone=62.6s
  Person 13 on screen for 569.1s | zone=12.2s
  Person 14 on screen for 3404.6s | zone=6.2s
  Person 21 on screen for 2869.2s | zone=0.0s
  Person 22 on screen for 3307.3s | zone=769.0s
  Person 23 on screen for 1674.0s | zone=0.5s
  Person 24 on screen for 2324.2s | zone=20.3s
  Person 27 on screen for 106.0s | zone=0.2s
  Person 28 on screen for 951.7s | zone=0.0s
  Person 30 on screen for 12.3s | zone=10.3s
  Person 32 on screen for 1639.4s | zone=0.7s
  Person 35 on screen for 20.0s | zone=0.0s
  Person 36 on screen for 2350.0s | zone=1971.3s
  Person 38 on screen for 2580.2s | zone=5.9s
  Person 39 on screen for 9.1s | zone=0.2s
  Person 40 on screen for 4.7s | zone=0.6s
  Person 42 on screen for 40.0s | zone=0.4s
  Person 45 on screen for 68.4s | zone=7.4s
  Person 46 on screen for 4.5s | zone=1.5s
  Person 47 on screen for 39.2s | zone=0.1s
  Person 57 on screen for 7.0s | zone=1.5s
  Person 58 on screen for 37.0s | zone=317.7s
  Person 60 on screen for 0.3s | zone=0.0s
  Person 61 on screen for 71.8s | zone=37.0s
  Person 64 on screen for 99.3s | zone=1.7s
  Person 67 on screen for 20.0s | zone=0.0s
  Person 68 on screen for 0.4s | zone=0.0s
  Person 69 on screen for 52.0s | zone=3.3s
  Person 72 on screen for 24.9s | zone=21.8s
  Person 73 on screen for 933.3s | zone=5.4s
  Person 77 on screen for 26.5s | zone=0.8s
  Person 79 on screen for 1747.0s | zone=25.8s
  Person 86 on screen for 0.3s | zone=0.4s
  Person 88 on screen for 1158.0s | zone=0.0s
  Person 89 on screen for 43.3s | zone=0.8s
  Person 90 on screen for 819.8s | zone=0.0s
  Person 93 on screen for 1432.6s | zone=0.2s
  Person 95 on screen for 1647.6s | zone=0.1s
  Person 98 on screen for 5.1s | zone=1.3s
  Person 102 on screen for 59.3s | zone=37.5s
  Person 103 on screen for 1.1s | zone=0.0s
  Person 104 on screen for 1583.2s | zone=368.7s
  Person 109 on screen for 45.9s | zone=1.3s
  Person 113 on screen for 517.5s | zone=24.4s
  Person 117 on screen for 110.1s | zone=99.5s
  Person 120 on screen for 0.2s | zone=0.0s
  Person 121 on screen for 375.1s | zone=12.9s
  Person 124 on screen for 1547.1s | zone=0.0s
  Person 125 on screen for 0.1s | zone=0.0s
  Person 128 on screen for 21.6s | zone=19.2s
  Person 130 on screen for 47.6s | zone=7.0s
  Person 131 on screen for 29.6s | zone=14.6s
  Person 132 on screen for 1278.0s | zone=0.0s
  Person 138 on screen for 1618.9s | zone=844.6s
  Person 147 on screen for 17.6s | zone=16.0s
  Person 148 on screen for 0.2s | zone=0.0s
  Person 149 on screen for 13.3s | zone=0.0s
  Person 150 on screen for 3.9s | zone=0.9s
  Person 151 on screen for 4.4s | zone=1.7s
  Person 152 on screen for 40.8s | zone=0.0s
  Person 153 on screen for 2.2s | zone=0.0s
  Person 154 on screen for 60.9s | zone=55.2s
  Person 155 on screen for 2336.8s | zone=7.9s
  Person 156 on screen for 105.2s | zone=79.9s
  Person 159 on screen for 0.7s | zone=0.6s
  Person 160 on screen for 14.2s | zone=0.5s
  Person 163 on screen for 332.4s | zone=4.3s
  Person 164 on screen for 10.6s | zone=8.8s
  Person 165 on screen for 0.8s | zone=0.0s
  Person 166 on screen for 2386.5s | zone=49.2s
  Person 169 on screen for 2378.9s | zone=2349.4s
  Person 172 on screen for 1362.3s | zone=4.0s
  Person 176 on screen for 19.2s | zone=0.0s
  Person 179 on screen for 1950.0s | zone=1.5s
  Person 182 on screen for 1.9s | zone=0.0s
Person-ID memory saved: C:\Users\vioyq\Desktop\Coach_Tracker\coach-tracker-demo\coach-store\person-ID\coach1\0323.json
CSV written: C:\Users\vioyq\Desktop\Coach_Tracker\coach-tracker-demo\coach-store\CSV-state\coach1\0323-coach1-20260331-232007.csv
--- end report ---

[Progress] 4/11 ( 36.4%) | elapsed  3502.2s | ETA  6128.8s

=== Running: Coach-1-hour-4-20260323125959.mp4 ===
Person-ID memory: loaded 120 IDs from C:\Users\vioyq\Desktop\Coach_Tracker\coach-tracker-demo\coach-store\person-ID\coach1\0323.json
[coach1] C:\Users\vioyq\Desktop\Coach_Tracker\_Coach_Video\3-23\Coach-1\Coach-1-hour-4-20260323125959.mp4 (36000 frames @ 10.0 fps). (headless)
Config: yaml=coach1.yaml zone=C:\Users\vioyq\Desktop\Coach_Tracker\coach-tracker-demo\coach-store\zone\coach1.json
Output CSV: C:\Users\vioyq\Desktop\Coach_Tracker\coach-tracker-demo\coach-store\CSV-state\coach1\0323-coach1-20260331-232007.csv

--- Report ---
Time spent processing: 1186.7s
Time on screen per person:
  Person 0 on screen for 2787.7s | zone=0.0s
  Person 1 on screen for 2627.6s | zone=0.0s
  Person 2 on screen for 2627.2s | zone=47.4s
  Person 4 on screen for 621.1s | zone=4.9s
  Person 5 on screen for 1435.1s | zone=0.0s
  Person 7 on screen for 29.0s | zone=4.1s
  Person 12 on screen for 137.0s | zone=0.0s
  Person 13 on screen for 2701.1s | zone=8.5s
  Person 14 on screen for 71.0s | zone=1.2s
  Person 15 on screen for 3520.2s | zone=8.3s
  Person 16 on screen for 2894.9s | zone=0.0s
  Person 17 on screen for 341.8s | zone=0.0s
  Person 18 on screen for 661.2s | zone=0.4s
  Person 19 on screen for 485.3s | zone=0.0s
  Person 20 on screen for 3197.2s | zone=2560.3s
  Person 21 on screen for 0.1s | zone=0.0s
  Person 23 on screen for 890.2s | zone=2577.9s
  Person 24 on screen for 106.9s | zone=6.1s
  Person 26 on screen for 1554.7s | zone=14.1s
  Person 28 on screen for 35.3s | zone=0.0s
  Person 31 on screen for 1.5s | zone=0.0s
  Person 32 on screen for 3437.9s | zone=0.2s
  Person 34 on screen for 1.0s | zone=0.0s
  Person 35 on screen for 2213.7s | zone=0.0s
  Person 36 on screen for 3378.1s | zone=571.0s
  Person 38 on screen for 2.9s | zone=0.0s
  Person 39 on screen for 2283.3s | zone=1.7s
  Person 40 on screen for 121.2s | zone=2.6s
  Person 44 on screen for 2981.5s | zone=0.0s
  Person 45 on screen for 5.7s | zone=0.7s
  Person 46 on screen for 1650.1s | zone=52.5s
  Person 48 on screen for 0.2s | zone=0.0s
  Person 49 on screen for 2953.7s | zone=1.8s
  Person 51 on screen for 395.1s | zone=22.3s
  Person 54 on screen for 1883.7s | zone=2.4s
  Person 55 on screen for 25.7s | zone=19.2s
  Person 56 on screen for 3170.7s | zone=3168.0s
  Person 57 on screen for 12.8s | zone=0.0s
  Person 58 on screen for 675.2s | zone=0.9s
  Person 60 on screen for 2735.0s | zone=0.0s
  Person 61 on screen for 1251.2s | zone=2.2s
  Person 63 on screen for 2360.8s | zone=2347.0s
  Person 64 on screen for 2892.6s | zone=0.3s
  Person 69 on screen for 35.5s | zone=0.7s
  Person 73 on screen for 508.1s | zone=123.5s
  Person 74 on screen for 24.5s | zone=0.0s
  Person 77 on screen for 2878.3s | zone=3.7s
  Person 78 on screen for 0.1s | zone=0.0s
  Person 79 on screen for 12.9s | zone=0.0s
  Person 90 on screen for 2543.3s | zone=0.0s
  Person 92 on screen for 1374.8s | zone=1173.1s
  Person 93 on screen for 2913.6s | zone=27.7s
  Person 96 on screen for 0.4s | zone=0.0s
  Person 98 on screen for 355.7s | zone=2.2s
  Person 100 on screen for 13.4s | zone=0.0s
  Person 101 on screen for 2437.7s | zone=3.9s
  Person 102 on screen for 4.6s | zone=0.0s
  Person 103 on screen for 221.9s | zone=91.1s
  Person 104 on screen for 535.0s | zone=0.5s
  Person 106 on screen for 1702.7s | zone=0.3s
  Person 109 on screen for 11.0s | zone=0.0s
  Person 110 on screen for 731.9s | zone=36.0s
  Person 111 on screen for 20.1s | zone=0.0s
  Person 115 on screen for 496.3s | zone=0.0s
  Person 121 on screen for 26.1s | zone=0.0s
  Person 122 on screen for 3177.1s | zone=0.0s
  Person 128 on screen for 17.4s | zone=0.1s
  Person 131 on screen for 1.0s | zone=0.0s
  Person 132 on screen for 8.6s | zone=0.0s
  Person 136 on screen for 62.7s | zone=0.5s
  Person 138 on screen for 1559.1s | zone=18.0s
  Person 139 on screen for 1736.6s | zone=0.1s
  Person 141 on screen for 8.4s | zone=4.3s
  Person 142 on screen for 41.6s | zone=0.5s
  Person 145 on screen for 93.8s | zone=20.2s
  Person 146 on screen for 1317.3s | zone=7.7s
  Person 147 on screen for 1.6s | zone=0.0s
  Person 148 on screen for 1578.6s | zone=7.4s
  Person 149 on screen for 42.1s | zone=5.6s
  Person 151 on screen for 967.8s | zone=966.1s
  Person 152 on screen for 1.1s | zone=0.0s
  Person 153 on screen for 1227.2s | zone=0.0s
  Person 156 on screen for 615.3s | zone=112.8s
  Person 160 on screen for 111.7s | zone=0.0s
  Person 161 on screen for 282.4s | zone=6.2s
  Person 163 on screen for 1187.7s | zone=0.0s
  Person 164 on screen for 42.5s | zone=0.0s
  Person 166 on screen for 162.6s | zone=0.4s
  Person 168 on screen for 2499.7s | zone=0.0s
  Person 171 on screen for 0.2s | zone=0.0s
  Person 174 on screen for 990.5s | zone=3.2s
  Person 175 on screen for 135.6s | zone=36.7s
  Person 177 on screen for 21.5s | zone=0.0s
  Person 179 on screen for 2346.7s | zone=1274.0s
  Person 181 on screen for 454.9s | zone=0.2s
  Person 182 on screen for 2036.5s | zone=0.0s
  Person 183 on screen for 0.6s | zone=0.0s
  Person 195 on screen for 7.5s | zone=0.9s
  Person 200 on screen for 1036.2s | zone=1.0s
  Person 203 on screen for 94.9s | zone=0.8s
  Person 205 on screen for 23.0s | zone=0.0s
  Person 210 on screen for 529.4s | zone=0.0s
  Person 211 on screen for 160.0s | zone=0.0s
  Person 213 on screen for 4.0s | zone=0.0s
  Person 218 on screen for 9.8s | zone=0.1s
  Person 219 on screen for 12.9s | zone=4.1s
  Person 226 on screen for 114.8s | zone=44.9s
  Person 230 on screen for 153.7s | zone=10.8s
  Person 232 on screen for 694.1s | zone=1.2s
  Person 238 on screen for 32.7s | zone=29.1s
  Person 244 on screen for 169.8s | zone=7.6s
  Person 245 on screen for 1.2s | zone=0.0s
  Person 250 on screen for 6.7s | zone=0.0s
  Person 252 on screen for 25.5s | zone=1.3s
  Person 254 on screen for 26.4s | zone=18.5s
  Person 257 on screen for 11.4s | zone=2.3s
  Person 258 on screen for 3.7s | zone=0.7s
  Person 259 on screen for 49.2s | zone=0.0s
  Person 262 on screen for 491.8s | zone=0.1s
  Person 263 on screen for 33.2s | zone=6.7s
  Person 269 on screen for 55.4s | zone=0.0s
  Person 271 on screen for 13.8s | zone=11.8s
  Person 280 on screen for 31.7s | zone=0.1s
  Person 287 on screen for 19.7s | zone=7.7s
  Person 288 on screen for 259.9s | zone=6.5s
  Person 289 on screen for 9.1s | zone=0.0s
  Person 302 on screen for 57.3s | zone=0.2s
  Person 312 on screen for 23.2s | zone=19.9s
  Person 318 on screen for 1.3s | zone=0.0s
  Person 319 on screen for 274.2s | zone=21.8s
  Person 321 on screen for 3.8s | zone=0.0s
  Person 322 on screen for 14.6s | zone=13.2s
  Person 323 on screen for 2.5s | zone=0.0s
  Person 332 on screen for 8.7s | zone=0.0s
  Person 338 on screen for 37.1s | zone=0.0s
  Person 342 on screen for 10.9s | zone=0.3s
  Person 344 on screen for 3.0s | zone=0.0s
  Person 350 on screen for 21.3s | zone=13.8s
  Person 353 on screen for 64.6s | zone=4.4s
  Person 354 on screen for 57.4s | zone=1.7s
  Person 357 on screen for 4.1s | zone=1.9s
  Person 360 on screen for 1.8s | zone=0.0s
  Person 361 on screen for 15.5s | zone=2.6s
  Person 365 on screen for 2.0s | zone=1.9s
Person-ID memory saved: C:\Users\vioyq\Desktop\Coach_Tracker\coach-tracker-demo\coach-store\person-ID\coach1\0323.json
CSV written: C:\Users\vioyq\Desktop\Coach_Tracker\coach-tracker-demo\coach-store\CSV-state\coach1\0323-coach1-20260331-232007.csv
--- end report ---

[Progress] 5/11 ( 45.5%) | elapsed  4692.9s | ETA  5631.4s

=== Running: Coach-1-hour-5-20260323135959.mp4 ===
Person-ID memory: loaded 185 IDs from C:\Users\vioyq\Desktop\Coach_Tracker\coach-tracker-demo\coach-store\person-ID\coach1\0323.json
[coach1] C:\Users\vioyq\Desktop\Coach_Tracker\_Coach_Video\3-23\Coach-1\Coach-1-hour-5-20260323135959.mp4 (36000 frames @ 10.0 fps). (headless)
Config: yaml=coach1.yaml zone=C:\Users\vioyq\Desktop\Coach_Tracker\coach-tracker-demo\coach-store\zone\coach1.json
Output CSV: C:\Users\vioyq\Desktop\Coach_Tracker\coach-tracker-demo\coach-store\CSV-state\coach1\0323-coach1-20260331-232007.csv

--- Report ---
Time spent processing: 1187.4s
Time on screen per person:
  Person 0 on screen for 3040.5s | zone=0.0s
  Person 1 on screen for 3000.2s | zone=0.0s
  Person 2 on screen for 0.1s | zone=0.0s
  Person 5 on screen for 2234.1s | zone=0.4s
  Person 6 on screen for 558.1s | zone=9.4s
  Person 7 on screen for 1.4s | zone=0.0s
  Person 11 on screen for 2971.3s | zone=1211.6s
  Person 12 on screen for 61.3s | zone=0.0s
  Person 13 on screen for 498.8s | zone=6.3s
  Person 14 on screen for 0.3s | zone=0.0s
  Person 15 on screen for 1.6s | zone=0.0s
  Person 16 on screen for 56.2s | zone=19.6s
  Person 18 on screen for 2420.2s | zone=21.4s
  Person 19 on screen for 2988.2s | zone=8.4s
  Person 22 on screen for 53.4s | zone=1.6s
  Person 23 on screen for 2869.2s | zone=13.3s
  Person 24 on screen for 3598.9s | zone=30.0s
  Person 26 on screen for 991.9s | zone=0.0s
  Person 32 on screen for 7.5s | zone=0.0s
  Person 34 on screen for 67.7s | zone=0.0s
  Person 36 on screen for 3352.5s | zone=17.2s
  Person 38 on screen for 1537.7s | zone=2.3s
  Person 40 on screen for 932.7s | zone=4.1s
  Person 41 on screen for 2052.5s | zone=0.0s
  Person 44 on screen for 19.0s | zone=0.0s
  Person 45 on screen for 0.1s | zone=0.0s
  Person 46 on screen for 36.6s | zone=0.2s
  Person 47 on screen for 2745.2s | zone=0.0s
  Person 50 on screen for 0.1s | zone=25.2s
  Person 51 on screen for 2.5s | zone=0.7s
  Person 54 on screen for 28.8s | zone=24.5s
  Person 56 on screen for 2291.6s | zone=14.4s
  Person 58 on screen for 1505.6s | zone=0.0s
  Person 60 on screen for 478.9s | zone=1.8s
  Person 61 on screen for 2415.3s | zone=0.0s
  Person 62 on screen for 2838.2s | zone=0.0s
  Person 63 on screen for 39.7s | zone=0.0s
  Person 64 on screen for 1840.5s | zone=0.0s
  Person 66 on screen for 25.3s | zone=0.0s
  Person 70 on screen for 0.6s | zone=0.0s
  Person 72 on screen for 1887.5s | zone=1.9s
  Person 74 on screen for 1196.4s | zone=0.0s
  Person 75 on screen for 2412.7s | zone=33.4s
  Person 77 on screen for 2821.6s | zone=2787.8s
  Person 79 on screen for 954.7s | zone=5.6s
  Person 81 on screen for 1026.0s | zone=26.5s
  Person 83 on screen for 2473.9s | zone=0.0s
  Person 85 on screen for 2704.9s | zone=0.0s
  Person 86 on screen for 28.4s | zone=0.4s
  Person 90 on screen for 66.2s | zone=4.9s
  Person 93 on screen for 3288.0s | zone=2.1s
  Person 95 on screen for 0.2s | zone=0.0s
  Person 99 on screen for 2497.7s | zone=0.9s
  Person 100 on screen for 2204.6s | zone=0.0s
  Person 101 on screen for 980.3s | zone=924.3s
  Person 105 on screen for 7.5s | zone=1.5s
  Person 106 on screen for 384.7s | zone=3.1s
  Person 110 on screen for 3.0s | zone=0.0s
  Person 113 on screen for 874.7s | zone=834.6s
  Person 115 on screen for 1868.0s | zone=2.5s
  Person 118 on screen for 66.1s | zone=0.2s
  Person 120 on screen for 4.4s | zone=0.0s
  Person 121 on screen for 10.0s | zone=7.5s
  Person 122 on screen for 2789.8s | zone=0.1s
  Person 123 on screen for 69.1s | zone=0.0s
  Person 124 on screen for 19.9s | zone=0.6s
  Person 126 on screen for 2356.6s | zone=18.6s
  Person 131 on screen for 410.8s | zone=1498.0s
  Person 132 on screen for 3598.9s | zone=0.4s
  Person 133 on screen for 6.0s | zone=2.8s
  Person 138 on screen for 846.4s | zone=3.4s
  Person 139 on screen for 1326.7s | zone=0.0s
  Person 141 on screen for 93.1s | zone=14.6s
  Person 144 on screen for 56.9s | zone=0.0s
  Person 145 on screen for 471.0s | zone=8.8s
  Person 147 on screen for 2.5s | zone=0.8s
  Person 148 on screen for 838.4s | zone=39.0s
  Person 150 on screen for 419.3s | zone=8.6s
  Person 151 on screen for 1834.0s | zone=1824.0s
  Person 152 on screen for 2801.1s | zone=61.5s
  Person 154 on screen for 23.2s | zone=21.1s
  Person 157 on screen for 845.2s | zone=55.9s
  Person 158 on screen for 1268.3s | zone=0.0s
  Person 161 on screen for 1156.0s | zone=1148.5s
  Person 164 on screen for 71.0s | zone=0.0s
  Person 165 on screen for 32.5s | zone=0.0s
  Person 166 on screen for 1023.1s | zone=19.3s
  Person 168 on screen for 92.2s | zone=0.2s
  Person 172 on screen for 672.4s | zone=12.8s
  Person 173 on screen for 1722.4s | zone=2.1s
  Person 174 on screen for 103.5s | zone=0.0s
  Person 175 on screen for 1731.3s | zone=0.0s
  Person 177 on screen for 2202.6s | zone=8.4s
  Person 179 on screen for 998.7s | zone=0.0s
  Person 181 on screen for 104.7s | zone=4.6s
  Person 182 on screen for 2963.7s | zone=0.0s
  Person 183 on screen for 112.8s | zone=0.0s
  Person 184 on screen for 1038.1s | zone=0.5s
  Person 199 on screen for 9.8s | zone=0.0s
  Person 200 on screen for 611.3s | zone=1.2s
  Person 203 on screen for 1719.8s | zone=1707.9s
  Person 205 on screen for 3465.5s | zone=5.0s
  Person 210 on screen for 3098.8s | zone=0.2s
  Person 220 on screen for 96.9s | zone=58.9s
  Person 232 on screen for 6.4s | zone=0.0s
  Person 236 on screen for 30.8s | zone=1.9s
  Person 238 on screen for 6.1s | zone=3.5s
  Person 244 on screen for 30.1s | zone=0.2s
  Person 245 on screen for 0.3s | zone=7.5s
  Person 248 on screen for 20.2s | zone=19.5s
  Person 252 on screen for 1614.2s | zone=56.4s
  Person 255 on screen for 10.5s | zone=0.5s
  Person 258 on screen for 145.9s | zone=4.0s
  Person 259 on screen for 792.3s | zone=1.1s
  Person 262 on screen for 923.7s | zone=582.2s
  Person 263 on screen for 6.3s | zone=0.6s
  Person 264 on screen for 1.3s | zone=0.0s
  Person 265 on screen for 0.4s | zone=0.0s
  Person 266 on screen for 6.9s | zone=0.0s
  Person 269 on screen for 7.7s | zone=6.1s
  Person 271 on screen for 1928.6s | zone=11.7s
  Person 273 on screen for 24.9s | zone=17.6s
  Person 275 on screen for 0.1s | zone=0.0s
  Person 278 on screen for 19.9s | zone=16.4s
  Person 281 on screen for 10.3s | zone=2.4s
  Person 287 on screen for 160.8s | zone=1.7s
  Person 288 on screen for 0.5s | zone=0.6s
  Person 289 on screen for 2266.8s | zone=2.8s
  Person 293 on screen for 259.0s | zone=0.3s
  Person 294 on screen for 351.1s | zone=1.3s
  Person 298 on screen for 67.8s | zone=11.8s
  Person 301 on screen for 529.1s | zone=26.1s
  Person 302 on screen for 68.2s | zone=1576.2s
  Person 309 on screen for 8.9s | zone=0.0s
  Person 312 on screen for 33.6s | zone=0.0s
  Person 313 on screen for 0.5s | zone=0.0s
  Person 316 on screen for 25.0s | zone=20.6s
  Person 318 on screen for 433.1s | zone=8.3s
  Person 319 on screen for 62.4s | zone=3.2s
  Person 322 on screen for 1234.1s | zone=12.9s
  Person 324 on screen for 5.0s | zone=0.0s
  Person 330 on screen for 10.2s | zone=2.9s
  Person 332 on screen for 1509.8s | zone=0.1s
  Person 340 on screen for 8.4s | zone=6.7s
  Person 341 on screen for 1.3s | zone=0.0s
  Person 342 on screen for 2256.9s | zone=34.2s
  Person 350 on screen for 21.8s | zone=0.0s
  Person 353 on screen for 155.2s | zone=0.6s
  Person 361 on screen for 65.7s | zone=0.0s
  Person 365 on screen for 30.1s | zone=25.8s
  Person 367 on screen for 25.5s | zone=10.4s
Person-ID memory saved: C:\Users\vioyq\Desktop\Coach_Tracker\coach-tracker-demo\coach-store\person-ID\coach1\0323.json
CSV written: C:\Users\vioyq\Desktop\Coach_Tracker\coach-tracker-demo\coach-store\CSV-state\coach1\0323-coach1-20260331-232007.csv
--- end report ---

[Progress] 6/11 ( 54.5%) | elapsed  5884.3s | ETA  4903.6s

=== Running: Coach-1-hour-6-20260323145959.mp4 ===
Person-ID memory: loaded 222 IDs from C:\Users\vioyq\Desktop\Coach_Tracker\coach-tracker-demo\coach-store\person-ID\coach1\0323.json
[coach1] C:\Users\vioyq\Desktop\Coach_Tracker\_Coach_Video\3-23\Coach-1\Coach-1-hour-6-20260323145959.mp4 (36000 frames @ 10.0 fps). (headless)
Config: yaml=coach1.yaml zone=C:\Users\vioyq\Desktop\Coach_Tracker\coach-tracker-demo\coach-store\zone\coach1.json
Output CSV: C:\Users\vioyq\Desktop\Coach_Tracker\coach-tracker-demo\coach-store\CSV-state\coach1\0323-coach1-20260331-232007.csv

--- Report ---
Time spent processing: 1173.5s
Time on screen per person:
  Person 0 on screen for 3228.4s | zone=0.0s
  Person 1 on screen for 3265.5s | zone=37.8s
  Person 2 on screen for 2526.5s | zone=0.2s
  Person 5 on screen for 0.8s | zone=0.1s
  Person 12 on screen for 3053.4s | zone=940.3s
  Person 13 on screen for 66.3s | zone=28.0s
  Person 15 on screen for 2522.0s | zone=0.0s
  Person 17 on screen for 2852.6s | zone=4.9s
  Person 18 on screen for 2948.3s | zone=3.0s
  Person 20 on screen for 457.1s | zone=2.3s
  Person 22 on screen for 1104.1s | zone=16.4s
  Person 24 on screen for 14.4s | zone=0.1s
  Person 26 on screen for 8.4s | zone=2.9s
  Person 28 on screen for 0.8s | zone=0.0s
  Person 30 on screen for 171.9s | zone=0.0s
  Person 32 on screen for 16.7s | zone=0.4s
  Person 33 on screen for 39.6s | zone=35.4s
  Person 34 on screen for 39.0s | zone=9.7s
  Person 35 on screen for 492.3s | zone=8.6s
  Person 37 on screen for 2222.8s | zone=5.2s
  Person 38 on screen for 317.8s | zone=2.5s
  Person 39 on screen for 2181.6s | zone=2901.9s
  Person 46 on screen for 11.0s | zone=9.0s
  Person 47 on screen for 396.9s | zone=0.9s
  Person 49 on screen for 3234.7s | zone=790.5s
  Person 50 on screen for 0.2s | zone=0.0s
  Person 54 on screen for 262.6s | zone=23.2s
  Person 55 on screen for 26.6s | zone=24.5s
  Person 61 on screen for 299.9s | zone=29.5s
  Person 63 on screen for 25.3s | zone=8.3s
  Person 64 on screen for 1369.6s | zone=14.1s
  Person 68 on screen for 1.4s | zone=0.0s
  Person 72 on screen for 9.5s | zone=0.1s
  Person 73 on screen for 34.3s | zone=15.5s
  Person 74 on screen for 3355.2s | zone=0.0s
  Person 75 on screen for 1093.5s | zone=9.0s
  Person 77 on screen for 3268.1s | zone=984.6s
  Person 79 on screen for 17.0s | zone=15.6s
  Person 81 on screen for 765.2s | zone=0.0s
  Person 83 on screen for 542.7s | zone=0.0s
  Person 86 on screen for 422.4s | zone=0.0s
  Person 98 on screen for 1.2s | zone=0.0s
  Person 100 on screen for 0.4s | zone=0.0s
  Person 103 on screen for 4.4s | zone=0.0s
  Person 108 on screen for 0.1s | zone=0.0s
  Person 109 on screen for 45.2s | zone=16.1s
  Person 110 on screen for 0.3s | zone=0.0s
  Person 111 on screen for 182.3s | zone=35.6s
  Person 112 on screen for 30.3s | zone=25.7s
  Person 113 on screen for 3.1s | zone=0.0s
  Person 115 on screen for 1111.0s | zone=0.0s
  Person 117 on screen for 0.6s | zone=0.0s
  Person 122 on screen for 3.1s | zone=0.0s
  Person 125 on screen for 16.5s | zone=2.6s
  Person 127 on screen for 58.6s | zone=0.0s
  Person 131 on screen for 77.1s | zone=16.5s
  Person 132 on screen for 38.9s | zone=0.0s
  Person 133 on screen for 1258.4s | zone=799.6s
  Person 135 on screen for 19.2s | zone=0.0s
  Person 138 on screen for 662.5s | zone=0.0s
  Person 141 on screen for 22.8s | zone=1788.9s
  Person 142 on screen for 131.4s | zone=0.3s
  Person 144 on screen for 15.1s | zone=0.7s
  Person 146 on screen for 63.9s | zone=0.0s
  Person 147 on screen for 786.0s | zone=0.0s
  Person 148 on screen for 296.1s | zone=0.0s
  Person 149 on screen for 0.3s | zone=0.0s
  Person 153 on screen for 2729.3s | zone=0.8s
  Person 154 on screen for 453.9s | zone=0.3s
  Person 158 on screen for 1983.2s | zone=0.0s
  Person 160 on screen for 7.5s | zone=0.1s
  Person 162 on screen for 15.0s | zone=0.0s
  Person 164 on screen for 42.3s | zone=39.9s
  Person 168 on screen for 73.8s | zone=52.5s
  Person 170 on screen for 6.0s | zone=1.2s
  Person 172 on screen for 1006.1s | zone=0.0s
  Person 173 on screen for 9.4s | zone=0.5s
  Person 174 on screen for 562.2s | zone=20.4s
  Person 175 on screen for 770.8s | zone=2.9s
  Person 177 on screen for 2721.4s | zone=0.2s
  Person 178 on screen for 16.9s | zone=11.3s
  Person 179 on screen for 1744.2s | zone=0.1s
  Person 181 on screen for 14.2s | zone=0.1s
  Person 182 on screen for 2247.0s | zone=1.1s
  Person 183 on screen for 167.5s | zone=0.0s
  Person 184 on screen for 46.1s | zone=19.2s
  Person 185 on screen for 57.7s | zone=20.3s
  Person 195 on screen for 1819.7s | zone=0.0s
  Person 200 on screen for 38.2s | zone=30.7s
  Person 201 on screen for 50.9s | zone=2.7s
  Person 202 on screen for 4.7s | zone=0.0s
  Person 203 on screen for 64.0s | zone=2532.8s
  Person 204 on screen for 21.9s | zone=1.5s
  Person 205 on screen for 1396.3s | zone=0.0s
  Person 206 on screen for 0.1s | zone=0.0s
  Person 210 on screen for 38.2s | zone=0.0s
  Person 211 on screen for 9.2s | zone=1.8s
  Person 218 on screen for 0.1s | zone=0.0s
  Person 219 on screen for 2283.2s | zone=2281.1s
  Person 220 on screen for 1210.4s | zone=14.5s
  Person 226 on screen for 1803.9s | zone=105.6s
  Person 244 on screen for 387.9s | zone=26.3s
  Person 246 on screen for 1.9s | zone=0.0s
  Person 253 on screen for 76.9s | zone=59.4s
  Person 262 on screen for 1.1s | zone=0.0s
  Person 265 on screen for 10.5s | zone=2.5s
  Person 266 on screen for 9.1s | zone=0.0s
  Person 267 on screen for 7.6s | zone=0.0s
  Person 269 on screen for 4.2s | zone=0.5s
  Person 271 on screen for 0.6s | zone=0.0s
  Person 277 on screen for 119.8s | zone=117.3s
  Person 280 on screen for 5.7s | zone=0.0s
  Person 281 on screen for 1882.9s | zone=1725.5s
  Person 284 on screen for 0.5s | zone=0.0s
  Person 287 on screen for 1456.0s | zone=9.5s
  Person 288 on screen for 2990.0s | zone=0.7s
  Person 289 on screen for 2328.6s | zone=0.0s
  Person 293 on screen for 211.2s | zone=0.0s
  Person 298 on screen for 14.9s | zone=0.0s
  Person 301 on screen for 2727.0s | zone=134.3s
  Person 312 on screen for 0.1s | zone=0.0s
  Person 316 on screen for 108.8s | zone=55.4s
  Person 319 on screen for 41.8s | zone=0.1s
  Person 322 on screen for 7.7s | zone=4.3s
  Person 330 on screen for 118.8s | zone=0.0s
  Person 340 on screen for 44.0s | zone=6.4s
  Person 341 on screen for 14.4s | zone=0.6s
  Person 350 on screen for 0.5s | zone=0.0s
  Person 365 on screen for 101.2s | zone=31.4s
  Person 367 on screen for 3305.2s | zone=0.2s
Person-ID memory saved: C:\Users\vioyq\Desktop\Coach_Tracker\coach-tracker-demo\coach-store\person-ID\coach1\0323.json
CSV written: C:\Users\vioyq\Desktop\Coach_Tracker\coach-tracker-demo\coach-store\CSV-state\coach1\0323-coach1-20260331-232007.csv
--- end report ---

[Progress] 7/11 ( 63.6%) | elapsed  7062.1s | ETA  4035.5s

=== Running: Coach-1-hour-7-20260323155959.mp4 ===
Person-ID memory: loaded 240 IDs from C:\Users\vioyq\Desktop\Coach_Tracker\coach-tracker-demo\coach-store\person-ID\coach1\0323.json
[coach1] C:\Users\vioyq\Desktop\Coach_Tracker\_Coach_Video\3-23\Coach-1\Coach-1-hour-7-20260323155959.mp4 (36000 frames @ 10.0 fps). (headless)
Config: yaml=coach1.yaml zone=C:\Users\vioyq\Desktop\Coach_Tracker\coach-tracker-demo\coach-store\zone\coach1.json
Output CSV: C:\Users\vioyq\Desktop\Coach_Tracker\coach-tracker-demo\coach-store\CSV-state\coach1\0323-coach1-20260331-232007.csv

--- Report ---
Time spent processing: 1173.1s
Time on screen per person:
  Person 0 on screen for 3571.7s | zone=0.0s
  Person 1 on screen for 3281.7s | zone=0.0s
  Person 2 on screen for 0.1s | zone=0.0s
  Person 5 on screen for 316.0s | zone=0.1s
  Person 6 on screen for 20.7s | zone=0.0s
  Person 7 on screen for 0.1s | zone=0.0s
  Person 8 on screen for 3249.4s | zone=0.0s
  Person 11 on screen for 1374.6s | zone=0.1s
  Person 12 on screen for 89.5s | zone=0.5s
  Person 13 on screen for 25.6s | zone=14.2s
  Person 15 on screen for 22.7s | zone=0.0s
  Person 16 on screen for 8.7s | zone=4.7s
  Person 17 on screen for 69.7s | zone=1931.3s
  Person 20 on screen for 929.0s | zone=1.3s
  Person 22 on screen for 2199.8s | zone=1701.3s
  Person 23 on screen for 1747.8s | zone=0.0s
  Person 26 on screen for 9.4s | zone=4.3s
  Person 30 on screen for 12.9s | zone=1.2s
  Person 32 on screen for 114.8s | zone=0.1s
  Person 33 on screen for 7.9s | zone=197.6s
  Person 34 on screen for 25.5s | zone=10.9s
  Person 36 on screen for 2110.0s | zone=9.6s
  Person 37 on screen for 97.4s | zone=0.2s
  Person 38 on screen for 38.8s | zone=2.1s
  Person 39 on screen for 218.8s | zone=2.1s
  Person 40 on screen for 17.6s | zone=4.4s
  Person 41 on screen for 13.3s | zone=0.0s
  Person 43 on screen for 12.7s | zone=0.0s
  Person 44 on screen for 1992.3s | zone=1.9s
  Person 45 on screen for 10.1s | zone=9.4s
  Person 46 on screen for 1524.6s | zone=0.9s
  Person 47 on screen for 1727.3s | zone=4.9s
  Person 49 on screen for 137.1s | zone=40.1s
  Person 51 on screen for 196.3s | zone=13.3s
  Person 55 on screen for 86.4s | zone=346.6s
  Person 56 on screen for 3137.1s | zone=0.0s
  Person 58 on screen for 14.8s | zone=8.5s
  Person 60 on screen for 789.3s | zone=756.3s
  Person 64 on screen for 2494.5s | zone=5.1s
  Person 67 on screen for 1983.0s | zone=1.8s
  Person 68 on screen for 38.9s | zone=0.0s
  Person 73 on screen for 520.1s | zone=0.0s
  Person 74 on screen for 1244.7s | zone=0.0s
  Person 75 on screen for 910.5s | zone=886.3s
  Person 77 on screen for 4.8s | zone=1.4s
  Person 83 on screen for 215.9s | zone=0.0s
  Person 85 on screen for 87.9s | zone=1.6s
  Person 89 on screen for 1173.5s | zone=0.0s
  Person 90 on screen for 1.1s | zone=0.0s
  Person 91 on screen for 18.4s | zone=16.8s
  Person 98 on screen for 818.4s | zone=0.0s
  Person 100 on screen for 2396.2s | zone=0.0s
  Person 103 on screen for 2144.5s | zone=0.0s
  Person 105 on screen for 42.1s | zone=10.1s
  Person 106 on screen for 381.6s | zone=0.0s
  Person 110 on screen for 0.5s | zone=0.0s
  Person 111 on screen for 686.5s | zone=0.0s
  Person 112 on screen for 0.7s | zone=0.0s
  Person 115 on screen for 46.6s | zone=0.0s
  Person 120 on screen for 41.6s | zone=0.0s
  Person 124 on screen for 0.1s | zone=0.0s
  Person 127 on screen for 3206.2s | zone=6.3s
  Person 136 on screen for 28.5s | zone=27.8s
  Person 138 on screen for 340.7s | zone=16.7s
  Person 139 on screen for 13.5s | zone=11.4s
  Person 146 on screen for 117.4s | zone=110.3s
  Person 149 on screen for 3188.0s | zone=0.0s
  Person 151 on screen for 20.0s | zone=14.4s
  Person 152 on screen for 1021.3s | zone=0.0s
  Person 153 on screen for 676.3s | zone=0.1s
  Person 156 on screen for 32.3s | zone=7.8s
  Person 157 on screen for 6.2s | zone=5.3s
  Person 161 on screen for 4.5s | zone=0.0s
  Person 162 on screen for 19.6s | zone=16.3s
  Person 164 on screen for 549.6s | zone=521.7s
  Person 165 on screen for 578.1s | zone=6.3s
  Person 170 on screen for 1440.7s | zone=1401.8s
  Person 172 on screen for 1163.5s | zone=0.0s
  Person 174 on screen for 1536.4s | zone=1521.2s
  Person 175 on screen for 1814.9s | zone=1467.0s
  Person 177 on screen for 440.7s | zone=0.0s
  Person 178 on screen for 2786.4s | zone=47.9s
  Person 179 on screen for 5.7s | zone=0.0s
  Person 180 on screen for 80.0s | zone=62.9s
  Person 182 on screen for 946.7s | zone=14.1s
  Person 185 on screen for 1141.4s | zone=1.3s
  Person 187 on screen for 177.0s | zone=127.1s
  Person 190 on screen for 309.3s | zone=0.0s
  Person 192 on screen for 27.7s | zone=1.1s
  Person 194 on screen for 1210.5s | zone=5.2s
  Person 195 on screen for 420.0s | zone=12.6s
  Person 198 on screen for 0.6s | zone=0.0s
  Person 200 on screen for 1.7s | zone=0.0s
  Person 201 on screen for 1795.8s | zone=0.1s
  Person 202 on screen for 1132.8s | zone=5.5s
  Person 203 on screen for 21.2s | zone=17.9s
  Person 204 on screen for 4.9s | zone=4.8s
  Person 205 on screen for 2205.4s | zone=667.7s
  Person 210 on screen for 37.1s | zone=11.6s
  Person 212 on screen for 0.9s | zone=0.0s
  Person 213 on screen for 9.8s | zone=0.0s
  Person 220 on screen for 441.1s | zone=0.0s
  Person 233 on screen for 3.2s | zone=0.0s
  Person 236 on screen for 4.4s | zone=0.0s
  Person 237 on screen for 0.2s | zone=0.1s
  Person 239 on screen for 630.4s | zone=1.1s
  Person 244 on screen for 6.2s | zone=0.0s
  Person 249 on screen for 29.7s | zone=16.5s
  Person 250 on screen for 7.2s | zone=0.0s
  Person 252 on screen for 27.8s | zone=24.3s
  Person 253 on screen for 1900.6s | zone=3.4s
  Person 259 on screen for 11.0s | zone=8.5s
  Person 262 on screen for 641.6s | zone=4.6s
  Person 265 on screen for 19.8s | zone=0.0s
  Person 266 on screen for 25.7s | zone=22.5s
  Person 271 on screen for 0.2s | zone=0.1s
  Person 277 on screen for 7.5s | zone=0.0s
  Person 278 on screen for 1179.8s | zone=12.0s
  Person 281 on screen for 9.9s | zone=3177.6s
  Person 282 on screen for 3.9s | zone=0.0s
  Person 287 on screen for 183.6s | zone=0.0s
  Person 288 on screen for 32.0s | zone=2.6s
  Person 293 on screen for 951.2s | zone=0.0s
  Person 295 on screen for 3.9s | zone=0.3s
  Person 298 on screen for 1393.1s | zone=967.1s
  Person 299 on screen for 202.2s | zone=2.5s
  Person 300 on screen for 13.3s | zone=10.9s
  Person 304 on screen for 11.4s | zone=8.1s
  Person 322 on screen for 403.9s | zone=0.0s
  Person 338 on screen for 1161.5s | zone=0.0s
  Person 340 on screen for 19.6s | zone=2.8s
  Person 344 on screen for 18.7s | zone=16.5s
  Person 365 on screen for 2260.6s | zone=0.0s
Person-ID memory saved: C:\Users\vioyq\Desktop\Coach_Tracker\coach-tracker-demo\coach-store\person-ID\coach1\0323.json
CSV written: C:\Users\vioyq\Desktop\Coach_Tracker\coach-tracker-demo\coach-store\CSV-state\coach1\0323-coach1-20260331-232007.csv
--- end report ---

[Progress] 8/11 ( 72.7%) | elapsed  8239.2s | ETA  3089.7s

=== Running: Coach-1-hour-8-20260323165959.mp4 ===
Person-ID memory: loaded 259 IDs from C:\Users\vioyq\Desktop\Coach_Tracker\coach-tracker-demo\coach-store\person-ID\coach1\0323.json
[coach1] C:\Users\vioyq\Desktop\Coach_Tracker\_Coach_Video\3-23\Coach-1\Coach-1-hour-8-20260323165959.mp4 (36000 frames @ 10.0 fps). (headless)
Config: yaml=coach1.yaml zone=C:\Users\vioyq\Desktop\Coach_Tracker\coach-tracker-demo\coach-store\zone\coach1.json
Output CSV: C:\Users\vioyq\Desktop\Coach_Tracker\coach-tracker-demo\coach-store\CSV-state\coach1\0323-coach1-20260331-232007.csv

--- Report ---
Time spent processing: 1187.4s
Time on screen per person:
  Person 0 on screen for 3521.1s | zone=0.0s
  Person 1 on screen for 3520.6s | zone=0.0s
  Person 2 on screen for 3313.2s | zone=16.0s
  Person 3 on screen for 1509.0s | zone=13.6s
  Person 5 on screen for 330.4s | zone=0.0s
  Person 6 on screen for 19.7s | zone=2.4s
  Person 15 on screen for 63.9s | zone=0.3s
  Person 16 on screen for 1028.2s | zone=0.0s
  Person 18 on screen for 19.2s | zone=1.4s
  Person 19 on screen for 0.2s | zone=0.0s
  Person 23 on screen for 2364.6s | zone=17.4s
  Person 24 on screen for 12.1s | zone=0.0s
  Person 26 on screen for 137.9s | zone=0.2s
  Person 28 on screen for 0.9s | zone=0.0s
  Person 29 on screen for 1812.2s | zone=858.9s
  Person 30 on screen for 64.3s | zone=0.2s
  Person 33 on screen for 157.7s | zone=0.3s
  Person 35 on screen for 343.5s | zone=9.0s
  Person 37 on screen for 0.4s | zone=0.0s
  Person 38 on screen for 1362.2s | zone=1.5s
  Person 39 on screen for 17.2s | zone=0.0s
  Person 41 on screen for 20.9s | zone=0.6s
  Person 47 on screen for 39.6s | zone=16.7s
  Person 50 on screen for 48.5s | zone=4.6s
  Person 51 on screen for 2688.9s | zone=0.1s
  Person 52 on screen for 4.1s | zone=4.0s
  Person 55 on screen for 0.3s | zone=0.0s
  Person 56 on screen for 1668.4s | zone=0.1s
  Person 61 on screen for 68.3s | zone=0.1s
  Person 63 on screen for 1437.3s | zone=0.5s
  Person 69 on screen for 1107.2s | zone=0.8s
  Person 74 on screen for 0.4s | zone=0.1s
  Person 77 on screen for 1299.4s | zone=784.5s
  Person 78 on screen for 498.1s | zone=12.0s
  Person 81 on screen for 165.7s | zone=3.0s
  Person 82 on screen for 0.3s | zone=0.1s
  Person 83 on screen for 706.6s | zone=0.0s
  Person 85 on screen for 751.2s | zone=0.3s
  Person 86 on screen for 1094.4s | zone=597.2s
  Person 89 on screen for 749.0s | zone=9.6s
  Person 91 on screen for 20.7s | zone=0.8s
  Person 93 on screen for 18.2s | zone=1.1s
  Person 95 on screen for 1220.4s | zone=30.2s
  Person 97 on screen for 36.0s | zone=28.3s
  Person 98 on screen for 754.2s | zone=0.0s
  Person 99 on screen for 6.4s | zone=0.0s
  Person 100 on screen for 1011.7s | zone=6.3s
  Person 110 on screen for 1177.2s | zone=0.0s
  Person 111 on screen for 88.1s | zone=83.4s
  Person 113 on screen for 38.0s | zone=0.0s
  Person 117 on screen for 1319.0s | zone=1.5s
  Person 122 on screen for 33.9s | zone=0.1s
  Person 123 on screen for 646.0s | zone=0.0s
  Person 124 on screen for 25.6s | zone=0.0s
  Person 127 on screen for 34.3s | zone=0.5s
  Person 129 on screen for 0.9s | zone=0.0s
  Person 133 on screen for 525.3s | zone=21.7s
  Person 135 on screen for 1.3s | zone=0.1s
  Person 136 on screen for 15.5s | zone=0.0s
  Person 141 on screen for 1471.0s | zone=1.4s
  Person 142 on screen for 2.2s | zone=1.6s
  Person 144 on screen for 57.8s | zone=9.0s
  Person 149 on screen for 11.1s | zone=2.4s
  Person 150 on screen for 13.4s | zone=4.3s
  Person 153 on screen for 2588.5s | zone=0.0s
  Person 154 on screen for 59.1s | zone=0.1s
  Person 156 on screen for 17.4s | zone=5.8s
  Person 163 on screen for 17.8s | zone=14.6s
  Person 164 on screen for 3050.8s | zone=4.2s
  Person 165 on screen for 806.7s | zone=25.6s
  Person 166 on screen for 690.6s | zone=3.6s
  Person 167 on screen for 406.8s | zone=0.0s
  Person 168 on screen for 0.4s | zone=0.0s
  Person 171 on screen for 10.1s | zone=5.3s
  Person 172 on screen for 3.2s | zone=0.0s
  Person 173 on screen for 10.7s | zone=8.8s
  Person 174 on screen for 2344.5s | zone=6.1s
  Person 177 on screen for 27.7s | zone=2.3s
  Person 181 on screen for 513.5s | zone=0.4s
  Person 182 on screen for 9.6s | zone=1.9s
  Person 185 on screen for 23.9s | zone=0.0s
  Person 187 on screen for 6.6s | zone=0.0s
  Person 190 on screen for 11.0s | zone=0.0s
  Person 192 on screen for 179.8s | zone=1.1s
  Person 194 on screen for 30.0s | zone=0.4s
  Person 195 on screen for 601.4s | zone=10.9s
  Person 198 on screen for 1.4s | zone=0.0s
  Person 199 on screen for 74.2s | zone=29.2s
  Person 201 on screen for 104.9s | zone=2.1s
  Person 202 on screen for 90.7s | zone=1.2s
  Person 204 on screen for 0.2s | zone=1121.0s
  Person 210 on screen for 452.0s | zone=2.3s
  Person 216 on screen for 6.3s | zone=1.3s
  Person 219 on screen for 26.9s | zone=6.2s
  Person 220 on screen for 90.9s | zone=1.9s
  Person 232 on screen for 6.0s | zone=0.0s
  Person 233 on screen for 46.2s | zone=0.0s
  Person 235 on screen for 142.3s | zone=0.1s
  Person 236 on screen for 38.2s | zone=2.8s
  Person 238 on screen for 123.5s | zone=1.7s
  Person 239 on screen for 1985.4s | zone=2.4s
  Person 242 on screen for 204.1s | zone=202.6s
  Person 243 on screen for 16.0s | zone=0.0s
  Person 244 on screen for 1519.7s | zone=0.0s
  Person 246 on screen for 58.2s | zone=32.7s
  Person 249 on screen for 29.9s | zone=21.7s
  Person 250 on screen for 2939.1s | zone=54.4s
  Person 252 on screen for 102.4s | zone=0.0s
  Person 254 on screen for 43.8s | zone=0.0s
  Person 256 on screen for 16.7s | zone=14.4s
  Person 262 on screen for 1.6s | zone=0.1s
  Person 263 on screen for 2.1s | zone=0.0s
  Person 264 on screen for 0.2s | zone=0.0s
  Person 265 on screen for 8.4s | zone=0.0s
  Person 266 on screen for 1058.7s | zone=106.1s
  Person 267 on screen for 133.6s | zone=16.6s
  Person 269 on screen for 85.2s | zone=17.5s
  Person 271 on screen for 1503.3s | zone=0.0s
  Person 281 on screen for 6.5s | zone=0.1s
  Person 288 on screen for 1165.3s | zone=2.6s
  Person 295 on screen for 81.8s | zone=2.6s
  Person 298 on screen for 656.7s | zone=74.9s
  Person 299 on screen for 1301.9s | zone=2.8s
  Person 300 on screen for 1.9s | zone=0.0s
  Person 319 on screen for 3231.1s | zone=0.0s
  Person 322 on screen for 0.2s | zone=0.0s
  Person 338 on screen for 1018.8s | zone=45.2s
  Person 340 on screen for 344.0s | zone=21.1s
  Person 342 on screen for 1.7s | zone=0.0s
  Person 365 on screen for 2802.3s | zone=0.0s
Person-ID memory saved: C:\Users\vioyq\Desktop\Coach_Tracker\coach-tracker-demo\coach-store\person-ID\coach1\0323.json
CSV written: C:\Users\vioyq\Desktop\Coach_Tracker\coach-tracker-demo\coach-store\CSV-state\coach1\0323-coach1-20260331-232007.csv
--- end report ---

[Progress] 9/11 ( 81.8%) | elapsed  9430.6s | ETA  2095.7s

=== Running: Coach-1-hour-9-20260323175959.mp4 ===
Person-ID memory: loaded 269 IDs from C:\Users\vioyq\Desktop\Coach_Tracker\coach-tracker-demo\coach-store\person-ID\coach1\0323.json
[coach1] C:\Users\vioyq\Desktop\Coach_Tracker\_Coach_Video\3-23\Coach-1\Coach-1-hour-9-20260323175959.mp4 (36000 frames @ 10.0 fps). (headless)
Config: yaml=coach1.yaml zone=C:\Users\vioyq\Desktop\Coach_Tracker\coach-tracker-demo\coach-store\zone\coach1.json
Output CSV: C:\Users\vioyq\Desktop\Coach_Tracker\coach-tracker-demo\coach-store\CSV-state\coach1\0323-coach1-20260331-232007.csv

--- Report ---
Time spent processing: 1172.3s
Time on screen per person:
  Person 0 on screen for 3569.8s | zone=0.0s
  Person 1 on screen for 2847.3s | zone=0.0s
  Person 2 on screen for 0.1s | zone=0.0s
  Person 5 on screen for 10.6s | zone=9.7s
  Person 6 on screen for 677.0s | zone=0.0s
  Person 8 on screen for 82.6s | zone=0.0s
  Person 11 on screen for 17.1s | zone=1.7s
  Person 12 on screen for 29.3s | zone=26.4s
  Person 16 on screen for 3316.6s | zone=0.0s
  Person 18 on screen for 37.8s | zone=0.4s
  Person 19 on screen for 6.2s | zone=1.8s
  Person 20 on screen for 4.0s | zone=0.0s
  Person 22 on screen for 1991.6s | zone=0.9s
  Person 23 on screen for 21.1s | zone=0.0s
  Person 24 on screen for 596.9s | zone=0.1s
  Person 35 on screen for 0.1s | zone=0.0s
  Person 36 on screen for 2.7s | zone=0.0s
  Person 37 on screen for 81.9s | zone=12.4s
  Person 38 on screen for 14.1s | zone=1.9s
  Person 39 on screen for 182.8s | zone=3.4s
  Person 41 on screen for 14.7s | zone=5.8s
  Person 44 on screen for 0.7s | zone=0.0s
  Person 51 on screen for 15.0s | zone=0.0s
  Person 61 on screen for 64.1s | zone=1.0s
  Person 67 on screen for 40.7s | zone=0.2s
  Person 73 on screen for 2.9s | zone=0.0s
  Person 74 on screen for 2973.4s | zone=2077.8s
  Person 77 on screen for 0.6s | zone=0.0s
  Person 78 on screen for 3.2s | zone=578.3s
  Person 79 on screen for 506.2s | zone=1.1s
  Person 83 on screen for 182.7s | zone=45.7s
  Person 84 on screen for 0.5s | zone=0.5s
  Person 85 on screen for 3103.0s | zone=0.2s
  Person 86 on screen for 1526.1s | zone=22.0s
  Person 89 on screen for 4.2s | zone=0.0s
  Person 91 on screen for 12.9s | zone=0.1s
  Person 92 on screen for 787.4s | zone=5.6s
  Person 97 on screen for 187.0s | zone=0.0s
  Person 98 on screen for 1202.2s | zone=0.0s
  Person 99 on screen for 1301.3s | zone=433.0s
  Person 100 on screen for 110.9s | zone=5.1s
  Person 102 on screen for 0.2s | zone=0.1s
  Person 103 on screen for 899.4s | zone=0.0s
  Person 104 on screen for 0.2s | zone=0.0s
  Person 106 on screen for 0.4s | zone=0.0s
  Person 107 on screen for 96.8s | zone=87.4s
  Person 110 on screen for 77.7s | zone=0.0s
  Person 111 on screen for 79.9s | zone=0.4s
  Person 112 on screen for 1.2s | zone=0.0s
  Person 113 on screen for 7.1s | zone=0.0s
  Person 116 on screen for 116.2s | zone=19.2s
  Person 117 on screen for 1492.6s | zone=6.1s
  Person 121 on screen for 50.3s | zone=2.9s
  Person 122 on screen for 21.5s | zone=0.0s
  Person 125 on screen for 1.2s | zone=0.0s
  Person 126 on screen for 1642.9s | zone=1640.4s
  Person 127 on screen for 12.0s | zone=2.9s
  Person 132 on screen for 2.6s | zone=0.0s
  Person 133 on screen for 2140.1s | zone=0.0s
  Person 139 on screen for 11.9s | zone=5.5s
  Person 142 on screen for 11.4s | zone=0.0s
  Person 148 on screen for 1690.0s | zone=4.7s
  Person 150 on screen for 32.8s | zone=15.7s
  Person 152 on screen for 241.1s | zone=0.0s
  Person 153 on screen for 2887.2s | zone=2.6s
  Person 156 on screen for 10.7s | zone=0.0s
  Person 158 on screen for 1747.9s | zone=1259.1s
  Person 160 on screen for 14.8s | zone=0.0s
  Person 161 on screen for 41.3s | zone=0.0s
  Person 162 on screen for 23.7s | zone=0.5s
  Person 163 on screen for 34.7s | zone=0.7s
  Person 164 on screen for 48.9s | zone=5.4s
  Person 165 on screen for 1248.0s | zone=1072.2s
  Person 166 on screen for 173.6s | zone=0.4s
  Person 167 on screen for 2108.5s | zone=0.3s
  Person 168 on screen for 1914.1s | zone=1901.3s
  Person 170 on screen for 15.0s | zone=14.2s
  Person 171 on screen for 3.4s | zone=619.0s
  Person 172 on screen for 14.3s | zone=0.5s
  Person 173 on screen for 300.7s | zone=1.9s
  Person 180 on screen for 1273.4s | zone=7.2s
  Person 182 on screen for 13.5s | zone=0.0s
  Person 187 on screen for 1337.5s | zone=7.0s
  Person 190 on screen for 191.8s | zone=0.9s
  Person 192 on screen for 904.0s | zone=60.9s
  Person 194 on screen for 34.0s | zone=0.9s
  Person 196 on screen for 87.5s | zone=85.8s
  Person 198 on screen for 837.7s | zone=0.0s
  Person 199 on screen for 911.4s | zone=0.1s
  Person 202 on screen for 701.5s | zone=0.0s
  Person 203 on screen for 11.8s | zone=1.6s
  Person 204 on screen for 1341.2s | zone=0.1s
  Person 210 on screen for 21.2s | zone=10.6s
  Person 213 on screen for 2388.6s | zone=10.2s
  Person 216 on screen for 1943.3s | zone=47.3s
  Person 219 on screen for 1826.9s | zone=1801.8s
  Person 223 on screen for 162.3s | zone=0.0s
  Person 227 on screen for 7.1s | zone=0.4s
  Person 233 on screen for 97.2s | zone=0.0s
  Person 234 on screen for 128.3s | zone=117.5s
  Person 236 on screen for 5.3s | zone=0.4s
  Person 238 on screen for 1129.0s | zone=233.1s
  Person 243 on screen for 0.4s | zone=0.1s
  Person 244 on screen for 2172.9s | zone=0.2s
  Person 246 on screen for 2483.9s | zone=1.6s
  Person 250 on screen for 33.7s | zone=30.8s
  Person 251 on screen for 206.5s | zone=16.5s
  Person 252 on screen for 168.1s | zone=0.0s
  Person 254 on screen for 213.8s | zone=0.0s
  Person 256 on screen for 1.6s | zone=1.1s
  Person 259 on screen for 278.4s | zone=13.7s
  Person 264 on screen for 10.6s | zone=0.0s
  Person 265 on screen for 3.3s | zone=0.8s
  Person 271 on screen for 0.4s | zone=0.0s
  Person 275 on screen for 14.2s | zone=1.3s
  Person 277 on screen for 2226.8s | zone=1975.1s
  Person 280 on screen for 0.2s | zone=0.0s
  Person 281 on screen for 2107.8s | zone=0.6s
  Person 282 on screen for 1377.5s | zone=14.9s
  Person 287 on screen for 0.5s | zone=0.0s
  Person 288 on screen for 38.1s | zone=0.0s
  Person 289 on screen for 11.7s | zone=0.0s
  Person 290 on screen for 24.7s | zone=4.3s
  Person 293 on screen for 1317.9s | zone=6.4s
  Person 296 on screen for 10.6s | zone=3.9s
  Person 298 on screen for 165.1s | zone=125.7s
  Person 301 on screen for 110.2s | zone=4.7s
  Person 304 on screen for 23.0s | zone=8.5s
  Person 309 on screen for 2184.6s | zone=0.0s
  Person 312 on screen for 27.6s | zone=2.4s
  Person 313 on screen for 2149.8s | zone=0.0s
  Person 316 on screen for 51.7s | zone=40.3s
  Person 322 on screen for 201.6s | zone=10.3s
  Person 338 on screen for 10.6s | zone=3.7s
  Person 344 on screen for 386.7s | zone=1.5s
  Person 354 on screen for 23.2s | zone=0.0s
  Person 357 on screen for 31.7s | zone=15.4s
  Person 361 on screen for 1724.6s | zone=1.6s
  Person 365 on screen for 14.8s | zone=0.0s
Person-ID memory saved: C:\Users\vioyq\Desktop\Coach_Tracker\coach-tracker-demo\coach-store\person-ID\coach1\0323.json
CSV written: C:\Users\vioyq\Desktop\Coach_Tracker\coach-tracker-demo\coach-store\CSV-state\coach1\0323-coach1-20260331-232007.csv
--- end report ---

[Progress] 10/11 ( 90.9%) | elapsed 10607.1s | ETA  1060.7s

=== Running: Coach-1-hour-10-20260323190000.mp4 ===
Person-ID memory: loaded 279 IDs from C:\Users\vioyq\Desktop\Coach_Tracker\coach-tracker-demo\coach-store\person-ID\coach1\0323.json
[coach1] C:\Users\vioyq\Desktop\Coach_Tracker\_Coach_Video\3-23\Coach-1\Coach-1-hour-10-20260323190000.mp4 (36000 frames @ 10.0 fps). (headless)
Config: yaml=coach1.yaml zone=C:\Users\vioyq\Desktop\Coach_Tracker\coach-tracker-demo\coach-store\zone\coach1.json
Output CSV: C:\Users\vioyq\Desktop\Coach_Tracker\coach-tracker-demo\coach-store\CSV-state\coach1\0323-coach1-20260331-232007.csv

--- Report ---
Time spent processing: 1171.1s
Time on screen per person:
  Person 0 on screen for 3466.3s | zone=0.0s
  Person 1 on screen for 3259.6s | zone=0.0s
  Person 2 on screen for 2144.5s | zone=4.6s
  Person 3 on screen for 1087.4s | zone=0.0s
  Person 4 on screen for 73.5s | zone=3.4s
  Person 5 on screen for 71.2s | zone=0.0s
  Person 6 on screen for 0.1s | zone=0.0s
  Person 8 on screen for 0.9s | zone=0.0s
  Person 11 on screen for 3180.7s | zone=13.6s
  Person 12 on screen for 5.6s | zone=3.2s
  Person 13 on screen for 67.1s | zone=11.7s
  Person 16 on screen for 639.1s | zone=0.0s
  Person 18 on screen for 29.9s | zone=2.3s
  Person 19 on screen for 153.2s | zone=137.9s
  Person 24 on screen for 2702.0s | zone=0.6s
  Person 28 on screen for 61.1s | zone=6.4s
  Person 31 on screen for 2331.0s | zone=0.0s
  Person 33 on screen for 1289.0s | zone=181.0s
  Person 34 on screen for 62.0s | zone=14.5s
  Person 37 on screen for 15.8s | zone=3.4s
  Person 41 on screen for 1933.5s | zone=5.4s
  Person 44 on screen for 16.8s | zone=4.4s
  Person 46 on screen for 646.4s | zone=643.3s
  Person 52 on screen for 1.7s | zone=0.0s
  Person 53 on screen for 0.6s | zone=0.0s
  Person 55 on screen for 65.3s | zone=63.4s
  Person 58 on screen for 48.7s | zone=14.3s
  Person 60 on screen for 0.6s | zone=0.0s
  Person 61 on screen for 32.8s | zone=16.8s
  Person 72 on screen for 740.8s | zone=80.4s
  Person 74 on screen for 2298.8s | zone=379.1s
  Person 75 on screen for 431.6s | zone=0.0s
  Person 77 on screen for 1.8s | zone=6.2s
  Person 78 on screen for 0.1s | zone=0.0s
  Person 79 on screen for 1761.2s | zone=252.5s
  Person 84 on screen for 12.5s | zone=0.0s
  Person 85 on screen for 1084.7s | zone=0.0s
  Person 89 on screen for 46.7s | zone=15.6s
  Person 90 on screen for 18.8s | zone=0.1s
  Person 93 on screen for 15.8s | zone=0.0s
  Person 97 on screen for 14.1s | zone=0.0s
  Person 100 on screen for 14.0s | zone=0.0s
  Person 108 on screen for 637.9s | zone=0.0s
  Person 113 on screen for 147.5s | zone=103.4s
  Person 115 on screen for 20.3s | zone=0.0s
  Person 125 on screen for 2082.6s | zone=0.0s
  Person 126 on screen for 51.1s | zone=0.6s
  Person 133 on screen for 4.0s | zone=0.0s
  Person 137 on screen for 0.6s | zone=0.0s
  Person 138 on screen for 982.1s | zone=0.0s
  Person 140 on screen for 0.6s | zone=0.4s
  Person 141 on screen for 305.6s | zone=24.9s
  Person 142 on screen for 20.7s | zone=1.6s
  Person 146 on screen for 20.9s | zone=0.7s
  Person 147 on screen for 1303.9s | zone=0.0s
  Person 149 on screen for 7.3s | zone=0.0s
  Person 156 on screen for 735.3s | zone=0.6s
  Person 158 on screen for 2386.5s | zone=2261.7s
  Person 164 on screen for 64.3s | zone=0.7s
  Person 165 on screen for 0.1s | zone=0.0s
  Person 166 on screen for 2796.5s | zone=0.0s
  Person 170 on screen for 21.9s | zone=0.2s
  Person 171 on screen for 904.5s | zone=21.7s
  Person 173 on screen for 25.1s | zone=5.6s
  Person 178 on screen for 635.1s | zone=1.0s
  Person 185 on screen for 141.5s | zone=29.5s
  Person 187 on screen for 0.4s | zone=0.0s
  Person 220 on screen for 76.1s | zone=0.5s
  Person 244 on screen for 3332.8s | zone=0.0s
  Person 251 on screen for 1.3s | zone=0.0s
  Person 252 on screen for 2230.9s | zone=0.0s
  Person 262 on screen for 10.3s | zone=0.5s
  Person 264 on screen for 65.0s | zone=2.5s
  Person 278 on screen for 2033.6s | zone=5.8s
  Person 284 on screen for 1.0s | zone=0.0s
  Person 293 on screen for 960.1s | zone=12.8s
  Person 296 on screen for 14.2s | zone=2.7s
  Person 300 on screen for 8.5s | zone=3.5s
  Person 304 on screen for 162.7s | zone=4.0s
  Person 312 on screen for 1.9s | zone=0.0s
  Person 313 on screen for 355.7s | zone=0.0s
  Person 322 on screen for 54.0s | zone=7.1s
  Person 350 on screen for 47.6s | zone=3.1s
  Person 353 on screen for 4.6s | zone=3.1s
  Person 357 on screen for 35.6s | zone=5.1s
  Person 365 on screen for 63.0s | zone=11.0s
Person-ID memory saved: C:\Users\vioyq\Desktop\Coach_Tracker\coach-tracker-demo\coach-store\person-ID\coach1\0323.json
CSV written: C:\Users\vioyq\Desktop\Coach_Tracker\coach-tracker-demo\coach-store\CSV-state\coach1\0323-coach1-20260331-232007.csv
--- end report ---

[Progress] 11/11 (100.0%) | elapsed 11782.2s | ETA     0.0s

=== Running: Coach-1-hour-11-20260323200000.mp4 ===
Person-ID memory: loaded 282 IDs from C:\Users\vioyq\Desktop\Coach_Tracker\coach-tracker-demo\coach-store\person-ID\coach1\0323.json
[coach1] C:\Users\vioyq\Desktop\Coach_Tracker\_Coach_Video\3-23\Coach-1\Coach-1-hour-11-20260323200000.mp4 (27120 frames @ 10.0 fps). (headless)
Config: yaml=coach1.yaml zone=C:\Users\vioyq\Desktop\Coach_Tracker\coach-tracker-demo\coach-store\zone\coach1.json
Output CSV: C:\Users\vioyq\Desktop\Coach_Tracker\coach-tracker-demo\coach-store\CSV-state\coach1\0323-coach1-20260331-232007.csv

--- Report ---
Time spent processing: 866.8s
Time on screen per person:
  Person 0 on screen for 2514.4s | zone=0.0s
  Person 1 on screen for 2341.1s | zone=1.7s
  Person 2 on screen for 1032.2s | zone=6.8s
  Person 5 on screen for 424.0s | zone=0.0s
  Person 8 on screen for 2065.1s | zone=0.0s
  Person 11 on screen for 25.7s | zone=3.1s
  Person 12 on screen for 6.6s | zone=0.1s
  Person 13 on screen for 16.6s | zone=13.6s
  Person 15 on screen for 21.7s | zone=20.5s
  Person 19 on screen for 11.1s | zone=4.5s
  Person 28 on screen for 12.5s | zone=11.4s
  Person 44 on screen for 14.0s | zone=12.3s
  Person 47 on screen for 41.1s | zone=2.3s
  Person 72 on screen for 8.0s | zone=0.3s
  Person 74 on screen for 0.1s | zone=0.0s
  Person 80 on screen for 23.2s | zone=1.9s
  Person 108 on screen for 1.5s | zone=0.0s
  Person 121 on screen for 0.1s | zone=0.0s
  Person 123 on screen for 46.8s | zone=17.8s
  Person 132 on screen for 12.7s | zone=0.0s
  Person 137 on screen for 65.9s | zone=20.1s
  Person 146 on screen for 151.1s | zone=146.0s
  Person 149 on screen for 35.2s | zone=0.0s
  Person 166 on screen for 0.8s | zone=0.0s
  Person 171 on screen for 355.3s | zone=0.0s
  Person 178 on screen for 4.5s | zone=2.0s
  Person 198 on screen for 1.7s | zone=0.0s
  Person 213 on screen for 28.7s | zone=10.9s
  Person 220 on screen for 21.1s | zone=2.6s
  Person 238 on screen for 47.4s | zone=16.0s
  Person 244 on screen for 1279.5s | zone=0.0s
  Person 259 on screen for 4.2s | zone=0.0s
  Person 282 on screen for 0.9s | zone=0.0s
  Person 350 on screen for 5.2s | zone=3.9s
  Person 357 on screen for 32.6s | zone=3.1s
  Person 361 on screen for 4.1s | zone=0.4s
Person-ID memory saved: C:\Users\vioyq\Desktop\Coach_Tracker\coach-tracker-demo\coach-store\person-ID\coach1\0323.json
CSV written: C:\Users\vioyq\Desktop\Coach_Tracker\coach-tracker-demo\coach-store\CSV-state\coach1\0323-coach1-20260331-232007.csv
--- end report ---

Done. All videos processed. Total time: 12653.0s
