# date=3-23
# cmd: C:\Users\vioyq\Desktop\Coach_Tracker\coach-tracker-demo\venv\Scripts\python.exe -u C:\Users\vioyq\Desktop\Coach_Tracker\coach-tracker-demo\video-script\coach-date-camera-id-runner.py --date 3-23 --camera coach-3 --video-root C:\Users\vioyq\Desktop\Coach_Tracker\_Coach_Video --drive-mount-root /content/drive --no-viewer
# cwd: C:\Users\vioyq\Desktop\Coach_Tracker\coach-tracker-demo

Combined CSV output: C:\Users\vioyq\Desktop\Coach_Tracker\coach-tracker-demo\coach-store\CSV-state\coach3\0323-coach3-20260331-232007.csv
Found 11 video(s) in C:\Users\vioyq\Desktop\Coach_Tracker\_Coach_Video\3-23\Coach-3
001. Coach-3-hour-1-20260323095957.mp4
002. Coach-3-hour-2-20260323110000.mp4
003. Coach-3-hour-3-20260323120000.mp4
004. Coach-3-hour-4-20260323130000.mp4
005. Coach-3-hour-5-20260323140000.mp4
006. Coach-3-hour-6-20260323150000.mp4
007. Coach-3-hour-7-20260323160000.mp4
008. Coach-3-hour-8-20260323170000.mp4
009. Coach-3-hour-9-20260323180000.mp4
010. Coach-3-hour-10-20260323190000.mp4
011. Coach-3-hour-11-20260323200000.mp4

[Progress] 1/11 (  9.1%) | elapsed     0.0s | ETA     0.0s

=== Running: Coach-3-hour-1-20260323095957.mp4 ===
Person-ID memory: loaded 0 IDs from C:\Users\vioyq\Desktop\Coach_Tracker\coach-tracker-demo\coach-store\person-ID\coach3\0323.json
[coach3] C:\Users\vioyq\Desktop\Coach_Tracker\_Coach_Video\3-23\Coach-3\Coach-3-hour-1-20260323095957.mp4 (36030 frames @ 10.0 fps). (headless)
Config: yaml=coach3.yaml zone=C:\Users\vioyq\Desktop\Coach_Tracker\coach-tracker-demo\coach-store\zone\coach3.json
Output CSV: C:\Users\vioyq\Desktop\Coach_Tracker\coach-tracker-demo\coach-store\CSV-state\coach3\0323-coach3-20260331-232007.csv

--- Report ---
Time spent processing: 1157.1s
Time on screen per person:
  Person 0 on screen for 3012.6s | zone=0.0s
  Person 1 on screen for 2537.9s | zone=0.0s
  Person 2 on screen for 2598.7s | zone=6.1s
  Person 3 on screen for 17.1s | zone=0.2s
  Person 4 on screen for 18.3s | zone=0.0s
  Person 5 on screen for 1673.0s | zone=3.1s
  Person 6 on screen for 6.2s | zone=0.0s
  Person 7 on screen for 783.0s | zone=8.2s
  Person 9 on screen for 1447.3s | zone=0.0s
  Person 10 on screen for 1875.4s | zone=0.0s
  Person 11 on screen for 2774.6s | zone=0.6s
  Person 13 on screen for 1584.4s | zone=0.0s
  Person 14 on screen for 1938.6s | zone=1.9s
  Person 18 on screen for 283.5s | zone=0.1s
  Person 19 on screen for 3.9s | zone=0.0s
  Person 20 on screen for 20.6s | zone=2.5s
  Person 22 on screen for 52.9s | zone=22.6s
  Person 25 on screen for 2259.6s | zone=0.0s
  Person 27 on screen for 24.9s | zone=25.0s
  Person 28 on screen for 714.4s | zone=116.5s
  Person 29 on screen for 5.3s | zone=5.2s
  Person 30 on screen for 737.8s | zone=2.8s
  Person 31 on screen for 1652.3s | zone=99.2s
  Person 34 on screen for 1516.7s | zone=0.0s
  Person 42 on screen for 1048.4s | zone=0.1s
  Person 43 on screen for 4.9s | zone=4.8s
  Person 44 on screen for 1053.5s | zone=0.2s
  Person 48 on screen for 0.8s | zone=0.0s
  Person 56 on screen for 32.9s | zone=0.2s
  Person 65 on screen for 1354.7s | zone=0.0s
  Person 67 on screen for 1.1s | zone=0.0s
  Person 72 on screen for 2.9s | zone=2.8s
  Person 73 on screen for 89.3s | zone=21.7s
  Person 74 on screen for 4.8s | zone=0.0s
  Person 75 on screen for 960.1s | zone=919.3s
  Person 80 on screen for 3.9s | zone=0.0s
  Person 81 on screen for 2.7s | zone=0.0s
  Person 82 on screen for 1.1s | zone=0.0s
  Person 84 on screen for 664.1s | zone=0.0s
  Person 88 on screen for 1.7s | zone=1.6s
  Person 90 on screen for 25.3s | zone=0.0s
  Person 98 on screen for 493.7s | zone=0.0s
  Person 102 on screen for 19.9s | zone=0.0s
  Person 109 on screen for 4.9s | zone=2.4s
  Person 110 on screen for 54.0s | zone=53.9s
  Person 111 on screen for 53.2s | zone=0.8s
  Person 112 on screen for 5.9s | zone=1.5s
Person-ID memory saved: C:\Users\vioyq\Desktop\Coach_Tracker\coach-tracker-demo\coach-store\person-ID\coach3\0323.json
CSV written: C:\Users\vioyq\Desktop\Coach_Tracker\coach-tracker-demo\coach-store\CSV-state\coach3\0323-coach3-20260331-232007.csv
--- end report ---

[Progress] 2/11 ( 18.2%) | elapsed  1167.0s | ETA  5251.4s

=== Running: Coach-3-hour-2-20260323110000.mp4 ===
Person-ID memory: loaded 45 IDs from C:\Users\vioyq\Desktop\Coach_Tracker\coach-tracker-demo\coach-store\person-ID\coach3\0323.json
[coach3] C:\Users\vioyq\Desktop\Coach_Tracker\_Coach_Video\3-23\Coach-3\Coach-3-hour-2-20260323110000.mp4 (36000 frames @ 10.0 fps). (headless)
Config: yaml=coach3.yaml zone=C:\Users\vioyq\Desktop\Coach_Tracker\coach-tracker-demo\coach-store\zone\coach3.json
Output CSV: C:\Users\vioyq\Desktop\Coach_Tracker\coach-tracker-demo\coach-store\CSV-state\coach3\0323-coach3-20260331-232007.csv

--- Report ---
Time spent processing: 1157.6s
Time on screen per person:
  Person 0 on screen for 3533.8s | zone=0.0s
  Person 1 on screen for 3533.8s | zone=1976.1s
  Person 2 on screen for 3533.5s | zone=1.8s
  Person 3 on screen for 0.2s | zone=0.0s
  Person 5 on screen for 227.4s | zone=3.2s
  Person 6 on screen for 13.8s | zone=0.3s
  Person 7 on screen for 4.8s | zone=0.0s
  Person 10 on screen for 2414.2s | zone=0.0s
  Person 12 on screen for 2590.5s | zone=0.1s
  Person 13 on screen for 262.3s | zone=258.3s
  Person 14 on screen for 2769.0s | zone=0.0s
  Person 15 on screen for 45.8s | zone=0.0s
  Person 17 on screen for 2707.1s | zone=2707.0s
  Person 18 on screen for 660.4s | zone=660.3s
  Person 19 on screen for 16.2s | zone=16.2s
  Person 20 on screen for 64.9s | zone=0.2s
  Person 21 on screen for 24.8s | zone=21.4s
  Person 22 on screen for 75.5s | zone=1.2s
  Person 25 on screen for 665.9s | zone=0.9s
  Person 26 on screen for 83.7s | zone=13.4s
  Person 28 on screen for 141.2s | zone=1.2s
  Person 31 on screen for 1237.8s | zone=0.2s
  Person 34 on screen for 764.8s | zone=0.0s
  Person 35 on screen for 1187.6s | zone=23.4s
  Person 42 on screen for 1105.6s | zone=0.0s
  Person 43 on screen for 0.5s | zone=0.5s
  Person 44 on screen for 8.0s | zone=0.0s
  Person 47 on screen for 576.1s | zone=2.3s
  Person 48 on screen for 3191.7s | zone=0.0s
  Person 49 on screen for 9.4s | zone=0.0s
  Person 50 on screen for 8.9s | zone=0.0s
  Person 51 on screen for 639.6s | zone=9.9s
  Person 55 on screen for 0.4s | zone=0.0s
  Person 58 on screen for 32.2s | zone=28.4s
  Person 59 on screen for 0.5s | zone=0.0s
  Person 64 on screen for 14.8s | zone=3.4s
  Person 65 on screen for 3463.1s | zone=0.0s
  Person 68 on screen for 66.4s | zone=6.5s
  Person 71 on screen for 351.2s | zone=0.0s
  Person 73 on screen for 68.4s | zone=5.7s
  Person 75 on screen for 18.9s | zone=1.5s
  Person 81 on screen for 827.5s | zone=0.0s
  Person 84 on screen for 315.2s | zone=0.0s
  Person 89 on screen for 7.3s | zone=0.0s
  Person 93 on screen for 826.7s | zone=0.0s
  Person 98 on screen for 477.3s | zone=2.0s
  Person 99 on screen for 28.2s | zone=0.0s
  Person 102 on screen for 1745.1s | zone=0.0s
  Person 105 on screen for 260.6s | zone=257.2s
  Person 106 on screen for 101.5s | zone=0.2s
  Person 108 on screen for 24.5s | zone=0.0s
  Person 110 on screen for 18.1s | zone=0.0s
  Person 112 on screen for 2774.0s | zone=0.1s
  Person 113 on screen for 247.4s | zone=236.7s
  Person 120 on screen for 1.8s | zone=0.0s
  Person 123 on screen for 5.2s | zone=1.7s
  Person 125 on screen for 0.3s | zone=0.0s
  Person 127 on screen for 12.5s | zone=0.0s
  Person 132 on screen for 158.3s | zone=0.0s
  Person 134 on screen for 5.1s | zone=0.0s
  Person 135 on screen for 133.9s | zone=133.8s
  Person 136 on screen for 0.9s | zone=0.0s
  Person 139 on screen for 7.2s | zone=2.2s
Person-ID memory saved: C:\Users\vioyq\Desktop\Coach_Tracker\coach-tracker-demo\coach-store\person-ID\coach3\0323.json
CSV written: C:\Users\vioyq\Desktop\Coach_Tracker\coach-tracker-demo\coach-store\CSV-state\coach3\0323-coach3-20260331-232007.csv
--- end report ---

[Progress] 3/11 ( 27.3%) | elapsed  2328.0s | ETA  6208.0s

=== Running: Coach-3-hour-3-20260323120000.mp4 ===
Person-ID memory: loaded 78 IDs from C:\Users\vioyq\Desktop\Coach_Tracker\coach-tracker-demo\coach-store\person-ID\coach3\0323.json
[coach3] C:\Users\vioyq\Desktop\Coach_Tracker\_Coach_Video\3-23\Coach-3\Coach-3-hour-3-20260323120000.mp4 (36000 frames @ 10.0 fps). (headless)
Config: yaml=coach3.yaml zone=C:\Users\vioyq\Desktop\Coach_Tracker\coach-tracker-demo\coach-store\zone\coach3.json
Output CSV: C:\Users\vioyq\Desktop\Coach_Tracker\coach-tracker-demo\coach-store\CSV-state\coach3\0323-coach3-20260331-232007.csv

--- Report ---
Time spent processing: 1165.3s
Time on screen per person:
  Person 0 on screen for 3551.9s | zone=0.0s
  Person 1 on screen for 2624.8s | zone=0.0s
  Person 2 on screen for 2172.7s | zone=0.0s
  Person 3 on screen for 1187.8s | zone=2.3s
  Person 5 on screen for 2.0s | zone=0.1s
  Person 8 on screen for 26.4s | zone=0.0s
  Person 9 on screen for 0.2s | zone=0.0s
  Person 10 on screen for 2474.4s | zone=0.0s
  Person 11 on screen for 1906.4s | zone=7.5s
  Person 14 on screen for 2442.6s | zone=0.1s
  Person 18 on screen for 35.0s | zone=0.6s
  Person 19 on screen for 1.2s | zone=0.0s
  Person 20 on screen for 1184.3s | zone=0.0s
  Person 23 on screen for 1918.0s | zone=0.0s
  Person 24 on screen for 524.5s | zone=524.3s
  Person 28 on screen for 2601.5s | zone=0.3s
  Person 29 on screen for 279.6s | zone=0.2s
  Person 30 on screen for 47.6s | zone=0.0s
  Person 31 on screen for 6.9s | zone=0.0s
  Person 32 on screen for 2098.5s | zone=3.3s
  Person 34 on screen for 3125.7s | zone=3.7s
  Person 35 on screen for 1727.3s | zone=2.9s
  Person 38 on screen for 2311.9s | zone=0.0s
  Person 42 on screen for 885.2s | zone=0.1s
  Person 44 on screen for 3122.4s | zone=0.0s
  Person 47 on screen for 13.0s | zone=0.8s
  Person 48 on screen for 2.8s | zone=1.2s
  Person 56 on screen for 0.1s | zone=0.0s
  Person 57 on screen for 2094.0s | zone=1709.5s
  Person 62 on screen for 4.1s | zone=0.1s
  Person 63 on screen for 37.0s | zone=0.5s
  Person 65 on screen for 591.1s | zone=0.0s
  Person 68 on screen for 1318.6s | zone=889.9s
  Person 69 on screen for 0.6s | zone=0.0s
  Person 71 on screen for 1372.0s | zone=4.0s
  Person 72 on screen for 5.3s | zone=2.1s
  Person 73 on screen for 3.4s | zone=0.0s
  Person 75 on screen for 2947.0s | zone=2935.4s
  Person 76 on screen for 77.7s | zone=7.5s
  Person 78 on screen for 1621.7s | zone=3.4s
  Person 80 on screen for 184.6s | zone=0.0s
  Person 81 on screen for 65.5s | zone=3.8s
  Person 84 on screen for 0.5s | zone=0.1s
  Person 86 on screen for 1.1s | zone=0.0s
  Person 87 on screen for 543.4s | zone=0.0s
  Person 89 on screen for 1459.7s | zone=4.7s
  Person 90 on screen for 400.4s | zone=400.3s
  Person 92 on screen for 54.1s | zone=0.0s
  Person 93 on screen for 2156.9s | zone=0.0s
  Person 94 on screen for 24.0s | zone=0.0s
  Person 95 on screen for 6.9s | zone=0.0s
  Person 98 on screen for 10.8s | zone=0.0s
  Person 99 on screen for 1370.6s | zone=0.0s
  Person 101 on screen for 8.6s | zone=3.2s
  Person 105 on screen for 19.7s | zone=0.7s
  Person 109 on screen for 348.0s | zone=347.9s
  Person 111 on screen for 2.1s | zone=0.0s
  Person 112 on screen for 128.2s | zone=0.0s
  Person 113 on screen for 35.8s | zone=0.0s
  Person 117 on screen for 0.1s | zone=0.0s
  Person 122 on screen for 100.5s | zone=0.0s
  Person 126 on screen for 10.1s | zone=0.0s
  Person 131 on screen for 0.9s | zone=0.0s
  Person 134 on screen for 667.9s | zone=0.0s
  Person 136 on screen for 27.9s | zone=0.0s
  Person 137 on screen for 380.0s | zone=4.7s
  Person 139 on screen for 70.9s | zone=9.0s
  Person 148 on screen for 14.7s | zone=3.1s
  Person 155 on screen for 26.5s | zone=0.0s
Person-ID memory saved: C:\Users\vioyq\Desktop\Coach_Tracker\coach-tracker-demo\coach-store\person-ID\coach3\0323.json
CSV written: C:\Users\vioyq\Desktop\Coach_Tracker\coach-tracker-demo\coach-store\CSV-state\coach3\0323-coach3-20260331-232007.csv
--- end report ---

[Progress] 4/11 ( 36.4%) | elapsed  3496.9s | ETA  6119.6s

=== Running: Coach-3-hour-4-20260323130000.mp4 ===
Person-ID memory: loaded 102 IDs from C:\Users\vioyq\Desktop\Coach_Tracker\coach-tracker-demo\coach-store\person-ID\coach3\0323.json
[coach3] C:\Users\vioyq\Desktop\Coach_Tracker\_Coach_Video\3-23\Coach-3\Coach-3-hour-4-20260323130000.mp4 (36000 frames @ 10.0 fps). (headless)
Config: yaml=coach3.yaml zone=C:\Users\vioyq\Desktop\Coach_Tracker\coach-tracker-demo\coach-store\zone\coach3.json
Output CSV: C:\Users\vioyq\Desktop\Coach_Tracker\coach-tracker-demo\coach-store\CSV-state\coach3\0323-coach3-20260331-232007.csv

--- Report ---
Time spent processing: 1184.1s
Time on screen per person:
  Person 0 on screen for 3508.1s | zone=0.0s
  Person 1 on screen for 3266.5s | zone=1839.3s
  Person 2 on screen for 1967.3s | zone=0.0s
  Person 7 on screen for 1610.5s | zone=1.7s
  Person 8 on screen for 4.1s | zone=0.0s
  Person 9 on screen for 2879.8s | zone=1.8s
  Person 10 on screen for 1424.3s | zone=0.0s
  Person 11 on screen for 13.8s | zone=0.0s
  Person 13 on screen for 0.6s | zone=0.0s
  Person 14 on screen for 1898.7s | zone=2865.7s
  Person 16 on screen for 2996.7s | zone=2991.1s
  Person 17 on screen for 1925.1s | zone=1.2s
  Person 18 on screen for 2733.3s | zone=0.0s
  Person 19 on screen for 2863.8s | zone=24.3s
  Person 20 on screen for 1139.4s | zone=0.0s
  Person 21 on screen for 2885.7s | zone=1.2s
  Person 22 on screen for 1406.9s | zone=0.0s
  Person 23 on screen for 2798.3s | zone=15.9s
  Person 24 on screen for 7.9s | zone=0.0s
  Person 27 on screen for 113.2s | zone=6.2s
  Person 28 on screen for 809.0s | zone=1.2s
  Person 29 on screen for 308.8s | zone=0.0s
  Person 30 on screen for 1087.8s | zone=0.3s
  Person 31 on screen for 6.8s | zone=0.3s
  Person 32 on screen for 2569.8s | zone=0.3s
  Person 34 on screen for 132.9s | zone=5.8s
  Person 35 on screen for 62.9s | zone=0.5s
  Person 38 on screen for 2715.3s | zone=0.0s
  Person 41 on screen for 2667.7s | zone=1.3s
  Person 42 on screen for 2087.0s | zone=0.0s
  Person 44 on screen for 2461.3s | zone=0.0s
  Person 45 on screen for 457.4s | zone=378.9s
  Person 51 on screen for 3.4s | zone=1.8s
  Person 52 on screen for 13.9s | zone=0.1s
  Person 57 on screen for 2868.2s | zone=154.7s
  Person 61 on screen for 2207.5s | zone=2.3s
  Person 62 on screen for 2190.8s | zone=0.0s
  Person 63 on screen for 1395.0s | zone=0.0s
  Person 64 on screen for 1955.1s | zone=2.3s
  Person 68 on screen for 16.8s | zone=0.2s
  Person 70 on screen for 2517.7s | zone=0.0s
  Person 71 on screen for 3009.8s | zone=0.2s
  Person 72 on screen for 425.1s | zone=8.6s
  Person 74 on screen for 969.2s | zone=21.6s
  Person 75 on screen for 32.4s | zone=0.0s
  Person 76 on screen for 25.5s | zone=6.7s
  Person 78 on screen for 72.3s | zone=4.4s
  Person 80 on screen for 41.1s | zone=0.0s
  Person 87 on screen for 2286.9s | zone=0.0s
  Person 89 on screen for 1731.4s | zone=0.0s
  Person 90 on screen for 112.8s | zone=0.5s
  Person 93 on screen for 3.2s | zone=0.8s
  Person 99 on screen for 450.4s | zone=0.0s
  Person 101 on screen for 33.2s | zone=22.1s
  Person 105 on screen for 794.8s | zone=3.1s
  Person 106 on screen for 1335.3s | zone=660.6s
  Person 109 on screen for 592.5s | zone=0.0s
  Person 111 on screen for 1107.7s | zone=0.0s
  Person 112 on screen for 1773.2s | zone=1.1s
  Person 114 on screen for 334.0s | zone=313.5s
  Person 116 on screen for 1857.7s | zone=1853.2s
  Person 123 on screen for 29.8s | zone=1064.7s
  Person 125 on screen for 42.7s | zone=8.2s
  Person 127 on screen for 85.8s | zone=4.1s
  Person 134 on screen for 9.1s | zone=0.1s
  Person 135 on screen for 86.4s | zone=0.0s
  Person 136 on screen for 1952.0s | zone=0.0s
  Person 139 on screen for 1497.7s | zone=1.5s
  Person 144 on screen for 1297.6s | zone=4.5s
  Person 146 on screen for 1852.1s | zone=9.3s
  Person 148 on screen for 1726.9s | zone=1718.7s
  Person 155 on screen for 1.1s | zone=0.0s
  Person 157 on screen for 45.3s | zone=2.6s
  Person 158 on screen for 1206.6s | zone=0.1s
  Person 164 on screen for 63.3s | zone=9.0s
  Person 165 on screen for 4.4s | zone=0.2s
  Person 166 on screen for 861.8s | zone=7.1s
  Person 169 on screen for 27.8s | zone=5.4s
  Person 171 on screen for 18.5s | zone=6.1s
  Person 185 on screen for 9.7s | zone=0.9s
  Person 187 on screen for 19.1s | zone=2.6s
  Person 192 on screen for 1.4s | zone=1.3s
  Person 201 on screen for 993.8s | zone=0.0s
  Person 211 on screen for 1.1s | zone=0.0s
  Person 214 on screen for 315.3s | zone=22.2s
  Person 216 on screen for 751.4s | zone=751.2s
  Person 217 on screen for 6.5s | zone=0.1s
  Person 219 on screen for 0.6s | zone=0.0s
  Person 220 on screen for 89.9s | zone=2.9s
  Person 233 on screen for 142.5s | zone=2.1s
  Person 241 on screen for 3.8s | zone=0.0s
  Person 243 on screen for 19.3s | zone=0.8s
  Person 245 on screen for 25.8s | zone=0.0s
  Person 255 on screen for 7.4s | zone=0.0s
  Person 258 on screen for 108.0s | zone=0.0s
  Person 259 on screen for 62.1s | zone=4.2s
  Person 264 on screen for 17.3s | zone=14.8s
  Person 276 on screen for 0.5s | zone=0.4s
  Person 277 on screen for 10.9s | zone=0.0s
  Person 285 on screen for 25.2s | zone=0.0s
  Person 289 on screen for 1.3s | zone=0.0s
  Person 290 on screen for 28.4s | zone=0.0s
  Person 291 on screen for 12.0s | zone=1.0s
  Person 292 on screen for 27.3s | zone=10.6s
  Person 294 on screen for 2.5s | zone=0.0s
  Person 295 on screen for 277.3s | zone=0.0s
  Person 296 on screen for 0.6s | zone=0.0s
  Person 301 on screen for 14.6s | zone=1.1s
  Person 302 on screen for 80.7s | zone=6.1s
  Person 305 on screen for 62.4s | zone=0.0s
  Person 306 on screen for 1.0s | zone=0.0s
  Person 307 on screen for 9.8s | zone=0.6s
Person-ID memory saved: C:\Users\vioyq\Desktop\Coach_Tracker\coach-tracker-demo\coach-store\person-ID\coach3\0323.json
CSV written: C:\Users\vioyq\Desktop\Coach_Tracker\coach-tracker-demo\coach-store\CSV-state\coach3\0323-coach3-20260331-232007.csv
--- end report ---

[Progress] 5/11 ( 45.5%) | elapsed  4684.7s | ETA  5621.6s

=== Running: Coach-3-hour-5-20260323140000.mp4 ===
Person-ID memory: loaded 152 IDs from C:\Users\vioyq\Desktop\Coach_Tracker\coach-tracker-demo\coach-store\person-ID\coach3\0323.json
[coach3] C:\Users\vioyq\Desktop\Coach_Tracker\_Coach_Video\3-23\Coach-3\Coach-3-hour-5-20260323140000.mp4 (36000 frames @ 10.0 fps). (headless)
Config: yaml=coach3.yaml zone=C:\Users\vioyq\Desktop\Coach_Tracker\coach-tracker-demo\coach-store\zone\coach3.json
Output CSV: C:\Users\vioyq\Desktop\Coach_Tracker\coach-tracker-demo\coach-store\CSV-state\coach3\0323-coach3-20260331-232007.csv

--- Report ---
Time spent processing: 1185.1s
Time on screen per person:
  Person 0 on screen for 3162.6s | zone=0.0s
  Person 1 on screen for 3121.0s | zone=0.0s
  Person 2 on screen for 2591.5s | zone=0.0s
  Person 3 on screen for 2877.0s | zone=0.0s
  Person 4 on screen for 42.3s | zone=0.0s
  Person 8 on screen for 1454.2s | zone=0.0s
  Person 10 on screen for 1920.4s | zone=2.8s
  Person 11 on screen for 938.1s | zone=1.6s
  Person 13 on screen for 575.8s | zone=570.6s
  Person 14 on screen for 40.8s | zone=0.5s
  Person 16 on screen for 216.3s | zone=0.0s
  Person 17 on screen for 5.7s | zone=0.0s
  Person 18 on screen for 28.9s | zone=1.0s
  Person 19 on screen for 1830.9s | zone=2.8s
  Person 20 on screen for 890.1s | zone=0.0s
  Person 22 on screen for 1225.4s | zone=1214.8s
  Person 23 on screen for 491.8s | zone=0.0s
  Person 25 on screen for 880.4s | zone=4.1s
  Person 26 on screen for 6.4s | zone=6.3s
  Person 28 on screen for 6.8s | zone=1.7s
  Person 31 on screen for 89.2s | zone=0.3s
  Person 32 on screen for 0.1s | zone=0.0s
  Person 33 on screen for 1624.0s | zone=3.4s
  Person 35 on screen for 375.7s | zone=0.0s
  Person 36 on screen for 844.6s | zone=0.3s
  Person 37 on screen for 1252.7s | zone=0.0s
  Person 38 on screen for 4.4s | zone=0.0s
  Person 39 on screen for 2961.2s | zone=1.9s
  Person 42 on screen for 1146.2s | zone=0.0s
  Person 44 on screen for 7.6s | zone=0.0s
  Person 47 on screen for 2110.7s | zone=0.0s
  Person 51 on screen for 1056.7s | zone=2.1s
  Person 52 on screen for 15.1s | zone=0.3s
  Person 53 on screen for 1288.9s | zone=0.2s
  Person 56 on screen for 339.4s | zone=0.0s
  Person 57 on screen for 362.5s | zone=0.1s
  Person 61 on screen for 17.0s | zone=0.5s
  Person 63 on screen for 11.1s | zone=11.0s
  Person 64 on screen for 11.8s | zone=1.9s
  Person 67 on screen for 516.8s | zone=0.0s
  Person 68 on screen for 6.9s | zone=0.5s
  Person 70 on screen for 2841.8s | zone=0.0s
  Person 71 on screen for 0.1s | zone=0.0s
  Person 74 on screen for 963.4s | zone=905.7s
  Person 76 on screen for 67.1s | zone=67.0s
  Person 77 on screen for 1751.6s | zone=1.6s
  Person 80 on screen for 0.2s | zone=0.0s
  Person 81 on screen for 1.3s | zone=0.0s
  Person 87 on screen for 2553.2s | zone=0.0s
  Person 90 on screen for 1615.7s | zone=1406.7s
  Person 91 on screen for 6.2s | zone=0.0s
  Person 92 on screen for 1238.7s | zone=0.0s
  Person 93 on screen for 402.5s | zone=8.4s
  Person 94 on screen for 11.3s | zone=0.1s
  Person 99 on screen for 2533.8s | zone=1688.7s
  Person 101 on screen for 2.6s | zone=0.0s
  Person 102 on screen for 27.7s | zone=27.6s
  Person 104 on screen for 382.7s | zone=1.6s
  Person 105 on screen for 0.5s | zone=0.0s
  Person 106 on screen for 472.1s | zone=0.0s
  Person 108 on screen for 0.6s | zone=0.0s
  Person 109 on screen for 1720.0s | zone=2.6s
  Person 110 on screen for 1631.5s | zone=2.8s
  Person 111 on screen for 137.4s | zone=5.8s
  Person 113 on screen for 2915.1s | zone=0.1s
  Person 116 on screen for 7.3s | zone=7.3s
  Person 122 on screen for 7.6s | zone=1.5s
  Person 130 on screen for 77.9s | zone=11.7s
  Person 131 on screen for 64.0s | zone=3.6s
  Person 132 on screen for 164.8s | zone=0.0s
  Person 134 on screen for 64.6s | zone=0.0s
  Person 135 on screen for 1229.9s | zone=0.0s
  Person 136 on screen for 0.2s | zone=0.1s
  Person 139 on screen for 99.2s | zone=2.0s
  Person 146 on screen for 2214.6s | zone=1987.6s
  Person 153 on screen for 1566.8s | zone=0.9s
  Person 158 on screen for 2079.2s | zone=3.4s
  Person 159 on screen for 362.4s | zone=0.0s
  Person 160 on screen for 1337.1s | zone=2.7s
  Person 164 on screen for 4.0s | zone=0.6s
  Person 166 on screen for 1219.0s | zone=24.1s
  Person 171 on screen for 1189.9s | zone=2.4s
  Person 176 on screen for 1.1s | zone=0.0s
  Person 184 on screen for 0.7s | zone=0.0s
  Person 185 on screen for 1111.3s | zone=0.0s
  Person 186 on screen for 12.6s | zone=3.6s
  Person 187 on screen for 986.9s | zone=0.0s
  Person 196 on screen for 0.4s | zone=0.0s
  Person 200 on screen for 86.1s | zone=0.7s
  Person 201 on screen for 2488.3s | zone=5.3s
  Person 207 on screen for 713.2s | zone=0.0s
  Person 211 on screen for 186.2s | zone=2.3s
  Person 212 on screen for 21.8s | zone=2.5s
  Person 213 on screen for 37.5s | zone=37.4s
  Person 214 on screen for 500.0s | zone=0.0s
  Person 216 on screen for 3132.4s | zone=114.6s
  Person 220 on screen for 2083.0s | zone=0.0s
  Person 222 on screen for 30.5s | zone=0.0s
  Person 224 on screen for 340.4s | zone=1.3s
  Person 225 on screen for 99.7s | zone=19.8s
  Person 235 on screen for 8.5s | zone=0.0s
  Person 245 on screen for 2904.7s | zone=4.2s
  Person 246 on screen for 26.0s | zone=0.5s
  Person 251 on screen for 2.3s | zone=0.0s
  Person 257 on screen for 190.7s | zone=149.3s
  Person 259 on screen for 948.3s | zone=936.8s
  Person 261 on screen for 293.9s | zone=6.1s
  Person 265 on screen for 17.2s | zone=7.1s
  Person 268 on screen for 159.3s | zone=149.4s
  Person 271 on screen for 6.2s | zone=0.0s
  Person 277 on screen for 787.2s | zone=785.4s
  Person 280 on screen for 3.7s | zone=3.6s
  Person 285 on screen for 2611.6s | zone=0.0s
  Person 291 on screen for 534.9s | zone=1.0s
  Person 292 on screen for 22.5s | zone=2.7s
  Person 295 on screen for 42.8s | zone=4.8s
  Person 302 on screen for 2186.6s | zone=0.0s
  Person 305 on screen for 116.7s | zone=0.0s
  Person 306 on screen for 911.0s | zone=894.1s
  Person 307 on screen for 128.8s | zone=4.2s
Person-ID memory saved: C:\Users\vioyq\Desktop\Coach_Tracker\coach-tracker-demo\coach-store\person-ID\coach3\0323.json
CSV written: C:\Users\vioyq\Desktop\Coach_Tracker\coach-tracker-demo\coach-store\CSV-state\coach3\0323-coach3-20260331-232007.csv
--- end report ---

[Progress] 6/11 ( 54.5%) | elapsed  5873.7s | ETA  4894.7s

=== Running: Coach-3-hour-6-20260323150000.mp4 ===
Person-ID memory: loaded 184 IDs from C:\Users\vioyq\Desktop\Coach_Tracker\coach-tracker-demo\coach-store\person-ID\coach3\0323.json
[coach3] C:\Users\vioyq\Desktop\Coach_Tracker\_Coach_Video\3-23\Coach-3\Coach-3-hour-6-20260323150000.mp4 (36000 frames @ 10.0 fps). (headless)
Config: yaml=coach3.yaml zone=C:\Users\vioyq\Desktop\Coach_Tracker\coach-tracker-demo\coach-store\zone\coach3.json
Output CSV: C:\Users\vioyq\Desktop\Coach_Tracker\coach-tracker-demo\coach-store\CSV-state\coach3\0323-coach3-20260331-232007.csv

--- Report ---
Time spent processing: 1166.9s
Time on screen per person:
  Person 0 on screen for 3177.2s | zone=0.0s
  Person 1 on screen for 3028.7s | zone=0.0s
  Person 2 on screen for 3028.3s | zone=0.0s
  Person 3 on screen for 0.6s | zone=0.0s
  Person 4 on screen for 0.1s | zone=0.0s
  Person 6 on screen for 0.1s | zone=0.0s
  Person 8 on screen for 1524.7s | zone=440.4s
  Person 14 on screen for 1263.7s | zone=1263.6s
  Person 17 on screen for 1237.2s | zone=0.0s
  Person 19 on screen for 19.6s | zone=2.1s
  Person 20 on screen for 1.3s | zone=0.0s
  Person 21 on screen for 12.6s | zone=0.7s
  Person 23 on screen for 2442.4s | zone=2438.6s
  Person 25 on screen for 563.5s | zone=0.0s
  Person 26 on screen for 883.2s | zone=43.5s
  Person 27 on screen for 27.3s | zone=0.1s
  Person 28 on screen for 15.9s | zone=0.3s
  Person 30 on screen for 5.8s | zone=0.0s
  Person 32 on screen for 2385.9s | zone=0.0s
  Person 35 on screen for 30.4s | zone=30.3s
  Person 37 on screen for 0.5s | zone=0.0s
  Person 39 on screen for 1052.3s | zone=1052.2s
  Person 42 on screen for 1.6s | zone=0.0s
  Person 47 on screen for 0.6s | zone=0.0s
  Person 49 on screen for 1.0s | zone=0.0s
  Person 52 on screen for 857.4s | zone=0.1s
  Person 63 on screen for 16.9s | zone=16.8s
  Person 65 on screen for 2.1s | zone=0.0s
  Person 72 on screen for 0.7s | zone=0.0s
  Person 75 on screen for 22.7s | zone=0.0s
  Person 76 on screen for 736.8s | zone=2.1s
  Person 77 on screen for 70.7s | zone=0.0s
  Person 80 on screen for 2629.7s | zone=0.0s
  Person 84 on screen for 39.4s | zone=2.6s
  Person 85 on screen for 1223.3s | zone=1183.7s
  Person 87 on screen for 3277.6s | zone=0.0s
  Person 90 on screen for 110.7s | zone=96.5s
  Person 92 on screen for 797.2s | zone=0.0s
  Person 94 on screen for 1036.2s | zone=2.8s
  Person 111 on screen for 2.1s | zone=0.0s
  Person 112 on screen for 11.3s | zone=0.8s
  Person 113 on screen for 880.5s | zone=868.2s
  Person 116 on screen for 7.5s | zone=0.0s
  Person 117 on screen for 1.0s | zone=0.0s
  Person 119 on screen for 129.3s | zone=109.0s
  Person 121 on screen for 0.1s | zone=0.0s
  Person 132 on screen for 11.4s | zone=0.0s
  Person 133 on screen for 752.1s | zone=6.9s
  Person 135 on screen for 565.0s | zone=0.0s
  Person 136 on screen for 2001.7s | zone=1.4s
  Person 141 on screen for 67.9s | zone=0.0s
  Person 145 on screen for 333.3s | zone=0.0s
  Person 159 on screen for 9.7s | zone=2.6s
  Person 160 on screen for 45.7s | zone=0.8s
  Person 161 on screen for 10.7s | zone=1.6s
  Person 163 on screen for 5.0s | zone=4.9s
  Person 164 on screen for 4.4s | zone=0.0s
  Person 166 on screen for 3002.0s | zone=0.0s
  Person 182 on screen for 33.1s | zone=1.2s
  Person 183 on screen for 3.0s | zone=2.9s
  Person 184 on screen for 2119.6s | zone=0.0s
  Person 185 on screen for 1473.0s | zone=0.0s
  Person 186 on screen for 587.3s | zone=582.0s
  Person 187 on screen for 282.7s | zone=0.0s
  Person 192 on screen for 2.1s | zone=0.0s
  Person 193 on screen for 15.7s | zone=0.5s
  Person 194 on screen for 7.0s | zone=0.0s
  Person 200 on screen for 2755.9s | zone=0.1s
  Person 211 on screen for 799.5s | zone=1.5s
  Person 213 on screen for 81.7s | zone=15.3s
  Person 214 on screen for 83.3s | zone=15.4s
  Person 219 on screen for 14.1s | zone=0.0s
  Person 220 on screen for 0.8s | zone=0.0s
  Person 224 on screen for 1581.0s | zone=0.0s
  Person 233 on screen for 12.6s | zone=3.8s
  Person 245 on screen for 23.6s | zone=0.1s
  Person 251 on screen for 1495.1s | zone=0.0s
  Person 257 on screen for 4.7s | zone=0.0s
  Person 261 on screen for 1480.5s | zone=3.0s
  Person 265 on screen for 2456.2s | zone=0.0s
  Person 268 on screen for 19.7s | zone=0.0s
  Person 271 on screen for 465.8s | zone=0.0s
  Person 277 on screen for 5.5s | zone=0.2s
  Person 285 on screen for 2423.3s | zone=0.0s
  Person 291 on screen for 3.4s | zone=0.0s
  Person 294 on screen for 26.4s | zone=10.6s
  Person 295 on screen for 749.4s | zone=1.5s
  Person 305 on screen for 646.5s | zone=22.5s
  Person 307 on screen for 59.6s | zone=0.3s
Person-ID memory saved: C:\Users\vioyq\Desktop\Coach_Tracker\coach-tracker-demo\coach-store\person-ID\coach3\0323.json
CSV written: C:\Users\vioyq\Desktop\Coach_Tracker\coach-tracker-demo\coach-store\CSV-state\coach3\0323-coach3-20260331-232007.csv
--- end report ---

[Progress] 7/11 ( 63.6%) | elapsed  7044.3s | ETA  4025.3s

=== Running: Coach-3-hour-7-20260323160000.mp4 ===
Person-ID memory: loaded 196 IDs from C:\Users\vioyq\Desktop\Coach_Tracker\coach-tracker-demo\coach-store\person-ID\coach3\0323.json
[coach3] C:\Users\vioyq\Desktop\Coach_Tracker\_Coach_Video\3-23\Coach-3\Coach-3-hour-7-20260323160000.mp4 (36000 frames @ 10.0 fps). (headless)
Config: yaml=coach3.yaml zone=C:\Users\vioyq\Desktop\Coach_Tracker\coach-tracker-demo\coach-store\zone\coach3.json
Output CSV: C:\Users\vioyq\Desktop\Coach_Tracker\coach-tracker-demo\coach-store\CSV-state\coach3\0323-coach3-20260331-232007.csv

--- Report ---
Time spent processing: 1170.7s
Time on screen per person:
  Person 0 on screen for 3580.9s | zone=0.0s
  Person 1 on screen for 3104.4s | zone=0.0s
  Person 2 on screen for 2206.3s | zone=0.0s
  Person 4 on screen for 1797.6s | zone=1797.5s
  Person 8 on screen for 2110.7s | zone=3.3s
  Person 10 on screen for 2.8s | zone=0.0s
  Person 16 on screen for 776.8s | zone=3.9s
  Person 19 on screen for 885.2s | zone=867.4s
  Person 20 on screen for 0.4s | zone=0.0s
  Person 22 on screen for 470.8s | zone=470.7s
  Person 23 on screen for 4.8s | zone=1.5s
  Person 25 on screen for 3085.2s | zone=0.0s
  Person 26 on screen for 17.3s | zone=2.3s
  Person 27 on screen for 8.3s | zone=0.0s
  Person 28 on screen for 68.2s | zone=1.6s
  Person 29 on screen for 6.3s | zone=0.0s
  Person 30 on screen for 2775.5s | zone=0.1s
  Person 32 on screen for 390.0s | zone=0.0s
  Person 33 on screen for 1413.8s | zone=1.4s
  Person 35 on screen for 22.5s | zone=0.9s
  Person 36 on screen for 2315.6s | zone=1283.2s
  Person 37 on screen for 2934.7s | zone=0.0s
  Person 38 on screen for 1307.6s | zone=0.1s
  Person 47 on screen for 859.1s | zone=0.3s
  Person 51 on screen for 31.4s | zone=31.3s
  Person 52 on screen for 683.3s | zone=0.0s
  Person 53 on screen for 2006.4s | zone=8.8s
  Person 57 on screen for 854.6s | zone=1.3s
  Person 67 on screen for 4.7s | zone=0.0s
  Person 68 on screen for 4.1s | zone=4.0s
  Person 72 on screen for 1314.0s | zone=4.4s
  Person 75 on screen for 64.7s | zone=0.0s
  Person 77 on screen for 1080.8s | zone=2.0s
  Person 80 on screen for 832.1s | zone=9.1s
  Person 84 on screen for 495.8s | zone=1.3s
  Person 85 on screen for 42.0s | zone=0.0s
  Person 87 on screen for 1995.3s | zone=0.0s
  Person 89 on screen for 1913.7s | zone=980.5s
  Person 90 on screen for 83.9s | zone=1.1s
  Person 92 on screen for 82.6s | zone=0.0s
  Person 93 on screen for 5.9s | zone=0.7s
  Person 104 on screen for 1024.1s | zone=1024.0s
  Person 105 on screen for 2337.7s | zone=0.0s
  Person 109 on screen for 3318.2s | zone=3309.2s
  Person 110 on screen for 19.8s | zone=0.6s
  Person 111 on screen for 28.6s | zone=0.0s
  Person 117 on screen for 1719.2s | zone=0.0s
  Person 120 on screen for 1.8s | zone=0.2s
  Person 125 on screen for 190.5s | zone=21.3s
  Person 126 on screen for 87.0s | zone=0.0s
  Person 127 on screen for 386.2s | zone=0.0s
  Person 130 on screen for 22.2s | zone=1983.7s
  Person 134 on screen for 1654.6s | zone=69.9s
  Person 135 on screen for 75.5s | zone=0.0s
  Person 141 on screen for 11.7s | zone=0.9s
  Person 144 on screen for 23.6s | zone=0.2s
  Person 145 on screen for 6.7s | zone=2.5s
  Person 153 on screen for 1181.6s | zone=2.4s
  Person 155 on screen for 1951.4s | zone=556.1s
  Person 160 on screen for 7.6s | zone=0.0s
  Person 161 on screen for 19.4s | zone=0.0s
  Person 164 on screen for 562.8s | zone=0.0s
  Person 166 on screen for 1978.9s | zone=0.0s
  Person 169 on screen for 29.5s | zone=0.0s
  Person 170 on screen for 3.6s | zone=0.0s
  Person 171 on screen for 7.7s | zone=0.0s
  Person 173 on screen for 45.8s | zone=45.7s
  Person 182 on screen for 217.2s | zone=0.1s
  Person 184 on screen for 0.8s | zone=0.0s
  Person 186 on screen for 487.1s | zone=483.9s
  Person 187 on screen for 718.6s | zone=0.0s
  Person 188 on screen for 15.3s | zone=0.9s
  Person 189 on screen for 591.7s | zone=0.0s
  Person 192 on screen for 4.5s | zone=0.0s
  Person 193 on screen for 253.5s | zone=248.3s
  Person 195 on screen for 50.5s | zone=0.0s
  Person 199 on screen for 9.4s | zone=9.3s
  Person 200 on screen for 1953.0s | zone=0.6s
  Person 201 on screen for 17.4s | zone=10.6s
  Person 205 on screen for 31.0s | zone=2.5s
  Person 206 on screen for 16.3s | zone=2.7s
  Person 213 on screen for 20.6s | zone=3.2s
  Person 214 on screen for 379.1s | zone=32.5s
  Person 219 on screen for 2164.9s | zone=0.0s
  Person 220 on screen for 983.9s | zone=766.5s
  Person 221 on screen for 7.0s | zone=0.0s
  Person 224 on screen for 2762.3s | zone=0.0s
  Person 225 on screen for 17.6s | zone=0.0s
  Person 243 on screen for 40.4s | zone=0.0s
  Person 251 on screen for 137.8s | zone=0.0s
  Person 255 on screen for 2052.2s | zone=3.5s
  Person 261 on screen for 60.0s | zone=0.1s
  Person 265 on screen for 20.0s | zone=5.7s
  Person 268 on screen for 24.8s | zone=0.9s
  Person 277 on screen for 135.0s | zone=2.1s
  Person 285 on screen for 1036.5s | zone=0.0s
  Person 290 on screen for 0.4s | zone=0.0s
  Person 295 on screen for 17.5s | zone=9.5s
  Person 305 on screen for 0.3s | zone=0.0s
  Person 306 on screen for 31.5s | zone=0.2s
Person-ID memory saved: C:\Users\vioyq\Desktop\Coach_Tracker\coach-tracker-demo\coach-store\person-ID\coach3\0323.json
CSV written: C:\Users\vioyq\Desktop\Coach_Tracker\coach-tracker-demo\coach-store\CSV-state\coach3\0323-coach3-20260331-232007.csv
--- end report ---

[Progress] 8/11 ( 72.7%) | elapsed  8218.9s | ETA  3082.1s

=== Running: Coach-3-hour-8-20260323170000.mp4 ===
Person-ID memory: loaded 205 IDs from C:\Users\vioyq\Desktop\Coach_Tracker\coach-tracker-demo\coach-store\person-ID\coach3\0323.json
[coach3] C:\Users\vioyq\Desktop\Coach_Tracker\_Coach_Video\3-23\Coach-3\Coach-3-hour-8-20260323170000.mp4 (36000 frames @ 10.0 fps). (headless)
Config: yaml=coach3.yaml zone=C:\Users\vioyq\Desktop\Coach_Tracker\coach-tracker-demo\coach-store\zone\coach3.json
Output CSV: C:\Users\vioyq\Desktop\Coach_Tracker\coach-tracker-demo\coach-store\CSV-state\coach3\0323-coach3-20260331-232007.csv

--- Report ---
Time spent processing: 1182.3s
Time on screen per person:
  Person 0 on screen for 3590.2s | zone=0.0s
  Person 1 on screen for 2988.3s | zone=0.0s
  Person 2 on screen for 1488.4s | zone=0.0s
  Person 3 on screen for 569.8s | zone=0.0s
  Person 4 on screen for 0.3s | zone=0.0s
  Person 5 on screen for 0.3s | zone=0.0s
  Person 10 on screen for 999.8s | zone=9.4s
  Person 16 on screen for 949.0s | zone=4.3s
  Person 19 on screen for 0.1s | zone=0.0s
  Person 20 on screen for 9.9s | zone=0.0s
  Person 23 on screen for 9.0s | zone=0.8s
  Person 25 on screen for 70.6s | zone=25.6s
  Person 30 on screen for 0.3s | zone=0.0s
  Person 31 on screen for 2696.9s | zone=10.3s
  Person 32 on screen for 1939.6s | zone=578.8s
  Person 34 on screen for 52.6s | zone=3.5s
  Person 35 on screen for 387.8s | zone=1.4s
  Person 36 on screen for 8.0s | zone=0.0s
  Person 37 on screen for 1337.1s | zone=1.6s
  Person 38 on screen for 179.1s | zone=0.0s
  Person 47 on screen for 2915.6s | zone=3.0s
  Person 49 on screen for 825.2s | zone=0.7s
  Person 52 on screen for 6.7s | zone=0.5s
  Person 56 on screen for 75.9s | zone=73.5s
  Person 57 on screen for 1.6s | zone=0.0s
  Person 58 on screen for 12.4s | zone=12.3s
  Person 61 on screen for 1393.4s | zone=1.2s
  Person 64 on screen for 1498.6s | zone=843.7s
  Person 65 on screen for 1701.6s | zone=0.0s
  Person 67 on screen for 25.6s | zone=0.0s
  Person 68 on screen for 1042.1s | zone=1032.7s
  Person 72 on screen for 392.1s | zone=0.0s
  Person 74 on screen for 8.4s | zone=0.0s
  Person 76 on screen for 12.0s | zone=0.1s
  Person 77 on screen for 3.5s | zone=3.2s
  Person 80 on screen for 25.2s | zone=2.1s
  Person 85 on screen for 668.8s | zone=0.4s
  Person 87 on screen for 2315.9s | zone=0.0s
  Person 89 on screen for 2567.9s | zone=0.5s
  Person 95 on screen for 12.8s | zone=0.1s
  Person 101 on screen for 10.6s | zone=0.0s
  Person 105 on screen for 1348.2s | zone=0.0s
  Person 106 on screen for 45.3s | zone=0.0s
  Person 108 on screen for 1981.3s | zone=0.0s
  Person 111 on screen for 0.3s | zone=0.0s
  Person 113 on screen for 27.2s | zone=11.6s
  Person 116 on screen for 32.9s | zone=0.0s
  Person 117 on screen for 1432.3s | zone=1.9s
  Person 119 on screen for 20.8s | zone=0.0s
  Person 121 on screen for 0.1s | zone=0.0s
  Person 122 on screen for 23.2s | zone=9.6s
  Person 127 on screen for 10.8s | zone=2.6s
  Person 130 on screen for 1670.9s | zone=0.0s
  Person 134 on screen for 10.9s | zone=0.0s
  Person 135 on screen for 2039.3s | zone=0.0s
  Person 136 on screen for 21.4s | zone=0.0s
  Person 137 on screen for 394.5s | zone=0.1s
  Person 139 on screen for 1289.9s | zone=3.8s
  Person 140 on screen for 2.9s | zone=1.7s
  Person 142 on screen for 54.7s | zone=0.1s
  Person 145 on screen for 1222.5s | zone=1653.2s
  Person 146 on screen for 2.9s | zone=0.1s
  Person 150 on screen for 1600.0s | zone=0.4s
  Person 153 on screen for 1951.1s | zone=2.4s
  Person 155 on screen for 1190.4s | zone=0.0s
  Person 156 on screen for 0.8s | zone=0.0s
  Person 158 on screen for 68.9s | zone=0.8s
  Person 160 on screen for 298.1s | zone=0.0s
  Person 163 on screen for 0.7s | zone=0.0s
  Person 164 on screen for 232.0s | zone=1.7s
  Person 166 on screen for 33.9s | zone=4.2s
  Person 169 on screen for 0.8s | zone=0.0s
  Person 171 on screen for 13.6s | zone=0.0s
  Person 172 on screen for 178.9s | zone=0.9s
  Person 173 on screen for 673.5s | zone=12.0s
  Person 182 on screen for 1876.9s | zone=0.8s
  Person 183 on screen for 135.5s | zone=135.4s
  Person 184 on screen for 1218.9s | zone=0.0s
  Person 186 on screen for 6.4s | zone=0.6s
  Person 188 on screen for 6.2s | zone=0.0s
  Person 189 on screen for 1465.9s | zone=0.0s
  Person 193 on screen for 505.1s | zone=0.0s
  Person 194 on screen for 40.3s | zone=0.0s
  Person 195 on screen for 19.6s | zone=0.0s
  Person 200 on screen for 1428.0s | zone=0.0s
  Person 205 on screen for 1.1s | zone=0.0s
  Person 206 on screen for 810.3s | zone=2.3s
  Person 210 on screen for 0.1s | zone=0.0s
  Person 213 on screen for 29.5s | zone=1.1s
  Person 219 on screen for 2769.4s | zone=0.0s
  Person 224 on screen for 2454.8s | zone=0.8s
  Person 225 on screen for 2015.5s | zone=0.0s
  Person 228 on screen for 4.4s | zone=1.6s
  Person 232 on screen for 7.7s | zone=0.0s
  Person 233 on screen for 20.3s | zone=0.0s
  Person 245 on screen for 18.3s | zone=0.0s
  Person 246 on screen for 15.1s | zone=0.0s
  Person 251 on screen for 247.5s | zone=0.0s
  Person 255 on screen for 8.5s | zone=0.6s
  Person 259 on screen for 12.0s | zone=0.0s
  Person 271 on screen for 2.0s | zone=0.0s
  Person 280 on screen for 990.3s | zone=0.1s
  Person 285 on screen for 713.0s | zone=0.0s
  Person 289 on screen for 41.1s | zone=0.0s
  Person 291 on screen for 1833.7s | zone=0.0s
  Person 292 on screen for 48.9s | zone=47.3s
  Person 295 on screen for 12.3s | zone=2.3s
  Person 302 on screen for 0.6s | zone=0.0s
  Person 305 on screen for 901.4s | zone=0.1s
  Person 306 on screen for 14.7s | zone=0.6s
Person-ID memory saved: C:\Users\vioyq\Desktop\Coach_Tracker\coach-tracker-demo\coach-store\person-ID\coach3\0323.json
CSV written: C:\Users\vioyq\Desktop\Coach_Tracker\coach-tracker-demo\coach-store\CSV-state\coach3\0323-coach3-20260331-232007.csv
--- end report ---

[Progress] 9/11 ( 81.8%) | elapsed  9405.1s | ETA  2090.0s

=== Running: Coach-3-hour-9-20260323180000.mp4 ===
Person-ID memory: loaded 213 IDs from C:\Users\vioyq\Desktop\Coach_Tracker\coach-tracker-demo\coach-store\person-ID\coach3\0323.json
[coach3] C:\Users\vioyq\Desktop\Coach_Tracker\_Coach_Video\3-23\Coach-3\Coach-3-hour-9-20260323180000.mp4 (36000 frames @ 10.0 fps). (headless)
Config: yaml=coach3.yaml zone=C:\Users\vioyq\Desktop\Coach_Tracker\coach-tracker-demo\coach-store\zone\coach3.json
Output CSV: C:\Users\vioyq\Desktop\Coach_Tracker\coach-tracker-demo\coach-store\CSV-state\coach3\0323-coach3-20260331-232007.csv

--- Report ---
Time spent processing: 1168.1s
Time on screen per person:
  Person 0 on screen for 3562.4s | zone=0.0s
  Person 1 on screen for 3561.7s | zone=0.0s
  Person 2 on screen for 1243.8s | zone=0.0s
  Person 3 on screen for 0.1s | zone=0.0s
  Person 4 on screen for 0.1s | zone=0.0s
  Person 9 on screen for 5.5s | zone=0.0s
  Person 11 on screen for 8.2s | zone=0.9s
  Person 12 on screen for 59.2s | zone=58.1s
  Person 15 on screen for 4.9s | zone=0.2s
  Person 16 on screen for 522.8s | zone=0.5s
  Person 17 on screen for 726.2s | zone=0.0s
  Person 20 on screen for 3.6s | zone=3.5s
  Person 22 on screen for 4.3s | zone=0.0s
  Person 23 on screen for 17.3s | zone=0.4s
  Person 24 on screen for 18.8s | zone=3.6s
  Person 25 on screen for 773.9s | zone=0.0s
  Person 28 on screen for 379.2s | zone=1.9s
  Person 29 on screen for 2669.4s | zone=0.0s
  Person 31 on screen for 109.9s | zone=0.0s
  Person 32 on screen for 0.6s | zone=0.0s
  Person 33 on screen for 94.4s | zone=4.8s
  Person 34 on screen for 886.5s | zone=1.1s
  Person 36 on screen for 2131.6s | zone=0.0s
  Person 37 on screen for 145.1s | zone=8.1s
  Person 38 on screen for 167.6s | zone=2.9s
  Person 41 on screen for 6.3s | zone=0.3s
  Person 49 on screen for 6.0s | zone=2.1s
  Person 52 on screen for 30.1s | zone=30.0s
  Person 57 on screen for 879.2s | zone=0.5s
  Person 61 on screen for 17.6s | zone=1461.7s
  Person 62 on screen for 1.4s | zone=0.0s
  Person 64 on screen for 35.8s | zone=2.4s
  Person 67 on screen for 1.4s | zone=0.0s
  Person 68 on screen for 7.7s | zone=2.8s
  Person 71 on screen for 2158.2s | zone=0.0s
  Person 73 on screen for 2184.7s | zone=0.0s
  Person 74 on screen for 45.7s | zone=22.2s
  Person 76 on screen for 442.1s | zone=153.1s
  Person 77 on screen for 32.5s | zone=3.4s
  Person 80 on screen for 267.7s | zone=0.6s
  Person 81 on screen for 1367.9s | zone=0.0s
  Person 83 on screen for 14.5s | zone=0.3s
  Person 84 on screen for 41.5s | zone=2054.0s
  Person 85 on screen for 1681.5s | zone=0.0s
  Person 90 on screen for 1992.2s | zone=0.0s
  Person 95 on screen for 108.0s | zone=0.0s
  Person 98 on screen for 1.2s | zone=0.0s
  Person 101 on screen for 492.6s | zone=0.0s
  Person 105 on screen for 744.1s | zone=0.0s
  Person 106 on screen for 2123.4s | zone=2094.3s
  Person 108 on screen for 21.7s | zone=2.9s
  Person 110 on screen for 417.1s | zone=340.8s
  Person 111 on screen for 1938.0s | zone=0.0s
  Person 112 on screen for 39.5s | zone=2.6s
  Person 113 on screen for 21.5s | zone=6.5s
  Person 116 on screen for 2376.9s | zone=0.0s
  Person 117 on screen for 2141.2s | zone=0.0s
  Person 119 on screen for 113.7s | zone=3.7s
  Person 121 on screen for 1.0s | zone=0.0s
  Person 123 on screen for 93.9s | zone=58.3s
  Person 128 on screen for 149.8s | zone=0.1s
  Person 132 on screen for 16.0s | zone=7.8s
  Person 134 on screen for 0.9s | zone=0.0s
  Person 135 on screen for 2019.6s | zone=0.0s
  Person 138 on screen for 69.8s | zone=3.2s
  Person 140 on screen for 33.1s | zone=0.0s
  Person 141 on screen for 6.0s | zone=0.5s
  Person 145 on screen for 20.6s | zone=20.5s
  Person 150 on screen for 119.5s | zone=3.1s
  Person 155 on screen for 2503.2s | zone=0.0s
  Person 156 on screen for 23.5s | zone=0.0s
  Person 159 on screen for 6.6s | zone=3.1s
  Person 160 on screen for 2273.9s | zone=0.1s
  Person 163 on screen for 226.7s | zone=0.0s
  Person 165 on screen for 74.8s | zone=0.0s
  Person 169 on screen for 51.8s | zone=0.0s
  Person 171 on screen for 1129.6s | zone=0.3s
  Person 172 on screen for 2270.3s | zone=2232.1s
  Person 176 on screen for 1153.9s | zone=0.0s
  Person 177 on screen for 370.0s | zone=0.0s
  Person 178 on screen for 0.5s | zone=0.0s
  Person 181 on screen for 56.8s | zone=26.9s
  Person 185 on screen for 41.3s | zone=4.0s
  Person 186 on screen for 3.7s | zone=0.0s
  Person 189 on screen for 2430.6s | zone=9.4s
  Person 191 on screen for 174.9s | zone=0.0s
  Person 192 on screen for 12.0s | zone=3.3s
  Person 193 on screen for 515.9s | zone=0.0s
  Person 194 on screen for 1410.0s | zone=2.4s
  Person 195 on screen for 1062.4s | zone=13.0s
  Person 200 on screen for 384.6s | zone=2.0s
  Person 201 on screen for 998.3s | zone=0.1s
  Person 206 on screen for 1.1s | zone=0.0s
  Person 207 on screen for 27.8s | zone=0.0s
  Person 208 on screen for 7.8s | zone=6.4s
  Person 214 on screen for 8.0s | zone=0.0s
  Person 217 on screen for 523.2s | zone=0.1s
  Person 219 on screen for 1677.1s | zone=0.6s
  Person 220 on screen for 645.3s | zone=0.1s
  Person 221 on screen for 392.9s | zone=2.2s
  Person 233 on screen for 518.6s | zone=1.5s
  Person 240 on screen for 5.6s | zone=0.3s
  Person 249 on screen for 35.7s | zone=8.4s
  Person 250 on screen for 2.5s | zone=0.0s
  Person 251 on screen for 2484.6s | zone=0.4s
  Person 255 on screen for 3.9s | zone=0.0s
  Person 257 on screen for 16.2s | zone=0.1s
  Person 265 on screen for 11.6s | zone=0.6s
  Person 271 on screen for 0.4s | zone=0.0s
  Person 285 on screen for 22.9s | zone=0.0s
  Person 302 on screen for 54.5s | zone=0.4s
  Person 305 on screen for 601.8s | zone=3.0s
  Person 307 on screen for 12.2s | zone=0.0s
Person-ID memory saved: C:\Users\vioyq\Desktop\Coach_Tracker\coach-tracker-demo\coach-store\person-ID\coach3\0323.json
CSV written: C:\Users\vioyq\Desktop\Coach_Tracker\coach-tracker-demo\coach-store\CSV-state\coach3\0323-coach3-20260331-232007.csv
--- end report ---

[Progress] 10/11 ( 90.9%) | elapsed 10576.9s | ETA  1057.7s

=== Running: Coach-3-hour-10-20260323190000.mp4 ===
Person-ID memory: loaded 224 IDs from C:\Users\vioyq\Desktop\Coach_Tracker\coach-tracker-demo\coach-store\person-ID\coach3\0323.json
[coach3] C:\Users\vioyq\Desktop\Coach_Tracker\_Coach_Video\3-23\Coach-3\Coach-3-hour-10-20260323190000.mp4 (36000 frames @ 10.0 fps). (headless)
Config: yaml=coach3.yaml zone=C:\Users\vioyq\Desktop\Coach_Tracker\coach-tracker-demo\coach-store\zone\coach3.json
Output CSV: C:\Users\vioyq\Desktop\Coach_Tracker\coach-tracker-demo\coach-store\CSV-state\coach3\0323-coach3-20260331-232007.csv

--- Report ---
Time spent processing: 1171.5s
Time on screen per person:
  Person 0 on screen for 2984.5s | zone=0.0s
  Person 1 on screen for 2984.5s | zone=0.0s
  Person 2 on screen for 2219.2s | zone=0.0s
  Person 9 on screen for 72.3s | zone=0.0s
  Person 10 on screen for 88.3s | zone=40.6s
  Person 17 on screen for 0.1s | zone=0.0s
  Person 18 on screen for 11.1s | zone=1.3s
  Person 19 on screen for 1829.7s | zone=5.7s
  Person 22 on screen for 1540.2s | zone=1.4s
  Person 23 on screen for 1141.9s | zone=30.4s
  Person 25 on screen for 23.9s | zone=12.0s
  Person 28 on screen for 1410.3s | zone=1408.2s
  Person 31 on screen for 34.3s | zone=7.1s
  Person 34 on screen for 51.7s | zone=0.0s
  Person 36 on screen for 0.3s | zone=0.0s
  Person 41 on screen for 22.1s | zone=11.6s
  Person 47 on screen for 0.1s | zone=0.0s
  Person 49 on screen for 2428.3s | zone=39.2s
  Person 51 on screen for 634.4s | zone=10.6s
  Person 52 on screen for 46.0s | zone=6.0s
  Person 61 on screen for 1132.0s | zone=866.1s
  Person 67 on screen for 328.3s | zone=0.0s
  Person 70 on screen for 8.1s | zone=1.8s
  Person 71 on screen for 2777.8s | zone=0.0s
  Person 73 on screen for 1469.1s | zone=0.0s
  Person 76 on screen for 1.3s | zone=0.0s
  Person 81 on screen for 1994.5s | zone=0.0s
  Person 85 on screen for 1337.1s | zone=0.0s
  Person 86 on screen for 282.7s | zone=0.0s
  Person 89 on screen for 1791.7s | zone=0.0s
  Person 90 on screen for 0.2s | zone=0.0s
  Person 91 on screen for 7.8s | zone=0.2s
  Person 101 on screen for 783.0s | zone=0.0s
  Person 109 on screen for 153.2s | zone=1417.9s
  Person 110 on screen for 0.2s | zone=0.0s
  Person 111 on screen for 0.9s | zone=0.0s
  Person 112 on screen for 10.3s | zone=7.7s
  Person 114 on screen for 0.6s | zone=0.0s
  Person 115 on screen for 10.4s | zone=0.0s
  Person 118 on screen for 36.1s | zone=3.2s
  Person 123 on screen for 4.7s | zone=1.2s
  Person 128 on screen for 5.7s | zone=5.6s
  Person 135 on screen for 1.6s | zone=0.0s
  Person 141 on screen for 365.7s | zone=349.9s
  Person 143 on screen for 2.3s | zone=0.0s
  Person 147 on screen for 17.6s | zone=0.0s
  Person 148 on screen for 1211.3s | zone=0.3s
  Person 155 on screen for 1406.7s | zone=0.0s
  Person 157 on screen for 18.2s | zone=0.0s
  Person 158 on screen for 19.0s | zone=6.5s
  Person 166 on screen for 4.7s | zone=2.1s
  Person 169 on screen for 8.0s | zone=0.0s
  Person 173 on screen for 151.4s | zone=0.0s
  Person 181 on screen for 111.7s | zone=0.0s
  Person 186 on screen for 14.3s | zone=6.9s
  Person 187 on screen for 38.0s | zone=0.0s
  Person 189 on screen for 24.8s | zone=8.1s
  Person 195 on screen for 1634.4s | zone=58.8s
  Person 200 on screen for 1.3s | zone=1.0s
  Person 207 on screen for 726.3s | zone=3.7s
  Person 220 on screen for 8.8s | zone=1.7s
  Person 225 on screen for 62.2s | zone=0.0s
  Person 245 on screen for 52.4s | zone=0.0s
  Person 249 on screen for 127.3s | zone=1.7s
  Person 251 on screen for 13.1s | zone=0.0s
  Person 255 on screen for 0.6s | zone=0.5s
  Person 265 on screen for 37.8s | zone=0.0s
  Person 271 on screen for 16.8s | zone=0.0s
  Person 280 on screen for 10.2s | zone=3.9s
  Person 289 on screen for 0.1s | zone=0.0s
  Person 302 on screen for 1.2s | zone=0.3s
Person-ID memory saved: C:\Users\vioyq\Desktop\Coach_Tracker\coach-tracker-demo\coach-store\person-ID\coach3\0323.json
CSV written: C:\Users\vioyq\Desktop\Coach_Tracker\coach-tracker-demo\coach-store\CSV-state\coach3\0323-coach3-20260331-232007.csv
--- end report ---

[Progress] 11/11 (100.0%) | elapsed 11756.4s | ETA     0.0s

=== Running: Coach-3-hour-11-20260323200000.mp4 ===
Person-ID memory: loaded 228 IDs from C:\Users\vioyq\Desktop\Coach_Tracker\coach-tracker-demo\coach-store\person-ID\coach3\0323.json
[coach3] C:\Users\vioyq\Desktop\Coach_Tracker\_Coach_Video\3-23\Coach-3\Coach-3-hour-11-20260323200000.mp4 (26520 frames @ 10.0 fps). (headless)
Config: yaml=coach3.yaml zone=C:\Users\vioyq\Desktop\Coach_Tracker\coach-tracker-demo\coach-store\zone\coach3.json
Output CSV: C:\Users\vioyq\Desktop\Coach_Tracker\coach-tracker-demo\coach-store\CSV-state\coach3\0323-coach3-20260331-232007.csv

--- Report ---
Time spent processing: 847.4s
Time on screen per person:
  Person 0 on screen for 2501.9s | zone=0.0s
  Person 1 on screen for 2273.5s | zone=0.0s
  Person 2 on screen for 2127.0s | zone=0.0s
  Person 3 on screen for 2058.4s | zone=0.0s
  Person 10 on screen for 12.1s | zone=0.2s
  Person 11 on screen for 74.4s | zone=74.3s
  Person 14 on screen for 0.4s | zone=0.0s
  Person 19 on screen for 0.6s | zone=0.5s
  Person 23 on screen for 25.5s | zone=0.0s
  Person 25 on screen for 40.6s | zone=0.7s
  Person 31 on screen for 38.7s | zone=3.1s
  Person 37 on screen for 12.9s | zone=0.0s
  Person 38 on screen for 7.3s | zone=0.0s
  Person 39 on screen for 3.5s | zone=0.0s
  Person 47 on screen for 28.6s | zone=3.1s
  Person 50 on screen for 838.4s | zone=0.0s
  Person 51 on screen for 0.1s | zone=0.0s
  Person 53 on screen for 3.4s | zone=0.0s
  Person 54 on screen for 6.4s | zone=0.0s
  Person 56 on screen for 322.8s | zone=322.3s
  Person 61 on screen for 2.9s | zone=2.8s
  Person 63 on screen for 0.8s | zone=0.0s
  Person 64 on screen for 0.2s | zone=0.1s
  Person 65 on screen for 2.4s | zone=0.0s
  Person 68 on screen for 8.2s | zone=8.1s
  Person 78 on screen for 0.4s | zone=0.0s
  Person 81 on screen for 1927.5s | zone=0.0s
  Person 84 on screen for 3.4s | zone=0.0s
  Person 109 on screen for 0.6s | zone=0.5s
  Person 145 on screen for 925.0s | zone=0.1s
  Person 147 on screen for 32.5s | zone=6.0s
  Person 158 on screen for 430.3s | zone=4.2s
  Person 172 on screen for 2193.1s | zone=0.0s
  Person 188 on screen for 79.8s | zone=5.2s
  Person 191 on screen for 6.3s | zone=0.0s
  Person 193 on screen for 25.6s | zone=0.0s
  Person 217 on screen for 9.7s | zone=0.0s
  Person 228 on screen for 0.4s | zone=0.3s
  Person 240 on screen for 15.1s | zone=6.3s
  Person 257 on screen for 7.4s | zone=0.2s
  Person 265 on screen for 3.2s | zone=3.1s
  Person 305 on screen for 14.9s | zone=1.8s
Person-ID memory saved: C:\Users\vioyq\Desktop\Coach_Tracker\coach-tracker-demo\coach-store\person-ID\coach3\0323.json
CSV written: C:\Users\vioyq\Desktop\Coach_Tracker\coach-tracker-demo\coach-store\CSV-state\coach3\0323-coach3-20260331-232007.csv
--- end report ---

Done. All videos processed. Total time: 12607.6s
