# date=3-16
# cmd: C:\Users\vioyq\Desktop\Coach_Tracker\coach-tracker-demo\venv\Scripts\python.exe -u C:\Users\vioyq\Desktop\Coach_Tracker\coach-tracker-demo\video-script\coach-date-camera-id-runner.py --date 3-16 --camera coach-5 --video-root C:\Users\vioyq\Desktop\Coach_Tracker\_Coach_Video --drive-mount-root /content/drive --no-viewer
# cwd: C:\Users\vioyq\Desktop\Coach_Tracker\coach-tracker-demo

Combined CSV output: C:\Users\vioyq\Desktop\Coach_Tracker\coach-tracker-demo\coach-store\CSV-state\coach5\0316-coach5-20260325-131956.csv
Found 12 video(s) in C:\Users\vioyq\Desktop\Coach_Tracker\_Coach_Video\3-16\Coach-5
001. Coach-5-hour-1-20260316095957.mp4
002. Coach-5-hour-2-20260316105957.mp4
003. Coach-5-hour-3-20260316115957.mp4
004. Coach-5-hour-4-20260316125957.mp4
005. Coach-5-hour-5-20260316135957.mp4
006. Coach-5-hour-6-20260316145957.mp4
007. Coach-5-hour-7-20260316155632.mp4
008. Coach-5-hour-8-20260316165632.mp4
009. Coach-5-hour-9-20260316175632.mp4
010. Coach-5-hour-10-20260316185632.mp4
011. Coach-5-hour-11-20260316195632.mp4
012. Coach-5-hour-12-20260316205632.mp4

[Progress] 1/12 (  8.3%) | elapsed     0.0s | ETA     0.0s

=== Running: Coach-5-hour-1-20260316095957.mp4 ===
Person-ID memory: loaded 0 IDs from C:\Users\vioyq\Desktop\Coach_Tracker\coach-tracker-demo\coach-store\person-ID\coach5\0316.json
[coach5] C:\Users\vioyq\Desktop\Coach_Tracker\_Coach_Video\3-16\Coach-5\Coach-5-hour-1-20260316095957.mp4 (36000 frames @ 10.0 fps). (headless)
Config: yaml=coach5.yaml zone=C:\Users\vioyq\Desktop\Coach_Tracker\coach-tracker-demo\coach-store\zone\coach5.json
Output CSV: C:\Users\vioyq\Desktop\Coach_Tracker\coach-tracker-demo\coach-store\CSV-state\coach5\0316-coach5-20260325-131956.csv

--- Report ---
Time spent processing: 1225.4s
Time on screen per person:
  Person 0 on screen for 3498.1s | zone=0.0s
  Person 1 on screen for 3472.4s | zone=2569.4s
  Person 2 on screen for 2989.4s | zone=2646.6s
  Person 3 on screen for 2617.3s | zone=3.7s
  Person 4 on screen for 2451.8s | zone=6.8s
  Person 5 on screen for 2149.4s | zone=1.4s
  Person 7 on screen for 2296.4s | zone=326.2s
  Person 10 on screen for 1.6s | zone=1.5s
  Person 11 on screen for 1.7s | zone=2.0s
  Person 12 on screen for 4.2s | zone=0.2s
  Person 14 on screen for 4.1s | zone=4.8s
  Person 15 on screen for 1616.2s | zone=1616.1s
  Person 16 on screen for 1267.8s | zone=412.2s
  Person 17 on screen for 1117.4s | zone=1.3s
  Person 20 on screen for 6.1s | zone=6.4s
  Person 22 on screen for 1071.1s | zone=5.8s
  Person 23 on screen for 27.1s | zone=21.5s
  Person 24 on screen for 253.6s | zone=6.2s
  Person 29 on screen for 1119.2s | zone=32.2s
  Person 36 on screen for 942.2s | zone=0.3s
  Person 43 on screen for 0.7s | zone=0.0s
  Person 44 on screen for 0.4s | zone=0.3s
  Person 45 on screen for 7.8s | zone=7.7s
  Person 46 on screen for 43.8s | zone=43.7s
  Person 47 on screen for 829.5s | zone=829.4s
  Person 48 on screen for 54.7s | zone=2.0s
  Person 54 on screen for 10.1s | zone=10.1s
  Person 55 on screen for 168.6s | zone=0.1s
  Person 58 on screen for 64.7s | zone=0.0s
  Person 62 on screen for 8.7s | zone=0.1s
  Person 63 on screen for 21.0s | zone=20.9s
  Person 64 on screen for 43.9s | zone=38.0s
  Person 65 on screen for 2.8s | zone=2.7s
  Person 66 on screen for 5.3s | zone=0.1s
  Person 67 on screen for 30.8s | zone=15.3s
  Person 69 on screen for 10.1s | zone=9.2s
  Person 70 on screen for 216.5s | zone=216.4s
  Person 71 on screen for 5.2s | zone=5.1s
  Person 73 on screen for 158.7s | zone=158.6s
  Person 77 on screen for 6.1s | zone=6.0s
  Person 78 on screen for 18.2s | zone=12.7s
  Person 80 on screen for 84.0s | zone=14.4s
  Person 81 on screen for 5.6s | zone=1.7s
Person-ID memory saved: C:\Users\vioyq\Desktop\Coach_Tracker\coach-tracker-demo\coach-store\person-ID\coach5\0316.json
CSV written: C:\Users\vioyq\Desktop\Coach_Tracker\coach-tracker-demo\coach-store\CSV-state\coach5\0316-coach5-20260325-131956.csv
--- end report ---

[Progress] 2/12 ( 16.7%) | elapsed  1229.0s | ETA  6144.9s

=== Running: Coach-5-hour-2-20260316105957.mp4 ===
Person-ID memory: loaded 42 IDs from C:\Users\vioyq\Desktop\Coach_Tracker\coach-tracker-demo\coach-store\person-ID\coach5\0316.json
[coach5] C:\Users\vioyq\Desktop\Coach_Tracker\_Coach_Video\3-16\Coach-5\Coach-5-hour-2-20260316105957.mp4 (36000 frames @ 10.0 fps). (headless)
Config: yaml=coach5.yaml zone=C:\Users\vioyq\Desktop\Coach_Tracker\coach-tracker-demo\coach-store\zone\coach5.json
Output CSV: C:\Users\vioyq\Desktop\Coach_Tracker\coach-tracker-demo\coach-store\CSV-state\coach5\0316-coach5-20260325-131956.csv

--- Report ---
Time spent processing: 1353.4s
Time on screen per person:
  Person 0 on screen for 3537.0s | zone=0.0s
  Person 1 on screen for 3413.7s | zone=0.1s
  Person 2 on screen for 2011.6s | zone=182.7s
  Person 3 on screen for 340.9s | zone=3.7s
  Person 4 on screen for 1576.4s | zone=0.1s
  Person 5 on screen for 3469.8s | zone=0.1s
  Person 7 on screen for 1585.4s | zone=720.1s
  Person 10 on screen for 0.1s | zone=2629.8s
  Person 11 on screen for 15.1s | zone=8.5s
  Person 12 on screen for 1747.5s | zone=0.1s
  Person 14 on screen for 1232.1s | zone=9.5s
  Person 15 on screen for 715.7s | zone=715.0s
  Person 17 on screen for 48.2s | zone=48.1s
  Person 18 on screen for 821.5s | zone=3.7s
  Person 20 on screen for 22.3s | zone=0.6s
  Person 22 on screen for 39.2s | zone=2.5s
  Person 23 on screen for 253.2s | zone=250.9s
  Person 24 on screen for 20.5s | zone=0.4s
  Person 27 on screen for 1229.8s | zone=264.0s
  Person 29 on screen for 973.5s | zone=0.0s
  Person 30 on screen for 886.6s | zone=5.6s
  Person 35 on screen for 1.0s | zone=0.1s
  Person 36 on screen for 1643.4s | zone=14.1s
  Person 39 on screen for 1299.7s | zone=289.0s
  Person 41 on screen for 47.5s | zone=16.6s
  Person 45 on screen for 2064.5s | zone=1153.8s
  Person 46 on screen for 900.7s | zone=843.1s
  Person 47 on screen for 22.3s | zone=23.7s
  Person 48 on screen for 27.7s | zone=0.5s
  Person 50 on screen for 82.4s | zone=3.5s
  Person 54 on screen for 1147.3s | zone=7.2s
  Person 58 on screen for 141.8s | zone=131.3s
  Person 59 on screen for 0.2s | zone=0.1s
  Person 60 on screen for 880.6s | zone=2.9s
  Person 61 on screen for 861.9s | zone=0.2s
  Person 63 on screen for 0.1s | zone=0.4s
  Person 64 on screen for 1563.5s | zone=17.3s
  Person 65 on screen for 76.8s | zone=8.1s
  Person 66 on screen for 4.5s | zone=3.4s
  Person 67 on screen for 2165.7s | zone=9.9s
  Person 69 on screen for 6.5s | zone=6.4s
  Person 70 on screen for 2257.3s | zone=2.6s
  Person 71 on screen for 2.5s | zone=0.2s
  Person 73 on screen for 0.9s | zone=1.0s
  Person 74 on screen for 103.8s | zone=102.0s
  Person 76 on screen for 1.2s | zone=1.6s
  Person 77 on screen for 76.8s | zone=0.1s
  Person 78 on screen for 25.2s | zone=25.1s
  Person 80 on screen for 11.0s | zone=0.5s
  Person 81 on screen for 23.1s | zone=10.9s
  Person 82 on screen for 37.8s | zone=9.2s
  Person 86 on screen for 5.7s | zone=5.8s
  Person 88 on screen for 1114.1s | zone=1114.0s
  Person 89 on screen for 25.9s | zone=25.4s
  Person 90 on screen for 8.6s | zone=8.5s
  Person 94 on screen for 86.0s | zone=5.2s
  Person 101 on screen for 1594.7s | zone=0.3s
  Person 102 on screen for 15.0s | zone=4.9s
  Person 103 on screen for 1957.4s | zone=3.9s
  Person 104 on screen for 689.3s | zone=0.1s
  Person 105 on screen for 1663.7s | zone=13.6s
  Person 107 on screen for 0.6s | zone=0.0s
  Person 110 on screen for 1775.9s | zone=0.0s
  Person 112 on screen for 1792.5s | zone=1.8s
  Person 113 on screen for 11.8s | zone=11.7s
  Person 114 on screen for 34.1s | zone=0.2s
  Person 119 on screen for 1362.5s | zone=4.2s
  Person 120 on screen for 45.0s | zone=2.7s
  Person 127 on screen for 708.6s | zone=51.1s
  Person 128 on screen for 1582.6s | zone=0.0s
  Person 130 on screen for 649.2s | zone=5.8s
  Person 132 on screen for 7.3s | zone=0.1s
  Person 133 on screen for 70.9s | zone=0.0s
  Person 135 on screen for 16.7s | zone=16.6s
  Person 136 on screen for 906.7s | zone=906.7s
  Person 141 on screen for 412.9s | zone=412.8s
  Person 159 on screen for 7.3s | zone=0.0s
  Person 163 on screen for 908.3s | zone=62.4s
  Person 165 on screen for 162.5s | zone=0.2s
  Person 166 on screen for 3.6s | zone=0.4s
  Person 167 on screen for 2.3s | zone=2.4s
  Person 171 on screen for 793.1s | zone=37.6s
  Person 172 on screen for 1.6s | zone=0.0s
  Person 180 on screen for 28.5s | zone=28.4s
  Person 181 on screen for 575.0s | zone=574.9s
  Person 182 on screen for 19.0s | zone=19.1s
  Person 185 on screen for 4.0s | zone=3.9s
  Person 193 on screen for 24.0s | zone=0.0s
  Person 194 on screen for 791.1s | zone=0.5s
  Person 195 on screen for 543.2s | zone=0.0s
  Person 197 on screen for 69.9s | zone=7.5s
  Person 199 on screen for 32.9s | zone=32.8s
  Person 200 on screen for 35.8s | zone=0.0s
  Person 201 on screen for 969.3s | zone=969.2s
  Person 202 on screen for 1279.5s | zone=538.2s
  Person 206 on screen for 4.7s | zone=4.6s
  Person 207 on screen for 801.5s | zone=792.4s
  Person 209 on screen for 34.3s | zone=34.2s
  Person 214 on screen for 815.0s | zone=7.4s
  Person 221 on screen for 281.8s | zone=281.7s
  Person 223 on screen for 584.8s | zone=2.0s
  Person 224 on screen for 0.2s | zone=3.1s
  Person 229 on screen for 1.3s | zone=1.3s
  Person 234 on screen for 8.3s | zone=0.2s
  Person 235 on screen for 45.7s | zone=3.7s
  Person 238 on screen for 4.2s | zone=4.1s
  Person 239 on screen for 306.2s | zone=306.1s
  Person 246 on screen for 1.1s | zone=1.1s
  Person 247 on screen for 603.6s | zone=585.3s
  Person 255 on screen for 8.3s | zone=8.3s
  Person 256 on screen for 12.2s | zone=12.2s
  Person 257 on screen for 7.7s | zone=7.6s
  Person 258 on screen for 21.0s | zone=0.0s
  Person 260 on screen for 39.8s | zone=0.2s
  Person 263 on screen for 33.2s | zone=0.0s
  Person 266 on screen for 10.4s | zone=6.4s
  Person 273 on screen for 3.6s | zone=3.6s
  Person 277 on screen for 94.2s | zone=1.5s
  Person 278 on screen for 17.1s | zone=9.5s
  Person 280 on screen for 40.7s | zone=0.0s
  Person 283 on screen for 2.3s | zone=2.2s
  Person 284 on screen for 4.3s | zone=4.3s
  Person 287 on screen for 33.6s | zone=33.5s
  Person 288 on screen for 13.3s | zone=11.6s
  Person 289 on screen for 1.3s | zone=0.0s
  Person 292 on screen for 58.3s | zone=28.3s
Person-ID memory saved: C:\Users\vioyq\Desktop\Coach_Tracker\coach-tracker-demo\coach-store\person-ID\coach5\0316.json
CSV written: C:\Users\vioyq\Desktop\Coach_Tracker\coach-tracker-demo\coach-store\CSV-state\coach5\0316-coach5-20260325-131956.csv
--- end report ---

[Progress] 3/12 ( 25.0%) | elapsed  2586.0s | ETA  7758.1s

=== Running: Coach-5-hour-3-20260316115957.mp4 ===
Person-ID memory: loaded 130 IDs from C:\Users\vioyq\Desktop\Coach_Tracker\coach-tracker-demo\coach-store\person-ID\coach5\0316.json
[coach5] C:\Users\vioyq\Desktop\Coach_Tracker\_Coach_Video\3-16\Coach-5\Coach-5-hour-3-20260316115957.mp4 (36000 frames @ 10.0 fps). (headless)
Config: yaml=coach5.yaml zone=C:\Users\vioyq\Desktop\Coach_Tracker\coach-tracker-demo\coach-store\zone\coach5.json
Output CSV: C:\Users\vioyq\Desktop\Coach_Tracker\coach-tracker-demo\coach-store\CSV-state\coach5\0316-coach5-20260325-131956.csv

--- Report ---
Time spent processing: 1304.5s
Time on screen per person:
  Person 0 on screen for 3593.2s | zone=0.0s
  Person 1 on screen for 2819.7s | zone=2819.6s
  Person 2 on screen for 2322.8s | zone=1.5s
  Person 3 on screen for 1468.5s | zone=1466.1s
  Person 4 on screen for 1.0s | zone=0.9s
  Person 5 on screen for 1092.4s | zone=3.2s
  Person 7 on screen for 527.1s | zone=57.0s
  Person 10 on screen for 28.9s | zone=1594.9s
  Person 11 on screen for 1302.0s | zone=0.1s
  Person 12 on screen for 39.8s | zone=4.7s
  Person 13 on screen for 1767.5s | zone=2.3s
  Person 14 on screen for 2.6s | zone=0.5s
  Person 15 on screen for 0.2s | zone=0.1s
  Person 16 on screen for 11.7s | zone=11.6s
  Person 17 on screen for 3042.8s | zone=0.1s
  Person 20 on screen for 4.2s | zone=4.1s
  Person 23 on screen for 1619.6s | zone=4.0s
  Person 28 on screen for 3126.9s | zone=15.0s
  Person 30 on screen for 3420.6s | zone=3331.8s
  Person 32 on screen for 13.3s | zone=0.0s
  Person 36 on screen for 36.5s | zone=9.6s
  Person 37 on screen for 120.5s | zone=13.3s
  Person 41 on screen for 27.4s | zone=2.4s
  Person 44 on screen for 2624.0s | zone=2566.2s
  Person 45 on screen for 1811.2s | zone=1556.4s
  Person 46 on screen for 1537.2s | zone=1537.1s
  Person 47 on screen for 6.9s | zone=119.1s
  Person 48 on screen for 35.2s | zone=2.2s
  Person 50 on screen for 1647.2s | zone=0.0s
  Person 52 on screen for 3.6s | zone=1.0s
  Person 54 on screen for 122.7s | zone=116.8s
  Person 56 on screen for 2246.6s | zone=0.0s
  Person 57 on screen for 448.0s | zone=5.8s
  Person 58 on screen for 1.5s | zone=0.6s
  Person 60 on screen for 102.3s | zone=6.0s
  Person 62 on screen for 3103.8s | zone=0.0s
  Person 64 on screen for 3506.4s | zone=7.7s
  Person 65 on screen for 18.5s | zone=1.6s
  Person 66 on screen for 1.8s | zone=0.1s
  Person 68 on screen for 1887.5s | zone=0.8s
  Person 70 on screen for 20.1s | zone=8.6s
  Person 71 on screen for 2739.6s | zone=0.0s
  Person 72 on screen for 445.4s | zone=1.4s
  Person 74 on screen for 242.9s | zone=118.6s
  Person 76 on screen for 2.9s | zone=0.0s
  Person 78 on screen for 19.8s | zone=18.5s
  Person 81 on screen for 66.7s | zone=0.5s
  Person 86 on screen for 3547.6s | zone=11.9s
  Person 87 on screen for 39.1s | zone=0.2s
  Person 88 on screen for 1921.6s | zone=1.0s
  Person 90 on screen for 1551.0s | zone=1538.5s
  Person 92 on screen for 4.0s | zone=1.0s
  Person 93 on screen for 2.9s | zone=0.4s
  Person 95 on screen for 203.5s | zone=22.3s
  Person 98 on screen for 1.4s | zone=1.7s
  Person 100 on screen for 1464.1s | zone=0.3s
  Person 101 on screen for 76.3s | zone=64.5s
  Person 102 on screen for 119.5s | zone=56.5s
  Person 103 on screen for 3.1s | zone=0.1s
  Person 105 on screen for 727.3s | zone=0.2s
  Person 106 on screen for 6.0s | zone=2.3s
  Person 112 on screen for 33.2s | zone=33.1s
  Person 113 on screen for 877.5s | zone=94.0s
  Person 114 on screen for 26.8s | zone=0.0s
  Person 115 on screen for 2416.5s | zone=2416.4s
  Person 119 on screen for 1.5s | zone=585.3s
  Person 120 on screen for 704.3s | zone=0.2s
  Person 121 on screen for 5.2s | zone=5.1s
  Person 122 on screen for 761.6s | zone=18.3s
  Person 126 on screen for 2482.7s | zone=0.0s
  Person 129 on screen for 150.9s | zone=6.0s
  Person 130 on screen for 1617.7s | zone=2466.3s
  Person 131 on screen for 323.4s | zone=310.3s
  Person 132 on screen for 0.8s | zone=1.0s
  Person 136 on screen for 2515.4s | zone=2062.9s
  Person 137 on screen for 0.3s | zone=5.8s
  Person 141 on screen for 1042.3s | zone=8.0s
  Person 143 on screen for 12.9s | zone=11.8s
  Person 144 on screen for 14.1s | zone=14.0s
  Person 146 on screen for 0.5s | zone=0.7s
  Person 147 on screen for 2076.0s | zone=1065.4s
  Person 153 on screen for 80.9s | zone=81.5s
  Person 158 on screen for 3.0s | zone=3.1s
  Person 162 on screen for 0.9s | zone=1.3s
  Person 165 on screen for 1068.2s | zone=529.5s
  Person 169 on screen for 1040.7s | zone=1040.6s
  Person 171 on screen for 796.3s | zone=796.2s
  Person 174 on screen for 833.4s | zone=823.6s
  Person 180 on screen for 4.2s | zone=0.0s
  Person 181 on screen for 818.9s | zone=0.0s
  Person 183 on screen for 910.8s | zone=0.1s
  Person 185 on screen for 852.6s | zone=0.4s
  Person 187 on screen for 17.0s | zone=16.9s
  Person 190 on screen for 124.0s | zone=0.0s
  Person 191 on screen for 1.5s | zone=1.4s
  Person 193 on screen for 2.4s | zone=2.3s
  Person 194 on screen for 415.1s | zone=0.5s
  Person 195 on screen for 914.3s | zone=49.6s
  Person 197 on screen for 51.4s | zone=51.3s
  Person 200 on screen for 826.4s | zone=1.4s
  Person 201 on screen for 637.3s | zone=226.8s
  Person 202 on screen for 292.8s | zone=10.8s
  Person 206 on screen for 509.7s | zone=2.1s
  Person 209 on screen for 33.0s | zone=0.2s
  Person 210 on screen for 0.7s | zone=0.6s
  Person 212 on screen for 48.5s | zone=2.2s
  Person 216 on screen for 1.7s | zone=1.6s
  Person 218 on screen for 509.4s | zone=5.8s
  Person 221 on screen for 1573.7s | zone=564.9s
  Person 226 on screen for 208.3s | zone=8.7s
  Person 227 on screen for 3.2s | zone=3.4s
  Person 232 on screen for 1196.6s | zone=0.1s
  Person 234 on screen for 1940.3s | zone=5.4s
  Person 235 on screen for 2080.2s | zone=2080.1s
  Person 239 on screen for 424.2s | zone=3.7s
  Person 246 on screen for 43.1s | zone=2156.9s
  Person 247 on screen for 1030.5s | zone=0.1s
  Person 254 on screen for 3.2s | zone=3.2s
  Person 257 on screen for 1086.2s | zone=0.2s
  Person 258 on screen for 2016.3s | zone=2016.2s
  Person 260 on screen for 354.5s | zone=7.4s
  Person 262 on screen for 4.0s | zone=4.2s
  Person 263 on screen for 1264.7s | zone=0.0s
  Person 273 on screen for 1243.1s | zone=905.5s
  Person 276 on screen for 143.3s | zone=143.2s
  Person 277 on screen for 1282.5s | zone=1389.7s
  Person 280 on screen for 405.6s | zone=405.5s
  Person 284 on screen for 1140.2s | zone=3.5s
  Person 285 on screen for 3.8s | zone=4.1s
  Person 287 on screen for 4.0s | zone=3.9s
  Person 288 on screen for 2672.6s | zone=199.9s
  Person 291 on screen for 0.8s | zone=0.5s
  Person 292 on screen for 4.2s | zone=58.3s
  Person 293 on screen for 5.0s | zone=5.1s
  Person 294 on screen for 565.3s | zone=565.2s
  Person 296 on screen for 0.3s | zone=0.2s
  Person 297 on screen for 0.8s | zone=0.7s
  Person 302 on screen for 3.4s | zone=3.3s
  Person 303 on screen for 6.3s | zone=2.8s
  Person 305 on screen for 450.0s | zone=12.3s
  Person 307 on screen for 6.5s | zone=6.6s
  Person 316 on screen for 39.2s | zone=39.4s
  Person 317 on screen for 56.3s | zone=8.4s
  Person 322 on screen for 107.1s | zone=0.1s
Person-ID memory saved: C:\Users\vioyq\Desktop\Coach_Tracker\coach-tracker-demo\coach-store\person-ID\coach5\0316.json
CSV written: C:\Users\vioyq\Desktop\Coach_Tracker\coach-tracker-demo\coach-store\CSV-state\coach5\0316-coach5-20260325-131956.csv
--- end report ---

[Progress] 4/12 ( 33.3%) | elapsed  3894.1s | ETA  7788.1s

=== Running: Coach-5-hour-4-20260316125957.mp4 ===
Person-ID memory: loaded 189 IDs from C:\Users\vioyq\Desktop\Coach_Tracker\coach-tracker-demo\coach-store\person-ID\coach5\0316.json
[coach5] C:\Users\vioyq\Desktop\Coach_Tracker\_Coach_Video\3-16\Coach-5\Coach-5-hour-4-20260316125957.mp4 (36000 frames @ 10.0 fps). (headless)
Config: yaml=coach5.yaml zone=C:\Users\vioyq\Desktop\Coach_Tracker\coach-tracker-demo\coach-store\zone\coach5.json
Output CSV: C:\Users\vioyq\Desktop\Coach_Tracker\coach-tracker-demo\coach-store\CSV-state\coach5\0316-coach5-20260325-131956.csv

--- Report ---
Time spent processing: 1177.9s
Time on screen per person:
  Person 0 on screen for 2987.8s | zone=0.0s
  Person 1 on screen for 2987.4s | zone=2253.3s
  Person 2 on screen for 1896.8s | zone=0.0s
  Person 4 on screen for 512.9s | zone=512.6s
  Person 9 on screen for 1071.2s | zone=4.4s
  Person 11 on screen for 979.7s | zone=0.2s
  Person 12 on screen for 2543.4s | zone=2543.3s
  Person 13 on screen for 14.9s | zone=14.8s
  Person 14 on screen for 36.0s | zone=35.9s
  Person 17 on screen for 3.2s | zone=0.0s
  Person 18 on screen for 2.8s | zone=2.7s
  Person 20 on screen for 8.0s | zone=615.5s
  Person 22 on screen for 1.3s | zone=1.7s
  Person 28 on screen for 2922.7s | zone=2521.8s
  Person 30 on screen for 1010.2s | zone=13.5s
  Person 35 on screen for 571.7s | zone=1.1s
  Person 36 on screen for 1.6s | zone=0.0s
  Person 39 on screen for 121.1s | zone=0.5s
  Person 41 on screen for 5.7s | zone=1.7s
  Person 42 on screen for 6.8s | zone=6.7s
  Person 43 on screen for 771.8s | zone=1.8s
  Person 44 on screen for 2015.8s | zone=646.1s
  Person 45 on screen for 59.1s | zone=0.0s
  Person 46 on screen for 58.6s | zone=0.6s
  Person 47 on screen for 211.5s | zone=63.4s
  Person 48 on screen for 66.7s | zone=1914.4s
  Person 50 on screen for 57.0s | zone=0.0s
  Person 58 on screen for 1.3s | zone=1.3s
  Person 60 on screen for 204.8s | zone=40.1s
  Person 61 on screen for 494.9s | zone=34.0s
  Person 62 on screen for 904.3s | zone=0.0s
  Person 65 on screen for 2.5s | zone=1.5s
  Person 66 on screen for 80.3s | zone=80.2s
  Person 68 on screen for 39.1s | zone=39.2s
  Person 70 on screen for 0.5s | zone=0.4s
  Person 71 on screen for 12.0s | zone=7.2s
  Person 72 on screen for 87.2s | zone=0.1s
  Person 73 on screen for 65.7s | zone=27.5s
  Person 74 on screen for 2187.7s | zone=0.1s
  Person 78 on screen for 0.6s | zone=0.0s
  Person 80 on screen for 1360.4s | zone=1.2s
  Person 81 on screen for 744.5s | zone=159.7s
  Person 86 on screen for 3158.8s | zone=6.4s
  Person 87 on screen for 1169.1s | zone=0.2s
  Person 88 on screen for 48.7s | zone=14.1s
  Person 90 on screen for 25.1s | zone=7.9s
  Person 92 on screen for 2.0s | zone=1590.0s
  Person 93 on screen for 1.6s | zone=0.1s
  Person 95 on screen for 6.7s | zone=6.6s
  Person 98 on screen for 8.7s | zone=8.6s
  Person 102 on screen for 4.9s | zone=0.4s
  Person 103 on screen for 21.1s | zone=21.0s
  Person 104 on screen for 478.7s | zone=0.0s
  Person 105 on screen for 109.1s | zone=101.6s
  Person 106 on screen for 92.6s | zone=12.6s
  Person 107 on screen for 2170.6s | zone=0.0s
  Person 110 on screen for 1952.7s | zone=7.9s
  Person 115 on screen for 110.6s | zone=104.2s
  Person 117 on screen for 101.7s | zone=95.7s
  Person 119 on screen for 1872.2s | zone=27.2s
  Person 120 on screen for 13.2s | zone=5.9s
  Person 125 on screen for 62.6s | zone=0.2s
  Person 126 on screen for 3.5s | zone=0.4s
  Person 127 on screen for 2.0s | zone=0.4s
  Person 128 on screen for 1775.8s | zone=453.4s
  Person 129 on screen for 16.0s | zone=9.5s
  Person 130 on screen for 9.5s | zone=0.1s
  Person 131 on screen for 3.6s | zone=3.5s
  Person 132 on screen for 1704.8s | zone=0.1s
  Person 133 on screen for 22.8s | zone=22.7s
  Person 136 on screen for 906.6s | zone=627.8s
  Person 138 on screen for 392.6s | zone=367.2s
  Person 139 on screen for 0.4s | zone=0.7s
  Person 140 on screen for 587.8s | zone=4.3s
  Person 141 on screen for 17.2s | zone=425.3s
  Person 144 on screen for 2065.2s | zone=101.0s
  Person 145 on screen for 1220.6s | zone=12.7s
  Person 146 on screen for 1798.4s | zone=6.7s
  Person 148 on screen for 1704.1s | zone=1676.4s
  Person 149 on screen for 160.1s | zone=160.0s
  Person 153 on screen for 17.8s | zone=17.7s
  Person 159 on screen for 1311.3s | zone=14.4s
  Person 160 on screen for 3.4s | zone=3.8s
  Person 163 on screen for 36.7s | zone=0.2s
  Person 165 on screen for 306.4s | zone=445.4s
  Person 169 on screen for 3.5s | zone=3.4s
  Person 170 on screen for 1957.5s | zone=7.3s
  Person 174 on screen for 2167.9s | zone=0.0s
  Person 176 on screen for 5.9s | zone=1.1s
  Person 178 on screen for 7.1s | zone=7.2s
  Person 181 on screen for 200.9s | zone=0.1s
  Person 183 on screen for 221.9s | zone=753.1s
  Person 184 on screen for 1936.8s | zone=1937.9s
  Person 185 on screen for 3.9s | zone=3.8s
  Person 187 on screen for 487.5s | zone=487.4s
  Person 190 on screen for 144.2s | zone=2.6s
  Person 194 on screen for 3510.8s | zone=1.1s
  Person 195 on screen for 1315.2s | zone=1315.1s
  Person 201 on screen for 26.9s | zone=26.8s
  Person 204 on screen for 4.2s | zone=4.1s
  Person 205 on screen for 29.7s | zone=0.0s
  Person 207 on screen for 2139.8s | zone=170.1s
  Person 209 on screen for 25.2s | zone=199.3s
  Person 212 on screen for 1424.5s | zone=4.6s
  Person 213 on screen for 10.1s | zone=5.5s
  Person 214 on screen for 15.3s | zone=5.2s
  Person 216 on screen for 1677.0s | zone=0.0s
  Person 219 on screen for 293.6s | zone=293.5s
  Person 220 on screen for 87.8s | zone=0.0s
  Person 221 on screen for 491.4s | zone=1.3s
  Person 223 on screen for 0.6s | zone=0.5s
  Person 224 on screen for 412.8s | zone=48.3s
  Person 226 on screen for 1603.6s | zone=1603.5s
  Person 227 on screen for 1373.5s | zone=1662.8s
  Person 229 on screen for 3.4s | zone=3.3s
  Person 230 on screen for 1409.0s | zone=1.3s
  Person 232 on screen for 2040.7s | zone=2040.6s
  Person 234 on screen for 2331.7s | zone=416.3s
  Person 235 on screen for 961.6s | zone=20.0s
  Person 236 on screen for 44.7s | zone=5.2s
  Person 237 on screen for 788.6s | zone=0.2s
  Person 238 on screen for 841.7s | zone=8.1s
  Person 245 on screen for 0.3s | zone=0.2s
  Person 246 on screen for 10.3s | zone=1607.2s
  Person 247 on screen for 40.1s | zone=7.1s
  Person 253 on screen for 45.1s | zone=44.3s
  Person 255 on screen for 287.6s | zone=0.0s
  Person 256 on screen for 3152.5s | zone=2.2s
  Person 257 on screen for 173.9s | zone=5.5s
  Person 258 on screen for 510.8s | zone=0.0s
  Person 260 on screen for 32.4s | zone=1928.1s
  Person 261 on screen for 235.1s | zone=0.0s
  Person 263 on screen for 40.2s | zone=1694.5s
  Person 266 on screen for 126.7s | zone=1604.7s
  Person 273 on screen for 18.5s | zone=15.0s
  Person 276 on screen for 1694.9s | zone=0.3s
  Person 280 on screen for 14.9s | zone=10.2s
  Person 281 on screen for 57.4s | zone=0.0s
  Person 282 on screen for 4.2s | zone=0.3s
  Person 284 on screen for 2096.1s | zone=28.1s
  Person 285 on screen for 3236.8s | zone=0.2s
  Person 286 on screen for 42.5s | zone=0.0s
  Person 287 on screen for 2366.3s | zone=2355.0s
  Person 290 on screen for 25.9s | zone=25.8s
  Person 292 on screen for 16.5s | zone=0.5s
  Person 293 on screen for 2279.7s | zone=1.8s
  Person 294 on screen for 164.0s | zone=0.0s
  Person 300 on screen for 444.6s | zone=427.5s
  Person 301 on screen for 531.5s | zone=0.0s
  Person 302 on screen for 187.2s | zone=115.9s
  Person 303 on screen for 1572.1s | zone=1586.2s
  Person 304 on screen for 0.3s | zone=0.2s
  Person 305 on screen for 3515.3s | zone=0.0s
  Person 306 on screen for 74.5s | zone=73.8s
  Person 307 on screen for 9.9s | zone=0.3s
  Person 310 on screen for 2.9s | zone=3.2s
  Person 317 on screen for 1614.9s | zone=0.6s
  Person 318 on screen for 6.3s | zone=6.3s
  Person 322 on screen for 49.0s | zone=3.5s
  Person 325 on screen for 5.4s | zone=5.3s
  Person 326 on screen for 485.2s | zone=0.5s
  Person 330 on screen for 195.8s | zone=195.7s
  Person 338 on screen for 8.0s | zone=0.3s
  Person 347 on screen for 25.2s | zone=3.6s
  Person 354 on screen for 68.6s | zone=68.5s
  Person 355 on screen for 2.2s | zone=2.1s
  Person 357 on screen for 94.5s | zone=94.4s
  Person 365 on screen for 153.3s | zone=12.5s
  Person 383 on screen for 91.7s | zone=3.8s
  Person 385 on screen for 51.3s | zone=5.2s
  Person 388 on screen for 1.9s | zone=0.9s
  Person 392 on screen for 1.2s | zone=0.0s
  Person 393 on screen for 21.5s | zone=0.1s
  Person 396 on screen for 25.0s | zone=0.1s
  Person 401 on screen for 3.2s | zone=3.6s
  Person 411 on screen for 64.2s | zone=61.6s
  Person 414 on screen for 32.9s | zone=0.0s
  Person 416 on screen for 9.3s | zone=9.3s
  Person 418 on screen for 48.7s | zone=30.1s
  Person 420 on screen for 26.4s | zone=26.3s
  Person 422 on screen for 4.9s | zone=0.3s
Person-ID memory saved: C:\Users\vioyq\Desktop\Coach_Tracker\coach-tracker-demo\coach-store\person-ID\coach5\0316.json
CSV written: C:\Users\vioyq\Desktop\Coach_Tracker\coach-tracker-demo\coach-store\CSV-state\coach5\0316-coach5-20260325-131956.csv
--- end report ---

[Progress] 5/12 ( 41.7%) | elapsed  5075.8s | ETA  7106.1s

=== Running: Coach-5-hour-5-20260316135957.mp4 ===
Person-ID memory: loaded 247 IDs from C:\Users\vioyq\Desktop\Coach_Tracker\coach-tracker-demo\coach-store\person-ID\coach5\0316.json
[coach5] C:\Users\vioyq\Desktop\Coach_Tracker\_Coach_Video\3-16\Coach-5\Coach-5-hour-5-20260316135957.mp4 (36000 frames @ 10.0 fps). (headless)
Config: yaml=coach5.yaml zone=C:\Users\vioyq\Desktop\Coach_Tracker\coach-tracker-demo\coach-store\zone\coach5.json
Output CSV: C:\Users\vioyq\Desktop\Coach_Tracker\coach-tracker-demo\coach-store\CSV-state\coach5\0316-coach5-20260325-131956.csv

--- Report ---
Time spent processing: 1413.0s
Time on screen per person:
  Person 0 on screen for 2574.8s | zone=0.0s
  Person 1 on screen for 3048.1s | zone=3260.7s
  Person 2 on screen for 2957.1s | zone=0.2s
  Person 4 on screen for 2864.6s | zone=906.3s
  Person 5 on screen for 7.1s | zone=5.8s
  Person 9 on screen for 1514.4s | zone=14.7s
  Person 14 on screen for 490.0s | zone=477.4s
  Person 16 on screen for 7.8s | zone=7.7s
  Person 17 on screen for 2814.5s | zone=563.2s
  Person 20 on screen for 2.2s | zone=2.1s
  Person 21 on screen for 4.7s | zone=4.7s
  Person 23 on screen for 2791.1s | zone=2791.0s
  Person 26 on screen for 456.3s | zone=8.1s
  Person 30 on screen for 2350.9s | zone=13.8s
  Person 31 on screen for 3.9s | zone=3.9s
  Person 32 on screen for 2.1s | zone=1755.5s
  Person 35 on screen for 14.3s | zone=0.3s
  Person 39 on screen for 2278.9s | zone=0.1s
  Person 43 on screen for 1427.6s | zone=14.0s
  Person 44 on screen for 3075.2s | zone=3074.6s
  Person 46 on screen for 4.3s | zone=3.2s
  Person 47 on screen for 2843.4s | zone=0.0s
  Person 48 on screen for 6.2s | zone=0.0s
  Person 50 on screen for 30.0s | zone=5.6s
  Person 52 on screen for 1245.0s | zone=1.1s
  Person 54 on screen for 78.5s | zone=0.0s
  Person 56 on screen for 265.4s | zone=26.6s
  Person 59 on screen for 198.5s | zone=189.7s
  Person 60 on screen for 1325.7s | zone=897.4s
  Person 62 on screen for 2467.7s | zone=1047.7s
  Person 64 on screen for 26.1s | zone=24.8s
  Person 65 on screen for 3125.3s | zone=302.6s
  Person 70 on screen for 2680.9s | zone=2679.8s
  Person 74 on screen for 1.3s | zone=0.0s
  Person 82 on screen for 29.5s | zone=1.2s
  Person 87 on screen for 9.3s | zone=9.2s
  Person 88 on screen for 31.7s | zone=21.2s
  Person 90 on screen for 1854.8s | zone=6.1s
  Person 92 on screen for 740.5s | zone=0.0s
  Person 95 on screen for 1917.2s | zone=0.6s
  Person 98 on screen for 23.0s | zone=19.1s
  Person 100 on screen for 228.9s | zone=1.8s
  Person 101 on screen for 931.1s | zone=0.9s
  Person 102 on screen for 96.0s | zone=69.2s
  Person 105 on screen for 1.8s | zone=1.7s
  Person 106 on screen for 293.4s | zone=0.2s
  Person 107 on screen for 572.9s | zone=12.4s
  Person 108 on screen for 1.5s | zone=0.7s
  Person 110 on screen for 37.8s | zone=328.9s
  Person 114 on screen for 2.9s | zone=0.2s
  Person 115 on screen for 3310.5s | zone=10.2s
  Person 119 on screen for 1962.9s | zone=1.6s
  Person 121 on screen for 0.6s | zone=1106.9s
  Person 123 on screen for 1943.0s | zone=8.2s
  Person 124 on screen for 2659.8s | zone=2648.3s
  Person 125 on screen for 1626.8s | zone=21.8s
  Person 128 on screen for 2440.5s | zone=3.3s
  Person 129 on screen for 32.8s | zone=488.6s
  Person 130 on screen for 1877.9s | zone=0.3s
  Person 131 on screen for 1049.2s | zone=7.2s
  Person 132 on screen for 59.9s | zone=0.0s
  Person 133 on screen for 137.4s | zone=47.1s
  Person 135 on screen for 61.0s | zone=7.6s
  Person 136 on screen for 4.5s | zone=926.4s
  Person 137 on screen for 2145.2s | zone=2045.1s
  Person 138 on screen for 57.2s | zone=13.1s
  Person 139 on screen for 9.1s | zone=6.1s
  Person 140 on screen for 330.9s | zone=12.3s
  Person 143 on screen for 212.3s | zone=0.0s
  Person 144 on screen for 1689.9s | zone=0.7s
  Person 146 on screen for 16.9s | zone=0.0s
  Person 147 on screen for 51.1s | zone=48.6s
  Person 148 on screen for 3553.9s | zone=3553.8s
  Person 149 on screen for 3.3s | zone=2.6s
  Person 151 on screen for 2.3s | zone=0.0s
  Person 159 on screen for 26.9s | zone=14.5s
  Person 165 on screen for 391.8s | zone=376.7s
  Person 170 on screen for 1383.6s | zone=1062.4s
  Person 171 on screen for 2613.7s | zone=3.9s
  Person 174 on screen for 1881.8s | zone=27.4s
  Person 178 on screen for 340.4s | zone=262.5s
  Person 180 on screen for 5.8s | zone=3.9s
  Person 181 on screen for 825.5s | zone=11.7s
  Person 182 on screen for 2544.4s | zone=2544.3s
  Person 183 on screen for 33.7s | zone=408.3s
  Person 184 on screen for 2509.1s | zone=295.0s
  Person 185 on screen for 0.6s | zone=0.5s
  Person 187 on screen for 1092.2s | zone=29.5s
  Person 193 on screen for 2154.4s | zone=520.5s
  Person 194 on screen for 4.8s | zone=1.5s
  Person 195 on screen for 1586.3s | zone=876.4s
  Person 196 on screen for 17.3s | zone=0.0s
  Person 201 on screen for 1146.9s | zone=102.1s
  Person 202 on screen for 142.8s | zone=142.7s
  Person 205 on screen for 2947.4s | zone=1.5s
  Person 206 on screen for 22.8s | zone=22.7s
  Person 207 on screen for 1076.4s | zone=3.0s
  Person 208 on screen for 419.9s | zone=83.6s
  Person 209 on screen for 416.9s | zone=138.5s
  Person 213 on screen for 243.4s | zone=0.1s
  Person 214 on screen for 278.0s | zone=224.4s
  Person 216 on screen for 15.8s | zone=1.2s
  Person 219 on screen for 1973.4s | zone=46.8s
  Person 220 on screen for 138.3s | zone=37.3s
  Person 221 on screen for 354.8s | zone=0.0s
  Person 223 on screen for 1491.8s | zone=1491.7s
  Person 224 on screen for 2209.4s | zone=2.8s
  Person 230 on screen for 27.1s | zone=14.7s
  Person 232 on screen for 1238.9s | zone=1238.8s
  Person 234 on screen for 2642.7s | zone=12.2s
  Person 235 on screen for 1323.7s | zone=522.4s
  Person 236 on screen for 1178.0s | zone=0.0s
  Person 237 on screen for 1061.3s | zone=39.5s
  Person 238 on screen for 7.4s | zone=7.3s
  Person 242 on screen for 2258.9s | zone=2258.8s
  Person 243 on screen for 209.6s | zone=9.7s
  Person 244 on screen for 7.0s | zone=7.1s
  Person 254 on screen for 67.0s | zone=44.0s
  Person 255 on screen for 2141.4s | zone=1.2s
  Person 256 on screen for 1370.3s | zone=984.1s
  Person 257 on screen for 1672.6s | zone=0.5s
  Person 260 on screen for 2.6s | zone=2.9s
  Person 263 on screen for 288.7s | zone=1441.4s
  Person 267 on screen for 8.6s | zone=0.0s
  Person 278 on screen for 2.6s | zone=0.8s
  Person 281 on screen for 644.0s | zone=580.3s
  Person 282 on screen for 122.1s | zone=1.1s
  Person 284 on screen for 1466.7s | zone=1313.9s
  Person 286 on screen for 1565.6s | zone=6.5s
  Person 287 on screen for 1015.1s | zone=13.6s
  Person 289 on screen for 1686.5s | zone=0.2s
  Person 290 on screen for 2263.3s | zone=891.3s
  Person 293 on screen for 1058.4s | zone=0.0s
  Person 294 on screen for 687.2s | zone=0.1s
  Person 296 on screen for 2635.9s | zone=28.2s
  Person 297 on screen for 3.8s | zone=3.7s
  Person 300 on screen for 0.8s | zone=919.5s
  Person 301 on screen for 2359.4s | zone=0.0s
  Person 303 on screen for 4.8s | zone=4.7s
  Person 304 on screen for 37.9s | zone=0.0s
  Person 305 on screen for 24.5s | zone=11.2s
  Person 306 on screen for 776.6s | zone=6.0s
  Person 310 on screen for 11.0s | zone=10.9s
  Person 312 on screen for 22.1s | zone=14.4s
  Person 314 on screen for 0.7s | zone=1.1s
  Person 317 on screen for 0.9s | zone=0.0s
  Person 318 on screen for 1348.2s | zone=1054.0s
  Person 320 on screen for 25.1s | zone=2.4s
  Person 322 on screen for 31.6s | zone=1.3s
  Person 325 on screen for 832.7s | zone=825.1s
  Person 326 on screen for 1961.2s | zone=0.2s
  Person 327 on screen for 1428.1s | zone=1423.6s
  Person 328 on screen for 0.8s | zone=0.7s
  Person 329 on screen for 0.8s | zone=1.2s
  Person 330 on screen for 1710.3s | zone=827.8s
  Person 337 on screen for 148.8s | zone=106.7s
  Person 338 on screen for 585.7s | zone=284.3s
  Person 347 on screen for 0.5s | zone=209.6s
  Person 355 on screen for 3159.3s | zone=4.0s
  Person 357 on screen for 2915.8s | zone=2915.7s
  Person 358 on screen for 25.8s | zone=21.7s
  Person 360 on screen for 44.0s | zone=43.9s
  Person 362 on screen for 701.6s | zone=5.7s
  Person 367 on screen for 49.2s | zone=36.0s
  Person 368 on screen for 31.9s | zone=4.7s
  Person 369 on screen for 3.5s | zone=3.6s
  Person 370 on screen for 24.1s | zone=3.0s
  Person 373 on screen for 13.8s | zone=0.0s
  Person 376 on screen for 19.2s | zone=19.1s
  Person 377 on screen for 1.7s | zone=1.6s
  Person 378 on screen for 627.4s | zone=627.3s
  Person 383 on screen for 4.0s | zone=1576.8s
  Person 385 on screen for 1879.5s | zone=1.4s
  Person 393 on screen for 14.2s | zone=4.4s
  Person 398 on screen for 0.2s | zone=0.1s
  Person 401 on screen for 2364.1s | zone=0.4s
  Person 402 on screen for 27.2s | zone=0.0s
  Person 404 on screen for 19.1s | zone=0.0s
  Person 409 on screen for 12.6s | zone=12.7s
  Person 411 on screen for 626.7s | zone=0.1s
  Person 412 on screen for 241.3s | zone=241.2s
  Person 414 on screen for 32.4s | zone=29.7s
  Person 415 on screen for 1.1s | zone=1.0s
  Person 418 on screen for 1.9s | zone=0.4s
  Person 419 on screen for 318.8s | zone=13.0s
  Person 420 on screen for 2045.1s | zone=2039.9s
  Person 424 on screen for 17.3s | zone=0.0s
  Person 426 on screen for 694.6s | zone=0.0s
  Person 434 on screen for 2.0s | zone=2.0s
  Person 441 on screen for 676.3s | zone=0.5s
  Person 442 on screen for 36.0s | zone=0.0s
  Person 449 on screen for 104.5s | zone=104.4s
  Person 457 on screen for 14.9s | zone=0.0s
  Person 468 on screen for 8.4s | zone=8.3s
  Person 469 on screen for 10.5s | zone=11.1s
  Person 470 on screen for 747.8s | zone=600.2s
  Person 477 on screen for 12.5s | zone=12.4s
  Person 480 on screen for 13.0s | zone=0.0s
  Person 484 on screen for 4.2s | zone=0.4s
  Person 489 on screen for 197.9s | zone=129.3s
  Person 494 on screen for 5.3s | zone=5.2s
  Person 495 on screen for 599.2s | zone=57.0s
  Person 499 on screen for 107.8s | zone=3.1s
  Person 500 on screen for 102.9s | zone=14.8s
  Person 519 on screen for 73.1s | zone=17.3s
  Person 520 on screen for 4.0s | zone=0.1s
  Person 521 on screen for 34.6s | zone=0.0s
  Person 522 on screen for 134.9s | zone=25.3s
  Person 524 on screen for 3.8s | zone=1.2s
  Person 546 on screen for 318.4s | zone=45.9s
  Person 549 on screen for 31.0s | zone=1.3s
  Person 556 on screen for 46.0s | zone=20.1s
  Person 565 on screen for 97.3s | zone=97.2s
  Person 568 on screen for 91.7s | zone=91.6s
  Person 574 on screen for 2.8s | zone=3.6s
  Person 576 on screen for 6.1s | zone=6.2s
  Person 580 on screen for 22.7s | zone=22.6s
Person-ID memory saved: C:\Users\vioyq\Desktop\Coach_Tracker\coach-tracker-demo\coach-store\person-ID\coach5\0316.json
CSV written: C:\Users\vioyq\Desktop\Coach_Tracker\coach-tracker-demo\coach-store\CSV-state\coach5\0316-coach5-20260325-131956.csv
--- end report ---

[Progress] 6/12 ( 50.0%) | elapsed  6492.8s | ETA  6492.8s

=== Running: Coach-5-hour-6-20260316145957.mp4 ===
Person-ID memory: loaded 316 IDs from C:\Users\vioyq\Desktop\Coach_Tracker\coach-tracker-demo\coach-store\person-ID\coach5\0316.json
[coach5] C:\Users\vioyq\Desktop\Coach_Tracker\_Coach_Video\3-16\Coach-5\Coach-5-hour-6-20260316145957.mp4 (33498 frames @ 10.0 fps). (headless)
Config: yaml=coach5.yaml zone=C:\Users\vioyq\Desktop\Coach_Tracker\coach-tracker-demo\coach-store\zone\coach5.json
Output CSV: C:\Users\vioyq\Desktop\Coach_Tracker\coach-tracker-demo\coach-store\CSV-state\coach5\0316-coach5-20260325-131956.csv

--- Report ---
Time spent processing: 1343.6s
Time on screen per person:
  Person 0 on screen for 2508.6s | zone=0.0s
  Person 1 on screen for 2364.0s | zone=0.3s
  Person 2 on screen for 2364.2s | zone=0.0s
  Person 3 on screen for 194.3s | zone=8.3s
  Person 4 on screen for 1397.9s | zone=1737.6s
  Person 5 on screen for 12.8s | zone=12.7s
  Person 10 on screen for 2761.2s | zone=2140.7s
  Person 11 on screen for 1845.6s | zone=152.6s
  Person 13 on screen for 1191.9s | zone=1191.8s
  Person 14 on screen for 2122.6s | zone=2119.7s
  Person 16 on screen for 1886.0s | zone=4.4s
  Person 17 on screen for 875.6s | zone=3.5s
  Person 21 on screen for 15.6s | zone=0.0s
  Person 22 on screen for 2873.1s | zone=2872.2s
  Person 24 on screen for 463.0s | zone=454.5s
  Person 30 on screen for 26.8s | zone=6.5s
  Person 36 on screen for 39.9s | zone=0.1s
  Person 37 on screen for 2.4s | zone=0.0s
  Person 40 on screen for 2429.9s | zone=2387.2s
  Person 41 on screen for 37.3s | zone=0.0s
  Person 44 on screen for 28.4s | zone=0.2s
  Person 46 on screen for 319.4s | zone=6.4s
  Person 47 on screen for 23.1s | zone=171.6s
  Person 50 on screen for 45.0s | zone=2.0s
  Person 54 on screen for 35.0s | zone=1.7s
  Person 55 on screen for 34.4s | zone=25.0s
  Person 56 on screen for 4.5s | zone=0.0s
  Person 58 on screen for 1673.7s | zone=6.5s
  Person 59 on screen for 2676.5s | zone=0.0s
  Person 61 on screen for 1.7s | zone=0.4s
  Person 62 on screen for 106.7s | zone=164.7s
  Person 65 on screen for 693.0s | zone=1.6s
  Person 67 on screen for 13.1s | zone=12.5s
  Person 68 on screen for 13.2s | zone=1.9s
  Person 70 on screen for 7.9s | zone=1368.7s
  Person 71 on screen for 842.5s | zone=0.3s
  Person 72 on screen for 23.3s | zone=0.7s
  Person 74 on screen for 10.8s | zone=0.5s
  Person 77 on screen for 1893.8s | zone=0.1s
  Person 80 on screen for 6.9s | zone=1114.8s
  Person 83 on screen for 2306.9s | zone=3.1s
  Person 86 on screen for 38.0s | zone=13.7s
  Person 87 on screen for 2417.9s | zone=2230.0s
  Person 88 on screen for 5.6s | zone=0.1s
  Person 91 on screen for 2.6s | zone=2.5s
  Person 95 on screen for 2204.5s | zone=0.1s
  Person 96 on screen for 1491.5s | zone=1418.3s
  Person 97 on screen for 15.6s | zone=3.9s
  Person 98 on screen for 0.4s | zone=1300.0s
  Person 100 on screen for 1187.4s | zone=0.2s
  Person 101 on screen for 0.6s | zone=0.5s
  Person 102 on screen for 50.5s | zone=594.6s
  Person 103 on screen for 82.4s | zone=0.0s
  Person 106 on screen for 2942.5s | zone=2923.6s
  Person 110 on screen for 1229.7s | zone=0.0s
  Person 114 on screen for 30.2s | zone=12.8s
  Person 115 on screen for 213.9s | zone=24.2s
  Person 117 on screen for 14.0s | zone=8.6s
  Person 119 on screen for 44.4s | zone=2.1s
  Person 122 on screen for 918.1s | zone=0.1s
  Person 125 on screen for 12.7s | zone=0.0s
  Person 128 on screen for 650.3s | zone=599.5s
  Person 129 on screen for 1245.2s | zone=8.1s
  Person 135 on screen for 1647.3s | zone=7.5s
  Person 137 on screen for 415.4s | zone=409.7s
  Person 139 on screen for 2040.4s | zone=1.0s
  Person 140 on screen for 56.9s | zone=0.3s
  Person 141 on screen for 15.5s | zone=2.4s
  Person 143 on screen for 447.0s | zone=409.7s
  Person 144 on screen for 431.6s | zone=1.5s
  Person 145 on screen for 3.4s | zone=1539.0s
  Person 147 on screen for 31.1s | zone=0.0s
  Person 148 on screen for 3155.6s | zone=2169.9s
  Person 149 on screen for 938.6s | zone=13.2s
  Person 153 on screen for 2146.1s | zone=0.2s
  Person 155 on screen for 110.8s | zone=0.0s
  Person 157 on screen for 1396.1s | zone=41.0s
  Person 159 on screen for 87.9s | zone=0.2s
  Person 160 on screen for 10.1s | zone=0.0s
  Person 161 on screen for 1246.2s | zone=57.7s
  Person 165 on screen for 1085.1s | zone=0.1s
  Person 168 on screen for 3.0s | zone=2.9s
  Person 169 on screen for 234.0s | zone=0.0s
  Person 171 on screen for 257.4s | zone=0.0s
  Person 172 on screen for 1740.9s | zone=9.5s
  Person 178 on screen for 153.8s | zone=1.7s
  Person 180 on screen for 350.0s | zone=0.0s
  Person 181 on screen for 26.8s | zone=0.0s
  Person 183 on screen for 47.6s | zone=0.8s
  Person 184 on screen for 52.5s | zone=46.9s
  Person 185 on screen for 1925.0s | zone=0.6s
  Person 187 on screen for 2318.1s | zone=11.0s
  Person 189 on screen for 15.5s | zone=7.8s
  Person 190 on screen for 530.8s | zone=0.0s
  Person 192 on screen for 22.0s | zone=0.5s
  Person 193 on screen for 1621.1s | zone=0.1s
  Person 194 on screen for 677.6s | zone=4.9s
  Person 195 on screen for 1794.7s | zone=0.1s
  Person 196 on screen for 1039.9s | zone=0.4s
  Person 198 on screen for 3.5s | zone=0.4s
  Person 201 on screen for 3.2s | zone=0.6s
  Person 202 on screen for 2436.6s | zone=0.0s
  Person 204 on screen for 0.5s | zone=0.1s
  Person 205 on screen for 1330.5s | zone=0.0s
  Person 206 on screen for 1474.5s | zone=0.0s
  Person 207 on screen for 42.7s | zone=1.7s
  Person 211 on screen for 3.9s | zone=4.1s
  Person 213 on screen for 2303.8s | zone=19.5s
  Person 214 on screen for 25.7s | zone=1.6s
  Person 216 on screen for 182.9s | zone=13.3s
  Person 218 on screen for 920.8s | zone=0.2s
  Person 220 on screen for 47.7s | zone=47.7s
  Person 222 on screen for 2.2s | zone=2.1s
  Person 224 on screen for 5.5s | zone=1.6s
  Person 227 on screen for 1987.1s | zone=0.2s
  Person 230 on screen for 11.5s | zone=11.4s
  Person 232 on screen for 1747.4s | zone=7.5s
  Person 233 on screen for 5.7s | zone=2.4s
  Person 234 on screen for 17.7s | zone=0.5s
  Person 235 on screen for 3078.9s | zone=0.2s
  Person 236 on screen for 1032.9s | zone=1032.8s
  Person 240 on screen for 10.2s | zone=10.1s
  Person 243 on screen for 27.8s | zone=0.1s
  Person 244 on screen for 23.7s | zone=0.5s
  Person 246 on screen for 1147.3s | zone=0.0s
  Person 248 on screen for 1443.3s | zone=1443.2s
  Person 250 on screen for 4.0s | zone=3.9s
  Person 253 on screen for 853.2s | zone=853.3s
  Person 254 on screen for 1012.2s | zone=0.0s
  Person 255 on screen for 330.4s | zone=0.0s
  Person 256 on screen for 981.4s | zone=5.7s
  Person 257 on screen for 1.7s | zone=0.5s
  Person 258 on screen for 4.2s | zone=0.4s
  Person 259 on screen for 1.0s | zone=0.0s
  Person 260 on screen for 21.0s | zone=15.0s
  Person 261 on screen for 37.2s | zone=1.6s
  Person 266 on screen for 1075.4s | zone=0.0s
  Person 267 on screen for 7.5s | zone=7.5s
  Person 273 on screen for 0.9s | zone=377.6s
  Person 276 on screen for 258.7s | zone=35.6s
  Person 278 on screen for 462.3s | zone=3.6s
  Person 280 on screen for 22.1s | zone=0.1s
  Person 284 on screen for 2417.6s | zone=979.5s
  Person 285 on screen for 174.2s | zone=14.4s
  Person 287 on screen for 298.4s | zone=2.1s
  Person 288 on screen for 777.2s | zone=707.1s
  Person 289 on screen for 111.9s | zone=1.6s
  Person 290 on screen for 37.5s | zone=37.4s
  Person 292 on screen for 420.7s | zone=3.3s
  Person 293 on screen for 968.5s | zone=26.8s
  Person 294 on screen for 984.6s | zone=51.4s
  Person 297 on screen for 786.0s | zone=0.0s
  Person 300 on screen for 111.1s | zone=25.3s
  Person 303 on screen for 2857.3s | zone=276.0s
  Person 311 on screen for 49.0s | zone=49.0s
  Person 314 on screen for 267.5s | zone=0.0s
  Person 316 on screen for 1975.8s | zone=165.5s
  Person 318 on screen for 88.3s | zone=0.2s
  Person 321 on screen for 12.6s | zone=12.5s
  Person 323 on screen for 31.9s | zone=0.7s
  Person 325 on screen for 21.3s | zone=0.2s
  Person 326 on screen for 3.0s | zone=378.6s
  Person 328 on screen for 1.3s | zone=0.0s
  Person 329 on screen for 2.0s | zone=0.9s
  Person 330 on screen for 1628.6s | zone=18.5s
  Person 334 on screen for 15.0s | zone=15.1s
  Person 337 on screen for 15.7s | zone=15.7s
  Person 338 on screen for 62.0s | zone=0.0s
  Person 340 on screen for 79.2s | zone=0.0s
  Person 355 on screen for 1943.2s | zone=1857.0s
  Person 357 on screen for 6.1s | zone=0.0s
  Person 358 on screen for 42.5s | zone=1346.1s
  Person 362 on screen for 1074.3s | zone=0.0s
  Person 363 on screen for 96.3s | zone=0.0s
  Person 365 on screen for 308.4s | zone=1.4s
  Person 366 on screen for 18.1s | zone=0.0s
  Person 367 on screen for 6.5s | zone=0.5s
  Person 369 on screen for 2547.2s | zone=1.6s
  Person 370 on screen for 30.0s | zone=973.9s
  Person 372 on screen for 13.2s | zone=0.1s
  Person 373 on screen for 46.5s | zone=0.0s
  Person 378 on screen for 5.6s | zone=1.0s
  Person 379 on screen for 0.3s | zone=0.3s
  Person 384 on screen for 7.9s | zone=0.0s
  Person 385 on screen for 1077.1s | zone=673.1s
  Person 393 on screen for 48.9s | zone=0.4s
  Person 394 on screen for 6.0s | zone=1.3s
  Person 396 on screen for 49.5s | zone=0.3s
  Person 398 on screen for 407.2s | zone=50.1s
  Person 400 on screen for 32.2s | zone=32.4s
  Person 401 on screen for 1048.2s | zone=0.1s
  Person 402 on screen for 1499.1s | zone=0.2s
  Person 412 on screen for 412.7s | zone=6.6s
  Person 420 on screen for 22.2s | zone=15.5s
  Person 424 on screen for 758.0s | zone=712.2s
  Person 428 on screen for 9.1s | zone=9.2s
  Person 429 on screen for 5.6s | zone=1.0s
  Person 434 on screen for 1290.5s | zone=2.4s
  Person 441 on screen for 42.3s | zone=11.2s
  Person 443 on screen for 15.6s | zone=0.9s
  Person 449 on screen for 185.6s | zone=99.4s
  Person 452 on screen for 21.2s | zone=21.1s
  Person 457 on screen for 1362.1s | zone=11.7s
  Person 468 on screen for 24.8s | zone=24.7s
  Person 469 on screen for 57.2s | zone=20.9s
  Person 470 on screen for 1761.6s | zone=11.9s
  Person 477 on screen for 3.1s | zone=3.2s
  Person 484 on screen for 7.8s | zone=2.2s
  Person 489 on screen for 1856.0s | zone=0.0s
  Person 494 on screen for 3208.8s | zone=11.9s
  Person 496 on screen for 4.2s | zone=0.1s
  Person 498 on screen for 1.6s | zone=0.0s
  Person 499 on screen for 899.1s | zone=0.1s
  Person 519 on screen for 1358.9s | zone=11.3s
  Person 520 on screen for 1294.4s | zone=0.7s
  Person 521 on screen for 3.5s | zone=0.0s
  Person 522 on screen for 804.5s | zone=8.3s
  Person 524 on screen for 493.4s | zone=0.1s
  Person 546 on screen for 2913.7s | zone=466.7s
  Person 556 on screen for 15.4s | zone=12.1s
  Person 565 on screen for 3.5s | zone=1.3s
  Person 568 on screen for 1510.0s | zone=1335.8s
  Person 576 on screen for 1036.7s | zone=2.5s
  Person 580 on screen for 315.1s | zone=0.2s
Person-ID memory saved: C:\Users\vioyq\Desktop\Coach_Tracker\coach-tracker-demo\coach-store\person-ID\coach5\0316.json
CSV written: C:\Users\vioyq\Desktop\Coach_Tracker\coach-tracker-demo\coach-store\CSV-state\coach5\0316-coach5-20260325-131956.csv
--- end report ---

[Progress] 7/12 ( 58.3%) | elapsed  7840.6s | ETA  5600.4s

=== Running: Coach-5-hour-7-20260316155632.mp4 ===
Person-ID memory: loaded 353 IDs from C:\Users\vioyq\Desktop\Coach_Tracker\coach-tracker-demo\coach-store\person-ID\coach5\0316.json
[coach5] C:\Users\vioyq\Desktop\Coach_Tracker\_Coach_Video\3-16\Coach-5\Coach-5-hour-7-20260316155632.mp4 (36000 frames @ 10.0 fps). (headless)
Config: yaml=coach5.yaml zone=C:\Users\vioyq\Desktop\Coach_Tracker\coach-tracker-demo\coach-store\zone\coach5.json
Output CSV: C:\Users\vioyq\Desktop\Coach_Tracker\coach-tracker-demo\coach-store\CSV-state\coach5\0316-coach5-20260325-131956.csv

--- Report ---
Time spent processing: 1352.1s
Time on screen per person:
  Person 0 on screen for 3398.3s | zone=0.0s
  Person 1 on screen for 3376.4s | zone=0.1s
  Person 2 on screen for 3280.7s | zone=2260.9s
  Person 3 on screen for 3442.5s | zone=192.8s
  Person 4 on screen for 477.3s | zone=0.0s
  Person 5 on screen for 3363.9s | zone=1.0s
  Person 6 on screen for 4.1s | zone=4.0s
  Person 10 on screen for 25.6s | zone=1.4s
  Person 11 on screen for 14.5s | zone=14.4s
  Person 12 on screen for 13.2s | zone=11.8s
  Person 13 on screen for 2647.5s | zone=6.3s
  Person 14 on screen for 0.5s | zone=0.4s
  Person 16 on screen for 2164.4s | zone=13.4s
  Person 17 on screen for 1319.9s | zone=0.0s
  Person 18 on screen for 3106.2s | zone=463.4s
  Person 20 on screen for 3146.1s | zone=3146.0s
  Person 21 on screen for 31.3s | zone=0.0s
  Person 22 on screen for 3.9s | zone=1.9s
  Person 23 on screen for 72.5s | zone=0.6s
  Person 26 on screen for 21.6s | zone=2.2s
  Person 27 on screen for 1290.5s | zone=0.2s
  Person 29 on screen for 2754.8s | zone=1.2s
  Person 31 on screen for 1430.4s | zone=1183.3s
  Person 32 on screen for 2103.6s | zone=915.3s
  Person 33 on screen for 8.1s | zone=8.1s
  Person 35 on screen for 2072.5s | zone=1939.7s
  Person 37 on screen for 2350.9s | zone=0.1s
  Person 38 on screen for 2601.1s | zone=0.7s
  Person 39 on screen for 6.9s | zone=4.5s
  Person 40 on screen for 898.0s | zone=897.9s
  Person 46 on screen for 731.1s | zone=0.0s
  Person 47 on screen for 562.9s | zone=50.7s
  Person 50 on screen for 2453.6s | zone=2399.0s
  Person 56 on screen for 15.1s | zone=1136.5s
  Person 58 on screen for 717.7s | zone=657.3s
  Person 59 on screen for 39.7s | zone=0.1s
  Person 64 on screen for 3096.1s | zone=2.1s
  Person 65 on screen for 763.6s | zone=763.5s
  Person 68 on screen for 32.6s | zone=0.1s
  Person 70 on screen for 1.6s | zone=0.0s
  Person 72 on screen for 2236.7s | zone=8.4s
  Person 77 on screen for 3248.7s | zone=0.2s
  Person 81 on screen for 7.4s | zone=7.3s
  Person 83 on screen for 1523.4s | zone=38.7s
  Person 84 on screen for 2800.8s | zone=0.1s
  Person 85 on screen for 54.3s | zone=9.1s
  Person 87 on screen for 34.0s | zone=395.9s
  Person 88 on screen for 868.7s | zone=868.4s
  Person 89 on screen for 21.9s | zone=21.8s
  Person 91 on screen for 3.0s | zone=0.0s
  Person 95 on screen for 548.3s | zone=83.4s
  Person 96 on screen for 589.0s | zone=544.1s
  Person 98 on screen for 71.6s | zone=3.1s
  Person 100 on screen for 5.7s | zone=5.6s
  Person 101 on screen for 212.2s | zone=197.5s
  Person 103 on screen for 283.9s | zone=9.9s
  Person 104 on screen for 43.6s | zone=38.1s
  Person 106 on screen for 1261.7s | zone=0.0s
  Person 107 on screen for 1.3s | zone=1.2s
  Person 108 on screen for 20.3s | zone=20.2s
  Person 109 on screen for 0.5s | zone=0.2s
  Person 110 on screen for 878.1s | zone=859.6s
  Person 112 on screen for 1.0s | zone=0.9s
  Person 113 on screen for 1.8s | zone=0.0s
  Person 117 on screen for 1320.1s | zone=5.0s
  Person 118 on screen for 2389.1s | zone=2234.7s
  Person 122 on screen for 1588.1s | zone=4.5s
  Person 126 on screen for 1.6s | zone=164.7s
  Person 130 on screen for 45.8s | zone=0.1s
  Person 131 on screen for 44.8s | zone=4.1s
  Person 132 on screen for 2.1s | zone=2.0s
  Person 133 on screen for 352.2s | zone=74.6s
  Person 134 on screen for 2.1s | zone=2.0s
  Person 135 on screen for 1884.1s | zone=0.5s
  Person 136 on screen for 1.2s | zone=1.1s
  Person 141 on screen for 2382.8s | zone=2370.4s
  Person 143 on screen for 10.6s | zone=4.0s
  Person 144 on screen for 99.9s | zone=0.6s
  Person 145 on screen for 596.5s | zone=0.0s
  Person 148 on screen for 1835.0s | zone=581.8s
  Person 150 on screen for 2231.0s | zone=1916.2s
  Person 151 on screen for 1176.6s | zone=4.3s
  Person 153 on screen for 2957.6s | zone=0.0s
  Person 155 on screen for 42.2s | zone=1099.2s
  Person 156 on screen for 51.7s | zone=0.0s
  Person 159 on screen for 0.1s | zone=87.1s
  Person 164 on screen for 633.2s | zone=17.3s
  Person 165 on screen for 1745.5s | zone=3.3s
  Person 169 on screen for 2418.2s | zone=3.9s
  Person 170 on screen for 5.9s | zone=0.0s
  Person 172 on screen for 32.2s | zone=32.1s
  Person 174 on screen for 1419.4s | zone=0.0s
  Person 176 on screen for 36.2s | zone=0.0s
  Person 178 on screen for 1234.3s | zone=0.0s
  Person 180 on screen for 0.9s | zone=0.0s
  Person 181 on screen for 1740.6s | zone=0.0s
  Person 184 on screen for 2471.4s | zone=1.1s
  Person 188 on screen for 22.9s | zone=21.2s
  Person 190 on screen for 2435.6s | zone=1632.8s
  Person 194 on screen for 129.1s | zone=0.6s
  Person 195 on screen for 869.6s | zone=0.1s
  Person 196 on screen for 1455.7s | zone=0.7s
  Person 200 on screen for 8.6s | zone=0.6s
  Person 205 on screen for 9.0s | zone=8.9s
  Person 206 on screen for 22.5s | zone=985.2s
  Person 208 on screen for 4.4s | zone=0.3s
  Person 211 on screen for 42.1s | zone=15.1s
  Person 213 on screen for 157.9s | zone=653.9s
  Person 218 on screen for 70.9s | zone=0.0s
  Person 221 on screen for 419.3s | zone=797.7s
  Person 224 on screen for 9.3s | zone=0.0s
  Person 225 on screen for 0.4s | zone=0.0s
  Person 227 on screen for 1786.4s | zone=0.0s
  Person 229 on screen for 2185.8s | zone=1679.6s
  Person 230 on screen for 1231.7s | zone=1223.2s
  Person 234 on screen for 15.9s | zone=15.8s
  Person 235 on screen for 17.4s | zone=497.1s
  Person 243 on screen for 0.6s | zone=0.0s
  Person 247 on screen for 1848.9s | zone=0.0s
  Person 248 on screen for 11.1s | zone=11.0s
  Person 254 on screen for 31.5s | zone=0.1s
  Person 255 on screen for 1525.9s | zone=1505.7s
  Person 257 on screen for 2354.2s | zone=3.8s
  Person 258 on screen for 1948.9s | zone=4.8s
  Person 260 on screen for 37.4s | zone=4.8s
  Person 263 on screen for 1303.6s | zone=24.3s
  Person 264 on screen for 3.1s | zone=3.3s
  Person 266 on screen for 2.5s | zone=354.6s
  Person 268 on screen for 0.4s | zone=0.3s
  Person 278 on screen for 4.4s | zone=4.6s
  Person 281 on screen for 2177.1s | zone=1.4s
  Person 284 on screen for 5.8s | zone=5.7s
  Person 287 on screen for 1208.8s | zone=333.1s
  Person 288 on screen for 739.1s | zone=1233.3s
  Person 290 on screen for 14.9s | zone=2.3s
  Person 293 on screen for 13.2s | zone=231.0s
  Person 294 on screen for 641.8s | zone=14.3s
  Person 296 on screen for 63.5s | zone=88.8s
  Person 301 on screen for 20.6s | zone=6.0s
  Person 303 on screen for 1183.9s | zone=1178.4s
  Person 305 on screen for 636.7s | zone=0.0s
  Person 309 on screen for 390.1s | zone=94.6s
  Person 310 on screen for 42.9s | zone=1507.8s
  Person 311 on screen for 7.3s | zone=2242.1s
  Person 312 on screen for 1441.3s | zone=470.6s
  Person 318 on screen for 1439.4s | zone=22.7s
  Person 322 on screen for 206.5s | zone=1544.0s
  Person 325 on screen for 9.9s | zone=13.0s
  Person 326 on screen for 961.8s | zone=975.5s
  Person 337 on screen for 2.4s | zone=2822.9s
  Person 338 on screen for 32.5s | zone=10.0s
  Person 340 on screen for 137.2s | zone=103.9s
  Person 355 on screen for 284.3s | zone=1922.4s
  Person 357 on screen for 709.1s | zone=1197.0s
  Person 360 on screen for 122.7s | zone=0.0s
  Person 361 on screen for 106.2s | zone=42.1s
  Person 363 on screen for 1982.5s | zone=1.4s
  Person 367 on screen for 2651.9s | zone=5.7s
  Person 369 on screen for 2887.2s | zone=2887.1s
  Person 370 on screen for 22.6s | zone=0.4s
  Person 372 on screen for 37.9s | zone=0.8s
  Person 374 on screen for 431.8s | zone=20.6s
  Person 375 on screen for 58.1s | zone=5.3s
  Person 376 on screen for 1543.6s | zone=1537.7s
  Person 378 on screen for 53.1s | zone=20.5s
  Person 385 on screen for 96.6s | zone=27.1s
  Person 389 on screen for 15.8s | zone=15.7s
  Person 391 on screen for 53.5s | zone=24.0s
  Person 393 on screen for 0.1s | zone=3245.4s
  Person 394 on screen for 4.1s | zone=146.5s
  Person 396 on screen for 29.4s | zone=7.9s
  Person 397 on screen for 12.8s | zone=0.0s
  Person 400 on screen for 17.2s | zone=0.3s
  Person 404 on screen for 124.5s | zone=12.1s
  Person 409 on screen for 7.3s | zone=5.4s
  Person 412 on screen for 46.6s | zone=20.2s
  Person 414 on screen for 1.8s | zone=1.7s
  Person 426 on screen for 2.7s | zone=2.6s
  Person 428 on screen for 3.6s | zone=3.5s
  Person 429 on screen for 4.3s | zone=4.2s
  Person 452 on screen for 889.0s | zone=888.4s
  Person 468 on screen for 0.2s | zone=0.1s
  Person 469 on screen for 12.3s | zone=1.8s
  Person 470 on screen for 350.3s | zone=0.1s
  Person 494 on screen for 37.0s | zone=6.8s
  Person 496 on screen for 16.4s | zone=13.0s
  Person 499 on screen for 29.4s | zone=0.0s
  Person 546 on screen for 5.4s | zone=5.3s
  Person 576 on screen for 687.4s | zone=687.3s
Person-ID memory saved: C:\Users\vioyq\Desktop\Coach_Tracker\coach-tracker-demo\coach-store\person-ID\coach5\0316.json
CSV written: C:\Users\vioyq\Desktop\Coach_Tracker\coach-tracker-demo\coach-store\CSV-state\coach5\0316-coach5-20260325-131956.csv
--- end report ---

[Progress] 8/12 ( 66.7%) | elapsed  9197.4s | ETA  4598.7s

=== Running: Coach-5-hour-8-20260316165632.mp4 ===
Person-ID memory: loaded 375 IDs from C:\Users\vioyq\Desktop\Coach_Tracker\coach-tracker-demo\coach-store\person-ID\coach5\0316.json
[coach5] C:\Users\vioyq\Desktop\Coach_Tracker\_Coach_Video\3-16\Coach-5\Coach-5-hour-8-20260316165632.mp4 (36000 frames @ 10.0 fps). (headless)
Config: yaml=coach5.yaml zone=C:\Users\vioyq\Desktop\Coach_Tracker\coach-tracker-demo\coach-store\zone\coach5.json
Output CSV: C:\Users\vioyq\Desktop\Coach_Tracker\coach-tracker-demo\coach-store\CSV-state\coach5\0316-coach5-20260325-131956.csv

--- Report ---
Time spent processing: 1409.1s
Time on screen per person:
  Person 0 on screen for 3505.0s | zone=0.0s
  Person 1 on screen for 3505.0s | zone=0.0s
  Person 2 on screen for 2883.2s | zone=0.2s
  Person 3 on screen for 0.2s | zone=0.0s
  Person 4 on screen for 2346.3s | zone=2346.2s
  Person 5 on screen for 2370.9s | zone=4.7s
  Person 11 on screen for 244.6s | zone=0.1s
  Person 13 on screen for 295.1s | zone=0.6s
  Person 16 on screen for 4.2s | zone=0.0s
  Person 18 on screen for 0.6s | zone=0.5s
  Person 21 on screen for 1.0s | zone=0.9s
  Person 22 on screen for 1742.7s | zone=20.4s
  Person 29 on screen for 395.1s | zone=2995.6s
  Person 31 on screen for 518.2s | zone=1401.0s
  Person 32 on screen for 665.8s | zone=8.7s
  Person 33 on screen for 1115.5s | zone=1115.4s
  Person 37 on screen for 349.8s | zone=3.5s
  Person 40 on screen for 48.1s | zone=0.0s
  Person 42 on screen for 1592.7s | zone=11.1s
  Person 43 on screen for 203.3s | zone=426.5s
  Person 46 on screen for 14.7s | zone=8.0s
  Person 47 on screen for 2638.8s | zone=0.3s
  Person 50 on screen for 3.5s | zone=0.1s
  Person 53 on screen for 121.7s | zone=1.7s
  Person 55 on screen for 37.7s | zone=8.4s
  Person 56 on screen for 40.2s | zone=2.3s
  Person 58 on screen for 390.7s | zone=390.6s
  Person 59 on screen for 131.9s | zone=131.8s
  Person 62 on screen for 142.8s | zone=142.7s
  Person 65 on screen for 8.4s | zone=0.8s
  Person 67 on screen for 614.3s | zone=0.1s
  Person 68 on screen for 186.3s | zone=22.3s
  Person 70 on screen for 2182.8s | zone=2.6s
  Person 71 on screen for 59.2s | zone=59.3s
  Person 72 on screen for 795.4s | zone=795.3s
  Person 73 on screen for 42.8s | zone=41.8s
  Person 77 on screen for 2200.1s | zone=1990.6s
  Person 81 on screen for 0.1s | zone=278.5s
  Person 83 on screen for 25.6s | zone=0.0s
  Person 84 on screen for 82.6s | zone=24.9s
  Person 85 on screen for 1797.0s | zone=44.4s
  Person 88 on screen for 84.5s | zone=767.3s
  Person 91 on screen for 1499.1s | zone=1335.4s
  Person 92 on screen for 7.4s | zone=7.3s
  Person 95 on screen for 6.9s | zone=0.4s
  Person 102 on screen for 7.2s | zone=0.0s
  Person 104 on screen for 38.7s | zone=924.5s
  Person 105 on screen for 1322.7s | zone=38.6s
  Person 109 on screen for 2.4s | zone=0.2s
  Person 110 on screen for 55.4s | zone=1.4s
  Person 114 on screen for 1154.3s | zone=2.2s
  Person 115 on screen for 154.6s | zone=152.5s
  Person 118 on screen for 1710.1s | zone=709.2s
  Person 120 on screen for 99.2s | zone=1.3s
  Person 123 on screen for 4.6s | zone=2.1s
  Person 124 on screen for 0.2s | zone=0.1s
  Person 126 on screen for 10.8s | zone=83.3s
  Person 127 on screen for 2.3s | zone=2.3s
  Person 130 on screen for 0.8s | zone=0.7s
  Person 131 on screen for 1489.1s | zone=0.1s
  Person 134 on screen for 337.0s | zone=30.9s
  Person 135 on screen for 183.7s | zone=0.0s
  Person 137 on screen for 2827.0s | zone=2820.4s
  Person 139 on screen for 926.8s | zone=6.1s
  Person 141 on screen for 428.3s | zone=4.7s
  Person 145 on screen for 39.5s | zone=10.6s
  Person 148 on screen for 238.6s | zone=238.5s
  Person 149 on screen for 9.6s | zone=0.2s
  Person 150 on screen for 1483.3s | zone=0.3s
  Person 153 on screen for 950.5s | zone=4.5s
  Person 155 on screen for 1256.6s | zone=191.8s
  Person 157 on screen for 1670.0s | zone=0.4s
  Person 158 on screen for 922.7s | zone=10.8s
  Person 166 on screen for 1.5s | zone=1.6s
  Person 169 on screen for 172.9s | zone=6.6s
  Person 173 on screen for 32.7s | zone=9.5s
  Person 175 on screen for 97.7s | zone=67.9s
  Person 176 on screen for 22.2s | zone=7.5s
  Person 180 on screen for 229.4s | zone=332.7s
  Person 181 on screen for 1122.9s | zone=13.5s
  Person 184 on screen for 5.5s | zone=5.4s
  Person 187 on screen for 9.9s | zone=0.0s
  Person 188 on screen for 1101.8s | zone=25.6s
  Person 190 on screen for 1066.2s | zone=7.5s
  Person 193 on screen for 33.6s | zone=4.0s
  Person 196 on screen for 462.1s | zone=51.3s
  Person 197 on screen for 55.7s | zone=55.6s
  Person 205 on screen for 23.9s | zone=23.8s
  Person 206 on screen for 8.4s | zone=1.9s
  Person 207 on screen for 59.7s | zone=614.5s
  Person 211 on screen for 926.7s | zone=0.1s
  Person 213 on screen for 20.5s | zone=0.1s
  Person 216 on screen for 5.2s | zone=5.5s
  Person 218 on screen for 32.8s | zone=32.7s
  Person 219 on screen for 1713.5s | zone=1704.1s
  Person 221 on screen for 36.6s | zone=36.3s
  Person 222 on screen for 552.9s | zone=552.8s
  Person 223 on screen for 29.3s | zone=1306.6s
  Person 229 on screen for 914.9s | zone=0.0s
  Person 233 on screen for 17.9s | zone=17.8s
  Person 236 on screen for 112.6s | zone=83.7s
  Person 237 on screen for 1366.0s | zone=1.5s
  Person 239 on screen for 311.4s | zone=0.2s
  Person 247 on screen for 1140.8s | zone=1049.6s
  Person 248 on screen for 6.4s | zone=97.2s
  Person 250 on screen for 1.7s | zone=0.5s
  Person 253 on screen for 877.2s | zone=844.3s
  Person 254 on screen for 1062.5s | zone=5.1s
  Person 255 on screen for 1232.2s | zone=1.7s
  Person 256 on screen for 47.7s | zone=918.6s
  Person 257 on screen for 1746.5s | zone=1741.4s
  Person 258 on screen for 106.0s | zone=0.1s
  Person 259 on screen for 850.9s | zone=850.8s
  Person 261 on screen for 225.3s | zone=3.2s
  Person 263 on screen for 555.0s | zone=365.7s
  Person 264 on screen for 21.0s | zone=20.9s
  Person 266 on screen for 887.5s | zone=887.4s
  Person 267 on screen for 57.4s | zone=697.9s
  Person 276 on screen for 14.2s | zone=0.0s
  Person 278 on screen for 749.7s | zone=0.1s
  Person 281 on screen for 22.8s | zone=0.0s
  Person 283 on screen for 7.1s | zone=0.0s
  Person 284 on screen for 1.1s | zone=0.1s
  Person 285 on screen for 2499.6s | zone=2499.5s
  Person 286 on screen for 803.1s | zone=0.9s
  Person 293 on screen for 97.8s | zone=1.5s
  Person 294 on screen for 54.4s | zone=54.3s
  Person 297 on screen for 6.0s | zone=5.9s
  Person 301 on screen for 806.7s | zone=0.1s
  Person 302 on screen for 773.9s | zone=36.8s
  Person 303 on screen for 16.2s | zone=5.0s
  Person 304 on screen for 11.1s | zone=11.1s
  Person 307 on screen for 221.9s | zone=0.8s
  Person 312 on screen for 2829.5s | zone=2829.4s
  Person 316 on screen for 1364.1s | zone=1365.0s
  Person 320 on screen for 6.1s | zone=1785.1s
  Person 322 on screen for 3.8s | zone=238.9s
  Person 323 on screen for 2289.7s | zone=1938.9s
  Person 325 on screen for 760.8s | zone=760.7s
  Person 326 on screen for 64.7s | zone=0.1s
  Person 328 on screen for 2.8s | zone=2.7s
  Person 330 on screen for 40.3s | zone=37.0s
  Person 332 on screen for 565.2s | zone=0.1s
  Person 334 on screen for 2677.4s | zone=2677.3s
  Person 337 on screen for 26.6s | zone=4.6s
  Person 345 on screen for 42.7s | zone=42.7s
  Person 347 on screen for 1.1s | zone=2.5s
  Person 348 on screen for 19.8s | zone=19.7s
  Person 352 on screen for 90.5s | zone=20.0s
  Person 361 on screen for 2030.7s | zone=3.3s
  Person 363 on screen for 1139.8s | zone=458.5s
  Person 364 on screen for 82.0s | zone=0.1s
  Person 366 on screen for 30.3s | zone=30.6s
  Person 367 on screen for 1705.2s | zone=2277.8s
  Person 368 on screen for 240.6s | zone=240.7s
  Person 372 on screen for 10.6s | zone=0.8s
  Person 373 on screen for 12.6s | zone=13.2s
  Person 374 on screen for 1371.1s | zone=8.8s
  Person 376 on screen for 8.5s | zone=3105.7s
  Person 378 on screen for 20.5s | zone=0.5s
  Person 379 on screen for 2.8s | zone=4.3s
  Person 383 on screen for 7.8s | zone=1249.4s
  Person 385 on screen for 2544.4s | zone=57.5s
  Person 388 on screen for 14.0s | zone=14.2s
  Person 389 on screen for 106.8s | zone=0.9s
  Person 390 on screen for 22.3s | zone=22.2s
  Person 392 on screen for 29.5s | zone=29.4s
  Person 393 on screen for 1535.0s | zone=877.7s
  Person 394 on screen for 233.1s | zone=1.0s
  Person 395 on screen for 18.5s | zone=19.0s
  Person 398 on screen for 223.2s | zone=36.3s
  Person 404 on screen for 792.3s | zone=0.1s
  Person 412 on screen for 9.0s | zone=2.0s
  Person 414 on screen for 15.7s | zone=5.9s
  Person 415 on screen for 2.5s | zone=0.6s
  Person 426 on screen for 4.3s | zone=1.6s
  Person 429 on screen for 3.4s | zone=3.3s
  Person 441 on screen for 1518.1s | zone=19.8s
  Person 449 on screen for 0.3s | zone=0.2s
  Person 457 on screen for 22.9s | zone=0.2s
  Person 468 on screen for 1614.9s | zone=1612.6s
  Person 494 on screen for 12.5s | zone=4.2s
  Person 495 on screen for 13.3s | zone=0.0s
  Person 496 on screen for 12.7s | zone=0.0s
  Person 522 on screen for 73.4s | zone=0.0s
  Person 524 on screen for 402.6s | zone=0.0s
  Person 546 on screen for 211.2s | zone=0.0s
  Person 556 on screen for 128.7s | zone=101.1s
  Person 565 on screen for 1161.4s | zone=826.8s
  Person 574 on screen for 1.8s | zone=0.0s
Person-ID memory saved: C:\Users\vioyq\Desktop\Coach_Tracker\coach-tracker-demo\coach-store\person-ID\coach5\0316.json
CSV written: C:\Users\vioyq\Desktop\Coach_Tracker\coach-tracker-demo\coach-store\CSV-state\coach5\0316-coach5-20260325-131956.csv
--- end report ---

[Progress] 9/12 ( 75.0%) | elapsed 10612.2s | ETA  3537.4s

=== Running: Coach-5-hour-9-20260316175632.mp4 ===
Person-ID memory: loaded 385 IDs from C:\Users\vioyq\Desktop\Coach_Tracker\coach-tracker-demo\coach-store\person-ID\coach5\0316.json
[coach5] C:\Users\vioyq\Desktop\Coach_Tracker\_Coach_Video\3-16\Coach-5\Coach-5-hour-9-20260316175632.mp4 (36000 frames @ 10.0 fps). (headless)
Config: yaml=coach5.yaml zone=C:\Users\vioyq\Desktop\Coach_Tracker\coach-tracker-demo\coach-store\zone\coach5.json
Output CSV: C:\Users\vioyq\Desktop\Coach_Tracker\coach-tracker-demo\coach-store\CSV-state\coach5\0316-coach5-20260325-131956.csv

--- Report ---
Time spent processing: 1252.0s
Time on screen per person:
  Person 0 on screen for 2760.4s | zone=0.0s
  Person 1 on screen for 2749.7s | zone=0.2s
  Person 2 on screen for 3278.8s | zone=184.2s
  Person 3 on screen for 0.1s | zone=0.1s
  Person 4 on screen for 1016.6s | zone=1014.0s
  Person 8 on screen for 1264.0s | zone=0.2s
  Person 16 on screen for 73.0s | zone=8.3s
  Person 17 on screen for 67.3s | zone=67.2s
  Person 20 on screen for 314.2s | zone=0.0s
  Person 21 on screen for 140.0s | zone=0.1s
  Person 22 on screen for 2319.3s | zone=547.3s
  Person 26 on screen for 2519.7s | zone=20.3s
  Person 29 on screen for 2110.6s | zone=188.4s
  Person 31 on screen for 628.3s | zone=604.8s
  Person 33 on screen for 32.9s | zone=1.2s
  Person 35 on screen for 2026.5s | zone=70.6s
  Person 37 on screen for 1.3s | zone=1.2s
  Person 38 on screen for 364.5s | zone=15.7s
  Person 43 on screen for 1.7s | zone=1.6s
  Person 47 on screen for 28.8s | zone=19.3s
  Person 48 on screen for 992.7s | zone=1768.2s
  Person 49 on screen for 13.0s | zone=12.9s
  Person 50 on screen for 322.4s | zone=0.2s
  Person 56 on screen for 1.0s | zone=0.1s
  Person 57 on screen for 1540.4s | zone=244.3s
  Person 58 on screen for 1977.9s | zone=1977.8s
  Person 59 on screen for 2470.2s | zone=2470.1s
  Person 61 on screen for 17.1s | zone=0.9s
  Person 62 on screen for 1611.8s | zone=0.1s
  Person 63 on screen for 2.1s | zone=2.0s
  Person 66 on screen for 86.6s | zone=0.1s
  Person 67 on screen for 0.9s | zone=1.2s
  Person 72 on screen for 2.3s | zone=2.2s
  Person 74 on screen for 134.1s | zone=106.7s
  Person 77 on screen for 650.6s | zone=4.9s
  Person 78 on screen for 1.5s | zone=1.4s
  Person 79 on screen for 41.0s | zone=33.5s
  Person 80 on screen for 0.9s | zone=0.8s
  Person 82 on screen for 1807.5s | zone=1.1s
  Person 84 on screen for 18.5s | zone=0.1s
  Person 85 on screen for 64.9s | zone=477.7s
  Person 86 on screen for 1429.0s | zone=1300.7s
  Person 88 on screen for 2.0s | zone=1.9s
  Person 89 on screen for 40.1s | zone=7.6s
  Person 90 on screen for 107.0s | zone=77.8s
  Person 92 on screen for 1635.6s | zone=779.3s
  Person 93 on screen for 0.1s | zone=0.7s
  Person 96 on screen for 26.2s | zone=400.5s
  Person 97 on screen for 1072.4s | zone=2067.6s
  Person 100 on screen for 984.7s | zone=375.5s
  Person 101 on screen for 438.2s | zone=0.1s
  Person 103 on screen for 35.1s | zone=3.2s
  Person 106 on screen for 2250.8s | zone=1571.2s
  Person 108 on screen for 756.7s | zone=9.6s
  Person 115 on screen for 34.6s | zone=3.1s
  Person 117 on screen for 53.1s | zone=53.0s
  Person 118 on screen for 257.0s | zone=256.9s
  Person 119 on screen for 2.9s | zone=2.1s
  Person 120 on screen for 1593.6s | zone=4.0s
  Person 125 on screen for 538.7s | zone=538.8s
  Person 128 on screen for 0.6s | zone=0.5s
  Person 129 on screen for 1428.9s | zone=0.1s
  Person 133 on screen for 600.5s | zone=0.0s
  Person 135 on screen for 1.1s | zone=1.0s
  Person 136 on screen for 1.8s | zone=15.4s
  Person 137 on screen for 2958.6s | zone=0.0s
  Person 138 on screen for 13.3s | zone=13.2s
  Person 139 on screen for 2.8s | zone=0.0s
  Person 149 on screen for 62.4s | zone=1751.3s
  Person 151 on screen for 1121.6s | zone=0.3s
  Person 155 on screen for 104.7s | zone=68.5s
  Person 157 on screen for 8.2s | zone=8.1s
  Person 160 on screen for 1024.7s | zone=1019.3s
  Person 166 on screen for 0.4s | zone=0.3s
  Person 184 on screen for 3115.8s | zone=2678.1s
  Person 185 on screen for 712.3s | zone=0.6s
  Person 189 on screen for 2.4s | zone=0.3s
  Person 195 on screen for 23.8s | zone=23.7s
  Person 197 on screen for 2.2s | zone=1442.8s
  Person 199 on screen for 3.2s | zone=3.1s
  Person 202 on screen for 2697.1s | zone=869.6s
  Person 209 on screen for 16.3s | zone=672.0s
  Person 210 on screen for 111.6s | zone=22.9s
  Person 213 on screen for 7.6s | zone=0.0s
  Person 214 on screen for 276.0s | zone=0.0s
  Person 216 on screen for 3.0s | zone=773.7s
  Person 220 on screen for 0.6s | zone=0.5s
  Person 222 on screen for 725.1s | zone=725.0s
  Person 224 on screen for 10.7s | zone=0.0s
  Person 235 on screen for 1997.3s | zone=1.4s
  Person 236 on screen for 105.2s | zone=1.6s
  Person 239 on screen for 6.0s | zone=6.0s
  Person 246 on screen for 57.1s | zone=36.8s
  Person 248 on screen for 2272.1s | zone=0.3s
  Person 250 on screen for 735.2s | zone=2274.5s
  Person 254 on screen for 12.1s | zone=0.7s
  Person 255 on screen for 3.0s | zone=0.5s
  Person 258 on screen for 1.9s | zone=1.8s
  Person 259 on screen for 0.8s | zone=0.7s
  Person 261 on screen for 0.5s | zone=0.0s
  Person 264 on screen for 5.8s | zone=0.3s
  Person 266 on screen for 184.7s | zone=0.0s
  Person 267 on screen for 13.8s | zone=0.2s
  Person 276 on screen for 970.7s | zone=967.4s
  Person 283 on screen for 2515.0s | zone=2514.9s
  Person 284 on screen for 1943.1s | zone=0.1s
  Person 285 on screen for 19.0s | zone=288.5s
  Person 286 on screen for 846.1s | zone=7.0s
  Person 287 on screen for 1297.5s | zone=551.8s
  Person 296 on screen for 25.4s | zone=20.4s
  Person 297 on screen for 29.2s | zone=7.6s
  Person 304 on screen for 368.4s | zone=368.3s
  Person 305 on screen for 2130.9s | zone=1899.0s
  Person 311 on screen for 0.1s | zone=661.1s
  Person 312 on screen for 162.7s | zone=2.3s
  Person 320 on screen for 695.6s | zone=47.2s
  Person 322 on screen for 337.6s | zone=0.0s
  Person 323 on screen for 202.9s | zone=178.0s
  Person 324 on screen for 0.6s | zone=0.3s
  Person 325 on screen for 2401.7s | zone=0.1s
  Person 331 on screen for 23.2s | zone=23.1s
  Person 333 on screen for 38.0s | zone=8.7s
  Person 337 on screen for 3253.6s | zone=3249.8s
  Person 338 on screen for 1.4s | zone=1.3s
  Person 339 on screen for 55.9s | zone=3.3s
  Person 340 on screen for 12.1s | zone=0.0s
  Person 341 on screen for 43.4s | zone=1.9s
  Person 345 on screen for 55.6s | zone=2142.8s
  Person 346 on screen for 4.0s | zone=4.1s
  Person 347 on screen for 0.1s | zone=3445.4s
  Person 348 on screen for 34.7s | zone=34.8s
  Person 362 on screen for 23.9s | zone=0.3s
  Person 363 on screen for 118.7s | zone=27.3s
  Person 364 on screen for 10.4s | zone=0.9s
  Person 369 on screen for 0.1s | zone=0.0s
  Person 373 on screen for 14.2s | zone=4.9s
  Person 374 on screen for 0.2s | zone=0.1s
  Person 375 on screen for 916.2s | zone=916.1s
  Person 376 on screen for 208.7s | zone=1.7s
  Person 378 on screen for 22.2s | zone=10.7s
  Person 385 on screen for 2409.6s | zone=16.3s
  Person 389 on screen for 1.3s | zone=1.2s
  Person 390 on screen for 3.1s | zone=3.0s
  Person 392 on screen for 1146.7s | zone=764.1s
  Person 393 on screen for 1445.5s | zone=92.8s
  Person 420 on screen for 792.7s | zone=2.7s
  Person 428 on screen for 9.3s | zone=0.1s
  Person 429 on screen for 1.2s | zone=1.1s
  Person 443 on screen for 30.2s | zone=9.3s
  Person 449 on screen for 9.8s | zone=9.7s
  Person 468 on screen for 8.0s | zone=3.3s
  Person 469 on screen for 2.0s | zone=1.9s
  Person 546 on screen for 108.6s | zone=0.1s
  Person 556 on screen for 689.7s | zone=7.6s
  Person 574 on screen for 1301.3s | zone=0.7s
  Person 576 on screen for 811.7s | zone=811.6s
Person-ID memory saved: C:\Users\vioyq\Desktop\Coach_Tracker\coach-tracker-demo\coach-store\person-ID\coach5\0316.json
CSV written: C:\Users\vioyq\Desktop\Coach_Tracker\coach-tracker-demo\coach-store\CSV-state\coach5\0316-coach5-20260325-131956.csv
--- end report ---

[Progress] 10/12 ( 83.3%) | elapsed 11869.3s | ETA  2373.9s

=== Running: Coach-5-hour-10-20260316185632.mp4 ===
Person-ID memory: loaded 394 IDs from C:\Users\vioyq\Desktop\Coach_Tracker\coach-tracker-demo\coach-store\person-ID\coach5\0316.json
[coach5] C:\Users\vioyq\Desktop\Coach_Tracker\_Coach_Video\3-16\Coach-5\Coach-5-hour-10-20260316185632.mp4 (36000 frames @ 10.0 fps). (headless)
Config: yaml=coach5.yaml zone=C:\Users\vioyq\Desktop\Coach_Tracker\coach-tracker-demo\coach-store\zone\coach5.json
Output CSV: C:\Users\vioyq\Desktop\Coach_Tracker\coach-tracker-demo\coach-store\CSV-state\coach5\0316-coach5-20260325-131956.csv

--- Report ---
Time spent processing: 1247.8s
Time on screen per person:
  Person 0 on screen for 3452.0s | zone=0.0s
  Person 1 on screen for 1391.8s | zone=2157.7s
  Person 2 on screen for 0.1s | zone=0.2s
  Person 3 on screen for 2.0s | zone=1.9s
  Person 4 on screen for 55.5s | zone=0.9s
  Person 6 on screen for 14.4s | zone=0.1s
  Person 11 on screen for 25.6s | zone=15.3s
  Person 16 on screen for 166.5s | zone=9.1s
  Person 18 on screen for 129.7s | zone=12.5s
  Person 22 on screen for 9.5s | zone=1762.2s
  Person 23 on screen for 2.3s | zone=0.0s
  Person 24 on screen for 16.7s | zone=1.9s
  Person 25 on screen for 0.4s | zone=0.3s
  Person 26 on screen for 429.3s | zone=6.1s
  Person 28 on screen for 92.8s | zone=16.8s
  Person 29 on screen for 19.6s | zone=0.0s
  Person 31 on screen for 5.9s | zone=2013.9s
  Person 32 on screen for 514.0s | zone=173.7s
  Person 35 on screen for 81.0s | zone=78.9s
  Person 37 on screen for 3015.5s | zone=3015.4s
  Person 38 on screen for 320.6s | zone=1.0s
  Person 40 on screen for 1226.0s | zone=0.2s
  Person 43 on screen for 38.4s | zone=1.5s
  Person 53 on screen for 6.4s | zone=24.5s
  Person 57 on screen for 87.8s | zone=56.8s
  Person 58 on screen for 2997.4s | zone=1921.3s
  Person 61 on screen for 22.0s | zone=16.2s
  Person 62 on screen for 1016.3s | zone=994.2s
  Person 63 on screen for 0.9s | zone=0.8s
  Person 64 on screen for 4.7s | zone=0.1s
  Person 66 on screen for 233.4s | zone=1.2s
  Person 70 on screen for 15.1s | zone=4.6s
  Person 71 on screen for 0.5s | zone=2195.6s
  Person 79 on screen for 13.6s | zone=13.5s
  Person 81 on screen for 3.2s | zone=3.3s
  Person 82 on screen for 2086.3s | zone=26.6s
  Person 83 on screen for 1157.9s | zone=1154.6s
  Person 85 on screen for 16.9s | zone=1.6s
  Person 86 on screen for 724.0s | zone=12.5s
  Person 87 on screen for 2967.5s | zone=1515.1s
  Person 91 on screen for 31.1s | zone=5.2s
  Person 92 on screen for 475.1s | zone=451.2s
  Person 93 on screen for 2011.7s | zone=2010.1s
  Person 95 on screen for 988.8s | zone=0.1s
  Person 96 on screen for 734.5s | zone=7.7s
  Person 97 on screen for 5.3s | zone=0.4s
  Person 98 on screen for 13.0s | zone=584.0s
  Person 101 on screen for 38.1s | zone=31.5s
  Person 105 on screen for 29.5s | zone=0.1s
  Person 110 on screen for 52.1s | zone=0.0s
  Person 114 on screen for 120.1s | zone=973.1s
  Person 118 on screen for 0.1s | zone=15.0s
  Person 119 on screen for 2.8s | zone=3.3s
  Person 120 on screen for 8.2s | zone=8.1s
  Person 122 on screen for 646.1s | zone=98.3s
  Person 125 on screen for 1208.2s | zone=2.5s
  Person 135 on screen for 955.2s | zone=0.0s
  Person 137 on screen for 59.7s | zone=1.2s
  Person 142 on screen for 58.6s | zone=6.1s
  Person 148 on screen for 2056.2s | zone=1919.7s
  Person 151 on screen for 376.1s | zone=1276.7s
  Person 159 on screen for 761.6s | zone=754.4s
  Person 160 on screen for 15.7s | zone=15.6s
  Person 164 on screen for 1681.4s | zone=1678.0s
  Person 169 on screen for 914.3s | zone=664.3s
  Person 170 on screen for 5.9s | zone=5.9s
  Person 175 on screen for 1976.4s | zone=0.3s
  Person 177 on screen for 723.3s | zone=720.6s
  Person 184 on screen for 4.5s | zone=3.6s
  Person 187 on screen for 167.5s | zone=0.1s
  Person 188 on screen for 2292.8s | zone=2271.2s
  Person 190 on screen for 4.8s | zone=3.3s
  Person 192 on screen for 0.2s | zone=0.1s
  Person 194 on screen for 990.1s | zone=2.2s
  Person 197 on screen for 5.3s | zone=42.7s
  Person 198 on screen for 8.7s | zone=8.6s
  Person 209 on screen for 636.8s | zone=636.7s
  Person 216 on screen for 18.4s | zone=0.5s
  Person 217 on screen for 5.6s | zone=1.5s
  Person 219 on screen for 259.9s | zone=260.1s
  Person 222 on screen for 2631.2s | zone=2787.9s
  Person 223 on screen for 318.8s | zone=0.0s
  Person 237 on screen for 1.3s | zone=1629.1s
  Person 238 on screen for 96.6s | zone=11.2s
  Person 239 on screen for 3.9s | zone=3.9s
  Person 240 on screen for 0.8s | zone=0.7s
  Person 243 on screen for 3.3s | zone=0.8s
  Person 245 on screen for 3.5s | zone=3.5s
  Person 248 on screen for 29.3s | zone=20.6s
  Person 250 on screen for 8.9s | zone=9.5s
  Person 256 on screen for 33.2s | zone=28.3s
  Person 259 on screen for 1227.6s | zone=1227.5s
  Person 261 on screen for 770.7s | zone=32.5s
  Person 264 on screen for 2879.4s | zone=2879.1s
  Person 266 on screen for 3.6s | zone=3.5s
  Person 273 on screen for 46.6s | zone=3.8s
  Person 278 on screen for 4.4s | zone=4.3s
  Person 283 on screen for 142.6s | zone=2.0s
  Person 287 on screen for 1582.5s | zone=1369.5s
  Person 290 on screen for 2838.1s | zone=2006.5s
  Person 305 on screen for 2196.4s | zone=13.2s
  Person 323 on screen for 172.3s | zone=27.0s
  Person 325 on screen for 32.3s | zone=32.2s
  Person 331 on screen for 73.5s | zone=73.4s
  Person 332 on screen for 24.1s | zone=4.9s
  Person 333 on screen for 440.6s | zone=0.0s
  Person 334 on screen for 505.0s | zone=504.9s
  Person 339 on screen for 8.8s | zone=1.0s
  Person 346 on screen for 9.8s | zone=2.2s
  Person 352 on screen for 677.9s | zone=29.7s
  Person 363 on screen for 4.1s | zone=4.0s
  Person 364 on screen for 1385.6s | zone=0.8s
  Person 367 on screen for 2251.6s | zone=2251.5s
  Person 373 on screen for 16.6s | zone=16.5s
  Person 375 on screen for 2.8s | zone=2.7s
  Person 377 on screen for 4.5s | zone=4.4s
  Person 379 on screen for 0.1s | zone=0.0s
  Person 388 on screen for 53.1s | zone=13.2s
  Person 389 on screen for 3428.1s | zone=1039.5s
  Person 390 on screen for 3.6s | zone=3.5s
  Person 412 on screen for 2209.0s | zone=2.4s
  Person 414 on screen for 1129.0s | zone=3.7s
  Person 419 on screen for 5.8s | zone=0.6s
  Person 420 on screen for 3.3s | zone=3.2s
  Person 424 on screen for 2254.1s | zone=2254.0s
  Person 426 on screen for 3.1s | zone=0.1s
  Person 434 on screen for 4.0s | zone=3.9s
  Person 441 on screen for 316.6s | zone=0.0s
  Person 469 on screen for 43.8s | zone=43.7s
  Person 549 on screen for 652.8s | zone=175.0s
Person-ID memory saved: C:\Users\vioyq\Desktop\Coach_Tracker\coach-tracker-demo\coach-store\person-ID\coach5\0316.json
CSV written: C:\Users\vioyq\Desktop\Coach_Tracker\coach-tracker-demo\coach-store\CSV-state\coach5\0316-coach5-20260325-131956.csv
--- end report ---

[Progress] 11/12 ( 91.7%) | elapsed 13121.5s | ETA  1192.9s

=== Running: Coach-5-hour-11-20260316195632.mp4 ===
