# date=3-16
# cmd: C:\Users\vioyq\Desktop\Coach_Tracker\coach-tracker-demo\venv\Scripts\python.exe -u C:\Users\vioyq\Desktop\Coach_Tracker\coach-tracker-demo\video-script\coach-date-camera-id-runner.py --date 3-16 --camera coach-3 --video-root C:\Users\vioyq\Desktop\Coach_Tracker\_Coach_Video --drive-mount-root /content/drive --no-viewer
# cwd: C:\Users\vioyq\Desktop\Coach_Tracker\coach-tracker-demo

Combined CSV output: C:\Users\vioyq\Desktop\Coach_Tracker\coach-tracker-demo\coach-store\CSV-state\coach3\0316-coach3-20260325-085600.csv
Found 12 video(s) in C:\Users\vioyq\Desktop\Coach_Tracker\_Coach_Video\3-16\Coach-3
001. Coach-3-hour-1-20260316095959.mp4
002. Coach-3-hour-2-20260316105959.mp4
003. Coach-3-hour-3-20260316115959.mp4
004. Coach-3-hour-4-20260316125959.mp4
005. Coach-3-hour-5-20260316135959.mp4
006. Coach-3-hour-6-20260316145959.mp4
007. Coach-3-hour-7-20260316155959.mp4
008. Coach-3-hour-8-20260316165959.mp4
009. Coach-3-hour-9-20260316175959.mp4
010. Coach-3-hour-10-20260316190000.mp4
011. Coach-3-hour-11-20260316200003.mp4
012. Coach-3-hour-12-20260316205403.mp4

[Progress] 1/12 (  8.3%) | elapsed     0.0s | ETA     0.0s

=== Running: Coach-3-hour-1-20260316095959.mp4 ===
Person-ID memory: loaded 0 IDs from C:\Users\vioyq\Desktop\Coach_Tracker\coach-tracker-demo\coach-store\person-ID\coach3\0316.json
[coach3] C:\Users\vioyq\Desktop\Coach_Tracker\_Coach_Video\3-16\Coach-3\Coach-3-hour-1-20260316095959.mp4 (36000 frames @ 10.0 fps). (headless)
Config: yaml=coach3.yaml zone=C:\Users\vioyq\Desktop\Coach_Tracker\coach-tracker-demo\coach-store\zone\coach3.json
Output CSV: C:\Users\vioyq\Desktop\Coach_Tracker\coach-tracker-demo\coach-store\CSV-state\coach3\0316-coach3-20260325-085600.csv

--- Report ---
Time spent processing: 1247.8s
Time on screen per person:
  Person 0 on screen for 3308.6s | zone=0.0s
  Person 1 on screen for 3145.0s | zone=0.0s
  Person 2 on screen for 3133.5s | zone=0.0s
  Person 3 on screen for 3089.8s | zone=0.0s
  Person 5 on screen for 2041.8s | zone=3.1s
  Person 7 on screen for 1.4s | zone=0.0s
  Person 8 on screen for 2766.0s | zone=11.7s
  Person 9 on screen for 2566.0s | zone=2506.5s
  Person 11 on screen for 7.8s | zone=7.7s
  Person 12 on screen for 1835.7s | zone=1819.3s
  Person 13 on screen for 1535.0s | zone=1516.8s
  Person 14 on screen for 1516.0s | zone=0.0s
  Person 25 on screen for 336.6s | zone=5.0s
  Person 26 on screen for 1497.7s | zone=0.0s
  Person 28 on screen for 20.8s | zone=0.1s
  Person 33 on screen for 941.4s | zone=0.0s
  Person 34 on screen for 1155.9s | zone=0.0s
  Person 36 on screen for 17.1s | zone=17.0s
  Person 38 on screen for 916.4s | zone=0.1s
  Person 39 on screen for 940.0s | zone=1.1s
  Person 44 on screen for 340.6s | zone=314.3s
  Person 45 on screen for 656.6s | zone=0.0s
  Person 46 on screen for 495.1s | zone=0.0s
  Person 49 on screen for 255.3s | zone=27.6s
  Person 56 on screen for 0.8s | zone=0.0s
  Person 57 on screen for 32.3s | zone=0.0s
  Person 61 on screen for 151.4s | zone=128.4s
  Person 67 on screen for 267.4s | zone=17.6s
  Person 68 on screen for 30.6s | zone=0.0s
  Person 69 on screen for 4.1s | zone=4.0s
  Person 70 on screen for 38.6s | zone=14.8s
  Person 71 on screen for 113.7s | zone=2.9s
  Person 74 on screen for 504.2s | zone=0.2s
  Person 76 on screen for 520.9s | zone=0.0s
  Person 77 on screen for 247.4s | zone=3.6s
  Person 79 on screen for 238.0s | zone=0.0s
  Person 80 on screen for 506.2s | zone=0.0s
  Person 96 on screen for 434.0s | zone=5.4s
  Person 103 on screen for 2.2s | zone=0.0s
  Person 128 on screen for 0.5s | zone=0.0s
  Person 136 on screen for 104.8s | zone=0.0s
  Person 154 on screen for 17.3s | zone=1.1s
Person-ID memory saved: C:\Users\vioyq\Desktop\Coach_Tracker\coach-tracker-demo\coach-store\person-ID\coach3\0316.json
CSV written: C:\Users\vioyq\Desktop\Coach_Tracker\coach-tracker-demo\coach-store\CSV-state\coach3\0316-coach3-20260325-085600.csv
--- end report ---

[Progress] 2/12 ( 16.7%) | elapsed  1256.2s | ETA  6281.2s

=== Running: Coach-3-hour-2-20260316105959.mp4 ===
Person-ID memory: loaded 40 IDs from C:\Users\vioyq\Desktop\Coach_Tracker\coach-tracker-demo\coach-store\person-ID\coach3\0316.json
[coach3] C:\Users\vioyq\Desktop\Coach_Tracker\_Coach_Video\3-16\Coach-3\Coach-3-hour-2-20260316105959.mp4 (36000 frames @ 10.0 fps). (headless)
Config: yaml=coach3.yaml zone=C:\Users\vioyq\Desktop\Coach_Tracker\coach-tracker-demo\coach-store\zone\coach3.json
Output CSV: C:\Users\vioyq\Desktop\Coach_Tracker\coach-tracker-demo\coach-store\CSV-state\coach3\0316-coach3-20260325-085600.csv

--- Report ---
Time spent processing: 1472.9s
Time on screen per person:
  Person 0 on screen for 2924.5s | zone=0.0s
  Person 1 on screen for 2614.6s | zone=0.0s
  Person 2 on screen for 2022.9s | zone=0.0s
  Person 3 on screen for 1026.4s | zone=0.0s
  Person 5 on screen for 750.5s | zone=1.0s
  Person 7 on screen for 1670.9s | zone=88.5s
  Person 8 on screen for 3523.6s | zone=0.0s
  Person 9 on screen for 2595.7s | zone=4.9s
  Person 11 on screen for 10.1s | zone=0.1s
  Person 12 on screen for 1662.6s | zone=1365.9s
  Person 13 on screen for 1319.2s | zone=0.0s
  Person 14 on screen for 607.9s | zone=0.0s
  Person 21 on screen for 3512.8s | zone=0.0s
  Person 22 on screen for 3252.2s | zone=101.2s
  Person 23 on screen for 38.4s | zone=0.0s
  Person 25 on screen for 126.4s | zone=0.0s
  Person 26 on screen for 12.6s | zone=0.0s
  Person 28 on screen for 3084.9s | zone=0.0s
  Person 29 on screen for 3393.0s | zone=0.0s
  Person 31 on screen for 6.6s | zone=0.0s
  Person 34 on screen for 2671.8s | zone=89.0s
  Person 36 on screen for 238.6s | zone=238.5s
  Person 38 on screen for 132.1s | zone=0.0s
  Person 39 on screen for 3267.2s | zone=0.0s
  Person 42 on screen for 1571.6s | zone=0.0s
  Person 45 on screen for 3118.3s | zone=0.0s
  Person 46 on screen for 2.4s | zone=0.0s
  Person 49 on screen for 1222.2s | zone=7.8s
  Person 50 on screen for 2829.5s | zone=0.0s
  Person 53 on screen for 2816.4s | zone=0.0s
  Person 54 on screen for 184.0s | zone=119.0s
  Person 56 on screen for 63.6s | zone=0.0s
  Person 60 on screen for 1472.4s | zone=0.0s
  Person 61 on screen for 2041.1s | zone=0.9s
  Person 67 on screen for 41.7s | zone=0.4s
  Person 68 on screen for 35.0s | zone=0.0s
  Person 69 on screen for 22.1s | zone=0.1s
  Person 70 on screen for 2054.7s | zone=0.0s
  Person 71 on screen for 1772.6s | zone=1730.3s
  Person 73 on screen for 1776.4s | zone=0.0s
  Person 74 on screen for 30.4s | zone=0.0s
  Person 75 on screen for 2440.5s | zone=0.0s
  Person 76 on screen for 1086.5s | zone=0.0s
  Person 77 on screen for 377.0s | zone=0.2s
  Person 79 on screen for 2253.7s | zone=2.6s
  Person 80 on screen for 2017.3s | zone=10.9s
  Person 83 on screen for 2166.2s | zone=0.0s
  Person 84 on screen for 3.1s | zone=0.0s
  Person 87 on screen for 1478.8s | zone=37.4s
  Person 94 on screen for 18.2s | zone=18.9s
  Person 96 on screen for 3574.8s | zone=0.0s
  Person 102 on screen for 1080.0s | zone=2.7s
  Person 106 on screen for 1866.1s | zone=0.0s
  Person 107 on screen for 10.3s | zone=0.0s
  Person 111 on screen for 1283.4s | zone=0.1s
  Person 116 on screen for 798.2s | zone=0.0s
  Person 117 on screen for 1207.6s | zone=0.0s
  Person 120 on screen for 1729.8s | zone=1138.3s
  Person 122 on screen for 1311.0s | zone=0.0s
  Person 124 on screen for 1.5s | zone=0.0s
  Person 126 on screen for 127.4s | zone=42.1s
  Person 130 on screen for 1107.2s | zone=1078.1s
  Person 136 on screen for 652.4s | zone=0.3s
  Person 140 on screen for 0.1s | zone=0.0s
  Person 141 on screen for 717.2s | zone=16.6s
  Person 145 on screen for 0.6s | zone=0.0s
  Person 146 on screen for 988.2s | zone=0.0s
  Person 148 on screen for 0.3s | zone=0.0s
  Person 150 on screen for 1007.6s | zone=0.0s
  Person 154 on screen for 2008.3s | zone=7.3s
  Person 155 on screen for 0.3s | zone=0.2s
  Person 157 on screen for 0.8s | zone=0.7s
  Person 158 on screen for 900.2s | zone=0.1s
  Person 173 on screen for 68.6s | zone=68.5s
  Person 174 on screen for 1027.8s | zone=1.1s
  Person 178 on screen for 25.7s | zone=0.6s
  Person 183 on screen for 2.0s | zone=1.9s
  Person 184 on screen for 1175.1s | zone=1.7s
  Person 186 on screen for 4.8s | zone=1.7s
  Person 189 on screen for 39.3s | zone=7.4s
  Person 190 on screen for 36.5s | zone=0.0s
  Person 193 on screen for 6.6s | zone=0.0s
  Person 195 on screen for 5.8s | zone=0.0s
  Person 196 on screen for 500.0s | zone=0.0s
  Person 201 on screen for 1.6s | zone=0.0s
  Person 205 on screen for 267.4s | zone=0.0s
  Person 206 on screen for 662.9s | zone=0.0s
  Person 210 on screen for 318.1s | zone=1.0s
  Person 216 on screen for 18.0s | zone=0.0s
  Person 228 on screen for 9.5s | zone=7.0s
  Person 229 on screen for 4.9s | zone=0.0s
  Person 230 on screen for 4.5s | zone=1.2s
  Person 235 on screen for 27.7s | zone=0.0s
  Person 237 on screen for 29.5s | zone=29.5s
  Person 247 on screen for 0.5s | zone=0.1s
  Person 248 on screen for 8.7s | zone=0.0s
  Person 250 on screen for 95.0s | zone=0.4s
  Person 253 on screen for 9.5s | zone=0.0s
  Person 254 on screen for 619.8s | zone=0.0s
  Person 256 on screen for 8.2s | zone=8.7s
  Person 265 on screen for 42.9s | zone=0.5s
  Person 266 on screen for 3.6s | zone=3.6s
  Person 267 on screen for 117.7s | zone=0.4s
  Person 268 on screen for 319.3s | zone=0.0s
  Person 271 on screen for 30.3s | zone=0.2s
  Person 276 on screen for 12.8s | zone=2.3s
  Person 277 on screen for 348.5s | zone=0.0s
  Person 278 on screen for 0.3s | zone=0.0s
  Person 282 on screen for 61.8s | zone=57.0s
  Person 289 on screen for 2.6s | zone=0.6s
  Person 293 on screen for 53.9s | zone=7.0s
  Person 296 on screen for 0.2s | zone=0.0s
  Person 300 on screen for 249.0s | zone=3.8s
  Person 301 on screen for 5.4s | zone=0.0s
  Person 303 on screen for 79.0s | zone=1.5s
  Person 308 on screen for 2.6s | zone=2.5s
  Person 309 on screen for 61.3s | zone=0.0s
  Person 312 on screen for 118.5s | zone=118.4s
  Person 314 on screen for 23.4s | zone=0.0s
  Person 317 on screen for 23.7s | zone=4.6s
  Person 318 on screen for 23.8s | zone=1.0s
  Person 322 on screen for 35.7s | zone=0.0s
  Person 336 on screen for 20.3s | zone=20.2s
  Person 343 on screen for 2.6s | zone=2.5s
  Person 345 on screen for 1.0s | zone=0.0s
  Person 347 on screen for 7.3s | zone=0.0s
  Person 357 on screen for 4.5s | zone=0.0s
Person-ID memory saved: C:\Users\vioyq\Desktop\Coach_Tracker\coach-tracker-demo\coach-store\person-ID\coach3\0316.json
CSV written: C:\Users\vioyq\Desktop\Coach_Tracker\coach-tracker-demo\coach-store\CSV-state\coach3\0316-coach3-20260325-085600.csv
--- end report ---

[Progress] 3/12 ( 25.0%) | elapsed  2732.8s | ETA  8198.5s

=== Running: Coach-3-hour-3-20260316115959.mp4 ===
Person-ID memory: loaded 130 IDs from C:\Users\vioyq\Desktop\Coach_Tracker\coach-tracker-demo\coach-store\person-ID\coach3\0316.json
[coach3] C:\Users\vioyq\Desktop\Coach_Tracker\_Coach_Video\3-16\Coach-3\Coach-3-hour-3-20260316115959.mp4 (36000 frames @ 10.0 fps). (headless)
Config: yaml=coach3.yaml zone=C:\Users\vioyq\Desktop\Coach_Tracker\coach-tracker-demo\coach-store\zone\coach3.json
Output CSV: C:\Users\vioyq\Desktop\Coach_Tracker\coach-tracker-demo\coach-store\CSV-state\coach3\0316-coach3-20260325-085600.csv

--- Report ---
Time spent processing: 1486.1s
Time on screen per person:
  Person 0 on screen for 3055.1s | zone=0.0s
  Person 1 on screen for 3132.8s | zone=0.0s
  Person 2 on screen for 1719.6s | zone=10.4s
  Person 3 on screen for 0.1s | zone=0.0s
  Person 5 on screen for 0.8s | zone=0.8s
  Person 7 on screen for 2757.7s | zone=0.0s
  Person 8 on screen for 2064.3s | zone=0.3s
  Person 9 on screen for 653.2s | zone=0.5s
  Person 11 on screen for 85.7s | zone=0.1s
  Person 12 on screen for 3000.3s | zone=0.0s
  Person 13 on screen for 2160.4s | zone=1991.9s
  Person 14 on screen for 663.4s | zone=0.0s
  Person 16 on screen for 649.1s | zone=4.7s
  Person 21 on screen for 9.5s | zone=0.0s
  Person 22 on screen for 1987.0s | zone=70.2s
  Person 23 on screen for 2298.1s | zone=0.3s
  Person 25 on screen for 0.7s | zone=0.0s
  Person 26 on screen for 1555.4s | zone=0.0s
  Person 28 on screen for 84.2s | zone=0.0s
  Person 29 on screen for 1230.7s | zone=2.6s
  Person 31 on screen for 198.9s | zone=0.0s
  Person 34 on screen for 43.3s | zone=0.2s
  Person 35 on screen for 1369.3s | zone=0.0s
  Person 36 on screen for 1394.0s | zone=0.5s
  Person 38 on screen for 3184.3s | zone=467.5s
  Person 39 on screen for 372.5s | zone=0.0s
  Person 41 on screen for 4.0s | zone=0.0s
  Person 42 on screen for 1031.0s | zone=1.7s
  Person 44 on screen for 1961.5s | zone=0.0s
  Person 45 on screen for 3353.3s | zone=0.0s
  Person 46 on screen for 812.3s | zone=0.0s
  Person 50 on screen for 3238.7s | zone=12.0s
  Person 53 on screen for 2298.0s | zone=0.0s
  Person 60 on screen for 1041.2s | zone=0.6s
  Person 61 on screen for 3245.5s | zone=0.4s
  Person 65 on screen for 63.2s | zone=63.1s
  Person 68 on screen for 1116.0s | zone=0.0s
  Person 69 on screen for 47.4s | zone=2.4s
  Person 70 on screen for 13.6s | zone=0.0s
  Person 71 on screen for 51.8s | zone=2.2s
  Person 72 on screen for 2041.2s | zone=0.2s
  Person 73 on screen for 1166.4s | zone=0.0s
  Person 74 on screen for 7.3s | zone=0.0s
  Person 75 on screen for 1454.8s | zone=0.0s
  Person 76 on screen for 20.3s | zone=0.0s
  Person 77 on screen for 30.4s | zone=3.1s
  Person 79 on screen for 54.8s | zone=5.0s
  Person 80 on screen for 79.7s | zone=33.2s
  Person 82 on screen for 1.9s | zone=0.0s
  Person 83 on screen for 2592.9s | zone=7.2s
  Person 84 on screen for 1986.9s | zone=0.0s
  Person 86 on screen for 24.6s | zone=0.0s
  Person 89 on screen for 2268.4s | zone=2079.1s
  Person 90 on screen for 176.9s | zone=4.0s
  Person 95 on screen for 3.0s | zone=0.2s
  Person 96 on screen for 540.3s | zone=0.2s
  Person 98 on screen for 0.9s | zone=0.8s
  Person 99 on screen for 2745.0s | zone=453.4s
  Person 102 on screen for 3194.1s | zone=4.6s
  Person 106 on screen for 529.2s | zone=0.0s
  Person 107 on screen for 133.9s | zone=0.0s
  Person 113 on screen for 0.3s | zone=0.0s
  Person 115 on screen for 2778.6s | zone=0.0s
  Person 117 on screen for 8.8s | zone=1.8s
  Person 120 on screen for 930.6s | zone=0.0s
  Person 122 on screen for 3.0s | zone=0.0s
  Person 123 on screen for 1.5s | zone=0.0s
  Person 124 on screen for 6.1s | zone=0.0s
  Person 125 on screen for 837.8s | zone=0.0s
  Person 128 on screen for 20.0s | zone=0.0s
  Person 130 on screen for 6.7s | zone=0.5s
  Person 139 on screen for 1887.5s | zone=1887.4s
  Person 145 on screen for 0.1s | zone=0.0s
  Person 146 on screen for 1637.2s | zone=0.1s
  Person 150 on screen for 22.0s | zone=0.0s
  Person 156 on screen for 76.5s | zone=65.8s
  Person 157 on screen for 1774.5s | zone=0.0s
  Person 158 on screen for 651.8s | zone=13.8s
  Person 163 on screen for 2083.9s | zone=0.4s
  Person 166 on screen for 5.8s | zone=0.0s
  Person 167 on screen for 8.1s | zone=0.0s
  Person 169 on screen for 2319.9s | zone=1485.3s
  Person 173 on screen for 2502.4s | zone=233.2s
  Person 174 on screen for 2145.0s | zone=0.1s
  Person 175 on screen for 956.4s | zone=3.1s
  Person 178 on screen for 2474.7s | zone=0.0s
  Person 183 on screen for 53.9s | zone=0.0s
  Person 184 on screen for 55.6s | zone=0.0s
  Person 186 on screen for 17.3s | zone=0.1s
  Person 189 on screen for 1314.0s | zone=0.0s
  Person 190 on screen for 874.3s | zone=14.2s
  Person 193 on screen for 575.5s | zone=1.3s
  Person 194 on screen for 2385.8s | zone=7.6s
  Person 196 on screen for 1.7s | zone=0.0s
  Person 197 on screen for 5.5s | zone=0.0s
  Person 200 on screen for 182.5s | zone=0.0s
  Person 201 on screen for 106.3s | zone=0.0s
  Person 203 on screen for 69.2s | zone=0.0s
  Person 205 on screen for 2660.3s | zone=1.3s
  Person 206 on screen for 2554.3s | zone=1.9s
  Person 209 on screen for 2420.9s | zone=2418.0s
  Person 211 on screen for 0.1s | zone=0.0s
  Person 222 on screen for 787.9s | zone=0.0s
  Person 223 on screen for 62.5s | zone=0.0s
  Person 226 on screen for 2359.6s | zone=0.0s
  Person 227 on screen for 0.3s | zone=0.2s
  Person 229 on screen for 0.7s | zone=0.0s
  Person 230 on screen for 191.0s | zone=0.1s
  Person 234 on screen for 1067.9s | zone=0.0s
  Person 237 on screen for 903.6s | zone=715.2s
  Person 242 on screen for 1617.6s | zone=4.2s
  Person 248 on screen for 1270.6s | zone=0.0s
  Person 249 on screen for 2234.0s | zone=5.1s
  Person 250 on screen for 1057.0s | zone=5.6s
  Person 251 on screen for 2137.7s | zone=14.7s
  Person 254 on screen for 2506.8s | zone=0.0s
  Person 256 on screen for 1399.9s | zone=385.4s
  Person 260 on screen for 35.7s | zone=0.0s
  Person 265 on screen for 1428.3s | zone=28.8s
  Person 267 on screen for 1004.7s | zone=0.5s
  Person 268 on screen for 2402.7s | zone=2.9s
  Person 269 on screen for 847.7s | zone=0.0s
  Person 270 on screen for 6.0s | zone=0.0s
  Person 271 on screen for 43.2s | zone=0.2s
  Person 274 on screen for 2396.2s | zone=5.6s
  Person 276 on screen for 3333.0s | zone=7.7s
  Person 277 on screen for 621.8s | zone=0.0s
  Person 279 on screen for 194.6s | zone=20.7s
  Person 280 on screen for 87.2s | zone=22.9s
  Person 282 on screen for 2084.2s | zone=0.3s
  Person 287 on screen for 2285.5s | zone=5.1s
  Person 290 on screen for 677.5s | zone=0.0s
  Person 294 on screen for 0.1s | zone=0.0s
  Person 298 on screen for 1814.7s | zone=1.0s
  Person 300 on screen for 29.7s | zone=1033.1s
  Person 301 on screen for 511.4s | zone=0.4s
  Person 302 on screen for 51.7s | zone=0.0s
  Person 303 on screen for 3.3s | zone=1.0s
  Person 305 on screen for 18.9s | zone=0.0s
  Person 306 on screen for 24.1s | zone=0.0s
  Person 307 on screen for 0.7s | zone=0.0s
  Person 308 on screen for 8.8s | zone=0.0s
  Person 309 on screen for 2407.9s | zone=0.0s
  Person 311 on screen for 22.4s | zone=0.0s
  Person 312 on screen for 22.9s | zone=0.0s
  Person 313 on screen for 25.3s | zone=1.0s
  Person 314 on screen for 83.1s | zone=0.0s
  Person 315 on screen for 147.3s | zone=26.4s
  Person 317 on screen for 680.9s | zone=159.6s
  Person 318 on screen for 2078.1s | zone=431.6s
  Person 319 on screen for 712.7s | zone=2.2s
  Person 320 on screen for 3.2s | zone=0.0s
  Person 322 on screen for 2211.6s | zone=0.0s
  Person 323 on screen for 1.0s | zone=0.0s
  Person 324 on screen for 9.3s | zone=0.0s
  Person 333 on screen for 8.6s | zone=0.0s
  Person 334 on screen for 8.6s | zone=0.0s
  Person 336 on screen for 890.0s | zone=0.1s
  Person 339 on screen for 1.3s | zone=0.6s
  Person 342 on screen for 331.2s | zone=0.0s
  Person 343 on screen for 43.9s | zone=0.0s
  Person 344 on screen for 1683.6s | zone=1652.7s
  Person 345 on screen for 0.7s | zone=0.0s
  Person 351 on screen for 8.0s | zone=0.2s
  Person 356 on screen for 1.6s | zone=0.0s
  Person 361 on screen for 514.1s | zone=0.0s
  Person 362 on screen for 0.4s | zone=0.0s
  Person 365 on screen for 4.1s | zone=1.9s
  Person 368 on screen for 1935.4s | zone=0.7s
  Person 370 on screen for 13.7s | zone=0.0s
  Person 384 on screen for 863.9s | zone=5.2s
  Person 385 on screen for 0.7s | zone=0.0s
  Person 386 on screen for 3.7s | zone=0.0s
  Person 389 on screen for 1.0s | zone=0.0s
  Person 391 on screen for 0.6s | zone=0.0s
  Person 396 on screen for 10.5s | zone=0.0s
  Person 400 on screen for 316.8s | zone=0.0s
  Person 401 on screen for 4.1s | zone=0.1s
  Person 411 on screen for 838.9s | zone=27.0s
  Person 417 on screen for 223.9s | zone=0.0s
  Person 423 on screen for 11.5s | zone=5.5s
  Person 426 on screen for 6.1s | zone=0.0s
  Person 431 on screen for 15.0s | zone=0.0s
  Person 441 on screen for 719.8s | zone=2.4s
  Person 443 on screen for 41.5s | zone=0.0s
  Person 459 on screen for 27.0s | zone=0.1s
  Person 463 on screen for 98.4s | zone=23.4s
  Person 470 on screen for 813.5s | zone=677.7s
  Person 474 on screen for 32.1s | zone=0.0s
  Person 477 on screen for 769.8s | zone=0.0s
  Person 479 on screen for 850.8s | zone=0.0s
  Person 481 on screen for 52.8s | zone=0.0s
  Person 482 on screen for 42.0s | zone=0.0s
  Person 499 on screen for 922.4s | zone=0.0s
  Person 502 on screen for 9.9s | zone=0.0s
  Person 504 on screen for 1.2s | zone=0.0s
  Person 506 on screen for 63.9s | zone=6.2s
  Person 507 on screen for 1112.3s | zone=0.0s
  Person 508 on screen for 0.2s | zone=0.0s
  Person 513 on screen for 8.5s | zone=0.2s
  Person 515 on screen for 20.5s | zone=20.5s
  Person 516 on screen for 1.3s | zone=1.2s
  Person 523 on screen for 2.6s | zone=0.0s
  Person 524 on screen for 827.2s | zone=0.0s
  Person 526 on screen for 0.4s | zone=0.3s
  Person 531 on screen for 789.6s | zone=0.3s
  Person 532 on screen for 857.7s | zone=41.1s
  Person 535 on screen for 368.7s | zone=294.4s
  Person 536 on screen for 1.4s | zone=1.3s
  Person 539 on screen for 1.4s | zone=0.0s
  Person 552 on screen for 94.0s | zone=26.6s
  Person 559 on screen for 33.3s | zone=0.0s
  Person 561 on screen for 1.0s | zone=0.9s
  Person 563 on screen for 10.5s | zone=0.0s
  Person 564 on screen for 0.1s | zone=0.0s
  Person 569 on screen for 4.8s | zone=0.0s
  Person 572 on screen for 6.8s | zone=6.7s
  Person 579 on screen for 2.0s | zone=0.0s
  Person 583 on screen for 324.9s | zone=27.0s
  Person 587 on screen for 2.0s | zone=0.0s
  Person 591 on screen for 4.3s | zone=4.2s
  Person 600 on screen for 11.1s | zone=0.3s
  Person 625 on screen for 5.0s | zone=1.0s
Person-ID memory saved: C:\Users\vioyq\Desktop\Coach_Tracker\coach-tracker-demo\coach-store\person-ID\coach3\0316.json
CSV written: C:\Users\vioyq\Desktop\Coach_Tracker\coach-tracker-demo\coach-store\CSV-state\coach3\0316-coach3-20260325-085600.csv
--- end report ---

[Progress] 4/12 ( 33.3%) | elapsed  4222.9s | ETA  8445.9s

=== Running: Coach-3-hour-4-20260316125959.mp4 ===
Person-ID memory: loaded 253 IDs from C:\Users\vioyq\Desktop\Coach_Tracker\coach-tracker-demo\coach-store\person-ID\coach3\0316.json
[coach3] C:\Users\vioyq\Desktop\Coach_Tracker\_Coach_Video\3-16\Coach-3\Coach-3-hour-4-20260316125959.mp4 (36000 frames @ 10.0 fps). (headless)
Config: yaml=coach3.yaml zone=C:\Users\vioyq\Desktop\Coach_Tracker\coach-tracker-demo\coach-store\zone\coach3.json
Output CSV: C:\Users\vioyq\Desktop\Coach_Tracker\coach-tracker-demo\coach-store\CSV-state\coach3\0316-coach3-20260325-085600.csv

--- Report ---
Time spent processing: 1506.3s
Time on screen per person:
  Person 0 on screen for 2154.4s | zone=0.0s
  Person 1 on screen for 1358.5s | zone=0.0s
  Person 2 on screen for 0.1s | zone=0.0s
  Person 5 on screen for 160.0s | zone=119.4s
  Person 7 on screen for 1213.2s | zone=0.1s
  Person 8 on screen for 1805.2s | zone=943.6s
  Person 9 on screen for 6.0s | zone=1.5s
  Person 11 on screen for 1610.1s | zone=632.7s
  Person 12 on screen for 2991.3s | zone=7.4s
  Person 13 on screen for 3270.9s | zone=2880.9s
  Person 14 on screen for 2776.1s | zone=0.0s
  Person 18 on screen for 3407.3s | zone=0.0s
  Person 19 on screen for 51.5s | zone=14.2s
  Person 21 on screen for 2257.3s | zone=2257.2s
  Person 22 on screen for 587.4s | zone=1.8s
  Person 23 on screen for 5.6s | zone=0.0s
  Person 26 on screen for 391.9s | zone=0.0s
  Person 28 on screen for 2210.6s | zone=0.1s
  Person 32 on screen for 3338.8s | zone=446.7s
  Person 33 on screen for 3.0s | zone=0.0s
  Person 39 on screen for 262.8s | zone=6.0s
  Person 42 on screen for 2132.5s | zone=0.0s
  Person 44 on screen for 1457.5s | zone=0.6s
  Person 45 on screen for 1519.4s | zone=0.0s
  Person 46 on screen for 707.3s | zone=0.6s
  Person 50 on screen for 544.3s | zone=0.0s
  Person 52 on screen for 7.7s | zone=0.0s
  Person 53 on screen for 29.5s | zone=0.0s
  Person 54 on screen for 2.6s | zone=0.4s
  Person 56 on screen for 47.7s | zone=6.0s
  Person 60 on screen for 3177.6s | zone=3122.9s
  Person 61 on screen for 1016.1s | zone=15.2s
  Person 67 on screen for 82.8s | zone=2.3s
  Person 73 on screen for 18.5s | zone=5.2s
  Person 74 on screen for 0.2s | zone=0.0s
  Person 77 on screen for 985.9s | zone=4.3s
  Person 78 on screen for 2848.4s | zone=1.1s
  Person 79 on screen for 2501.2s | zone=0.1s
  Person 80 on screen for 2176.2s | zone=0.0s
  Person 83 on screen for 2405.2s | zone=0.0s
  Person 84 on screen for 2460.3s | zone=11.2s
  Person 86 on screen for 0.6s | zone=0.0s
  Person 88 on screen for 38.9s | zone=4.8s
  Person 89 on screen for 1.0s | zone=0.0s
  Person 95 on screen for 3154.1s | zone=17.1s
  Person 99 on screen for 2178.6s | zone=0.1s
  Person 102 on screen for 2257.0s | zone=0.0s
  Person 107 on screen for 0.7s | zone=0.0s
  Person 108 on screen for 880.8s | zone=0.0s
  Person 111 on screen for 14.3s | zone=69.8s
  Person 112 on screen for 3.7s | zone=0.6s
  Person 115 on screen for 3274.7s | zone=4.4s
  Person 116 on screen for 24.3s | zone=0.0s
  Person 117 on screen for 1666.5s | zone=0.0s
  Person 122 on screen for 1148.8s | zone=0.0s
  Person 125 on screen for 2556.7s | zone=0.0s
  Person 128 on screen for 3465.9s | zone=0.0s
  Person 136 on screen for 101.3s | zone=0.2s
  Person 147 on screen for 60.9s | zone=0.0s
  Person 150 on screen for 17.3s | zone=0.0s
  Person 154 on screen for 49.0s | zone=3.7s
  Person 156 on screen for 1462.1s | zone=1451.8s
  Person 157 on screen for 117.8s | zone=0.0s
  Person 158 on screen for 1589.3s | zone=0.1s
  Person 159 on screen for 93.4s | zone=1.4s
  Person 161 on screen for 29.4s | zone=0.0s
  Person 164 on screen for 1951.6s | zone=0.0s
  Person 166 on screen for 579.5s | zone=0.0s
  Person 167 on screen for 61.9s | zone=0.0s
  Person 169 on screen for 3103.8s | zone=23.8s
  Person 170 on screen for 0.1s | zone=0.5s
  Person 172 on screen for 3.8s | zone=0.0s
  Person 173 on screen for 1168.6s | zone=1.6s
  Person 174 on screen for 1827.8s | zone=0.1s
  Person 175 on screen for 512.2s | zone=4.1s
  Person 178 on screen for 18.7s | zone=0.0s
  Person 183 on screen for 2065.9s | zone=0.2s
  Person 184 on screen for 951.1s | zone=3.0s
  Person 185 on screen for 2811.4s | zone=0.0s
  Person 188 on screen for 23.3s | zone=23.3s
  Person 190 on screen for 700.0s | zone=0.0s
  Person 191 on screen for 77.9s | zone=0.0s
  Person 192 on screen for 230.4s | zone=0.0s
  Person 193 on screen for 2786.7s | zone=2.4s
  Person 194 on screen for 2561.8s | zone=7.3s
  Person 200 on screen for 0.6s | zone=0.0s
  Person 204 on screen for 1928.5s | zone=0.0s
  Person 205 on screen for 2077.7s | zone=1360.4s
  Person 209 on screen for 439.7s | zone=433.5s
  Person 210 on screen for 2.5s | zone=0.0s
  Person 213 on screen for 50.9s | zone=0.0s
  Person 216 on screen for 31.3s | zone=0.0s
  Person 219 on screen for 21.7s | zone=0.0s
  Person 222 on screen for 2247.0s | zone=35.9s
  Person 223 on screen for 138.3s | zone=0.0s
  Person 226 on screen for 0.8s | zone=0.0s
  Person 230 on screen for 1416.8s | zone=1416.7s
  Person 234 on screen for 3376.6s | zone=0.0s
  Person 237 on screen for 1481.9s | zone=21.4s
  Person 242 on screen for 60.4s | zone=0.0s
  Person 248 on screen for 479.9s | zone=4.2s
  Person 249 on screen for 3113.5s | zone=1915.7s
  Person 250 on screen for 1870.9s | zone=0.0s
  Person 251 on screen for 2837.2s | zone=0.0s
  Person 254 on screen for 4.2s | zone=4.5s
  Person 256 on screen for 1210.5s | zone=9.4s
  Person 257 on screen for 0.4s | zone=0.5s
  Person 260 on screen for 23.2s | zone=0.0s
  Person 265 on screen for 2698.3s | zone=2.1s
  Person 267 on screen for 649.4s | zone=6.9s
  Person 268 on screen for 2765.1s | zone=0.0s
  Person 270 on screen for 402.4s | zone=1.2s
  Person 272 on screen for 8.9s | zone=0.0s
  Person 274 on screen for 21.9s | zone=0.8s
  Person 275 on screen for 5.2s | zone=0.0s
  Person 280 on screen for 9.4s | zone=0.0s
  Person 286 on screen for 0.2s | zone=0.0s
  Person 287 on screen for 10.6s | zone=0.0s
  Person 289 on screen for 1.1s | zone=0.0s
  Person 291 on screen for 1247.9s | zone=0.0s
  Person 292 on screen for 1267.1s | zone=755.9s
  Person 295 on screen for 1.9s | zone=0.0s
  Person 298 on screen for 9.2s | zone=1.5s
  Person 302 on screen for 1.4s | zone=0.0s
  Person 303 on screen for 597.6s | zone=2.7s
  Person 309 on screen for 3392.3s | zone=1120.2s
  Person 310 on screen for 626.7s | zone=0.0s
  Person 313 on screen for 0.3s | zone=0.0s
  Person 314 on screen for 1.1s | zone=0.1s
  Person 315 on screen for 1929.5s | zone=0.0s
  Person 317 on screen for 3149.4s | zone=0.0s
  Person 318 on screen for 3.3s | zone=0.0s
  Person 320 on screen for 2259.9s | zone=0.0s
  Person 322 on screen for 521.5s | zone=3.8s
  Person 323 on screen for 12.5s | zone=0.0s
  Person 324 on screen for 1379.4s | zone=0.0s
  Person 330 on screen for 0.1s | zone=0.0s
  Person 332 on screen for 972.1s | zone=16.5s
  Person 335 on screen for 0.7s | zone=0.6s
  Person 336 on screen for 1579.4s | zone=176.7s
  Person 348 on screen for 1560.6s | zone=960.5s
  Person 351 on screen for 2872.4s | zone=0.0s
  Person 352 on screen for 0.3s | zone=0.0s
  Person 356 on screen for 1912.4s | zone=3.8s
  Person 363 on screen for 0.2s | zone=0.0s
  Person 365 on screen for 16.1s | zone=0.1s
  Person 368 on screen for 2409.4s | zone=0.0s
  Person 369 on screen for 1426.9s | zone=1.1s
  Person 370 on screen for 664.5s | zone=0.2s
  Person 374 on screen for 731.9s | zone=3.7s
  Person 378 on screen for 0.2s | zone=0.1s
  Person 380 on screen for 6.4s | zone=6.3s
  Person 384 on screen for 1006.5s | zone=0.1s
  Person 390 on screen for 1224.8s | zone=0.0s
  Person 391 on screen for 432.0s | zone=0.0s
  Person 400 on screen for 3094.8s | zone=5.9s
  Person 407 on screen for 50.0s | zone=0.3s
  Person 417 on screen for 46.8s | zone=0.0s
  Person 418 on screen for 172.6s | zone=0.0s
  Person 431 on screen for 1010.5s | zone=0.0s
  Person 436 on screen for 12.7s | zone=6.2s
  Person 440 on screen for 9.9s | zone=3.6s
  Person 441 on screen for 2015.1s | zone=0.2s
  Person 454 on screen for 0.5s | zone=0.4s
  Person 456 on screen for 777.2s | zone=1.9s
  Person 457 on screen for 439.2s | zone=0.3s
  Person 470 on screen for 1.3s | zone=0.0s
  Person 475 on screen for 4.9s | zone=0.0s
  Person 477 on screen for 1557.6s | zone=9.4s
  Person 479 on screen for 712.2s | zone=0.0s
  Person 481 on screen for 0.4s | zone=0.2s
  Person 482 on screen for 1008.7s | zone=0.0s
  Person 488 on screen for 4.3s | zone=0.0s
  Person 499 on screen for 2900.2s | zone=0.0s
  Person 502 on screen for 207.2s | zone=0.0s
  Person 506 on screen for 1394.6s | zone=2.4s
  Person 507 on screen for 1795.6s | zone=0.0s
  Person 508 on screen for 3.9s | zone=0.0s
  Person 509 on screen for 18.3s | zone=2.0s
  Person 513 on screen for 15.2s | zone=0.1s
  Person 522 on screen for 121.6s | zone=0.0s
  Person 524 on screen for 610.4s | zone=0.0s
  Person 531 on screen for 12.5s | zone=1.4s
  Person 532 on screen for 315.4s | zone=36.4s
  Person 534 on screen for 28.0s | zone=0.7s
  Person 539 on screen for 381.9s | zone=0.2s
  Person 549 on screen for 4.3s | zone=4.5s
  Person 552 on screen for 2912.9s | zone=0.1s
  Person 563 on screen for 64.6s | zone=0.0s
  Person 564 on screen for 2.7s | zone=0.0s
  Person 569 on screen for 1.6s | zone=0.0s
  Person 577 on screen for 269.4s | zone=239.2s
  Person 579 on screen for 2577.2s | zone=2.1s
  Person 583 on screen for 2188.9s | zone=619.6s
  Person 587 on screen for 2101.9s | zone=414.8s
  Person 590 on screen for 14.9s | zone=0.0s
  Person 595 on screen for 0.5s | zone=0.0s
  Person 600 on screen for 25.2s | zone=2.9s
  Person 610 on screen for 43.3s | zone=0.0s
  Person 622 on screen for 1.0s | zone=0.0s
  Person 633 on screen for 26.6s | zone=0.0s
  Person 636 on screen for 1.5s | zone=0.0s
Person-ID memory saved: C:\Users\vioyq\Desktop\Coach_Tracker\coach-tracker-demo\coach-store\person-ID\coach3\0316.json
CSV written: C:\Users\vioyq\Desktop\Coach_Tracker\coach-tracker-demo\coach-store\CSV-state\coach3\0316-coach3-20260325-085600.csv
--- end report ---

[Progress] 5/12 ( 41.7%) | elapsed  5733.3s | ETA  8026.7s

=== Running: Coach-3-hour-5-20260316135959.mp4 ===
Person-ID memory: loaded 313 IDs from C:\Users\vioyq\Desktop\Coach_Tracker\coach-tracker-demo\coach-store\person-ID\coach3\0316.json
[coach3] C:\Users\vioyq\Desktop\Coach_Tracker\_Coach_Video\3-16\Coach-3\Coach-3-hour-5-20260316135959.mp4 (36000 frames @ 10.0 fps). (headless)
Config: yaml=coach3.yaml zone=C:\Users\vioyq\Desktop\Coach_Tracker\coach-tracker-demo\coach-store\zone\coach3.json
Output CSV: C:\Users\vioyq\Desktop\Coach_Tracker\coach-tracker-demo\coach-store\CSV-state\coach3\0316-coach3-20260325-085600.csv

--- Report ---
Time spent processing: 1532.9s
Time on screen per person:
  Person 0 on screen for 3141.2s | zone=0.0s
  Person 1 on screen for 1916.8s | zone=0.0s
  Person 2 on screen for 0.1s | zone=0.0s
  Person 7 on screen for 824.9s | zone=583.4s
  Person 8 on screen for 17.3s | zone=6.2s
  Person 10 on screen for 2117.5s | zone=0.0s
  Person 11 on screen for 10.4s | zone=3.2s
  Person 12 on screen for 2172.7s | zone=1.7s
  Person 13 on screen for 2603.8s | zone=1.1s
  Person 16 on screen for 3467.9s | zone=5.9s
  Person 18 on screen for 143.8s | zone=0.0s
  Person 19 on screen for 2214.3s | zone=0.2s
  Person 21 on screen for 3492.6s | zone=0.3s
  Person 22 on screen for 1343.9s | zone=805.2s
  Person 23 on screen for 0.3s | zone=0.0s
  Person 25 on screen for 1912.8s | zone=2.2s
  Person 26 on screen for 24.6s | zone=6.8s
  Person 28 on screen for 245.1s | zone=0.0s
  Person 29 on screen for 60.3s | zone=7.2s
  Person 33 on screen for 18.1s | zone=0.0s
  Person 34 on screen for 25.2s | zone=3.6s
  Person 35 on screen for 3347.5s | zone=0.0s
  Person 36 on screen for 852.2s | zone=0.0s
  Person 38 on screen for 28.6s | zone=0.0s
  Person 39 on screen for 178.6s | zone=0.7s
  Person 41 on screen for 2.8s | zone=0.0s
  Person 42 on screen for 2577.8s | zone=0.6s
  Person 44 on screen for 714.0s | zone=7.3s
  Person 45 on screen for 0.2s | zone=0.0s
  Person 46 on screen for 1.3s | zone=0.0s
  Person 47 on screen for 0.7s | zone=0.0s
  Person 49 on screen for 9.8s | zone=4.5s
  Person 50 on screen for 402.9s | zone=0.0s
  Person 54 on screen for 1969.8s | zone=2.8s
  Person 56 on screen for 1487.0s | zone=1.7s
  Person 60 on screen for 1043.2s | zone=0.0s
  Person 61 on screen for 1892.0s | zone=0.0s
  Person 67 on screen for 4.1s | zone=0.1s
  Person 68 on screen for 7.4s | zone=0.0s
  Person 69 on screen for 1194.6s | zone=1187.8s
  Person 75 on screen for 1979.9s | zone=2.7s
  Person 77 on screen for 1035.1s | zone=425.9s
  Person 78 on screen for 2257.5s | zone=0.1s
  Person 79 on screen for 33.0s | zone=0.9s
  Person 80 on screen for 0.6s | zone=0.0s
  Person 82 on screen for 4.5s | zone=0.0s
  Person 84 on screen for 3377.4s | zone=1794.3s
  Person 85 on screen for 0.2s | zone=0.0s
  Person 87 on screen for 941.4s | zone=919.2s
  Person 88 on screen for 25.5s | zone=0.0s
  Person 89 on screen for 1259.6s | zone=0.0s
  Person 90 on screen for 147.8s | zone=11.0s
  Person 95 on screen for 1953.2s | zone=0.0s
  Person 97 on screen for 2905.3s | zone=1.5s
  Person 99 on screen for 52.5s | zone=0.0s
  Person 102 on screen for 7.5s | zone=0.5s
  Person 111 on screen for 327.1s | zone=314.1s
  Person 112 on screen for 1343.4s | zone=4.1s
  Person 115 on screen for 62.7s | zone=0.0s
  Person 116 on screen for 58.9s | zone=0.0s
  Person 117 on screen for 3420.4s | zone=0.3s
  Person 121 on screen for 1390.0s | zone=0.5s
  Person 122 on screen for 3202.3s | zone=0.0s
  Person 123 on screen for 838.0s | zone=0.0s
  Person 125 on screen for 1860.0s | zone=1018.0s
  Person 128 on screen for 21.1s | zone=0.0s
  Person 129 on screen for 943.1s | zone=4.9s
  Person 131 on screen for 0.8s | zone=0.0s
  Person 133 on screen for 1.5s | zone=0.0s
  Person 150 on screen for 1100.8s | zone=0.0s
  Person 156 on screen for 1987.8s | zone=3.4s
  Person 157 on screen for 2150.0s | zone=0.0s
  Person 158 on screen for 6.8s | zone=6.7s
  Person 159 on screen for 1876.1s | zone=0.1s
  Person 164 on screen for 2678.2s | zone=0.0s
  Person 166 on screen for 19.5s | zone=5.4s
  Person 167 on screen for 26.6s | zone=0.0s
  Person 169 on screen for 648.8s | zone=0.2s
  Person 170 on screen for 2602.7s | zone=0.0s
  Person 172 on screen for 1.6s | zone=1.9s
  Person 173 on screen for 2704.5s | zone=0.6s
  Person 174 on screen for 1688.3s | zone=0.0s
  Person 175 on screen for 1.8s | zone=0.0s
  Person 177 on screen for 2205.4s | zone=92.3s
  Person 180 on screen for 0.7s | zone=0.0s
  Person 182 on screen for 7.7s | zone=0.4s
  Person 183 on screen for 91.5s | zone=1.5s
  Person 185 on screen for 1721.1s | zone=1699.8s
  Person 193 on screen for 501.6s | zone=15.1s
  Person 194 on screen for 1381.9s | zone=376.3s
  Person 195 on screen for 22.2s | zone=0.1s
  Person 196 on screen for 335.3s | zone=3.7s
  Person 200 on screen for 1934.6s | zone=0.3s
  Person 201 on screen for 1.3s | zone=0.0s
  Person 203 on screen for 0.9s | zone=0.0s
  Person 204 on screen for 2445.3s | zone=0.0s
  Person 205 on screen for 27.5s | zone=4.7s
  Person 206 on screen for 2462.2s | zone=0.3s
  Person 213 on screen for 37.8s | zone=0.0s
  Person 219 on screen for 2.2s | zone=0.0s
  Person 223 on screen for 19.9s | zone=0.0s
  Person 230 on screen for 71.9s | zone=43.6s
  Person 234 on screen for 1780.7s | zone=0.0s
  Person 235 on screen for 26.1s | zone=1.1s
  Person 237 on screen for 2108.2s | zone=0.0s
  Person 241 on screen for 1.4s | zone=1.3s
  Person 242 on screen for 3352.1s | zone=6.8s
  Person 243 on screen for 2386.0s | zone=3.5s
  Person 249 on screen for 1150.1s | zone=0.3s
  Person 250 on screen for 345.2s | zone=0.0s
  Person 251 on screen for 847.9s | zone=0.0s
  Person 254 on screen for 120.9s | zone=76.3s
  Person 256 on screen for 36.4s | zone=0.1s
  Person 257 on screen for 2069.2s | zone=0.0s
  Person 260 on screen for 0.3s | zone=0.0s
  Person 265 on screen for 3275.0s | zone=14.7s
  Person 266 on screen for 13.6s | zone=8.4s
  Person 267 on screen for 4.2s | zone=0.0s
  Person 269 on screen for 9.7s | zone=0.0s
  Person 270 on screen for 832.5s | zone=3.5s
  Person 271 on screen for 2.4s | zone=0.3s
  Person 276 on screen for 606.9s | zone=596.5s
  Person 282 on screen for 40.3s | zone=16.4s
  Person 287 on screen for 1238.1s | zone=5.9s
  Person 289 on screen for 1271.0s | zone=0.0s
  Person 290 on screen for 1596.3s | zone=0.0s
  Person 293 on screen for 1685.8s | zone=0.0s
  Person 295 on screen for 1.0s | zone=0.0s
  Person 298 on screen for 31.7s | zone=24.5s
  Person 300 on screen for 436.1s | zone=0.0s
  Person 309 on screen for 160.9s | zone=9.6s
  Person 310 on screen for 0.2s | zone=0.4s
  Person 313 on screen for 681.2s | zone=1.1s
  Person 315 on screen for 835.6s | zone=0.0s
  Person 316 on screen for 1044.2s | zone=14.1s
  Person 317 on screen for 2030.3s | zone=4.5s
  Person 318 on screen for 2462.7s | zone=0.0s
  Person 319 on screen for 811.9s | zone=0.1s
  Person 320 on screen for 322.1s | zone=0.2s
  Person 322 on screen for 712.4s | zone=629.1s
  Person 323 on screen for 5.0s | zone=0.0s
  Person 324 on screen for 2709.0s | zone=0.0s
  Person 336 on screen for 14.8s | zone=1.5s
  Person 342 on screen for 0.9s | zone=0.0s
  Person 348 on screen for 2101.2s | zone=0.2s
  Person 349 on screen for 23.7s | zone=0.0s
  Person 351 on screen for 758.0s | zone=0.0s
  Person 356 on screen for 1199.7s | zone=1037.8s
  Person 357 on screen for 7.4s | zone=1.5s
  Person 361 on screen for 1180.0s | zone=533.4s
  Person 367 on screen for 18.8s | zone=0.0s
  Person 368 on screen for 1607.6s | zone=12.2s
  Person 369 on screen for 25.5s | zone=0.0s
  Person 374 on screen for 1959.7s | zone=0.0s
  Person 380 on screen for 2416.5s | zone=1936.9s
  Person 384 on screen for 2786.7s | zone=13.8s
  Person 390 on screen for 125.1s | zone=0.0s
  Person 391 on screen for 686.7s | zone=0.0s
  Person 395 on screen for 25.0s | zone=0.0s
  Person 396 on screen for 5.1s | zone=0.0s
  Person 400 on screen for 110.1s | zone=0.2s
  Person 401 on screen for 6.8s | zone=6.7s
  Person 403 on screen for 1458.4s | zone=0.0s
  Person 407 on screen for 2.0s | zone=0.0s
  Person 411 on screen for 172.5s | zone=5.4s
  Person 412 on screen for 1033.0s | zone=3.1s
  Person 416 on screen for 1211.8s | zone=0.2s
  Person 418 on screen for 6.0s | zone=0.0s
  Person 426 on screen for 2422.5s | zone=0.0s
  Person 431 on screen for 3368.6s | zone=0.0s
  Person 435 on screen for 0.9s | zone=0.2s
  Person 436 on screen for 20.0s | zone=0.0s
  Person 437 on screen for 0.2s | zone=0.0s
  Person 439 on screen for 92.6s | zone=3.3s
  Person 440 on screen for 2704.4s | zone=0.3s
  Person 443 on screen for 3425.3s | zone=1.0s
  Person 445 on screen for 14.9s | zone=0.2s
  Person 448 on screen for 7.7s | zone=0.0s
  Person 449 on screen for 97.9s | zone=0.5s
  Person 451 on screen for 20.6s | zone=20.8s
  Person 456 on screen for 2546.5s | zone=0.0s
  Person 457 on screen for 3296.8s | zone=3294.7s
  Person 459 on screen for 422.7s | zone=16.6s
  Person 470 on screen for 1771.6s | zone=0.1s
  Person 474 on screen for 32.3s | zone=0.0s
  Person 475 on screen for 1119.7s | zone=0.3s
  Person 477 on screen for 0.9s | zone=0.8s
  Person 481 on screen for 2223.5s | zone=14.7s
  Person 482 on screen for 2907.2s | zone=0.0s
  Person 483 on screen for 1058.0s | zone=1024.7s
  Person 484 on screen for 503.2s | zone=0.0s
  Person 489 on screen for 32.4s | zone=0.0s
  Person 492 on screen for 943.4s | zone=0.4s
  Person 493 on screen for 8.9s | zone=8.8s
  Person 502 on screen for 1.8s | zone=0.0s
  Person 506 on screen for 403.2s | zone=3.4s
  Person 507 on screen for 2450.7s | zone=0.0s
  Person 509 on screen for 2702.9s | zone=0.0s
  Person 513 on screen for 1408.4s | zone=0.0s
  Person 515 on screen for 0.4s | zone=0.0s
  Person 519 on screen for 1059.1s | zone=0.1s
  Person 531 on screen for 589.7s | zone=1.8s
  Person 532 on screen for 30.2s | zone=0.0s
  Person 533 on screen for 239.4s | zone=0.0s
  Person 539 on screen for 2527.9s | zone=163.2s
  Person 546 on screen for 654.9s | zone=654.8s
  Person 547 on screen for 404.4s | zone=4.8s
  Person 549 on screen for 24.8s | zone=0.0s
  Person 552 on screen for 254.2s | zone=0.0s
  Person 563 on screen for 1783.9s | zone=15.8s
  Person 571 on screen for 2.7s | zone=2.2s
  Person 577 on screen for 1200.7s | zone=5.2s
  Person 579 on screen for 15.7s | zone=0.0s
  Person 583 on screen for 18.3s | zone=0.4s
  Person 587 on screen for 3528.6s | zone=0.0s
  Person 590 on screen for 892.2s | zone=0.2s
  Person 600 on screen for 2729.5s | zone=0.0s
  Person 603 on screen for 472.2s | zone=13.4s
  Person 610 on screen for 300.2s | zone=0.0s
  Person 628 on screen for 122.9s | zone=1.9s
  Person 629 on screen for 13.9s | zone=7.0s
  Person 633 on screen for 24.9s | zone=0.0s
  Person 646 on screen for 2.2s | zone=0.0s
  Person 647 on screen for 6.2s | zone=1.7s
  Person 648 on screen for 11.8s | zone=1.3s
  Person 650 on screen for 32.5s | zone=0.4s
  Person 659 on screen for 35.2s | zone=0.0s
  Person 662 on screen for 514.5s | zone=0.0s
  Person 663 on screen for 2.3s | zone=0.0s
  Person 666 on screen for 92.5s | zone=0.0s
  Person 668 on screen for 51.7s | zone=0.0s
  Person 676 on screen for 10.7s | zone=2.4s
  Person 677 on screen for 7.4s | zone=0.5s
  Person 678 on screen for 0.4s | zone=0.0s
  Person 679 on screen for 2.3s | zone=0.0s
  Person 696 on screen for 372.7s | zone=11.4s
  Person 697 on screen for 7.1s | zone=1.0s
  Person 699 on screen for 4.4s | zone=0.0s
  Person 705 on screen for 446.6s | zone=438.6s
  Person 710 on screen for 6.1s | zone=5.3s
  Person 735 on screen for 86.6s | zone=33.9s
  Person 760 on screen for 31.0s | zone=0.0s
  Person 761 on screen for 6.4s | zone=0.0s
  Person 763 on screen for 65.7s | zone=3.7s
  Person 764 on screen for 11.2s | zone=2.0s
  Person 770 on screen for 1.2s | zone=0.0s
  Person 772 on screen for 1.3s | zone=0.0s
  Person 792 on screen for 16.6s | zone=0.0s
  Person 793 on screen for 0.2s | zone=0.0s
Person-ID memory saved: C:\Users\vioyq\Desktop\Coach_Tracker\coach-tracker-demo\coach-store\person-ID\coach3\0316.json
CSV written: C:\Users\vioyq\Desktop\Coach_Tracker\coach-tracker-demo\coach-store\CSV-state\coach3\0316-coach3-20260325-085600.csv
--- end report ---

[Progress] 6/12 ( 50.0%) | elapsed  7270.3s | ETA  7270.3s

=== Running: Coach-3-hour-6-20260316145959.mp4 ===
Person-ID memory: loaded 380 IDs from C:\Users\vioyq\Desktop\Coach_Tracker\coach-tracker-demo\coach-store\person-ID\coach3\0316.json
[coach3] C:\Users\vioyq\Desktop\Coach_Tracker\_Coach_Video\3-16\Coach-3\Coach-3-hour-6-20260316145959.mp4 (36000 frames @ 10.0 fps). (headless)
Config: yaml=coach3.yaml zone=C:\Users\vioyq\Desktop\Coach_Tracker\coach-tracker-demo\coach-store\zone\coach3.json
Output CSV: C:\Users\vioyq\Desktop\Coach_Tracker\coach-tracker-demo\coach-store\CSV-state\coach3\0316-coach3-20260325-085600.csv

--- Report ---
Time spent processing: 1492.5s
Time on screen per person:
  Person 0 on screen for 3325.4s | zone=0.0s
  Person 1 on screen for 2690.3s | zone=0.0s
  Person 2 on screen for 1047.5s | zone=0.0s
  Person 5 on screen for 78.9s | zone=7.3s
  Person 9 on screen for 1814.2s | zone=12.2s
  Person 12 on screen for 3049.0s | zone=3247.9s
  Person 13 on screen for 1947.5s | zone=0.0s
  Person 16 on screen for 2.4s | zone=0.0s
  Person 19 on screen for 28.5s | zone=7.9s
  Person 21 on screen for 2318.7s | zone=0.0s
  Person 26 on screen for 43.5s | zone=0.0s
  Person 28 on screen for 291.1s | zone=6.1s
  Person 29 on screen for 33.3s | zone=0.0s
  Person 31 on screen for 0.4s | zone=0.0s
  Person 32 on screen for 286.0s | zone=22.5s
  Person 35 on screen for 117.8s | zone=0.0s
  Person 36 on screen for 1759.7s | zone=1.1s
  Person 39 on screen for 828.8s | zone=0.0s
  Person 42 on screen for 1121.8s | zone=0.1s
  Person 46 on screen for 36.5s | zone=0.0s
  Person 47 on screen for 9.7s | zone=2.3s
  Person 49 on screen for 1106.7s | zone=6.2s
  Person 50 on screen for 2752.0s | zone=0.0s
  Person 52 on screen for 2967.5s | zone=0.0s
  Person 53 on screen for 1840.7s | zone=0.0s
  Person 54 on screen for 436.4s | zone=0.0s
  Person 56 on screen for 39.4s | zone=0.2s
  Person 57 on screen for 3.9s | zone=0.0s
  Person 61 on screen for 3019.1s | zone=1792.8s
  Person 65 on screen for 654.9s | zone=1.7s
  Person 67 on screen for 37.5s | zone=3.4s
  Person 68 on screen for 773.8s | zone=0.0s
  Person 71 on screen for 0.4s | zone=0.3s
  Person 72 on screen for 13.7s | zone=0.0s
  Person 73 on screen for 1462.2s | zone=2.9s
  Person 74 on screen for 1554.9s | zone=8.5s
  Person 76 on screen for 54.0s | zone=4.4s
  Person 78 on screen for 12.7s | zone=2.0s
  Person 84 on screen for 2725.0s | zone=0.2s
  Person 85 on screen for 3.1s | zone=0.0s
  Person 87 on screen for 3103.8s | zone=376.9s
  Person 88 on screen for 2744.1s | zone=0.1s
  Person 90 on screen for 657.7s | zone=0.0s
  Person 94 on screen for 2503.6s | zone=1.8s
  Person 96 on screen for 1.7s | zone=0.0s
  Person 97 on screen for 2461.0s | zone=0.0s
  Person 99 on screen for 2201.3s | zone=2.5s
  Person 102 on screen for 748.0s | zone=0.1s
  Person 103 on screen for 1945.0s | zone=0.0s
  Person 104 on screen for 2723.0s | zone=0.0s
  Person 108 on screen for 792.6s | zone=0.0s
  Person 112 on screen for 586.8s | zone=0.0s
  Person 114 on screen for 0.6s | zone=0.0s
  Person 115 on screen for 3242.3s | zone=181.8s
  Person 117 on screen for 519.9s | zone=1.1s
  Person 120 on screen for 1003.7s | zone=0.0s
  Person 122 on screen for 1923.3s | zone=0.1s
  Person 123 on screen for 2477.9s | zone=3.4s
  Person 125 on screen for 0.2s | zone=0.0s
  Person 129 on screen for 18.8s | zone=0.0s
  Person 131 on screen for 0.8s | zone=0.0s
  Person 144 on screen for 2192.0s | zone=0.0s
  Person 149 on screen for 673.1s | zone=0.0s
  Person 150 on screen for 2209.0s | zone=0.0s
  Person 157 on screen for 1783.4s | zone=1702.1s
  Person 158 on screen for 27.4s | zone=27.3s
  Person 161 on screen for 1.6s | zone=0.6s
  Person 164 on screen for 1605.8s | zone=3.5s
  Person 166 on screen for 856.9s | zone=652.9s
  Person 169 on screen for 14.9s | zone=0.5s
  Person 170 on screen for 681.1s | zone=0.0s
  Person 173 on screen for 3183.7s | zone=0.0s
  Person 174 on screen for 2316.9s | zone=0.0s
  Person 175 on screen for 20.0s | zone=0.0s
  Person 177 on screen for 3179.6s | zone=0.0s
  Person 178 on screen for 49.5s | zone=49.4s
  Person 183 on screen for 810.1s | zone=0.0s
  Person 185 on screen for 1747.0s | zone=2.6s
  Person 186 on screen for 45.7s | zone=7.0s
  Person 188 on screen for 30.2s | zone=1.3s
  Person 189 on screen for 28.1s | zone=0.0s
  Person 191 on screen for 46.2s | zone=0.6s
  Person 192 on screen for 466.1s | zone=448.6s
  Person 193 on screen for 29.7s | zone=0.0s
  Person 194 on screen for 38.0s | zone=0.1s
  Person 196 on screen for 854.1s | zone=0.1s
  Person 197 on screen for 7.5s | zone=0.0s
  Person 204 on screen for 858.2s | zone=0.0s
  Person 205 on screen for 3154.4s | zone=0.0s
  Person 206 on screen for 608.2s | zone=0.0s
  Person 210 on screen for 2703.0s | zone=0.0s
  Person 213 on screen for 5.6s | zone=0.0s
  Person 219 on screen for 10.9s | zone=0.0s
  Person 222 on screen for 1502.5s | zone=297.4s
  Person 223 on screen for 78.9s | zone=0.0s
  Person 225 on screen for 1.2s | zone=0.0s
  Person 233 on screen for 1561.1s | zone=949.1s
  Person 234 on screen for 3107.4s | zone=0.0s
  Person 236 on screen for 2304.4s | zone=0.0s
  Person 237 on screen for 729.0s | zone=365.0s
  Person 239 on screen for 8.3s | zone=0.0s
  Person 242 on screen for 678.5s | zone=0.1s
  Person 243 on screen for 1.1s | zone=0.0s
  Person 248 on screen for 541.4s | zone=0.6s
  Person 249 on screen for 948.3s | zone=734.6s
  Person 250 on screen for 594.9s | zone=3.0s
  Person 254 on screen for 2395.0s | zone=0.0s
  Person 256 on screen for 1458.7s | zone=1.4s
  Person 257 on screen for 1742.2s | zone=110.7s
  Person 264 on screen for 0.1s | zone=0.0s
  Person 265 on screen for 744.2s | zone=0.0s
  Person 266 on screen for 2146.1s | zone=346.3s
  Person 267 on screen for 2863.9s | zone=0.1s
  Person 269 on screen for 265.8s | zone=1.1s
  Person 271 on screen for 94.8s | zone=7.1s
  Person 272 on screen for 4.1s | zone=0.0s
  Person 273 on screen for 0.3s | zone=0.0s
  Person 274 on screen for 1375.0s | zone=0.0s
  Person 276 on screen for 8.5s | zone=0.0s
  Person 278 on screen for 77.0s | zone=0.1s
  Person 279 on screen for 715.7s | zone=2.3s
  Person 280 on screen for 2829.7s | zone=0.0s
  Person 284 on screen for 2108.9s | zone=1137.2s
  Person 287 on screen for 63.2s | zone=0.0s
  Person 289 on screen for 0.2s | zone=0.6s
  Person 290 on screen for 2255.2s | zone=0.0s
  Person 291 on screen for 253.3s | zone=0.0s
  Person 292 on screen for 2444.5s | zone=0.0s
  Person 293 on screen for 10.0s | zone=1262.6s
  Person 295 on screen for 519.7s | zone=0.0s
  Person 296 on screen for 1430.5s | zone=0.0s
  Person 298 on screen for 86.0s | zone=0.0s
  Person 300 on screen for 1060.5s | zone=0.0s
  Person 303 on screen for 8.9s | zone=3.0s
  Person 306 on screen for 1438.9s | zone=0.0s
  Person 307 on screen for 3.7s | zone=0.0s
  Person 309 on screen for 1649.1s | zone=0.0s
  Person 310 on screen for 158.6s | zone=0.0s
  Person 313 on screen for 95.0s | zone=0.0s
  Person 315 on screen for 3.9s | zone=1.3s
  Person 317 on screen for 2258.3s | zone=0.0s
  Person 323 on screen for 2838.4s | zone=0.0s
  Person 332 on screen for 1315.2s | zone=168.5s
  Person 334 on screen for 56.2s | zone=1.5s
  Person 341 on screen for 1845.7s | zone=1.2s
  Person 343 on screen for 377.4s | zone=0.0s
  Person 345 on screen for 0.6s | zone=0.0s
  Person 347 on screen for 165.7s | zone=124.0s
  Person 348 on screen for 3.9s | zone=0.0s
  Person 349 on screen for 1861.3s | zone=1279.1s
  Person 351 on screen for 1697.7s | zone=1298.7s
  Person 357 on screen for 9.4s | zone=0.1s
  Person 361 on screen for 4.6s | zone=0.0s
  Person 366 on screen for 82.4s | zone=0.0s
  Person 368 on screen for 18.6s | zone=0.0s
  Person 370 on screen for 1381.5s | zone=764.8s
  Person 374 on screen for 716.1s | zone=0.0s
  Person 380 on screen for 1969.5s | zone=3.2s
  Person 385 on screen for 6.9s | zone=0.0s
  Person 388 on screen for 12.7s | zone=0.2s
  Person 389 on screen for 0.3s | zone=0.0s
  Person 390 on screen for 2603.5s | zone=6.0s
  Person 391 on screen for 13.9s | zone=0.0s
  Person 395 on screen for 0.9s | zone=0.0s
  Person 396 on screen for 50.4s | zone=0.0s
  Person 401 on screen for 2308.0s | zone=1.0s
  Person 403 on screen for 1940.5s | zone=0.0s
  Person 406 on screen for 1290.2s | zone=6.7s
  Person 407 on screen for 3045.0s | zone=13.1s
  Person 408 on screen for 1.3s | zone=1.3s
  Person 409 on screen for 80.3s | zone=5.8s
  Person 418 on screen for 0.7s | zone=0.0s
  Person 422 on screen for 1284.5s | zone=0.0s
  Person 423 on screen for 37.3s | zone=0.0s
  Person 426 on screen for 1172.7s | zone=0.0s
  Person 431 on screen for 2481.2s | zone=0.3s
  Person 439 on screen for 253.8s | zone=0.0s
  Person 440 on screen for 2828.3s | zone=4.9s
  Person 443 on screen for 25.5s | zone=0.8s
  Person 450 on screen for 1396.8s | zone=2.9s
  Person 457 on screen for 1057.3s | zone=152.1s
  Person 459 on screen for 10.3s | zone=0.0s
  Person 460 on screen for 49.9s | zone=6.6s
  Person 463 on screen for 35.4s | zone=13.5s
  Person 467 on screen for 1086.3s | zone=0.0s
  Person 470 on screen for 1320.9s | zone=6.1s
  Person 474 on screen for 96.3s | zone=28.9s
  Person 475 on screen for 858.8s | zone=0.0s
  Person 480 on screen for 0.3s | zone=0.0s
  Person 482 on screen for 505.0s | zone=0.0s
  Person 483 on screen for 2488.0s | zone=0.0s
  Person 484 on screen for 1110.4s | zone=720.4s
  Person 486 on screen for 436.1s | zone=0.2s
  Person 488 on screen for 18.7s | zone=16.4s
  Person 489 on screen for 1655.0s | zone=133.0s
  Person 492 on screen for 2.0s | zone=0.3s
  Person 493 on screen for 1645.3s | zone=0.7s
  Person 498 on screen for 4.5s | zone=0.0s
  Person 499 on screen for 2099.0s | zone=697.4s
  Person 506 on screen for 2220.8s | zone=4.8s
  Person 507 on screen for 1190.9s | zone=0.0s
  Person 508 on screen for 1.5s | zone=0.1s
  Person 509 on screen for 69.8s | zone=0.0s
  Person 513 on screen for 2245.8s | zone=0.0s
  Person 516 on screen for 35.2s | zone=1.3s
  Person 517 on screen for 12.4s | zone=0.0s
  Person 518 on screen for 901.0s | zone=0.2s
  Person 519 on screen for 495.3s | zone=0.6s
  Person 522 on screen for 2311.3s | zone=0.0s
  Person 523 on screen for 1078.2s | zone=1.0s
  Person 524 on screen for 924.1s | zone=0.0s
  Person 532 on screen for 1714.1s | zone=0.0s
  Person 533 on screen for 3.6s | zone=0.0s
  Person 534 on screen for 29.7s | zone=0.0s
  Person 537 on screen for 62.2s | zone=1.1s
  Person 539 on screen for 2600.4s | zone=1808.1s
  Person 546 on screen for 1764.8s | zone=67.0s
  Person 549 on screen for 2196.7s | zone=0.0s
  Person 552 on screen for 2174.0s | zone=3.4s
  Person 563 on screen for 1.5s | zone=0.0s
  Person 564 on screen for 1603.4s | zone=0.0s
  Person 568 on screen for 499.6s | zone=3.8s
  Person 569 on screen for 17.2s | zone=4.1s
  Person 571 on screen for 1138.2s | zone=474.3s
  Person 577 on screen for 7.9s | zone=7.8s
  Person 579 on screen for 2312.2s | zone=0.0s
  Person 582 on screen for 10.4s | zone=0.0s
  Person 583 on screen for 2113.3s | zone=11.2s
  Person 584 on screen for 23.1s | zone=0.1s
  Person 587 on screen for 1014.7s | zone=1.0s
  Person 588 on screen for 393.2s | zone=0.9s
  Person 589 on screen for 28.3s | zone=20.6s
  Person 591 on screen for 296.4s | zone=0.0s
  Person 593 on screen for 421.1s | zone=3.0s
  Person 597 on screen for 38.6s | zone=13.8s
  Person 600 on screen for 842.1s | zone=3.2s
  Person 601 on screen for 521.0s | zone=33.1s
  Person 605 on screen for 39.9s | zone=0.0s
  Person 610 on screen for 2587.2s | zone=777.4s
  Person 622 on screen for 2264.1s | zone=0.0s
  Person 625 on screen for 5.0s | zone=0.0s
  Person 627 on screen for 729.9s | zone=729.8s
  Person 628 on screen for 2312.3s | zone=11.3s
  Person 629 on screen for 1584.8s | zone=65.1s
  Person 630 on screen for 143.9s | zone=0.1s
  Person 632 on screen for 280.9s | zone=0.0s
  Person 633 on screen for 2224.8s | zone=2.8s
  Person 646 on screen for 1532.9s | zone=0.0s
  Person 649 on screen for 27.4s | zone=3.1s
  Person 650 on screen for 530.2s | zone=48.4s
  Person 652 on screen for 1.0s | zone=0.0s
  Person 658 on screen for 12.3s | zone=0.9s
  Person 659 on screen for 24.6s | zone=0.0s
  Person 662 on screen for 3.9s | zone=0.0s
  Person 664 on screen for 11.5s | zone=3.5s
  Person 666 on screen for 2188.7s | zone=0.0s
  Person 676 on screen for 2453.2s | zone=896.4s
  Person 677 on screen for 40.8s | zone=40.7s
  Person 682 on screen for 132.3s | zone=2.8s
  Person 686 on screen for 28.2s | zone=0.0s
  Person 689 on screen for 433.2s | zone=418.1s
  Person 696 on screen for 370.1s | zone=0.0s
  Person 699 on screen for 1287.8s | zone=0.0s
  Person 705 on screen for 3307.1s | zone=0.0s
  Person 716 on screen for 14.3s | zone=14.2s
  Person 735 on screen for 1776.3s | zone=0.0s
  Person 739 on screen for 4.5s | zone=4.4s
  Person 749 on screen for 0.2s | zone=0.0s
  Person 751 on screen for 5.2s | zone=5.1s
  Person 759 on screen for 6.3s | zone=0.1s
  Person 760 on screen for 41.9s | zone=0.0s
  Person 761 on screen for 296.0s | zone=269.2s
  Person 762 on screen for 1.4s | zone=0.0s
  Person 763 on screen for 6.9s | zone=1.9s
  Person 764 on screen for 2751.0s | zone=1065.1s
  Person 765 on screen for 26.6s | zone=0.0s
  Person 772 on screen for 2661.6s | zone=0.0s
  Person 792 on screen for 1251.3s | zone=1151.5s
  Person 796 on screen for 1.1s | zone=0.0s
  Person 797 on screen for 0.1s | zone=0.0s
  Person 805 on screen for 46.8s | zone=0.9s
  Person 827 on screen for 14.5s | zone=1.3s
  Person 830 on screen for 0.1s | zone=0.0s
  Person 834 on screen for 10.1s | zone=0.0s
  Person 843 on screen for 1.6s | zone=0.1s
Person-ID memory saved: C:\Users\vioyq\Desktop\Coach_Tracker\coach-tracker-demo\coach-store\person-ID\coach3\0316.json
CSV written: C:\Users\vioyq\Desktop\Coach_Tracker\coach-tracker-demo\coach-store\CSV-state\coach3\0316-coach3-20260325-085600.csv
--- end report ---

[Progress] 7/12 ( 58.3%) | elapsed  8766.9s | ETA  6262.0s

=== Running: Coach-3-hour-7-20260316155959.mp4 ===
Person-ID memory: loaded 440 IDs from C:\Users\vioyq\Desktop\Coach_Tracker\coach-tracker-demo\coach-store\person-ID\coach3\0316.json
[coach3] C:\Users\vioyq\Desktop\Coach_Tracker\_Coach_Video\3-16\Coach-3\Coach-3-hour-7-20260316155959.mp4 (36000 frames @ 10.0 fps). (headless)
Config: yaml=coach3.yaml zone=C:\Users\vioyq\Desktop\Coach_Tracker\coach-tracker-demo\coach-store\zone\coach3.json
Output CSV: C:\Users\vioyq\Desktop\Coach_Tracker\coach-tracker-demo\coach-store\CSV-state\coach3\0316-coach3-20260325-085600.csv

--- Report ---
Time spent processing: 1404.3s
Time on screen per person:
  Person 0 on screen for 3579.9s | zone=0.0s
  Person 1 on screen for 3052.6s | zone=0.0s
  Person 2 on screen for 2276.1s | zone=0.0s
  Person 3 on screen for 3188.5s | zone=0.0s
  Person 4 on screen for 3189.2s | zone=0.0s
  Person 5 on screen for 3189.1s | zone=0.0s
  Person 8 on screen for 7.5s | zone=0.0s
  Person 9 on screen for 3246.9s | zone=110.2s
  Person 12 on screen for 182.7s | zone=0.0s
  Person 13 on screen for 18.3s | zone=0.0s
  Person 21 on screen for 1139.4s | zone=1135.9s
  Person 22 on screen for 19.6s | zone=0.3s
  Person 25 on screen for 961.1s | zone=0.0s
  Person 26 on screen for 0.8s | zone=0.0s
  Person 28 on screen for 1086.1s | zone=0.6s
  Person 35 on screen for 1053.0s | zone=0.6s
  Person 39 on screen for 98.1s | zone=0.0s
  Person 42 on screen for 2456.1s | zone=0.0s
  Person 47 on screen for 1509.1s | zone=1500.1s
  Person 48 on screen for 0.3s | zone=0.0s
  Person 49 on screen for 96.9s | zone=0.0s
  Person 50 on screen for 1669.8s | zone=0.0s
  Person 52 on screen for 15.0s | zone=0.0s
  Person 53 on screen for 3072.4s | zone=0.0s
  Person 57 on screen for 0.3s | zone=0.0s
  Person 59 on screen for 63.3s | zone=0.1s
  Person 61 on screen for 2288.3s | zone=0.0s
  Person 68 on screen for 690.6s | zone=0.0s
  Person 69 on screen for 103.7s | zone=0.1s
  Person 70 on screen for 1608.0s | zone=0.0s
  Person 71 on screen for 3086.1s | zone=2290.5s
  Person 72 on screen for 1668.7s | zone=1.7s
  Person 73 on screen for 1344.2s | zone=5.5s
  Person 74 on screen for 1301.2s | zone=1.5s
  Person 75 on screen for 4.7s | zone=0.0s
  Person 76 on screen for 6.1s | zone=0.0s
  Person 78 on screen for 5.2s | zone=5.1s
  Person 79 on screen for 2.1s | zone=2.0s
  Person 84 on screen for 2278.4s | zone=0.0s
  Person 87 on screen for 2816.9s | zone=0.0s
  Person 93 on screen for 2872.0s | zone=0.0s
  Person 94 on screen for 61.6s | zone=0.8s
  Person 95 on screen for 1999.0s | zone=0.0s
  Person 96 on screen for 20.6s | zone=0.0s
  Person 97 on screen for 66.8s | zone=0.2s
  Person 99 on screen for 1199.8s | zone=527.7s
  Person 102 on screen for 23.7s | zone=0.0s
  Person 104 on screen for 50.6s | zone=0.0s
  Person 108 on screen for 33.9s | zone=0.0s
  Person 111 on screen for 1.8s | zone=0.0s
  Person 112 on screen for 2945.9s | zone=0.0s
  Person 115 on screen for 0.5s | zone=0.0s
  Person 117 on screen for 20.4s | zone=0.1s
  Person 119 on screen for 0.8s | zone=0.0s
  Person 120 on screen for 551.7s | zone=0.0s
  Person 121 on screen for 1575.0s | zone=0.0s
  Person 122 on screen for 2.0s | zone=0.0s
  Person 125 on screen for 26.9s | zone=0.0s
  Person 126 on screen for 37.6s | zone=0.0s
  Person 128 on screen for 0.3s | zone=0.2s
  Person 129 on screen for 857.6s | zone=0.0s
  Person 130 on screen for 16.7s | zone=16.6s
  Person 133 on screen for 18.1s | zone=0.0s
  Person 135 on screen for 3.6s | zone=0.1s
  Person 139 on screen for 1.6s | zone=0.0s
  Person 143 on screen for 1422.6s | zone=24.0s
  Person 144 on screen for 1.6s | zone=0.0s
  Person 149 on screen for 0.6s | zone=0.0s
  Person 150 on screen for 1099.0s | zone=0.0s
  Person 155 on screen for 2197.9s | zone=1.4s
  Person 157 on screen for 20.4s | zone=0.8s
  Person 158 on screen for 2846.5s | zone=27.4s
  Person 164 on screen for 3032.5s | zone=3020.0s
  Person 166 on screen for 8.6s | zone=0.7s
  Person 167 on screen for 2355.9s | zone=9.7s
  Person 173 on screen for 3.9s | zone=0.0s
  Person 174 on screen for 14.4s | zone=0.0s
  Person 176 on screen for 1168.2s | zone=0.9s
  Person 177 on screen for 188.0s | zone=2.2s
  Person 180 on screen for 1.8s | zone=0.9s
  Person 182 on screen for 2301.0s | zone=2221.5s
  Person 183 on screen for 561.2s | zone=2.9s
  Person 185 on screen for 233.9s | zone=0.0s
  Person 186 on screen for 760.2s | zone=0.1s
  Person 189 on screen for 275.4s | zone=2.0s
  Person 191 on screen for 1712.8s | zone=1650.7s
  Person 192 on screen for 2302.8s | zone=0.1s
  Person 193 on screen for 18.9s | zone=0.0s
  Person 194 on screen for 1.9s | zone=0.0s
  Person 196 on screen for 2238.8s | zone=0.0s
  Person 200 on screen for 11.2s | zone=4.0s
  Person 202 on screen for 0.7s | zone=0.0s
  Person 205 on screen for 1869.5s | zone=0.0s
  Person 208 on screen for 50.8s | zone=0.0s
  Person 210 on screen for 988.8s | zone=45.6s
  Person 212 on screen for 1.6s | zone=0.0s
  Person 217 on screen for 13.9s | zone=0.0s
  Person 222 on screen for 3.0s | zone=0.0s
  Person 233 on screen for 6.9s | zone=3.2s
  Person 236 on screen for 1993.7s | zone=0.0s
  Person 237 on screen for 1.3s | zone=0.0s
  Person 242 on screen for 50.8s | zone=4.2s
  Person 243 on screen for 850.4s | zone=0.0s
  Person 246 on screen for 8.2s | zone=0.0s
  Person 247 on screen for 26.5s | zone=0.0s
  Person 248 on screen for 944.7s | zone=1.8s
  Person 250 on screen for 7.7s | zone=758.1s
  Person 254 on screen for 1850.9s | zone=1.4s
  Person 255 on screen for 1.2s | zone=0.0s
  Person 257 on screen for 0.5s | zone=0.0s
  Person 260 on screen for 8.0s | zone=0.0s
  Person 265 on screen for 2526.6s | zone=1.0s
  Person 266 on screen for 2897.4s | zone=0.0s
  Person 267 on screen for 63.9s | zone=3.3s
  Person 268 on screen for 152.5s | zone=2.1s
  Person 269 on screen for 1676.8s | zone=1000.7s
  Person 274 on screen for 959.7s | zone=0.0s
  Person 277 on screen for 3.4s | zone=0.0s
  Person 280 on screen for 1686.1s | zone=0.0s
  Person 284 on screen for 18.1s | zone=0.0s
  Person 287 on screen for 2023.2s | zone=0.0s
  Person 290 on screen for 14.6s | zone=0.0s
  Person 291 on screen for 931.3s | zone=0.0s
  Person 292 on screen for 2596.5s | zone=0.9s
  Person 296 on screen for 1455.6s | zone=1.2s
  Person 300 on screen for 916.6s | zone=856.4s
  Person 303 on screen for 37.2s | zone=37.1s
  Person 306 on screen for 63.3s | zone=13.8s
  Person 309 on screen for 3120.0s | zone=0.0s
  Person 313 on screen for 270.2s | zone=0.0s
  Person 314 on screen for 2658.7s | zone=17.3s
  Person 315 on screen for 31.6s | zone=4.8s
  Person 323 on screen for 3.5s | zone=0.0s
  Person 325 on screen for 1408.3s | zone=0.2s
  Person 334 on screen for 12.1s | zone=3.6s
  Person 336 on screen for 40.1s | zone=0.0s
  Person 339 on screen for 1314.3s | zone=0.8s
  Person 344 on screen for 28.4s | zone=0.9s
  Person 345 on screen for 310.4s | zone=0.1s
  Person 351 on screen for 1129.4s | zone=1129.3s
  Person 357 on screen for 37.2s | zone=0.0s
  Person 359 on screen for 232.5s | zone=129.2s
  Person 361 on screen for 14.7s | zone=0.0s
  Person 368 on screen for 7.5s | zone=0.0s
  Person 384 on screen for 5.0s | zone=0.0s
  Person 385 on screen for 14.0s | zone=0.5s
  Person 393 on screen for 24.3s | zone=0.3s
  Person 394 on screen for 20.8s | zone=13.2s
  Person 395 on screen for 1886.7s | zone=0.0s
  Person 401 on screen for 208.3s | zone=201.0s
  Person 405 on screen for 11.2s | zone=1.5s
  Person 406 on screen for 39.2s | zone=39.1s
  Person 407 on screen for 1883.7s | zone=4.9s
  Person 422 on screen for 1248.9s | zone=0.0s
  Person 424 on screen for 777.4s | zone=0.2s
  Person 426 on screen for 17.1s | zone=0.0s
  Person 436 on screen for 32.6s | zone=0.0s
  Person 439 on screen for 253.3s | zone=0.1s
  Person 440 on screen for 3473.9s | zone=933.6s
  Person 450 on screen for 1.9s | zone=0.0s
  Person 459 on screen for 2407.4s | zone=0.5s
  Person 460 on screen for 2022.3s | zone=0.0s
  Person 464 on screen for 0.1s | zone=0.0s
  Person 467 on screen for 323.7s | zone=1.4s
  Person 473 on screen for 5.1s | zone=0.0s
  Person 478 on screen for 30.3s | zone=2.1s
  Person 481 on screen for 0.1s | zone=0.0s
  Person 482 on screen for 75.8s | zone=0.0s
  Person 483 on screen for 2485.9s | zone=946.1s
  Person 484 on screen for 9.9s | zone=2.9s
  Person 489 on screen for 0.2s | zone=0.0s
  Person 491 on screen for 81.9s | zone=51.9s
  Person 494 on screen for 507.3s | zone=23.1s
  Person 495 on screen for 16.0s | zone=15.9s
  Person 499 on screen for 6.5s | zone=0.3s
  Person 502 on screen for 3.2s | zone=0.0s
  Person 507 on screen for 1.1s | zone=0.0s
  Person 508 on screen for 1673.6s | zone=0.1s
  Person 509 on screen for 929.5s | zone=829.0s
  Person 512 on screen for 21.9s | zone=1.4s
  Person 517 on screen for 135.5s | zone=1.2s
  Person 518 on screen for 1421.5s | zone=1.1s
  Person 519 on screen for 1380.3s | zone=0.0s
  Person 522 on screen for 2784.7s | zone=0.1s
  Person 523 on screen for 20.8s | zone=0.0s
  Person 527 on screen for 309.6s | zone=0.0s
  Person 530 on screen for 306.5s | zone=0.0s
  Person 531 on screen for 42.6s | zone=0.1s
  Person 532 on screen for 2291.2s | zone=1.2s
  Person 533 on screen for 2771.7s | zone=133.9s
  Person 537 on screen for 93.4s | zone=47.1s
  Person 538 on screen for 3.1s | zone=3.2s
  Person 539 on screen for 67.7s | zone=0.0s
  Person 540 on screen for 216.2s | zone=1.6s
  Person 546 on screen for 50.8s | zone=20.7s
  Person 552 on screen for 10.0s | zone=46.6s
  Person 553 on screen for 12.6s | zone=12.5s
  Person 558 on screen for 34.6s | zone=0.5s
  Person 563 on screen for 850.1s | zone=0.0s
  Person 564 on screen for 2379.9s | zone=0.1s
  Person 568 on screen for 218.4s | zone=0.0s
  Person 574 on screen for 27.9s | zone=0.0s
  Person 575 on screen for 41.9s | zone=29.9s
  Person 578 on screen for 27.2s | zone=4.4s
  Person 579 on screen for 17.0s | zone=0.0s
  Person 582 on screen for 0.9s | zone=0.0s
  Person 583 on screen for 2480.5s | zone=18.7s
  Person 584 on screen for 832.1s | zone=0.0s
  Person 588 on screen for 352.7s | zone=0.0s
  Person 589 on screen for 1289.3s | zone=0.0s
  Person 591 on screen for 1704.9s | zone=0.7s
  Person 601 on screen for 1658.7s | zone=0.0s
  Person 605 on screen for 62.1s | zone=0.0s
  Person 610 on screen for 10.9s | zone=0.0s
  Person 625 on screen for 486.5s | zone=0.7s
  Person 629 on screen for 581.2s | zone=1.0s
  Person 632 on screen for 627.6s | zone=0.9s
  Person 633 on screen for 6.9s | zone=1.5s
  Person 646 on screen for 6.6s | zone=0.0s
  Person 648 on screen for 962.2s | zone=0.0s
  Person 649 on screen for 1502.8s | zone=1291.5s
  Person 650 on screen for 662.2s | zone=607.1s
  Person 662 on screen for 10.2s | zone=0.0s
  Person 666 on screen for 2125.4s | zone=0.0s
  Person 668 on screen for 2.3s | zone=0.0s
  Person 676 on screen for 2448.9s | zone=4.7s
  Person 679 on screen for 13.9s | zone=0.0s
  Person 682 on screen for 213.6s | zone=0.1s
  Person 686 on screen for 1516.6s | zone=3.3s
  Person 689 on screen for 134.7s | zone=17.9s
  Person 699 on screen for 2.3s | zone=0.0s
  Person 705 on screen for 593.8s | zone=0.6s
  Person 751 on screen for 2701.0s | zone=0.2s
  Person 759 on screen for 1152.4s | zone=1108.3s
  Person 761 on screen for 2307.9s | zone=0.5s
  Person 762 on screen for 79.3s | zone=0.0s
  Person 764 on screen for 2621.8s | zone=36.0s
  Person 772 on screen for 326.3s | zone=0.0s
  Person 792 on screen for 2064.6s | zone=6.7s
  Person 796 on screen for 0.5s | zone=0.0s
  Person 843 on screen for 19.9s | zone=0.2s
Person-ID memory saved: C:\Users\vioyq\Desktop\Coach_Tracker\coach-tracker-demo\coach-store\person-ID\coach3\0316.json
CSV written: C:\Users\vioyq\Desktop\Coach_Tracker\coach-tracker-demo\coach-store\CSV-state\coach3\0316-coach3-20260325-085600.csv
--- end report ---

[Progress] 8/12 ( 66.7%) | elapsed 10175.4s | ETA  5087.7s

=== Running: Coach-3-hour-8-20260316165959.mp4 ===
Person-ID memory: loaded 475 IDs from C:\Users\vioyq\Desktop\Coach_Tracker\coach-tracker-demo\coach-store\person-ID\coach3\0316.json
[coach3] C:\Users\vioyq\Desktop\Coach_Tracker\_Coach_Video\3-16\Coach-3\Coach-3-hour-8-20260316165959.mp4 (36000 frames @ 10.0 fps). (headless)
Config: yaml=coach3.yaml zone=C:\Users\vioyq\Desktop\Coach_Tracker\coach-tracker-demo\coach-store\zone\coach3.json
Output CSV: C:\Users\vioyq\Desktop\Coach_Tracker\coach-tracker-demo\coach-store\CSV-state\coach3\0316-coach3-20260325-085600.csv

--- Report ---
Time spent processing: 1459.3s
Time on screen per person:
  Person 0 on screen for 3081.8s | zone=0.0s
  Person 1 on screen for 2817.2s | zone=0.0s
  Person 2 on screen for 2169.8s | zone=0.0s
  Person 3 on screen for 0.1s | zone=39.7s
  Person 13 on screen for 940.0s | zone=0.0s
  Person 14 on screen for 2508.8s | zone=0.0s
  Person 19 on screen for 67.5s | zone=67.4s
  Person 23 on screen for 46.3s | zone=21.3s
  Person 25 on screen for 2302.2s | zone=0.0s
  Person 34 on screen for 14.4s | zone=0.4s
  Person 37 on screen for 1307.6s | zone=2.6s
  Person 42 on screen for 2.5s | zone=0.0s
  Person 47 on screen for 154.4s | zone=2.7s
  Person 50 on screen for 7.3s | zone=1.8s
  Person 51 on screen for 2534.9s | zone=0.0s
  Person 53 on screen for 6.2s | zone=0.0s
  Person 56 on screen for 1351.2s | zone=3.5s
  Person 59 on screen for 0.2s | zone=0.0s
  Person 61 on screen for 574.7s | zone=4.0s
  Person 68 on screen for 1029.2s | zone=0.0s
  Person 69 on screen for 219.0s | zone=2.9s
  Person 70 on screen for 886.5s | zone=22.0s
  Person 71 on screen for 9.6s | zone=0.0s
  Person 72 on screen for 156.6s | zone=0.0s
  Person 73 on screen for 16.9s | zone=0.9s
  Person 78 on screen for 24.4s | zone=0.0s
  Person 82 on screen for 30.8s | zone=30.7s
  Person 84 on screen for 1879.0s | zone=0.0s
  Person 87 on screen for 0.1s | zone=0.0s
  Person 88 on screen for 1907.2s | zone=0.4s
  Person 89 on screen for 1123.1s | zone=0.0s
  Person 92 on screen for 2259.4s | zone=0.0s
  Person 93 on screen for 2153.7s | zone=0.0s
  Person 95 on screen for 150.4s | zone=0.0s
  Person 96 on screen for 1834.5s | zone=0.0s
  Person 97 on screen for 18.6s | zone=0.0s
  Person 99 on screen for 1891.3s | zone=0.2s
  Person 104 on screen for 177.0s | zone=0.0s
  Person 106 on screen for 649.6s | zone=0.0s
  Person 108 on screen for 1352.6s | zone=0.0s
  Person 111 on screen for 1.2s | zone=0.0s
  Person 112 on screen for 1178.7s | zone=0.0s
  Person 122 on screen for 0.3s | zone=0.0s
  Person 126 on screen for 11.7s | zone=0.2s
  Person 130 on screen for 344.1s | zone=4.5s
  Person 139 on screen for 0.1s | zone=0.0s
  Person 140 on screen for 119.8s | zone=0.0s
  Person 141 on screen for 1491.9s | zone=0.1s
  Person 143 on screen for 838.9s | zone=117.6s
  Person 144 on screen for 7.6s | zone=0.0s
  Person 146 on screen for 2045.9s | zone=0.0s
  Person 149 on screen for 129.7s | zone=0.0s
  Person 150 on screen for 41.0s | zone=0.0s
  Person 154 on screen for 148.3s | zone=13.1s
  Person 155 on screen for 149.0s | zone=0.0s
  Person 157 on screen for 2492.0s | zone=2271.5s
  Person 158 on screen for 2243.4s | zone=20.0s
  Person 161 on screen for 3.2s | zone=0.0s
  Person 166 on screen for 1394.6s | zone=0.3s
  Person 173 on screen for 0.2s | zone=0.0s
  Person 174 on screen for 38.9s | zone=33.7s
  Person 175 on screen for 1.8s | zone=0.0s
  Person 176 on screen for 349.9s | zone=0.0s
  Person 177 on screen for 33.7s | zone=0.0s
  Person 182 on screen for 11.5s | zone=0.0s
  Person 183 on screen for 1308.0s | zone=0.0s
  Person 184 on screen for 3.6s | zone=3.5s
  Person 185 on screen for 2291.3s | zone=0.0s
  Person 186 on screen for 601.8s | zone=4.6s
  Person 188 on screen for 23.4s | zone=0.0s
  Person 190 on screen for 16.2s | zone=0.8s
  Person 191 on screen for 25.7s | zone=0.7s
  Person 193 on screen for 618.3s | zone=6.0s
  Person 196 on screen for 7.8s | zone=0.0s
  Person 201 on screen for 615.0s | zone=0.0s
  Person 202 on screen for 0.7s | zone=0.0s
  Person 204 on screen for 1096.9s | zone=0.0s
  Person 205 on screen for 0.4s | zone=0.0s
  Person 206 on screen for 21.3s | zone=0.2s
  Person 213 on screen for 2152.0s | zone=0.0s
  Person 223 on screen for 273.7s | zone=0.0s
  Person 230 on screen for 2519.2s | zone=0.1s
  Person 233 on screen for 1398.8s | zone=0.0s
  Person 234 on screen for 15.9s | zone=0.0s
  Person 236 on screen for 2987.9s | zone=327.3s
  Person 239 on screen for 1315.1s | zone=36.7s
  Person 242 on screen for 1197.7s | zone=0.2s
  Person 246 on screen for 6.7s | zone=6.7s
  Person 248 on screen for 19.1s | zone=0.0s
  Person 250 on screen for 7.8s | zone=0.0s
  Person 257 on screen for 1.4s | zone=0.0s
  Person 265 on screen for 2.6s | zone=0.0s
  Person 266 on screen for 2325.1s | zone=0.0s
  Person 267 on screen for 2807.3s | zone=39.5s
  Person 269 on screen for 707.5s | zone=1.5s
  Person 274 on screen for 2646.5s | zone=0.1s
  Person 278 on screen for 71.5s | zone=62.1s
  Person 280 on screen for 2079.9s | zone=0.0s
  Person 287 on screen for 928.3s | zone=0.0s
  Person 291 on screen for 4.0s | zone=0.0s
  Person 295 on screen for 6.0s | zone=0.1s
  Person 296 on screen for 2126.3s | zone=0.0s
  Person 298 on screen for 2.2s | zone=0.1s
  Person 302 on screen for 192.8s | zone=0.0s
  Person 303 on screen for 3160.2s | zone=0.9s
  Person 304 on screen for 2.3s | zone=0.0s
  Person 305 on screen for 1113.2s | zone=942.9s
  Person 309 on screen for 0.5s | zone=0.0s
  Person 310 on screen for 812.1s | zone=0.1s
  Person 313 on screen for 74.8s | zone=0.0s
  Person 314 on screen for 89.1s | zone=8.1s
  Person 315 on screen for 21.2s | zone=20.8s
  Person 318 on screen for 1253.9s | zone=0.0s
  Person 320 on screen for 160.3s | zone=20.5s
  Person 322 on screen for 6.6s | zone=0.0s
  Person 323 on screen for 12.2s | zone=0.0s
  Person 325 on screen for 803.9s | zone=0.0s
  Person 333 on screen for 6.5s | zone=0.0s
  Person 334 on screen for 25.7s | zone=0.2s
  Person 339 on screen for 1608.4s | zone=59.3s
  Person 344 on screen for 2398.3s | zone=1.4s
  Person 349 on screen for 165.8s | zone=0.0s
  Person 351 on screen for 1460.4s | zone=1.7s
  Person 352 on screen for 2.9s | zone=0.3s
  Person 357 on screen for 2521.4s | zone=4.3s
  Person 359 on screen for 947.7s | zone=0.1s
  Person 361 on screen for 32.2s | zone=0.0s
  Person 363 on screen for 70.5s | zone=0.1s
  Person 365 on screen for 2.3s | zone=2.2s
  Person 368 on screen for 2561.8s | zone=0.3s
  Person 370 on screen for 10.6s | zone=0.0s
  Person 377 on screen for 0.8s | zone=0.0s
  Person 379 on screen for 666.9s | zone=0.0s
  Person 380 on screen for 6.7s | zone=6.8s
  Person 385 on screen for 24.4s | zone=2.9s
  Person 389 on screen for 4.0s | zone=0.0s
  Person 390 on screen for 6.2s | zone=1.4s
  Person 401 on screen for 2164.8s | zone=2164.7s
  Person 405 on screen for 1986.6s | zone=0.0s
  Person 409 on screen for 44.6s | zone=0.0s
  Person 411 on screen for 2054.0s | zone=0.0s
  Person 413 on screen for 0.5s | zone=0.1s
  Person 414 on screen for 3.3s | zone=0.7s
  Person 418 on screen for 9.8s | zone=0.0s
  Person 422 on screen for 1361.3s | zone=6.9s
  Person 423 on screen for 9.3s | zone=0.0s
  Person 435 on screen for 172.2s | zone=91.6s
  Person 436 on screen for 3.3s | zone=0.0s
  Person 439 on screen for 146.8s | zone=0.0s
  Person 440 on screen for 317.0s | zone=0.0s
  Person 448 on screen for 18.6s | zone=2.7s
  Person 450 on screen for 2211.2s | zone=0.0s
  Person 456 on screen for 26.7s | zone=1.5s
  Person 457 on screen for 459.9s | zone=5.8s
  Person 459 on screen for 832.2s | zone=0.2s
  Person 460 on screen for 2671.6s | zone=0.6s
  Person 465 on screen for 74.5s | zone=13.5s
  Person 467 on screen for 1869.4s | zone=5.1s
  Person 475 on screen for 77.9s | zone=0.0s
  Person 482 on screen for 35.3s | zone=0.0s
  Person 483 on screen for 25.0s | zone=0.3s
  Person 487 on screen for 49.6s | zone=0.0s
  Person 491 on screen for 1267.5s | zone=0.1s
  Person 492 on screen for 21.9s | zone=5.4s
  Person 493 on screen for 120.3s | zone=21.1s
  Person 494 on screen for 246.5s | zone=2.1s
  Person 497 on screen for 1.6s | zone=0.0s
  Person 498 on screen for 73.9s | zone=0.0s
  Person 501 on screen for 96.4s | zone=96.5s
  Person 505 on screen for 1.1s | zone=0.0s
  Person 508 on screen for 68.9s | zone=0.1s
  Person 509 on screen for 39.1s | zone=39.0s
  Person 512 on screen for 2447.3s | zone=0.0s
  Person 514 on screen for 1.3s | zone=0.0s
  Person 517 on screen for 2303.0s | zone=23.6s
  Person 518 on screen for 0.8s | zone=0.0s
  Person 525 on screen for 4.7s | zone=0.0s
  Person 530 on screen for 1598.4s | zone=0.0s
  Person 531 on screen for 340.9s | zone=38.1s
  Person 532 on screen for 184.6s | zone=0.0s
  Person 534 on screen for 1749.8s | zone=1.2s
  Person 543 on screen for 0.1s | zone=0.0s
  Person 546 on screen for 2265.5s | zone=493.8s
  Person 554 on screen for 0.2s | zone=0.0s
  Person 555 on screen for 19.3s | zone=11.4s
  Person 558 on screen for 2347.7s | zone=0.0s
  Person 571 on screen for 2250.6s | zone=0.0s
  Person 574 on screen for 1.6s | zone=0.0s
  Person 575 on screen for 2029.2s | zone=0.0s
  Person 578 on screen for 5.3s | zone=5.1s
  Person 582 on screen for 6.5s | zone=1.8s
  Person 583 on screen for 5.5s | zone=1.3s
  Person 584 on screen for 3252.8s | zone=4.7s
  Person 587 on screen for 10.5s | zone=6.7s
  Person 589 on screen for 2590.6s | zone=0.0s
  Person 590 on screen for 57.5s | zone=0.0s
  Person 601 on screen for 631.9s | zone=0.0s
  Person 603 on screen for 1.1s | zone=0.0s
  Person 605 on screen for 378.9s | zone=0.0s
  Person 610 on screen for 84.2s | zone=0.1s
  Person 622 on screen for 1897.3s | zone=0.0s
  Person 629 on screen for 2.7s | zone=0.0s
  Person 632 on screen for 0.4s | zone=0.0s
  Person 633 on screen for 0.6s | zone=0.0s
  Person 648 on screen for 2180.6s | zone=1032.1s
  Person 649 on screen for 81.8s | zone=0.0s
  Person 650 on screen for 1157.4s | zone=1138.4s
  Person 658 on screen for 5.9s | zone=5.8s
  Person 659 on screen for 40.5s | zone=0.0s
  Person 666 on screen for 0.4s | zone=0.0s
  Person 679 on screen for 23.7s | zone=0.0s
  Person 682 on screen for 3.4s | zone=3.3s
  Person 686 on screen for 14.6s | zone=1.5s
  Person 689 on screen for 20.0s | zone=0.0s
  Person 705 on screen for 18.1s | zone=0.0s
  Person 735 on screen for 445.7s | zone=0.0s
  Person 761 on screen for 988.8s | zone=0.0s
  Person 763 on screen for 335.7s | zone=335.6s
  Person 764 on screen for 5.4s | zone=0.0s
  Person 765 on screen for 181.3s | zone=0.0s
  Person 772 on screen for 11.5s | zone=0.0s
  Person 792 on screen for 27.5s | zone=11.1s
  Person 805 on screen for 3533.2s | zone=4.3s
  Person 827 on screen for 0.1s | zone=0.0s
  Person 843 on screen for 6.3s | zone=0.5s
Person-ID memory saved: C:\Users\vioyq\Desktop\Coach_Tracker\coach-tracker-demo\coach-store\person-ID\coach3\0316.json
CSV written: C:\Users\vioyq\Desktop\Coach_Tracker\coach-tracker-demo\coach-store\CSV-state\coach3\0316-coach3-20260325-085600.csv
--- end report ---

[Progress] 9/12 ( 75.0%) | elapsed 11643.4s | ETA  3881.1s

=== Running: Coach-3-hour-9-20260316175959.mp4 ===
Person-ID memory: loaded 493 IDs from C:\Users\vioyq\Desktop\Coach_Tracker\coach-tracker-demo\coach-store\person-ID\coach3\0316.json
[coach3] C:\Users\vioyq\Desktop\Coach_Tracker\_Coach_Video\3-16\Coach-3\Coach-3-hour-9-20260316175959.mp4 (36000 frames @ 10.0 fps). (headless)
Config: yaml=coach3.yaml zone=C:\Users\vioyq\Desktop\Coach_Tracker\coach-tracker-demo\coach-store\zone\coach3.json
Output CSV: C:\Users\vioyq\Desktop\Coach_Tracker\coach-tracker-demo\coach-store\CSV-state\coach3\0316-coach3-20260325-085600.csv

--- Report ---
Time spent processing: 1498.4s
Time on screen per person:
  Person 0 on screen for 3548.3s | zone=0.0s
  Person 1 on screen for 3349.8s | zone=0.0s
  Person 2 on screen for 578.4s | zone=0.0s
  Person 3 on screen for 301.3s | zone=0.0s
  Person 9 on screen for 0.3s | zone=0.0s
  Person 12 on screen for 44.7s | zone=0.0s
  Person 13 on screen for 5.2s | zone=0.0s
  Person 14 on screen for 0.6s | zone=0.0s
  Person 15 on screen for 1.2s | zone=0.0s
  Person 19 on screen for 1282.6s | zone=1260.4s
  Person 21 on screen for 280.5s | zone=0.0s
  Person 22 on screen for 2247.5s | zone=0.0s
  Person 23 on screen for 2750.9s | zone=3.8s
  Person 25 on screen for 8.8s | zone=0.0s
  Person 26 on screen for 2268.3s | zone=12.4s
  Person 33 on screen for 2368.0s | zone=1.0s
  Person 35 on screen for 1026.5s | zone=4.9s
  Person 36 on screen for 47.0s | zone=3.1s
  Person 38 on screen for 4.3s | zone=4.2s
  Person 42 on screen for 1.5s | zone=0.0s
  Person 46 on screen for 1884.1s | zone=0.0s
  Person 47 on screen for 15.5s | zone=1.1s
  Person 51 on screen for 5.9s | zone=0.0s
  Person 53 on screen for 3143.1s | zone=0.0s
  Person 56 on screen for 1590.7s | zone=627.6s
  Person 59 on screen for 0.3s | zone=0.0s
  Person 65 on screen for 1138.3s | zone=0.8s
  Person 67 on screen for 65.0s | zone=0.0s
  Person 69 on screen for 2035.1s | zone=1261.4s
  Person 72 on screen for 1116.3s | zone=0.0s
  Person 73 on screen for 1295.9s | zone=0.0s
  Person 74 on screen for 1751.8s | zone=1368.0s
  Person 75 on screen for 771.5s | zone=0.0s
  Person 79 on screen for 34.7s | zone=34.6s
  Person 82 on screen for 224.3s | zone=19.8s
  Person 86 on screen for 0.3s | zone=0.0s
  Person 90 on screen for 1.5s | zone=0.0s
  Person 92 on screen for 1890.5s | zone=0.2s
  Person 93 on screen for 2315.2s | zone=442.1s
  Person 99 on screen for 162.7s | zone=0.0s
  Person 102 on screen for 6.1s | zone=0.0s
  Person 103 on screen for 8.6s | zone=0.0s
  Person 104 on screen for 0.6s | zone=0.0s
  Person 112 on screen for 43.5s | zone=14.0s
  Person 117 on screen for 514.9s | zone=0.5s
  Person 118 on screen for 4.1s | zone=1.0s
  Person 119 on screen for 1520.8s | zone=0.0s
  Person 120 on screen for 3169.6s | zone=2358.4s
  Person 121 on screen for 0.1s | zone=0.0s
  Person 122 on screen for 1735.1s | zone=0.0s
  Person 123 on screen for 6.9s | zone=0.0s
  Person 129 on screen for 2156.0s | zone=0.0s
  Person 130 on screen for 608.0s | zone=0.3s
  Person 131 on screen for 0.5s | zone=0.0s
  Person 133 on screen for 29.2s | zone=3.9s
  Person 134 on screen for 1069.7s | zone=0.0s
  Person 138 on screen for 213.9s | zone=0.1s
  Person 143 on screen for 158.8s | zone=0.9s
  Person 146 on screen for 652.3s | zone=0.0s
  Person 149 on screen for 1463.9s | zone=0.0s
  Person 155 on screen for 14.1s | zone=0.0s
  Person 157 on screen for 4.1s | zone=0.0s
  Person 158 on screen for 2426.0s | zone=2365.4s
  Person 159 on screen for 33.0s | zone=5.2s
  Person 164 on screen for 23.9s | zone=5.0s
  Person 167 on screen for 2311.7s | zone=0.0s
  Person 173 on screen for 1784.7s | zone=0.0s
  Person 176 on screen for 21.8s | zone=0.0s
  Person 183 on screen for 2165.5s | zone=2165.4s
  Person 184 on screen for 1668.9s | zone=1621.0s
  Person 186 on screen for 1056.5s | zone=1054.3s
  Person 188 on screen for 27.1s | zone=1.9s
  Person 191 on screen for 0.3s | zone=0.0s
  Person 194 on screen for 0.9s | zone=0.0s
  Person 197 on screen for 97.3s | zone=0.1s
  Person 200 on screen for 849.9s | zone=0.0s
  Person 201 on screen for 1967.8s | zone=0.0s
  Person 203 on screen for 0.7s | zone=0.0s
  Person 205 on screen for 0.7s | zone=0.0s
  Person 211 on screen for 78.9s | zone=0.0s
  Person 212 on screen for 85.9s | zone=85.8s
  Person 214 on screen for 13.0s | zone=0.0s
  Person 215 on screen for 595.7s | zone=0.0s
  Person 219 on screen for 1503.7s | zone=0.4s
  Person 220 on screen for 14.0s | zone=2.4s
  Person 223 on screen for 6.8s | zone=0.0s
  Person 226 on screen for 1830.7s | zone=0.0s
  Person 227 on screen for 26.6s | zone=6.3s
  Person 230 on screen for 3176.4s | zone=0.0s
  Person 234 on screen for 32.5s | zone=0.0s
  Person 236 on screen for 164.5s | zone=0.9s
  Person 239 on screen for 2587.1s | zone=2.7s
  Person 242 on screen for 0.8s | zone=0.0s
  Person 243 on screen for 563.2s | zone=509.9s
  Person 247 on screen for 1457.5s | zone=10.1s
  Person 248 on screen for 1.0s | zone=0.9s
  Person 249 on screen for 0.3s | zone=0.0s
  Person 250 on screen for 1533.7s | zone=0.1s
  Person 252 on screen for 2.6s | zone=0.0s
  Person 255 on screen for 0.8s | zone=0.0s
  Person 256 on screen for 50.8s | zone=0.4s
  Person 265 on screen for 2726.7s | zone=0.0s
  Person 266 on screen for 1219.5s | zone=0.0s
  Person 267 on screen for 0.3s | zone=0.0s
  Person 268 on screen for 1.3s | zone=0.0s
  Person 269 on screen for 19.7s | zone=0.8s
  Person 270 on screen for 6.1s | zone=0.0s
  Person 272 on screen for 9.5s | zone=0.0s
  Person 274 on screen for 2921.2s | zone=0.6s
  Person 279 on screen for 1438.3s | zone=13.5s
  Person 282 on screen for 1323.6s | zone=0.2s
  Person 291 on screen for 2152.8s | zone=2103.5s
  Person 295 on screen for 9.7s | zone=0.0s
  Person 296 on screen for 1.2s | zone=0.0s
  Person 298 on screen for 8.8s | zone=0.0s
  Person 302 on screen for 41.2s | zone=0.6s
  Person 303 on screen for 2215.3s | zone=2.1s
  Person 309 on screen for 1503.3s | zone=0.0s
  Person 312 on screen for 0.9s | zone=0.0s
  Person 313 on screen for 1438.5s | zone=1416.4s
  Person 315 on screen for 1.7s | zone=0.0s
  Person 317 on screen for 1926.3s | zone=2.9s
  Person 318 on screen for 450.0s | zone=0.0s
  Person 322 on screen for 866.7s | zone=1.0s
  Person 323 on screen for 3.3s | zone=0.0s
  Person 325 on screen for 2769.4s | zone=0.0s
  Person 328 on screen for 440.0s | zone=420.2s
  Person 330 on screen for 0.8s | zone=0.0s
  Person 332 on screen for 19.4s | zone=0.0s
  Person 333 on screen for 2557.0s | zone=0.0s
  Person 339 on screen for 3.9s | zone=0.0s
  Person 343 on screen for 29.2s | zone=0.0s
  Person 344 on screen for 779.6s | zone=0.1s
  Person 345 on screen for 1642.7s | zone=0.0s
  Person 347 on screen for 2.8s | zone=2.1s
  Person 348 on screen for 84.5s | zone=0.0s
  Person 349 on screen for 31.5s | zone=3.1s
  Person 351 on screen for 15.4s | zone=0.2s
  Person 352 on screen for 16.0s | zone=15.9s
  Person 357 on screen for 9.9s | zone=9.8s
  Person 359 on screen for 16.0s | zone=0.2s
  Person 361 on screen for 19.9s | zone=0.0s
  Person 363 on screen for 432.7s | zone=422.0s
  Person 368 on screen for 1829.2s | zone=0.1s
  Person 384 on screen for 2549.7s | zone=0.0s
  Person 388 on screen for 487.3s | zone=0.0s
  Person 395 on screen for 1.6s | zone=0.0s
  Person 396 on screen for 13.8s | zone=0.3s
  Person 403 on screen for 562.5s | zone=0.0s
  Person 407 on screen for 5.5s | zone=1.7s
  Person 409 on screen for 2452.5s | zone=0.0s
  Person 411 on screen for 1050.1s | zone=0.0s
  Person 414 on screen for 0.4s | zone=0.0s
  Person 415 on screen for 27.5s | zone=0.0s
  Person 422 on screen for 0.2s | zone=0.0s
  Person 423 on screen for 972.5s | zone=956.0s
  Person 424 on screen for 1724.5s | zone=1048.7s
  Person 426 on screen for 0.5s | zone=0.0s
  Person 431 on screen for 0.4s | zone=0.0s
  Person 435 on screen for 13.6s | zone=0.3s
  Person 450 on screen for 157.7s | zone=0.3s
  Person 456 on screen for 1204.0s | zone=0.0s
  Person 457 on screen for 5.3s | zone=0.0s
  Person 459 on screen for 85.6s | zone=68.2s
  Person 460 on screen for 2010.8s | zone=3.5s
  Person 470 on screen for 6.7s | zone=0.3s
  Person 473 on screen for 1.2s | zone=0.0s
  Person 474 on screen for 2.1s | zone=0.1s
  Person 484 on screen for 872.0s | zone=0.0s
  Person 487 on screen for 174.7s | zone=0.0s
  Person 488 on screen for 3.7s | zone=3.3s
  Person 489 on screen for 1569.6s | zone=3.7s
  Person 491 on screen for 2650.6s | zone=2.1s
  Person 494 on screen for 1349.9s | zone=0.0s
  Person 497 on screen for 683.0s | zone=0.0s
  Person 498 on screen for 336.0s | zone=0.0s
  Person 501 on screen for 169.5s | zone=0.9s
  Person 506 on screen for 47.2s | zone=0.0s
  Person 513 on screen for 438.7s | zone=0.8s
  Person 514 on screen for 1829.9s | zone=0.0s
  Person 516 on screen for 0.7s | zone=0.0s
  Person 518 on screen for 12.4s | zone=0.0s
  Person 520 on screen for 132.3s | zone=0.0s
  Person 525 on screen for 31.0s | zone=0.6s
  Person 527 on screen for 15.3s | zone=0.0s
  Person 529 on screen for 42.8s | zone=4.1s
  Person 530 on screen for 7.5s | zone=0.0s
  Person 531 on screen for 1270.8s | zone=2978.6s
  Person 532 on screen for 15.1s | zone=0.0s
  Person 533 on screen for 0.4s | zone=0.0s
  Person 534 on screen for 545.5s | zone=0.4s
  Person 538 on screen for 784.8s | zone=2798.1s
  Person 540 on screen for 826.1s | zone=0.0s
  Person 543 on screen for 1.3s | zone=0.0s
  Person 547 on screen for 32.7s | zone=31.1s
  Person 552 on screen for 1817.8s | zone=0.1s
  Person 555 on screen for 681.5s | zone=3348.4s
  Person 558 on screen for 3089.9s | zone=4.1s
  Person 563 on screen for 8.3s | zone=0.0s
  Person 568 on screen for 6.9s | zone=0.0s
  Person 571 on screen for 21.7s | zone=0.0s
  Person 574 on screen for 1159.2s | zone=0.0s
  Person 575 on screen for 50.6s | zone=34.8s
  Person 578 on screen for 1819.6s | zone=0.0s
  Person 579 on screen for 105.8s | zone=0.0s
  Person 582 on screen for 246.1s | zone=22.6s
  Person 583 on screen for 607.1s | zone=0.8s
  Person 584 on screen for 83.2s | zone=0.0s
  Person 588 on screen for 5.6s | zone=2.3s
  Person 589 on screen for 15.7s | zone=0.5s
  Person 590 on screen for 4.0s | zone=0.0s
  Person 591 on screen for 16.4s | zone=2.3s
  Person 605 on screen for 3210.0s | zone=1654.6s
  Person 610 on screen for 579.8s | zone=1.3s
  Person 627 on screen for 1963.7s | zone=746.0s
  Person 629 on screen for 12.2s | zone=0.0s
  Person 632 on screen for 665.9s | zone=0.0s
  Person 633 on screen for 117.9s | zone=7.5s
  Person 649 on screen for 1533.6s | zone=0.0s
  Person 650 on screen for 1483.5s | zone=79.0s
  Person 659 on screen for 5.1s | zone=0.0s
  Person 662 on screen for 15.2s | zone=7.4s
  Person 664 on screen for 2561.1s | zone=0.0s
  Person 666 on screen for 1995.3s | zone=0.0s
  Person 668 on screen for 5.0s | zone=0.0s
  Person 676 on screen for 373.6s | zone=321.7s
  Person 696 on screen for 0.7s | zone=0.6s
  Person 699 on screen for 1.0s | zone=0.0s
  Person 705 on screen for 2165.4s | zone=0.0s
  Person 739 on screen for 815.4s | zone=0.2s
  Person 761 on screen for 634.9s | zone=0.0s
  Person 765 on screen for 1841.8s | zone=1498.8s
  Person 805 on screen for 214.7s | zone=184.6s
  Person 827 on screen for 280.1s | zone=262.3s
  Person 843 on screen for 13.0s | zone=2.5s
Person-ID memory saved: C:\Users\vioyq\Desktop\Coach_Tracker\coach-tracker-demo\coach-store\person-ID\coach3\0316.json
CSV written: C:\Users\vioyq\Desktop\Coach_Tracker\coach-tracker-demo\coach-store\CSV-state\coach3\0316-coach3-20260325-085600.csv
--- end report ---

[Progress] 10/12 ( 83.3%) | elapsed 13146.4s | ETA  2629.3s

=== Running: Coach-3-hour-10-20260316190000.mp4 ===
