# date=3-20
# cmd: C:\Users\vioyq\Desktop\Coach_Tracker\coach-tracker-demo\venv\Scripts\python.exe -u C:\Users\vioyq\Desktop\Coach_Tracker\coach-tracker-demo\video-script\coach-date-camera-id-runner.py --date 3-20 --camera coach-5 --video-root C:\Users\vioyq\Desktop\Coach_Tracker\_Coach_Video --drive-mount-root /content/drive --no-viewer
# cwd: C:\Users\vioyq\Desktop\Coach_Tracker\coach-tracker-demo

Combined CSV output: C:\Users\vioyq\Desktop\Coach_Tracker\coach-tracker-demo\coach-store\CSV-state\coach5\0320-coach5-20260324-183723.csv
Found 11 video(s) in C:\Users\vioyq\Desktop\Coach_Tracker\_Coach_Video\3-20\Coach-5
001. Coach-5-hour-1-20260320095959.mp4
002. Coach-5-hour-2-20260320105959.mp4
003. Coach-5-hour-3-20260320115959.mp4
004. Coach-5-hour-4-20260320125959.mp4
005. Coach-5-hour-5-20260320135959.mp4
006. Coach-5-hour-6-20260320145959.mp4
007. Coach-5-hour-7-20260320155959.mp4
008. Coach-5-hour-8-20260320165959.mp4
009. Coach-5-hour-9-20260320175959.mp4
010. Coach-5-hour-10-20260320190000.mp4
011. Coach-5-hour-11-20260320200003.mp4

[Progress] 1/11 (  9.1%) | elapsed     0.0s | ETA     0.0s

=== Running: Coach-5-hour-1-20260320095959.mp4 ===
Person-ID memory: loaded 0 IDs from C:\Users\vioyq\Desktop\Coach_Tracker\coach-tracker-demo\coach-store\person-ID\coach5\0320.json
[coach5] C:\Users\vioyq\Desktop\Coach_Tracker\_Coach_Video\3-20\Coach-5\Coach-5-hour-1-20260320095959.mp4 (36000 frames @ 10.0 fps). (headless)
Config: yaml=coach5.yaml zone=C:\Users\vioyq\Desktop\Coach_Tracker\coach-tracker-demo\coach-store\zone\coach5.json
Output CSV: C:\Users\vioyq\Desktop\Coach_Tracker\coach-tracker-demo\coach-store\CSV-state\coach5\0320-coach5-20260324-183723.csv

--- Report ---
Time spent processing: 1399.8s
Time on screen per person:
  Person 0 on screen for 2969.7s | zone=0.0s
  Person 1 on screen for 3032.5s | zone=3032.4s
  Person 2 on screen for 723.4s | zone=16.2s
  Person 3 on screen for 131.5s | zone=0.4s
  Person 4 on screen for 2794.2s | zone=2.2s
  Person 6 on screen for 916.1s | zone=10.5s
  Person 7 on screen for 2861.2s | zone=2.6s
  Person 9 on screen for 3133.7s | zone=0.1s
  Person 10 on screen for 43.2s | zone=43.4s
  Person 11 on screen for 6.4s | zone=6.6s
  Person 12 on screen for 33.8s | zone=35.1s
  Person 14 on screen for 2687.3s | zone=0.1s
  Person 16 on screen for 0.8s | zone=0.7s
  Person 17 on screen for 286.0s | zone=5.5s
  Person 18 on screen for 267.0s | zone=0.4s
  Person 21 on screen for 2127.6s | zone=4.9s
  Person 24 on screen for 623.3s | zone=622.9s
  Person 28 on screen for 2993.7s | zone=2993.6s
  Person 29 on screen for 25.5s | zone=25.5s
  Person 30 on screen for 349.1s | zone=5.7s
  Person 31 on screen for 49.0s | zone=48.9s
  Person 32 on screen for 41.8s | zone=16.5s
  Person 33 on screen for 826.9s | zone=823.4s
  Person 36 on screen for 2716.0s | zone=75.9s
  Person 37 on screen for 1220.8s | zone=186.6s
  Person 40 on screen for 1.3s | zone=1.2s
  Person 45 on screen for 1882.1s | zone=11.5s
  Person 47 on screen for 2494.8s | zone=232.9s
  Person 49 on screen for 9.8s | zone=9.9s
  Person 50 on screen for 566.0s | zone=565.9s
  Person 51 on screen for 10.1s | zone=10.0s
  Person 53 on screen for 93.6s | zone=93.5s
  Person 55 on screen for 1727.0s | zone=0.0s
  Person 56 on screen for 96.3s | zone=96.2s
  Person 57 on screen for 1125.9s | zone=1125.8s
  Person 60 on screen for 1164.5s | zone=1.5s
  Person 61 on screen for 1762.2s | zone=24.3s
  Person 62 on screen for 59.9s | zone=32.8s
  Person 65 on screen for 121.9s | zone=121.8s
  Person 67 on screen for 48.5s | zone=48.4s
  Person 71 on screen for 1563.4s | zone=0.1s
  Person 75 on screen for 463.3s | zone=33.6s
  Person 77 on screen for 182.3s | zone=6.6s
  Person 78 on screen for 10.7s | zone=3.7s
  Person 79 on screen for 180.3s | zone=81.9s
  Person 80 on screen for 0.4s | zone=0.3s
  Person 82 on screen for 159.0s | zone=7.5s
  Person 83 on screen for 1702.2s | zone=0.2s
  Person 97 on screen for 3.6s | zone=3.5s
  Person 98 on screen for 4.4s | zone=0.3s
  Person 100 on screen for 1206.1s | zone=1189.5s
  Person 102 on screen for 3.2s | zone=0.1s
  Person 104 on screen for 3.7s | zone=3.9s
  Person 105 on screen for 583.1s | zone=526.0s
  Person 107 on screen for 26.7s | zone=26.6s
  Person 108 on screen for 654.8s | zone=652.8s
  Person 110 on screen for 677.9s | zone=676.6s
  Person 117 on screen for 1163.3s | zone=4.7s
  Person 124 on screen for 768.9s | zone=0.3s
  Person 127 on screen for 90.9s | zone=5.5s
  Person 130 on screen for 914.3s | zone=0.0s
  Person 136 on screen for 827.9s | zone=0.1s
  Person 137 on screen for 13.7s | zone=13.6s
  Person 141 on screen for 16.2s | zone=16.1s
  Person 146 on screen for 3.4s | zone=3.5s
  Person 150 on screen for 2.3s | zone=2.2s
  Person 157 on screen for 0.9s | zone=0.0s
  Person 158 on screen for 0.4s | zone=0.3s
  Person 160 on screen for 76.9s | zone=22.7s
  Person 161 on screen for 76.7s | zone=17.9s
  Person 162 on screen for 13.8s | zone=6.5s
  Person 164 on screen for 71.6s | zone=1.8s
  Person 166 on screen for 23.7s | zone=0.0s
  Person 169 on screen for 16.1s | zone=0.3s
  Person 170 on screen for 16.8s | zone=1.5s
  Person 175 on screen for 3.0s | zone=0.0s
  Person 177 on screen for 55.3s | zone=55.2s
  Person 180 on screen for 84.0s | zone=0.0s
  Person 181 on screen for 28.2s | zone=0.0s
  Person 183 on screen for 12.7s | zone=12.7s
  Person 184 on screen for 95.4s | zone=94.6s
  Person 185 on screen for 30.6s | zone=0.0s
  Person 187 on screen for 186.4s | zone=30.7s
  Person 190 on screen for 7.6s | zone=5.5s
  Person 191 on screen for 57.4s | zone=0.3s
  Person 192 on screen for 34.1s | zone=34.2s
  Person 193 on screen for 74.2s | zone=28.0s
  Person 199 on screen for 50.4s | zone=0.1s
Person-ID memory saved: C:\Users\vioyq\Desktop\Coach_Tracker\coach-tracker-demo\coach-store\person-ID\coach5\0320.json
CSV written: C:\Users\vioyq\Desktop\Coach_Tracker\coach-tracker-demo\coach-store\CSV-state\coach5\0320-coach5-20260324-183723.csv
--- end report ---

[Progress] 2/11 ( 18.2%) | elapsed  1403.4s | ETA  6315.1s

=== Running: Coach-5-hour-2-20260320105959.mp4 ===
Person-ID memory: loaded 87 IDs from C:\Users\vioyq\Desktop\Coach_Tracker\coach-tracker-demo\coach-store\person-ID\coach5\0320.json
[coach5] C:\Users\vioyq\Desktop\Coach_Tracker\_Coach_Video\3-20\Coach-5\Coach-5-hour-2-20260320105959.mp4 (36000 frames @ 10.0 fps). (headless)
Config: yaml=coach5.yaml zone=C:\Users\vioyq\Desktop\Coach_Tracker\coach-tracker-demo\coach-store\zone\coach5.json
Output CSV: C:\Users\vioyq\Desktop\Coach_Tracker\coach-tracker-demo\coach-store\CSV-state\coach5\0320-coach5-20260324-183723.csv

--- Report ---
Time spent processing: 1345.7s
Time on screen per person:
  Person 0 on screen for 2840.8s | zone=0.0s
  Person 1 on screen for 2990.3s | zone=0.0s
  Person 2 on screen for 2193.8s | zone=0.1s
  Person 3 on screen for 0.1s | zone=0.5s
  Person 4 on screen for 2021.8s | zone=2.0s
  Person 6 on screen for 29.2s | zone=29.1s
  Person 7 on screen for 2339.6s | zone=0.8s
  Person 9 on screen for 299.8s | zone=295.5s
  Person 10 on screen for 35.1s | zone=0.2s
  Person 11 on screen for 2287.9s | zone=3.8s
  Person 12 on screen for 38.0s | zone=7.4s
  Person 14 on screen for 2398.3s | zone=0.0s
  Person 16 on screen for 5.3s | zone=5.2s
  Person 17 on screen for 20.6s | zone=0.1s
  Person 18 on screen for 0.8s | zone=0.5s
  Person 19 on screen for 2006.6s | zone=3.0s
  Person 21 on screen for 1431.7s | zone=12.5s
  Person 22 on screen for 1683.7s | zone=1672.7s
  Person 24 on screen for 1890.1s | zone=29.9s
  Person 26 on screen for 74.9s | zone=0.4s
  Person 28 on screen for 1688.6s | zone=6.9s
  Person 29 on screen for 1463.8s | zone=0.0s
  Person 30 on screen for 462.8s | zone=0.2s
  Person 31 on screen for 73.4s | zone=1.6s
  Person 32 on screen for 2.9s | zone=2663.3s
  Person 36 on screen for 2013.9s | zone=4.5s
  Person 37 on screen for 3.0s | zone=3.0s
  Person 39 on screen for 1631.4s | zone=0.2s
  Person 40 on screen for 92.3s | zone=27.0s
  Person 43 on screen for 1127.6s | zone=32.3s
  Person 45 on screen for 568.2s | zone=0.5s
  Person 47 on screen for 1734.0s | zone=1733.9s
  Person 49 on screen for 31.7s | zone=1777.2s
  Person 50 on screen for 239.4s | zone=9.9s
  Person 51 on screen for 9.2s | zone=1.4s
  Person 56 on screen for 2948.2s | zone=5.4s
  Person 57 on screen for 2015.8s | zone=1.4s
  Person 59 on screen for 0.4s | zone=0.3s
  Person 60 on screen for 590.8s | zone=72.7s
  Person 61 on screen for 2352.2s | zone=0.1s
  Person 64 on screen for 2027.1s | zone=55.2s
  Person 67 on screen for 31.6s | zone=15.7s
  Person 68 on screen for 1616.8s | zone=4.6s
  Person 69 on screen for 15.2s | zone=6.5s
  Person 70 on screen for 1731.4s | zone=124.3s
  Person 71 on screen for 6.9s | zone=1339.5s
  Person 74 on screen for 5.4s | zone=0.2s
  Person 77 on screen for 0.7s | zone=0.6s
  Person 78 on screen for 503.0s | zone=4.8s
  Person 79 on screen for 41.2s | zone=0.0s
  Person 82 on screen for 321.0s | zone=320.2s
  Person 83 on screen for 2047.6s | zone=0.0s
  Person 89 on screen for 661.6s | zone=650.1s
  Person 90 on screen for 20.0s | zone=0.1s
  Person 94 on screen for 0.2s | zone=0.1s
  Person 95 on screen for 4.2s | zone=0.1s
  Person 96 on screen for 1243.5s | zone=1.1s
  Person 97 on screen for 1700.5s | zone=2.0s
  Person 100 on screen for 2017.4s | zone=1.4s
  Person 102 on screen for 0.2s | zone=0.1s
  Person 104 on screen for 1544.7s | zone=1357.7s
  Person 105 on screen for 2284.7s | zone=3.8s
  Person 107 on screen for 80.0s | zone=0.1s
  Person 108 on screen for 60.9s | zone=603.4s
  Person 110 on screen for 6.2s | zone=9.5s
  Person 112 on screen for 1154.8s | zone=2.5s
  Person 118 on screen for 2.1s | zone=0.0s
  Person 120 on screen for 45.2s | zone=10.3s
  Person 122 on screen for 15.2s | zone=0.0s
  Person 124 on screen for 3048.6s | zone=11.1s
  Person 127 on screen for 1626.4s | zone=0.0s
  Person 128 on screen for 587.5s | zone=587.4s
  Person 130 on screen for 1593.6s | zone=1014.0s
  Person 133 on screen for 3.5s | zone=3.4s
  Person 134 on screen for 346.0s | zone=8.1s
  Person 136 on screen for 84.6s | zone=23.5s
  Person 137 on screen for 1510.3s | zone=232.8s
  Person 138 on screen for 18.1s | zone=18.0s
  Person 141 on screen for 59.9s | zone=53.9s
  Person 142 on screen for 988.5s | zone=0.0s
  Person 143 on screen for 2.4s | zone=2.3s
  Person 146 on screen for 3266.7s | zone=1361.0s
  Person 147 on screen for 9.7s | zone=0.0s
  Person 150 on screen for 63.4s | zone=44.3s
  Person 153 on screen for 775.6s | zone=25.6s
  Person 154 on screen for 1237.7s | zone=2.6s
  Person 157 on screen for 16.8s | zone=0.0s
  Person 160 on screen for 782.3s | zone=9.9s
  Person 161 on screen for 1356.1s | zone=1321.7s
  Person 162 on screen for 12.3s | zone=0.4s
  Person 163 on screen for 1.3s | zone=1.9s
  Person 164 on screen for 5.7s | zone=0.0s
  Person 165 on screen for 858.7s | zone=851.8s
  Person 166 on screen for 3509.9s | zone=0.0s
  Person 167 on screen for 1175.1s | zone=0.2s
  Person 169 on screen for 2.4s | zone=664.5s
  Person 170 on screen for 47.5s | zone=0.9s
  Person 171 on screen for 0.2s | zone=0.1s
  Person 172 on screen for 0.6s | zone=2.3s
  Person 173 on screen for 0.4s | zone=0.3s
  Person 174 on screen for 336.3s | zone=25.6s
  Person 175 on screen for 206.1s | zone=0.2s
  Person 183 on screen for 67.4s | zone=0.5s
  Person 184 on screen for 41.6s | zone=0.5s
  Person 187 on screen for 2748.3s | zone=823.7s
  Person 190 on screen for 44.5s | zone=0.1s
  Person 191 on screen for 2169.6s | zone=2167.8s
  Person 199 on screen for 50.9s | zone=0.1s
  Person 201 on screen for 42.5s | zone=10.8s
  Person 207 on screen for 1022.2s | zone=15.2s
  Person 214 on screen for 1043.2s | zone=4.6s
  Person 221 on screen for 247.6s | zone=247.5s
  Person 223 on screen for 5.0s | zone=1.1s
  Person 225 on screen for 63.9s | zone=31.1s
  Person 226 on screen for 150.8s | zone=117.1s
  Person 232 on screen for 986.1s | zone=10.2s
  Person 237 on screen for 11.1s | zone=10.3s
  Person 243 on screen for 54.5s | zone=0.4s
  Person 245 on screen for 1.6s | zone=0.8s
  Person 249 on screen for 5.1s | zone=3.2s
  Person 251 on screen for 0.6s | zone=0.7s
  Person 254 on screen for 185.0s | zone=4.1s
  Person 255 on screen for 4.1s | zone=0.1s
  Person 257 on screen for 3.9s | zone=3.9s
  Person 259 on screen for 7.8s | zone=7.8s
  Person 260 on screen for 3.0s | zone=0.3s
  Person 261 on screen for 4.9s | zone=5.0s
  Person 266 on screen for 0.7s | zone=0.7s
  Person 271 on screen for 2.5s | zone=3.1s
  Person 274 on screen for 929.7s | zone=9.3s
  Person 276 on screen for 3.5s | zone=1.4s
  Person 277 on screen for 17.0s | zone=0.1s
  Person 282 on screen for 126.8s | zone=2.5s
  Person 284 on screen for 13.9s | zone=13.9s
  Person 285 on screen for 0.6s | zone=0.5s
  Person 288 on screen for 139.9s | zone=14.3s
  Person 292 on screen for 186.3s | zone=185.6s
  Person 295 on screen for 363.5s | zone=0.1s
  Person 296 on screen for 301.1s | zone=2.6s
  Person 302 on screen for 2.2s | zone=1.4s
  Person 303 on screen for 175.5s | zone=0.3s
  Person 305 on screen for 9.3s | zone=0.2s
  Person 307 on screen for 0.3s | zone=0.2s
  Person 309 on screen for 22.7s | zone=4.1s
  Person 312 on screen for 193.6s | zone=51.3s
  Person 314 on screen for 5.0s | zone=0.0s
  Person 317 on screen for 64.7s | zone=1.7s
  Person 320 on screen for 73.3s | zone=0.9s
  Person 326 on screen for 93.1s | zone=0.0s
  Person 330 on screen for 17.9s | zone=2.1s
  Person 334 on screen for 56.0s | zone=4.1s
  Person 335 on screen for 0.1s | zone=0.0s
  Person 338 on screen for 26.3s | zone=21.6s
  Person 341 on screen for 5.8s | zone=0.0s
  Person 342 on screen for 20.5s | zone=1.1s
  Person 345 on screen for 1.5s | zone=1.6s
  Person 350 on screen for 4.5s | zone=4.4s
  Person 354 on screen for 4.2s | zone=0.1s
  Person 357 on screen for 1.8s | zone=1.9s
  Person 359 on screen for 0.3s | zone=0.2s
  Person 363 on screen for 56.1s | zone=14.2s
  Person 365 on screen for 2.2s | zone=2.1s
  Person 371 on screen for 13.0s | zone=12.9s
Person-ID memory saved: C:\Users\vioyq\Desktop\Coach_Tracker\coach-tracker-demo\coach-store\person-ID\coach5\0320.json
CSV written: C:\Users\vioyq\Desktop\Coach_Tracker\coach-tracker-demo\coach-store\CSV-state\coach5\0320-coach5-20260324-183723.csv
--- end report ---

[Progress] 3/11 ( 27.3%) | elapsed  2752.7s | ETA  7340.4s

=== Running: Coach-5-hour-3-20260320115959.mp4 ===
Person-ID memory: loaded 178 IDs from C:\Users\vioyq\Desktop\Coach_Tracker\coach-tracker-demo\coach-store\person-ID\coach5\0320.json
[coach5] C:\Users\vioyq\Desktop\Coach_Tracker\_Coach_Video\3-20\Coach-5\Coach-5-hour-3-20260320115959.mp4 (36000 frames @ 10.0 fps). (headless)
Config: yaml=coach5.yaml zone=C:\Users\vioyq\Desktop\Coach_Tracker\coach-tracker-demo\coach-store\zone\coach5.json
Output CSV: C:\Users\vioyq\Desktop\Coach_Tracker\coach-tracker-demo\coach-store\CSV-state\coach5\0320-coach5-20260324-183723.csv

--- Report ---
Time spent processing: 1326.5s
Time on screen per person:
  Person 0 on screen for 3417.0s | zone=0.0s
  Person 1 on screen for 3415.7s | zone=0.0s
  Person 2 on screen for 1943.6s | zone=61.4s
  Person 4 on screen for 16.2s | zone=10.2s
  Person 9 on screen for 1745.6s | zone=515.2s
  Person 15 on screen for 1930.0s | zone=1929.9s
  Person 16 on screen for 50.2s | zone=0.0s
  Person 18 on screen for 102.3s | zone=101.7s
  Person 19 on screen for 2538.7s | zone=0.0s
  Person 22 on screen for 1140.2s | zone=24.2s
  Person 24 on screen for 6.4s | zone=2506.7s
  Person 25 on screen for 2321.7s | zone=768.3s
  Person 28 on screen for 0.8s | zone=1860.9s
  Person 31 on screen for 198.6s | zone=198.5s
  Person 32 on screen for 197.6s | zone=195.2s
  Person 33 on screen for 14.0s | zone=0.7s
  Person 36 on screen for 3157.4s | zone=10.0s
  Person 39 on screen for 1122.8s | zone=0.1s
  Person 40 on screen for 1687.2s | zone=1361.3s
  Person 45 on screen for 1649.4s | zone=0.9s
  Person 49 on screen for 1205.5s | zone=257.0s
  Person 54 on screen for 0.8s | zone=0.7s
  Person 55 on screen for 666.4s | zone=11.6s
  Person 61 on screen for 67.7s | zone=0.0s
  Person 65 on screen for 6.7s | zone=0.4s
  Person 67 on screen for 7.1s | zone=7.0s
  Person 68 on screen for 206.6s | zone=30.5s
  Person 70 on screen for 3082.6s | zone=591.9s
  Person 71 on screen for 1627.4s | zone=1.8s
  Person 74 on screen for 1833.8s | zone=7.0s
  Person 75 on screen for 795.5s | zone=3.4s
  Person 76 on screen for 62.7s | zone=10.1s
  Person 79 on screen for 0.8s | zone=0.7s
  Person 81 on screen for 822.5s | zone=789.8s
  Person 82 on screen for 2258.8s | zone=17.7s
  Person 83 on screen for 2259.6s | zone=0.0s
  Person 86 on screen for 0.6s | zone=0.1s
  Person 89 on screen for 3038.9s | zone=948.4s
  Person 90 on screen for 0.2s | zone=0.8s
  Person 93 on screen for 66.1s | zone=66.0s
  Person 97 on screen for 3.0s | zone=3.1s
  Person 100 on screen for 105.0s | zone=0.0s
  Person 102 on screen for 12.1s | zone=1765.5s
  Person 104 on screen for 3.1s | zone=3.0s
  Person 109 on screen for 4.3s | zone=4.6s
  Person 110 on screen for 58.7s | zone=14.8s
  Person 112 on screen for 58.1s | zone=0.3s
  Person 113 on screen for 1.9s | zone=1.8s
  Person 124 on screen for 1559.5s | zone=245.6s
  Person 127 on screen for 1.1s | zone=1028.6s
  Person 128 on screen for 2558.6s | zone=0.1s
  Person 130 on screen for 750.8s | zone=352.0s
  Person 133 on screen for 1056.3s | zone=1.4s
  Person 134 on screen for 750.7s | zone=0.0s
  Person 136 on screen for 34.0s | zone=5.9s
  Person 141 on screen for 288.3s | zone=13.2s
  Person 142 on screen for 404.0s | zone=0.1s
  Person 143 on screen for 24.9s | zone=17.8s
  Person 144 on screen for 75.9s | zone=78.3s
  Person 146 on screen for 3202.6s | zone=1798.1s
  Person 151 on screen for 1722.7s | zone=1722.6s
  Person 153 on screen for 1770.8s | zone=2.4s
  Person 155 on screen for 5.5s | zone=0.0s
  Person 161 on screen for 3.9s | zone=4.1s
  Person 162 on screen for 25.8s | zone=2.1s
  Person 164 on screen for 20.3s | zone=20.2s
  Person 167 on screen for 0.4s | zone=0.3s
  Person 169 on screen for 2373.5s | zone=1069.6s
  Person 171 on screen for 324.9s | zone=294.2s
  Person 174 on screen for 348.0s | zone=0.0s
  Person 175 on screen for 1535.2s | zone=879.6s
  Person 181 on screen for 0.6s | zone=0.5s
  Person 182 on screen for 5.6s | zone=5.5s
  Person 184 on screen for 2075.4s | zone=1513.1s
  Person 187 on screen for 2730.3s | zone=7.1s
  Person 188 on screen for 1553.3s | zone=1212.1s
  Person 190 on screen for 3414.1s | zone=0.1s
  Person 191 on screen for 0.1s | zone=0.9s
  Person 193 on screen for 41.4s | zone=0.6s
  Person 197 on screen for 0.7s | zone=0.1s
  Person 198 on screen for 18.0s | zone=18.0s
  Person 199 on screen for 29.6s | zone=0.6s
  Person 223 on screen for 137.7s | zone=15.5s
  Person 226 on screen for 1982.0s | zone=0.1s
  Person 232 on screen for 1015.5s | zone=999.9s
  Person 241 on screen for 11.7s | zone=11.6s
  Person 242 on screen for 24.7s | zone=9.9s
  Person 245 on screen for 37.7s | zone=1.2s
  Person 246 on screen for 911.1s | zone=6.9s
  Person 248 on screen for 55.5s | zone=3.1s
  Person 249 on screen for 2266.2s | zone=2266.3s
  Person 252 on screen for 9.9s | zone=9.9s
  Person 255 on screen for 20.6s | zone=2136.4s
  Person 256 on screen for 159.6s | zone=74.4s
  Person 257 on screen for 825.5s | zone=0.2s
  Person 259 on screen for 1.7s | zone=0.3s
  Person 261 on screen for 629.7s | zone=0.2s
  Person 265 on screen for 47.8s | zone=0.3s
  Person 268 on screen for 22.0s | zone=0.5s
  Person 274 on screen for 3217.2s | zone=3163.0s
  Person 276 on screen for 3.4s | zone=3.6s
  Person 282 on screen for 1583.7s | zone=12.8s
  Person 283 on screen for 20.9s | zone=22.0s
  Person 284 on screen for 19.1s | zone=0.1s
  Person 286 on screen for 11.2s | zone=0.1s
  Person 289 on screen for 41.0s | zone=19.9s
  Person 292 on screen for 548.9s | zone=0.5s
  Person 295 on screen for 20.0s | zone=19.9s
  Person 296 on screen for 17.2s | zone=14.0s
  Person 298 on screen for 3.7s | zone=0.7s
  Person 302 on screen for 21.2s | zone=0.4s
  Person 303 on screen for 607.9s | zone=1930.1s
  Person 306 on screen for 39.4s | zone=0.0s
  Person 309 on screen for 2155.9s | zone=1128.6s
  Person 310 on screen for 16.2s | zone=0.0s
  Person 326 on screen for 5.6s | zone=0.6s
  Person 330 on screen for 2289.1s | zone=0.0s
  Person 342 on screen for 889.8s | zone=889.7s
  Person 357 on screen for 3267.2s | zone=3267.1s
  Person 363 on screen for 71.5s | zone=0.6s
  Person 365 on screen for 5.6s | zone=0.0s
  Person 371 on screen for 2915.2s | zone=16.7s
Person-ID memory saved: C:\Users\vioyq\Desktop\Coach_Tracker\coach-tracker-demo\coach-store\person-ID\coach5\0320.json
CSV written: C:\Users\vioyq\Desktop\Coach_Tracker\coach-tracker-demo\coach-store\CSV-state\coach5\0320-coach5-20260324-183723.csv
--- end report ---

[Progress] 4/11 ( 36.4%) | elapsed  4082.9s | ETA  7145.2s

=== Running: Coach-5-hour-4-20260320125959.mp4 ===
Person-ID memory: loaded 208 IDs from C:\Users\vioyq\Desktop\Coach_Tracker\coach-tracker-demo\coach-store\person-ID\coach5\0320.json
[coach5] C:\Users\vioyq\Desktop\Coach_Tracker\_Coach_Video\3-20\Coach-5\Coach-5-hour-4-20260320125959.mp4 (36000 frames @ 10.0 fps). (headless)
Config: yaml=coach5.yaml zone=C:\Users\vioyq\Desktop\Coach_Tracker\coach-tracker-demo\coach-store\zone\coach5.json
Output CSV: C:\Users\vioyq\Desktop\Coach_Tracker\coach-tracker-demo\coach-store\CSV-state\coach5\0320-coach5-20260324-183723.csv

--- Report ---
Time spent processing: 1322.7s
Time on screen per person:
  Person 0 on screen for 1971.5s | zone=0.0s
  Person 1 on screen for 837.3s | zone=0.0s
  Person 2 on screen for 0.1s | zone=0.0s
  Person 3 on screen for 0.1s | zone=0.5s
  Person 5 on screen for 1783.9s | zone=0.0s
  Person 6 on screen for 1996.1s | zone=1449.1s
  Person 7 on screen for 181.5s | zone=50.9s
  Person 10 on screen for 43.1s | zone=21.6s
  Person 12 on screen for 62.3s | zone=12.4s
  Person 13 on screen for 14.3s | zone=14.2s
  Person 15 on screen for 56.8s | zone=0.1s
  Person 16 on screen for 2214.8s | zone=0.4s
  Person 18 on screen for 5.8s | zone=588.6s
  Person 20 on screen for 28.4s | zone=0.6s
  Person 21 on screen for 0.3s | zone=0.2s
  Person 22 on screen for 6.8s | zone=5.8s
  Person 24 on screen for 5.9s | zone=2909.7s
  Person 25 on screen for 70.9s | zone=0.4s
  Person 26 on screen for 15.2s | zone=0.7s
  Person 27 on screen for 3022.4s | zone=3022.3s
  Person 28 on screen for 3041.7s | zone=3041.0s
  Person 29 on screen for 2731.2s | zone=284.2s
  Person 30 on screen for 2231.1s | zone=0.1s
  Person 31 on screen for 5.6s | zone=4.0s
  Person 32 on screen for 1658.7s | zone=1.6s
  Person 33 on screen for 94.7s | zone=24.5s
  Person 35 on screen for 80.4s | zone=4.9s
  Person 36 on screen for 485.3s | zone=14.0s
  Person 38 on screen for 215.6s | zone=2.9s
  Person 40 on screen for 114.1s | zone=0.5s
  Person 43 on screen for 15.1s | zone=12.6s
  Person 46 on screen for 4.1s | zone=0.4s
  Person 47 on screen for 56.5s | zone=56.4s
  Person 51 on screen for 7.9s | zone=7.8s
  Person 52 on screen for 98.4s | zone=0.3s
  Person 53 on screen for 1912.7s | zone=12.3s
  Person 54 on screen for 2966.7s | zone=2955.8s
  Person 57 on screen for 1556.5s | zone=2.1s
  Person 58 on screen for 0.8s | zone=1.1s
  Person 60 on screen for 28.4s | zone=0.0s
  Person 62 on screen for 3300.4s | zone=16.8s
  Person 64 on screen for 2466.4s | zone=25.4s
  Person 65 on screen for 10.8s | zone=0.7s
  Person 67 on screen for 1825.5s | zone=2391.7s
  Person 68 on screen for 1638.2s | zone=8.0s
  Person 70 on screen for 65.8s | zone=9.2s
  Person 71 on screen for 1146.3s | zone=5.9s
  Person 72 on screen for 4.1s | zone=4.1s
  Person 73 on screen for 71.2s | zone=16.5s
  Person 74 on screen for 31.2s | zone=30.9s
  Person 76 on screen for 3301.3s | zone=844.9s
  Person 79 on screen for 312.7s | zone=2.6s
  Person 80 on screen for 1107.1s | zone=1081.1s
  Person 81 on screen for 8.3s | zone=8.2s
  Person 82 on screen for 0.8s | zone=0.7s
  Person 89 on screen for 666.7s | zone=1.8s
  Person 98 on screen for 2433.1s | zone=10.7s
  Person 100 on screen for 1943.2s | zone=0.7s
  Person 104 on screen for 8.2s | zone=0.1s
  Person 105 on screen for 1854.3s | zone=16.7s
  Person 109 on screen for 2643.3s | zone=4.8s
  Person 110 on screen for 20.8s | zone=5.2s
  Person 111 on screen for 26.6s | zone=26.7s
  Person 112 on screen for 16.6s | zone=338.7s
  Person 118 on screen for 217.4s | zone=0.0s
  Person 119 on screen for 17.5s | zone=11.6s
  Person 120 on screen for 105.9s | zone=55.7s
  Person 124 on screen for 2090.6s | zone=17.0s
  Person 128 on screen for 2453.3s | zone=2.6s
  Person 129 on screen for 0.6s | zone=1.2s
  Person 133 on screen for 161.8s | zone=0.6s
  Person 136 on screen for 720.5s | zone=0.1s
  Person 140 on screen for 6.9s | zone=6.8s
  Person 141 on screen for 186.9s | zone=7.9s
  Person 145 on screen for 19.7s | zone=19.6s
  Person 146 on screen for 3426.4s | zone=218.7s
  Person 147 on screen for 2.6s | zone=0.1s
  Person 148 on screen for 142.0s | zone=11.9s
  Person 151 on screen for 563.5s | zone=0.2s
  Person 152 on screen for 1828.5s | zone=9.0s
  Person 153 on screen for 1353.7s | zone=0.5s
  Person 155 on screen for 319.5s | zone=414.0s
  Person 161 on screen for 532.8s | zone=532.0s
  Person 162 on screen for 828.6s | zone=339.8s
  Person 163 on screen for 5.7s | zone=0.4s
  Person 164 on screen for 2468.2s | zone=8.7s
  Person 165 on screen for 31.4s | zone=4.8s
  Person 168 on screen for 1971.5s | zone=329.9s
  Person 169 on screen for 2043.0s | zone=0.4s
  Person 171 on screen for 19.1s | zone=19.0s
  Person 173 on screen for 341.8s | zone=2.2s
  Person 175 on screen for 64.0s | zone=632.2s
  Person 177 on screen for 219.2s | zone=219.1s
  Person 178 on screen for 2206.6s | zone=2206.5s
  Person 179 on screen for 9.5s | zone=9.5s
  Person 181 on screen for 1924.4s | zone=1920.7s
  Person 182 on screen for 1783.2s | zone=3.0s
  Person 183 on screen for 1.0s | zone=0.4s
  Person 184 on screen for 2255.0s | zone=0.2s
  Person 185 on screen for 2607.2s | zone=1.1s
  Person 188 on screen for 1050.7s | zone=4.8s
  Person 189 on screen for 808.7s | zone=0.0s
  Person 190 on screen for 1199.9s | zone=0.0s
  Person 191 on screen for 124.4s | zone=2.4s
  Person 192 on screen for 1213.6s | zone=1.8s
  Person 195 on screen for 1386.4s | zone=0.0s
  Person 199 on screen for 42.5s | zone=1.9s
  Person 201 on screen for 2159.2s | zone=402.0s
  Person 207 on screen for 1.9s | zone=1.8s
  Person 215 on screen for 47.7s | zone=16.2s
  Person 219 on screen for 374.6s | zone=3.5s
  Person 221 on screen for 16.3s | zone=1768.0s
  Person 224 on screen for 3.1s | zone=0.7s
  Person 226 on screen for 2723.2s | zone=0.8s
  Person 230 on screen for 1128.5s | zone=5.0s
  Person 232 on screen for 4.2s | zone=4.2s
  Person 233 on screen for 5.3s | zone=4.3s
  Person 235 on screen for 3.4s | zone=3.3s
  Person 237 on screen for 946.7s | zone=5.0s
  Person 238 on screen for 38.5s | zone=38.4s
  Person 241 on screen for 2740.0s | zone=2699.1s
  Person 246 on screen for 3.1s | zone=0.3s
  Person 250 on screen for 132.2s | zone=1.7s
  Person 252 on screen for 51.3s | zone=4.9s
  Person 253 on screen for 7.6s | zone=7.5s
  Person 257 on screen for 2661.6s | zone=0.2s
  Person 259 on screen for 257.2s | zone=0.0s
  Person 260 on screen for 2083.0s | zone=2.4s
  Person 263 on screen for 87.2s | zone=2.1s
  Person 265 on screen for 4.3s | zone=2.3s
  Person 267 on screen for 17.4s | zone=4.5s
  Person 272 on screen for 702.6s | zone=4.9s
  Person 273 on screen for 1123.5s | zone=908.4s
  Person 274 on screen for 108.1s | zone=3.5s
  Person 276 on screen for 2669.5s | zone=2669.4s
  Person 277 on screen for 2736.0s | zone=0.7s
  Person 278 on screen for 4.2s | zone=4.1s
  Person 282 on screen for 2876.3s | zone=299.1s
  Person 283 on screen for 37.2s | zone=0.0s
  Person 284 on screen for 23.7s | zone=0.5s
  Person 286 on screen for 0.6s | zone=0.5s
  Person 288 on screen for 113.1s | zone=6.7s
  Person 289 on screen for 0.3s | zone=0.6s
  Person 290 on screen for 694.9s | zone=10.3s
  Person 292 on screen for 2008.4s | zone=0.0s
  Person 296 on screen for 2259.7s | zone=7.9s
  Person 297 on screen for 727.7s | zone=696.0s
  Person 298 on screen for 1749.6s | zone=1742.5s
  Person 302 on screen for 38.0s | zone=3.8s
  Person 303 on screen for 2426.1s | zone=0.0s
  Person 305 on screen for 138.4s | zone=2.0s
  Person 306 on screen for 20.0s | zone=19.9s
  Person 309 on screen for 2340.5s | zone=2227.6s
  Person 310 on screen for 912.5s | zone=4.2s
  Person 311 on screen for 34.3s | zone=34.2s
  Person 312 on screen for 0.5s | zone=0.4s
  Person 314 on screen for 423.2s | zone=0.1s
  Person 316 on screen for 735.6s | zone=735.5s
  Person 320 on screen for 196.7s | zone=142.4s
  Person 326 on screen for 0.4s | zone=0.3s
  Person 328 on screen for 9.4s | zone=9.3s
  Person 330 on screen for 2.6s | zone=2686.7s
  Person 334 on screen for 6.4s | zone=6.4s
  Person 342 on screen for 8.5s | zone=8.4s
  Person 346 on screen for 0.2s | zone=0.2s
  Person 347 on screen for 90.8s | zone=1.0s
  Person 348 on screen for 0.4s | zone=0.3s
  Person 350 on screen for 744.2s | zone=1830.5s
  Person 352 on screen for 14.7s | zone=8.7s
  Person 357 on screen for 2917.4s | zone=163.5s
  Person 358 on screen for 3.8s | zone=3.8s
  Person 362 on screen for 3.6s | zone=0.1s
  Person 363 on screen for 0.1s | zone=0.2s
  Person 366 on screen for 32.0s | zone=11.4s
  Person 370 on screen for 454.6s | zone=454.6s
  Person 375 on screen for 12.2s | zone=12.2s
  Person 380 on screen for 0.2s | zone=0.1s
  Person 381 on screen for 180.8s | zone=145.8s
  Person 384 on screen for 0.2s | zone=0.2s
  Person 385 on screen for 26.0s | zone=0.0s
  Person 389 on screen for 9.3s | zone=3.8s
  Person 391 on screen for 1.5s | zone=1.4s
  Person 396 on screen for 2.7s | zone=3.0s
  Person 397 on screen for 88.8s | zone=88.7s
  Person 399 on screen for 0.6s | zone=0.6s
  Person 409 on screen for 4.2s | zone=4.1s
  Person 412 on screen for 91.9s | zone=91.8s
  Person 413 on screen for 1.0s | zone=1.0s
Person-ID memory saved: C:\Users\vioyq\Desktop\Coach_Tracker\coach-tracker-demo\coach-store\person-ID\coach5\0320.json
CSV written: C:\Users\vioyq\Desktop\Coach_Tracker\coach-tracker-demo\coach-store\CSV-state\coach5\0320-coach5-20260324-183723.csv
--- end report ---

[Progress] 5/11 ( 45.5%) | elapsed  5409.5s | ETA  6491.5s

=== Running: Coach-5-hour-5-20260320135959.mp4 ===
Person-ID memory: loaded 271 IDs from C:\Users\vioyq\Desktop\Coach_Tracker\coach-tracker-demo\coach-store\person-ID\coach5\0320.json
[coach5] C:\Users\vioyq\Desktop\Coach_Tracker\_Coach_Video\3-20\Coach-5\Coach-5-hour-5-20260320135959.mp4 (36000 frames @ 10.0 fps). (headless)
Config: yaml=coach5.yaml zone=C:\Users\vioyq\Desktop\Coach_Tracker\coach-tracker-demo\coach-store\zone\coach5.json
Output CSV: C:\Users\vioyq\Desktop\Coach_Tracker\coach-tracker-demo\coach-store\CSV-state\coach5\0320-coach5-20260324-183723.csv

--- Report ---
Time spent processing: 1382.5s
Time on screen per person:
  Person 0 on screen for 2356.8s | zone=0.0s
  Person 1 on screen for 2980.4s | zone=8.8s
  Person 2 on screen for 148.9s | zone=0.0s
  Person 3 on screen for 2035.2s | zone=2.0s
  Person 7 on screen for 89.9s | zone=80.4s
  Person 9 on screen for 3041.2s | zone=1470.6s
  Person 13 on screen for 52.9s | zone=0.1s
  Person 15 on screen for 39.5s | zone=0.1s
  Person 16 on screen for 20.1s | zone=20.2s
  Person 18 on screen for 2147.6s | zone=1.2s
  Person 19 on screen for 120.6s | zone=39.9s
  Person 20 on screen for 6.0s | zone=4.8s
  Person 21 on screen for 1594.5s | zone=1.0s
  Person 22 on screen for 269.3s | zone=8.5s
  Person 25 on screen for 1476.7s | zone=0.3s
  Person 27 on screen for 983.4s | zone=0.0s
  Person 28 on screen for 1912.0s | zone=0.9s
  Person 29 on screen for 2225.3s | zone=2225.2s
  Person 31 on screen for 2050.0s | zone=2049.9s
  Person 32 on screen for 88.2s | zone=2926.8s
  Person 35 on screen for 4.9s | zone=4.8s
  Person 36 on screen for 1033.0s | zone=116.3s
  Person 38 on screen for 2309.1s | zone=28.5s
  Person 40 on screen for 0.6s | zone=0.5s
  Person 45 on screen for 44.0s | zone=10.3s
  Person 47 on screen for 6.1s | zone=2364.1s
  Person 50 on screen for 0.4s | zone=2137.3s
  Person 52 on screen for 2051.2s | zone=0.0s
  Person 53 on screen for 110.7s | zone=4.6s
  Person 55 on screen for 266.8s | zone=266.7s
  Person 57 on screen for 2735.4s | zone=10.5s
  Person 62 on screen for 2937.5s | zone=2937.4s
  Person 64 on screen for 1714.6s | zone=1677.3s
  Person 65 on screen for 367.5s | zone=6.8s
  Person 67 on screen for 1398.7s | zone=1398.6s
  Person 68 on screen for 836.5s | zone=0.7s
  Person 70 on screen for 2222.3s | zone=2197.3s
  Person 71 on screen for 387.9s | zone=41.8s
  Person 75 on screen for 59.7s | zone=52.5s
  Person 77 on screen for 921.7s | zone=5.5s
  Person 79 on screen for 13.5s | zone=0.2s
  Person 83 on screen for 39.5s | zone=38.9s
  Person 85 on screen for 1846.6s | zone=1846.5s
  Person 89 on screen for 65.0s | zone=64.9s
  Person 94 on screen for 16.3s | zone=0.0s
  Person 96 on screen for 62.1s | zone=55.2s
  Person 98 on screen for 0.3s | zone=2471.9s
  Person 100 on screen for 31.4s | zone=31.3s
  Person 104 on screen for 2.9s | zone=11.7s
  Person 105 on screen for 1163.8s | zone=4.2s
  Person 109 on screen for 305.6s | zone=13.3s
  Person 110 on screen for 217.5s | zone=9.9s
  Person 113 on screen for 334.5s | zone=11.8s
  Person 117 on screen for 342.7s | zone=6.3s
  Person 118 on screen for 1269.9s | zone=1.0s
  Person 124 on screen for 1836.9s | zone=1830.1s
  Person 128 on screen for 6.0s | zone=5.9s
  Person 131 on screen for 1568.1s | zone=19.2s
  Person 136 on screen for 2627.9s | zone=35.6s
  Person 139 on screen for 116.3s | zone=116.2s
  Person 140 on screen for 50.0s | zone=43.6s
  Person 141 on screen for 9.6s | zone=1483.9s
  Person 142 on screen for 60.3s | zone=3.5s
  Person 143 on screen for 194.9s | zone=29.5s
  Person 144 on screen for 61.2s | zone=0.5s
  Person 145 on screen for 262.4s | zone=0.0s
  Person 146 on screen for 1664.1s | zone=0.0s
  Person 147 on screen for 1557.7s | zone=1395.1s
  Person 148 on screen for 30.4s | zone=30.4s
  Person 151 on screen for 1737.1s | zone=5.9s
  Person 152 on screen for 5.6s | zone=0.0s
  Person 154 on screen for 0.4s | zone=150.5s
  Person 155 on screen for 566.8s | zone=530.4s
  Person 156 on screen for 974.0s | zone=0.2s
  Person 157 on screen for 559.5s | zone=550.2s
  Person 161 on screen for 0.2s | zone=0.1s
  Person 162 on screen for 61.8s | zone=1.1s
  Person 163 on screen for 83.4s | zone=0.1s
  Person 166 on screen for 23.0s | zone=0.3s
  Person 168 on screen for 17.6s | zone=0.3s
  Person 170 on screen for 2.7s | zone=0.3s
  Person 171 on screen for 518.0s | zone=0.0s
  Person 172 on screen for 43.7s | zone=43.9s
  Person 175 on screen for 674.8s | zone=3.9s
  Person 178 on screen for 1650.7s | zone=5.8s
  Person 180 on screen for 1662.9s | zone=1662.8s
  Person 182 on screen for 2836.7s | zone=5.8s
  Person 184 on screen for 1143.8s | zone=1142.6s
  Person 185 on screen for 1224.7s | zone=0.3s
  Person 186 on screen for 0.4s | zone=0.8s
  Person 187 on screen for 5.2s | zone=5.1s
  Person 189 on screen for 1323.4s | zone=0.0s
  Person 191 on screen for 383.7s | zone=0.0s
  Person 192 on screen for 290.4s | zone=3.2s
  Person 195 on screen for 2943.3s | zone=8.7s
  Person 196 on screen for 0.4s | zone=0.3s
  Person 198 on screen for 50.3s | zone=0.0s
  Person 200 on screen for 385.6s | zone=5.2s
  Person 201 on screen for 1167.0s | zone=0.3s
  Person 207 on screen for 1483.6s | zone=788.1s
  Person 214 on screen for 1.4s | zone=21.2s
  Person 215 on screen for 85.3s | zone=34.0s
  Person 221 on screen for 2590.1s | zone=2588.8s
  Person 223 on screen for 43.8s | zone=0.1s
  Person 224 on screen for 691.4s | zone=35.5s
  Person 226 on screen for 2094.2s | zone=0.5s
  Person 228 on screen for 125.7s | zone=125.6s
  Person 232 on screen for 1428.0s | zone=1.8s
  Person 233 on screen for 1168.1s | zone=1160.1s
  Person 235 on screen for 100.8s | zone=100.7s
  Person 238 on screen for 2053.1s | zone=0.0s
  Person 241 on screen for 2031.2s | zone=586.4s
  Person 243 on screen for 2303.3s | zone=0.1s
  Person 250 on screen for 1350.2s | zone=707.0s
  Person 252 on screen for 94.9s | zone=48.9s
  Person 255 on screen for 983.4s | zone=983.3s
  Person 258 on screen for 52.5s | zone=0.1s
  Person 259 on screen for 445.1s | zone=1.4s
  Person 260 on screen for 1.4s | zone=1.3s
  Person 264 on screen for 9.9s | zone=10.1s
  Person 265 on screen for 29.4s | zone=1520.7s
  Person 266 on screen for 2.1s | zone=2.0s
  Person 268 on screen for 639.1s | zone=938.8s
  Person 269 on screen for 501.2s | zone=306.6s
  Person 272 on screen for 4.2s | zone=159.3s
  Person 273 on screen for 635.5s | zone=0.0s
  Person 276 on screen for 1353.5s | zone=0.9s
  Person 278 on screen for 22.0s | zone=2235.1s
  Person 282 on screen for 11.4s | zone=2269.5s
  Person 284 on screen for 2.8s | zone=2.7s
  Person 290 on screen for 2894.2s | zone=0.1s
  Person 294 on screen for 3.7s | zone=0.0s
  Person 296 on screen for 1203.3s | zone=1197.0s
  Person 297 on screen for 775.4s | zone=0.2s
  Person 299 on screen for 13.3s | zone=13.2s
  Person 301 on screen for 914.1s | zone=3.7s
  Person 303 on screen for 1622.5s | zone=4.0s
  Person 304 on screen for 79.3s | zone=69.5s
  Person 305 on screen for 2371.4s | zone=73.6s
  Person 306 on screen for 4.6s | zone=0.0s
  Person 310 on screen for 1112.7s | zone=9.1s
  Person 314 on screen for 2295.9s | zone=742.0s
  Person 315 on screen for 14.0s | zone=14.1s
  Person 316 on screen for 121.3s | zone=0.4s
  Person 320 on screen for 22.0s | zone=14.0s
  Person 325 on screen for 28.1s | zone=7.6s
  Person 329 on screen for 0.2s | zone=0.1s
  Person 330 on screen for 2620.6s | zone=426.4s
  Person 332 on screen for 23.5s | zone=23.4s
  Person 333 on screen for 60.6s | zone=55.6s
  Person 334 on screen for 1114.5s | zone=1114.4s
  Person 335 on screen for 12.8s | zone=6.7s
  Person 336 on screen for 2.6s | zone=0.2s
  Person 338 on screen for 11.5s | zone=226.1s
  Person 341 on screen for 62.6s | zone=5.4s
  Person 342 on screen for 740.2s | zone=310.7s
  Person 347 on screen for 28.4s | zone=0.0s
  Person 354 on screen for 8.2s | zone=0.3s
  Person 355 on screen for 35.3s | zone=0.2s
  Person 356 on screen for 3.8s | zone=3.9s
  Person 358 on screen for 1.6s | zone=327.4s
  Person 361 on screen for 117.6s | zone=5.8s
  Person 362 on screen for 2100.4s | zone=0.3s
  Person 363 on screen for 603.6s | zone=1072.0s
  Person 366 on screen for 2532.3s | zone=10.8s
  Person 367 on screen for 11.7s | zone=11.6s
  Person 370 on screen for 987.7s | zone=0.4s
  Person 381 on screen for 29.5s | zone=563.5s
  Person 383 on screen for 0.9s | zone=0.8s
  Person 384 on screen for 6.5s | zone=6.4s
  Person 385 on screen for 26.4s | zone=4.4s
  Person 396 on screen for 876.0s | zone=424.7s
  Person 397 on screen for 2471.9s | zone=2463.2s
  Person 399 on screen for 4.7s | zone=0.0s
  Person 404 on screen for 22.1s | zone=0.2s
  Person 412 on screen for 1129.0s | zone=764.1s
  Person 413 on screen for 452.8s | zone=1.8s
  Person 415 on screen for 12.4s | zone=1.5s
  Person 420 on screen for 12.1s | zone=12.0s
  Person 425 on screen for 67.6s | zone=46.0s
  Person 426 on screen for 1.0s | zone=1.0s
  Person 427 on screen for 120.4s | zone=120.3s
  Person 435 on screen for 38.7s | zone=0.1s
  Person 436 on screen for 49.2s | zone=49.3s
Person-ID memory saved: C:\Users\vioyq\Desktop\Coach_Tracker\coach-tracker-demo\coach-store\person-ID\coach5\0320.json
CSV written: C:\Users\vioyq\Desktop\Coach_Tracker\coach-tracker-demo\coach-store\CSV-state\coach5\0320-coach5-20260324-183723.csv
--- end report ---

[Progress] 6/11 ( 54.5%) | elapsed  6796.2s | ETA  5663.5s

=== Running: Coach-5-hour-6-20260320145959.mp4 ===
Person-ID memory: loaded 305 IDs from C:\Users\vioyq\Desktop\Coach_Tracker\coach-tracker-demo\coach-store\person-ID\coach5\0320.json
[coach5] C:\Users\vioyq\Desktop\Coach_Tracker\_Coach_Video\3-20\Coach-5\Coach-5-hour-6-20260320145959.mp4 (36000 frames @ 10.0 fps). (headless)
Config: yaml=coach5.yaml zone=C:\Users\vioyq\Desktop\Coach_Tracker\coach-tracker-demo\coach-store\zone\coach5.json
Output CSV: C:\Users\vioyq\Desktop\Coach_Tracker\coach-tracker-demo\coach-store\CSV-state\coach5\0320-coach5-20260324-183723.csv

--- Report ---
Time spent processing: 1420.9s
Time on screen per person:
  Person 0 on screen for 2876.7s | zone=0.0s
  Person 1 on screen for 2542.5s | zone=0.0s
  Person 2 on screen for 0.3s | zone=0.0s
  Person 4 on screen for 1963.0s | zone=1894.8s
  Person 7 on screen for 83.2s | zone=12.1s
  Person 9 on screen for 1506.8s | zone=1506.7s
  Person 10 on screen for 5.0s | zone=0.4s
  Person 12 on screen for 669.5s | zone=521.6s
  Person 13 on screen for 17.6s | zone=0.0s
  Person 14 on screen for 0.8s | zone=357.1s
  Person 15 on screen for 0.2s | zone=0.1s
  Person 16 on screen for 24.0s | zone=477.4s
  Person 17 on screen for 0.2s | zone=3077.6s
  Person 19 on screen for 74.1s | zone=0.0s
  Person 20 on screen for 103.9s | zone=21.8s
  Person 24 on screen for 316.5s | zone=53.0s
  Person 26 on screen for 11.3s | zone=11.5s
  Person 27 on screen for 66.6s | zone=0.0s
  Person 28 on screen for 0.4s | zone=0.3s
  Person 29 on screen for 1779.3s | zone=0.9s
  Person 30 on screen for 5.2s | zone=4.8s
  Person 32 on screen for 911.9s | zone=780.5s
  Person 35 on screen for 2066.0s | zone=0.0s
  Person 36 on screen for 0.1s | zone=0.2s
  Person 39 on screen for 1928.7s | zone=11.7s
  Person 44 on screen for 2452.5s | zone=0.5s
  Person 45 on screen for 75.8s | zone=0.8s
  Person 47 on screen for 490.3s | zone=4.0s
  Person 49 on screen for 2478.1s | zone=2143.5s
  Person 51 on screen for 3230.9s | zone=3216.1s
  Person 54 on screen for 2982.0s | zone=1.0s
  Person 55 on screen for 75.9s | zone=0.0s
  Person 56 on screen for 178.3s | zone=0.0s
  Person 62 on screen for 473.9s | zone=473.8s
  Person 64 on screen for 81.3s | zone=560.6s
  Person 67 on screen for 3005.2s | zone=2749.8s
  Person 70 on screen for 2993.4s | zone=0.4s
  Person 75 on screen for 2771.1s | zone=2771.0s
  Person 77 on screen for 663.8s | zone=6.1s
  Person 79 on screen for 21.0s | zone=4.7s
  Person 80 on screen for 84.7s | zone=20.2s
  Person 82 on screen for 614.2s | zone=11.1s
  Person 85 on screen for 245.9s | zone=1817.8s
  Person 88 on screen for 2579.2s | zone=0.0s
  Person 89 on screen for 46.1s | zone=0.0s
  Person 91 on screen for 93.0s | zone=91.2s
  Person 92 on screen for 2322.8s | zone=0.1s
  Person 94 on screen for 10.0s | zone=0.3s
  Person 96 on screen for 2749.5s | zone=4.4s
  Person 100 on screen for 45.8s | zone=3.7s
  Person 104 on screen for 19.6s | zone=15.0s
  Person 105 on screen for 3073.9s | zone=2.1s
  Person 109 on screen for 1967.1s | zone=1.5s
  Person 110 on screen for 425.9s | zone=422.9s
  Person 112 on screen for 19.7s | zone=1.0s
  Person 113 on screen for 3447.4s | zone=13.2s
  Person 118 on screen for 1242.0s | zone=284.4s
  Person 120 on screen for 82.7s | zone=1.3s
  Person 122 on screen for 1.6s | zone=1.5s
  Person 123 on screen for 3.0s | zone=0.2s
  Person 125 on screen for 951.5s | zone=951.4s
  Person 126 on screen for 580.0s | zone=569.2s
  Person 127 on screen for 2138.5s | zone=0.2s
  Person 128 on screen for 2480.0s | zone=31.1s
  Person 130 on screen for 17.5s | zone=0.0s
  Person 131 on screen for 24.3s | zone=6.3s
  Person 133 on screen for 1266.8s | zone=138.4s
  Person 138 on screen for 1054.3s | zone=43.1s
  Person 141 on screen for 0.3s | zone=2146.6s
  Person 142 on screen for 793.1s | zone=788.7s
  Person 143 on screen for 1.0s | zone=0.9s
  Person 146 on screen for 37.9s | zone=10.1s
  Person 147 on screen for 1478.9s | zone=0.1s
  Person 150 on screen for 4.8s | zone=1.1s
  Person 151 on screen for 3.4s | zone=3.4s
  Person 153 on screen for 55.7s | zone=0.1s
  Person 154 on screen for 9.7s | zone=1530.2s
  Person 155 on screen for 1.6s | zone=0.0s
  Person 156 on screen for 46.8s | zone=21.6s
  Person 157 on screen for 1953.5s | zone=1940.3s
  Person 158 on screen for 21.5s | zone=0.0s
  Person 161 on screen for 1210.8s | zone=0.6s
  Person 162 on screen for 0.8s | zone=2065.8s
  Person 164 on screen for 766.3s | zone=766.5s
  Person 169 on screen for 530.5s | zone=1003.2s
  Person 170 on screen for 59.9s | zone=15.9s
  Person 171 on screen for 1300.6s | zone=1273.4s
  Person 172 on screen for 712.8s | zone=683.8s
  Person 173 on screen for 892.0s | zone=0.5s
  Person 174 on screen for 1858.7s | zone=1804.6s
  Person 178 on screen for 892.2s | zone=0.8s
  Person 179 on screen for 1553.6s | zone=0.0s
  Person 180 on screen for 9.4s | zone=6.1s
  Person 181 on screen for 292.7s | zone=3.4s
  Person 187 on screen for 2211.0s | zone=0.1s
  Person 191 on screen for 21.1s | zone=0.1s
  Person 198 on screen for 12.3s | zone=12.2s
  Person 200 on screen for 524.6s | zone=165.4s
  Person 203 on screen for 1324.0s | zone=119.9s
  Person 207 on screen for 2044.0s | zone=4.0s
  Person 209 on screen for 34.1s | zone=0.6s
  Person 215 on screen for 3.7s | zone=0.1s
  Person 220 on screen for 1818.4s | zone=17.8s
  Person 221 on screen for 3266.7s | zone=1.2s
  Person 223 on screen for 971.9s | zone=6.4s
  Person 224 on screen for 1570.9s | zone=1.0s
  Person 226 on screen for 2348.0s | zone=0.1s
  Person 230 on screen for 188.0s | zone=0.9s
  Person 233 on screen for 459.1s | zone=5.8s
  Person 235 on screen for 2913.9s | zone=0.7s
  Person 237 on screen for 35.6s | zone=9.5s
  Person 240 on screen for 0.6s | zone=0.5s
  Person 242 on screen for 1.1s | zone=1.0s
  Person 248 on screen for 4.4s | zone=0.9s
  Person 250 on screen for 7.7s | zone=7.6s
  Person 252 on screen for 4.3s | zone=4.3s
  Person 258 on screen for 4.9s | zone=137.3s
  Person 259 on screen for 161.0s | zone=5.8s
  Person 260 on screen for 481.7s | zone=481.6s
  Person 264 on screen for 11.5s | zone=34.8s
  Person 268 on screen for 1699.6s | zone=1697.7s
  Person 269 on screen for 161.2s | zone=11.1s
  Person 273 on screen for 0.4s | zone=0.3s
  Person 276 on screen for 5.0s | zone=0.2s
  Person 288 on screen for 1932.4s | zone=6.4s
  Person 290 on screen for 816.5s | zone=237.1s
  Person 295 on screen for 952.5s | zone=51.8s
  Person 296 on screen for 0.3s | zone=15.0s
  Person 298 on screen for 508.2s | zone=1.3s
  Person 301 on screen for 1048.4s | zone=627.3s
  Person 304 on screen for 2426.5s | zone=2151.9s
  Person 305 on screen for 153.8s | zone=0.3s
  Person 306 on screen for 4.0s | zone=0.0s
  Person 310 on screen for 1228.5s | zone=1203.6s
  Person 312 on screen for 2613.7s | zone=6.1s
  Person 314 on screen for 3111.3s | zone=3109.6s
  Person 320 on screen for 864.1s | zone=60.0s
  Person 323 on screen for 238.1s | zone=2.2s
  Person 324 on screen for 5.6s | zone=4.0s
  Person 330 on screen for 1671.6s | zone=1239.3s
  Person 332 on screen for 1093.8s | zone=2717.4s
  Person 335 on screen for 7.1s | zone=2.6s
  Person 336 on screen for 732.5s | zone=84.6s
  Person 338 on screen for 559.8s | zone=8.2s
  Person 341 on screen for 1671.6s | zone=0.0s
  Person 342 on screen for 3441.6s | zone=1.8s
  Person 345 on screen for 15.5s | zone=0.0s
  Person 347 on screen for 42.8s | zone=1065.2s
  Person 349 on screen for 231.7s | zone=214.7s
  Person 351 on screen for 15.2s | zone=6.9s
  Person 352 on screen for 14.5s | zone=0.4s
  Person 358 on screen for 2861.4s | zone=23.0s
  Person 360 on screen for 23.0s | zone=5.2s
  Person 365 on screen for 176.2s | zone=59.3s
  Person 366 on screen for 3474.0s | zone=560.2s
  Person 370 on screen for 1945.8s | zone=13.2s
  Person 377 on screen for 61.1s | zone=61.5s
  Person 384 on screen for 15.5s | zone=0.0s
  Person 385 on screen for 0.3s | zone=0.4s
  Person 387 on screen for 110.0s | zone=8.1s
  Person 388 on screen for 1.8s | zone=1.7s
  Person 389 on screen for 289.6s | zone=0.0s
  Person 399 on screen for 689.9s | zone=0.5s
  Person 402 on screen for 28.6s | zone=7.8s
  Person 404 on screen for 750.4s | zone=2448.3s
  Person 405 on screen for 88.8s | zone=4.8s
  Person 406 on screen for 0.7s | zone=0.1s
  Person 407 on screen for 26.2s | zone=2.6s
  Person 408 on screen for 75.6s | zone=0.2s
  Person 409 on screen for 19.1s | zone=0.5s
  Person 412 on screen for 2799.8s | zone=0.7s
  Person 413 on screen for 529.8s | zone=32.5s
  Person 415 on screen for 21.8s | zone=0.1s
  Person 419 on screen for 16.7s | zone=3.3s
  Person 420 on screen for 3225.4s | zone=0.0s
  Person 426 on screen for 18.4s | zone=14.0s
  Person 427 on screen for 125.4s | zone=1.4s
  Person 431 on screen for 27.8s | zone=0.0s
  Person 435 on screen for 595.8s | zone=3.5s
  Person 436 on screen for 1760.1s | zone=865.8s
  Person 437 on screen for 235.6s | zone=14.0s
  Person 438 on screen for 2.5s | zone=0.3s
  Person 439 on screen for 37.6s | zone=0.0s
  Person 445 on screen for 0.5s | zone=0.4s
  Person 448 on screen for 55.4s | zone=0.0s
  Person 449 on screen for 54.4s | zone=0.7s
  Person 451 on screen for 12.2s | zone=2.6s
  Person 453 on screen for 31.3s | zone=31.2s
  Person 454 on screen for 32.1s | zone=32.0s
  Person 455 on screen for 148.1s | zone=0.1s
  Person 457 on screen for 1.3s | zone=1.8s
  Person 459 on screen for 53.6s | zone=0.1s
  Person 460 on screen for 2.4s | zone=0.0s
  Person 463 on screen for 133.2s | zone=5.9s
  Person 465 on screen for 94.8s | zone=37.5s
  Person 466 on screen for 4.2s | zone=0.0s
  Person 471 on screen for 1.8s | zone=2.0s
  Person 472 on screen for 7.5s | zone=7.4s
  Person 474 on screen for 44.5s | zone=8.2s
  Person 475 on screen for 21.1s | zone=0.0s
  Person 479 on screen for 0.2s | zone=0.1s
  Person 481 on screen for 26.1s | zone=0.1s
  Person 482 on screen for 21.3s | zone=21.3s
Person-ID memory saved: C:\Users\vioyq\Desktop\Coach_Tracker\coach-tracker-demo\coach-store\person-ID\coach5\0320.json
CSV written: C:\Users\vioyq\Desktop\Coach_Tracker\coach-tracker-demo\coach-store\CSV-state\coach5\0320-coach5-20260324-183723.csv
--- end report ---

[Progress] 7/11 ( 63.6%) | elapsed  8221.3s | ETA  4697.9s

=== Running: Coach-5-hour-7-20260320155959.mp4 ===
Person-ID memory: loaded 354 IDs from C:\Users\vioyq\Desktop\Coach_Tracker\coach-tracker-demo\coach-store\person-ID\coach5\0320.json
[coach5] C:\Users\vioyq\Desktop\Coach_Tracker\_Coach_Video\3-20\Coach-5\Coach-5-hour-7-20260320155959.mp4 (36000 frames @ 10.0 fps). (headless)
Config: yaml=coach5.yaml zone=C:\Users\vioyq\Desktop\Coach_Tracker\coach-tracker-demo\coach-store\zone\coach5.json
Output CSV: C:\Users\vioyq\Desktop\Coach_Tracker\coach-tracker-demo\coach-store\CSV-state\coach5\0320-coach5-20260324-183723.csv

--- Report ---
Time spent processing: 1413.1s
Time on screen per person:
  Person 0 on screen for 3483.0s | zone=0.0s
  Person 1 on screen for 3482.4s | zone=2.7s
  Person 2 on screen for 3262.2s | zone=22.9s
  Person 4 on screen for 11.0s | zone=1.1s
  Person 11 on screen for 8.9s | zone=0.4s
  Person 14 on screen for 2535.5s | zone=3.9s
  Person 16 on screen for 694.9s | zone=0.0s
  Person 18 on screen for 2941.5s | zone=0.9s
  Person 19 on screen for 23.0s | zone=0.0s
  Person 23 on screen for 3.8s | zone=0.5s
  Person 24 on screen for 3.0s | zone=242.6s
  Person 25 on screen for 10.8s | zone=10.7s
  Person 26 on screen for 620.9s | zone=0.0s
  Person 27 on screen for 4.8s | zone=0.3s
  Person 28 on screen for 1813.3s | zone=0.9s
  Person 29 on screen for 1813.4s | zone=0.6s
  Person 30 on screen for 522.3s | zone=0.1s
  Person 31 on screen for 27.1s | zone=0.2s
  Person 32 on screen for 34.4s | zone=0.1s
  Person 33 on screen for 2465.4s | zone=0.2s
  Person 35 on screen for 1440.8s | zone=0.3s
  Person 36 on screen for 2371.1s | zone=2331.7s
  Person 39 on screen for 1415.6s | zone=0.1s
  Person 44 on screen for 201.0s | zone=2995.5s
  Person 45 on screen for 2.7s | zone=0.9s
  Person 49 on screen for 1489.2s | zone=0.4s
  Person 51 on screen for 362.2s | zone=0.4s
  Person 52 on screen for 124.5s | zone=26.3s
  Person 55 on screen for 0.7s | zone=0.6s
  Person 62 on screen for 3160.6s | zone=0.0s
  Person 64 on screen for 21.4s | zone=21.3s
  Person 67 on screen for 1090.0s | zone=13.3s
  Person 68 on screen for 1959.1s | zone=1885.0s
  Person 69 on screen for 2.3s | zone=0.9s
  Person 71 on screen for 1855.3s | zone=3.7s
  Person 74 on screen for 1031.7s | zone=0.0s
  Person 75 on screen for 1739.9s | zone=1739.8s
  Person 79 on screen for 1653.4s | zone=0.0s
  Person 82 on screen for 25.1s | zone=0.0s
  Person 85 on screen for 2533.9s | zone=0.8s
  Person 87 on screen for 1886.5s | zone=1886.4s
  Person 90 on screen for 2877.5s | zone=0.0s
  Person 91 on screen for 741.4s | zone=727.3s
  Person 94 on screen for 10.0s | zone=0.1s
  Person 97 on screen for 2030.3s | zone=0.0s
  Person 100 on screen for 23.9s | zone=11.0s
  Person 103 on screen for 11.0s | zone=10.9s
  Person 104 on screen for 2609.4s | zone=5.1s
  Person 105 on screen for 1643.4s | zone=0.3s
  Person 107 on screen for 547.2s | zone=0.3s
  Person 109 on screen for 946.0s | zone=11.3s
  Person 110 on screen for 693.7s | zone=4.6s
  Person 111 on screen for 1243.3s | zone=2.5s
  Person 112 on screen for 79.0s | zone=6.3s
  Person 113 on screen for 1324.4s | zone=1324.3s
  Person 116 on screen for 10.8s | zone=0.4s
  Person 118 on screen for 738.1s | zone=0.1s
  Person 120 on screen for 2356.6s | zone=0.0s
  Person 124 on screen for 34.4s | zone=5.7s
  Person 125 on screen for 366.7s | zone=0.0s
  Person 127 on screen for 19.7s | zone=19.6s
  Person 128 on screen for 211.1s | zone=0.0s
  Person 129 on screen for 1110.2s | zone=781.0s
  Person 130 on screen for 83.2s | zone=70.7s
  Person 133 on screen for 2419.9s | zone=0.0s
  Person 137 on screen for 747.3s | zone=0.1s
  Person 138 on screen for 120.3s | zone=1.2s
  Person 141 on screen for 1839.7s | zone=3.8s
  Person 142 on screen for 1488.4s | zone=31.2s
  Person 148 on screen for 81.7s | zone=9.6s
  Person 151 on screen for 34.6s | zone=515.6s
  Person 152 on screen for 1214.1s | zone=64.5s
  Person 153 on screen for 2019.5s | zone=0.0s
  Person 154 on screen for 775.7s | zone=25.7s
  Person 156 on screen for 37.8s | zone=0.0s
  Person 157 on screen for 234.5s | zone=0.0s
  Person 162 on screen for 16.4s | zone=16.4s
  Person 164 on screen for 24.5s | zone=15.6s
  Person 165 on screen for 7.5s | zone=7.4s
  Person 169 on screen for 1408.1s | zone=1408.0s
  Person 170 on screen for 31.5s | zone=81.1s
  Person 173 on screen for 79.1s | zone=25.0s
  Person 174 on screen for 1388.0s | zone=2.3s
  Person 175 on screen for 2500.1s | zone=0.0s
  Person 180 on screen for 2095.1s | zone=4.7s
  Person 181 on screen for 1511.6s | zone=6.0s
  Person 190 on screen for 0.7s | zone=934.8s
  Person 191 on screen for 1748.0s | zone=1747.5s
  Person 193 on screen for 933.5s | zone=0.0s
  Person 197 on screen for 96.1s | zone=0.0s
  Person 200 on screen for 427.5s | zone=2165.8s
  Person 203 on screen for 2498.4s | zone=2490.0s
  Person 207 on screen for 1455.3s | zone=3.3s
  Person 209 on screen for 50.0s | zone=34.1s
  Person 210 on screen for 1527.4s | zone=16.5s
  Person 214 on screen for 884.1s | zone=0.4s
  Person 215 on screen for 20.4s | zone=0.0s
  Person 221 on screen for 1248.2s | zone=254.6s
  Person 223 on screen for 43.1s | zone=43.0s
  Person 230 on screen for 207.1s | zone=23.0s
  Person 233 on screen for 38.2s | zone=1.1s
  Person 235 on screen for 2656.3s | zone=0.1s
  Person 236 on screen for 750.0s | zone=148.4s
  Person 237 on screen for 912.8s | zone=912.8s
  Person 238 on screen for 75.3s | zone=44.0s
  Person 239 on screen for 1174.2s | zone=10.7s
  Person 241 on screen for 220.1s | zone=0.7s
  Person 242 on screen for 1.2s | zone=1.1s
  Person 243 on screen for 20.0s | zone=17.4s
  Person 246 on screen for 125.5s | zone=0.1s
  Person 251 on screen for 0.7s | zone=0.0s
  Person 252 on screen for 1511.7s | zone=23.8s
  Person 255 on screen for 34.6s | zone=7.2s
  Person 256 on screen for 809.9s | zone=28.4s
  Person 258 on screen for 2990.6s | zone=3.3s
  Person 259 on screen for 2143.9s | zone=0.4s
  Person 261 on screen for 2.8s | zone=105.8s
  Person 263 on screen for 3.2s | zone=3.1s
  Person 264 on screen for 51.7s | zone=0.2s
  Person 265 on screen for 329.3s | zone=13.6s
  Person 268 on screen for 3210.2s | zone=41.5s
  Person 269 on screen for 1438.3s | zone=1438.2s
  Person 270 on screen for 47.2s | zone=1.4s
  Person 271 on screen for 0.7s | zone=10.2s
  Person 273 on screen for 17.4s | zone=0.1s
  Person 274 on screen for 31.8s | zone=5.0s
  Person 275 on screen for 28.1s | zone=28.4s
  Person 276 on screen for 221.8s | zone=859.5s
  Person 280 on screen for 9.2s | zone=0.2s
  Person 281 on screen for 2.2s | zone=0.1s
  Person 284 on screen for 16.7s | zone=3.6s
  Person 288 on screen for 2.4s | zone=1.3s
  Person 290 on screen for 31.4s | zone=29.7s
  Person 292 on screen for 664.2s | zone=0.0s
  Person 296 on screen for 30.6s | zone=1.8s
  Person 297 on screen for 85.4s | zone=29.9s
  Person 301 on screen for 14.9s | zone=12.1s
  Person 302 on screen for 16.1s | zone=144.0s
  Person 303 on screen for 69.2s | zone=1.4s
  Person 304 on screen for 8.3s | zone=1839.0s
  Person 305 on screen for 1627.1s | zone=15.4s
  Person 308 on screen for 42.4s | zone=42.3s
  Person 311 on screen for 1810.5s | zone=1810.6s
  Person 313 on screen for 1214.5s | zone=0.3s
  Person 314 on screen for 6.7s | zone=0.3s
  Person 315 on screen for 1499.1s | zone=5.9s
  Person 321 on screen for 1.3s | zone=1.2s
  Person 326 on screen for 3.7s | zone=3.6s
  Person 328 on screen for 1443.8s | zone=1443.7s
  Person 329 on screen for 59.9s | zone=16.5s
  Person 330 on screen for 395.3s | zone=390.7s
  Person 332 on screen for 123.8s | zone=8.2s
  Person 333 on screen for 396.9s | zone=395.4s
  Person 334 on screen for 362.5s | zone=0.8s
  Person 335 on screen for 42.6s | zone=4.6s
  Person 336 on screen for 21.1s | zone=20.1s
  Person 338 on screen for 17.1s | zone=368.0s
  Person 340 on screen for 10.3s | zone=10.9s
  Person 341 on screen for 2282.9s | zone=0.5s
  Person 342 on screen for 25.6s | zone=0.0s
  Person 345 on screen for 3283.3s | zone=0.1s
  Person 347 on screen for 13.7s | zone=1.1s
  Person 350 on screen for 15.3s | zone=2.7s
  Person 355 on screen for 9.8s | zone=0.1s
  Person 356 on screen for 658.4s | zone=0.2s
  Person 357 on screen for 1.1s | zone=1.0s
  Person 358 on screen for 2135.6s | zone=0.1s
  Person 359 on screen for 787.9s | zone=5.0s
  Person 360 on screen for 21.7s | zone=34.9s
  Person 361 on screen for 12.1s | zone=0.0s
  Person 363 on screen for 175.9s | zone=161.0s
  Person 365 on screen for 2903.4s | zone=333.8s
  Person 366 on screen for 160.1s | zone=0.0s
  Person 367 on screen for 1749.6s | zone=5.1s
  Person 370 on screen for 79.4s | zone=2.8s
  Person 372 on screen for 4.3s | zone=4.2s
  Person 380 on screen for 3.8s | zone=2.3s
  Person 381 on screen for 1518.5s | zone=0.1s
  Person 385 on screen for 52.9s | zone=141.2s
  Person 387 on screen for 1.8s | zone=1.8s
  Person 388 on screen for 10.6s | zone=0.1s
  Person 389 on screen for 1509.4s | zone=43.8s
  Person 390 on screen for 28.8s | zone=0.3s
  Person 391 on screen for 381.7s | zone=9.3s
  Person 393 on screen for 2.3s | zone=2.3s
  Person 394 on screen for 53.9s | zone=0.1s
  Person 397 on screen for 899.2s | zone=76.5s
  Person 399 on screen for 1309.9s | zone=0.9s
  Person 402 on screen for 742.7s | zone=658.5s
  Person 404 on screen for 286.2s | zone=1629.9s
  Person 412 on screen for 307.9s | zone=28.6s
  Person 413 on screen for 856.1s | zone=37.8s
  Person 415 on screen for 10.3s | zone=6.5s
  Person 418 on screen for 5.1s | zone=5.0s
  Person 425 on screen for 1305.9s | zone=10.5s
  Person 427 on screen for 288.4s | zone=1206.3s
  Person 428 on screen for 32.3s | zone=26.7s
  Person 430 on screen for 1.8s | zone=0.7s
  Person 434 on screen for 182.7s | zone=0.1s
  Person 437 on screen for 67.3s | zone=32.5s
  Person 446 on screen for 43.1s | zone=0.1s
  Person 447 on screen for 12.9s | zone=13.1s
  Person 448 on screen for 38.6s | zone=4.5s
  Person 451 on screen for 4.1s | zone=6.4s
  Person 452 on screen for 601.9s | zone=601.8s
  Person 454 on screen for 622.5s | zone=505.4s
  Person 455 on screen for 1448.4s | zone=261.9s
  Person 456 on screen for 18.3s | zone=6.8s
  Person 459 on screen for 318.8s | zone=25.3s
  Person 460 on screen for 15.3s | zone=0.0s
  Person 465 on screen for 675.3s | zone=7.0s
  Person 469 on screen for 11.5s | zone=1.7s
  Person 474 on screen for 163.2s | zone=1.4s
  Person 475 on screen for 1910.0s | zone=8.7s
  Person 482 on screen for 30.8s | zone=27.3s
  Person 484 on screen for 6.6s | zone=6.8s
  Person 486 on screen for 15.0s | zone=1.3s
  Person 489 on screen for 32.0s | zone=0.5s
  Person 492 on screen for 3.0s | zone=2.9s
  Person 498 on screen for 8.5s | zone=1.3s
  Person 499 on screen for 2.5s | zone=0.9s
  Person 514 on screen for 33.3s | zone=4.3s
Person-ID memory saved: C:\Users\vioyq\Desktop\Coach_Tracker\coach-tracker-demo\coach-store\person-ID\coach5\0320.json
CSV written: C:\Users\vioyq\Desktop\Coach_Tracker\coach-tracker-demo\coach-store\CSV-state\coach5\0320-coach5-20260324-183723.csv
--- end report ---

[Progress] 8/11 ( 72.7%) | elapsed  9638.5s | ETA  3614.4s

=== Running: Coach-5-hour-8-20260320165959.mp4 ===
Person-ID memory: loaded 389 IDs from C:\Users\vioyq\Desktop\Coach_Tracker\coach-tracker-demo\coach-store\person-ID\coach5\0320.json
[coach5] C:\Users\vioyq\Desktop\Coach_Tracker\_Coach_Video\3-20\Coach-5\Coach-5-hour-8-20260320165959.mp4 (36000 frames @ 10.0 fps). (headless)
Config: yaml=coach5.yaml zone=C:\Users\vioyq\Desktop\Coach_Tracker\coach-tracker-demo\coach-store\zone\coach5.json
Output CSV: C:\Users\vioyq\Desktop\Coach_Tracker\coach-tracker-demo\coach-store\CSV-state\coach5\0320-coach5-20260324-183723.csv

--- Report ---
Time spent processing: 1207.2s
Time on screen per person:
  Person 0 on screen for 3503.2s | zone=0.0s
  Person 1 on screen for 3502.9s | zone=7.0s
  Person 2 on screen for 3565.8s | zone=0.8s
  Person 3 on screen for 3062.7s | zone=1249.0s
  Person 5 on screen for 3200.2s | zone=0.6s
  Person 9 on screen for 2838.3s | zone=0.1s
  Person 11 on screen for 1.1s | zone=0.0s
  Person 12 on screen for 2816.2s | zone=0.0s
  Person 17 on screen for 2338.5s | zone=0.3s
  Person 18 on screen for 3422.0s | zone=0.0s
  Person 19 on screen for 55.9s | zone=0.4s
  Person 21 on screen for 20.3s | zone=20.2s
  Person 22 on screen for 17.3s | zone=17.5s
  Person 27 on screen for 93.8s | zone=90.7s
  Person 29 on screen for 1937.9s | zone=1932.4s
  Person 30 on screen for 16.3s | zone=16.2s
  Person 36 on screen for 71.7s | zone=52.4s
  Person 43 on screen for 3.5s | zone=3.4s
  Person 47 on screen for 139.7s | zone=0.0s
  Person 49 on screen for 514.8s | zone=514.7s
  Person 51 on screen for 217.2s | zone=0.0s
  Person 54 on screen for 30.7s | zone=1476.7s
  Person 58 on screen for 24.3s | zone=0.2s
  Person 62 on screen for 6.2s | zone=0.0s
  Person 66 on screen for 0.8s | zone=0.0s
  Person 67 on screen for 16.4s | zone=5.8s
  Person 68 on screen for 1522.4s | zone=1522.3s
  Person 73 on screen for 1.7s | zone=1107.5s
  Person 77 on screen for 26.3s | zone=0.1s
  Person 78 on screen for 1390.3s | zone=861.9s
  Person 86 on screen for 0.1s | zone=10.4s
  Person 94 on screen for 1983.4s | zone=0.0s
  Person 97 on screen for 930.6s | zone=8.7s
  Person 108 on screen for 0.1s | zone=0.2s
  Person 109 on screen for 1092.5s | zone=3.5s
  Person 110 on screen for 0.5s | zone=0.1s
  Person 112 on screen for 552.2s | zone=0.0s
  Person 113 on screen for 2744.4s | zone=0.0s
  Person 116 on screen for 1724.5s | zone=0.3s
  Person 122 on screen for 18.5s | zone=0.0s
  Person 124 on screen for 2316.7s | zone=0.1s
  Person 128 on screen for 40.5s | zone=24.5s
  Person 130 on screen for 3.6s | zone=3.5s
  Person 138 on screen for 125.6s | zone=0.0s
  Person 141 on screen for 10.4s | zone=7.2s
  Person 148 on screen for 2960.8s | zone=2938.7s
  Person 150 on screen for 268.2s | zone=0.0s
  Person 151 on screen for 0.9s | zone=0.8s
  Person 152 on screen for 3391.3s | zone=1.3s
  Person 155 on screen for 723.2s | zone=3.4s
  Person 157 on screen for 2.8s | zone=0.6s
  Person 162 on screen for 1257.9s | zone=0.6s
  Person 168 on screen for 45.1s | zone=45.0s
  Person 169 on screen for 9.0s | zone=0.1s
  Person 170 on screen for 8.7s | zone=8.6s
  Person 171 on screen for 19.3s | zone=0.1s
  Person 172 on screen for 7.1s | zone=3.9s
  Person 173 on screen for 2268.5s | zone=4.0s
  Person 175 on screen for 265.9s | zone=3.8s
  Person 179 on screen for 941.0s | zone=0.0s
  Person 181 on screen for 5.4s | zone=0.0s
  Person 183 on screen for 3362.3s | zone=0.9s
  Person 187 on screen for 9.2s | zone=9.1s
  Person 189 on screen for 4.8s | zone=4.8s
  Person 191 on screen for 1600.9s | zone=182.7s
  Person 195 on screen for 27.8s | zone=27.7s
  Person 196 on screen for 0.7s | zone=0.9s
  Person 197 on screen for 11.4s | zone=0.1s
  Person 200 on screen for 1124.7s | zone=27.9s
  Person 203 on screen for 2973.4s | zone=0.0s
  Person 209 on screen for 2473.4s | zone=2473.3s
  Person 210 on screen for 5.7s | zone=5.6s
  Person 214 on screen for 37.1s | zone=2.6s
  Person 221 on screen for 2892.8s | zone=22.5s
  Person 223 on screen for 8.0s | zone=7.9s
  Person 227 on screen for 184.4s | zone=1.6s
  Person 232 on screen for 2776.3s | zone=0.2s
  Person 235 on screen for 7.3s | zone=7.2s
  Person 236 on screen for 162.4s | zone=0.1s
  Person 239 on screen for 35.4s | zone=0.5s
  Person 240 on screen for 1.2s | zone=0.1s
  Person 246 on screen for 18.7s | zone=4.4s
  Person 252 on screen for 2.1s | zone=0.3s
  Person 255 on screen for 12.2s | zone=0.0s
  Person 256 on screen for 56.9s | zone=1.2s
  Person 258 on screen for 21.1s | zone=0.2s
  Person 260 on screen for 2571.7s | zone=4.4s
  Person 261 on screen for 39.7s | zone=21.1s
  Person 263 on screen for 2.2s | zone=2.1s
  Person 266 on screen for 2497.2s | zone=44.0s
  Person 268 on screen for 39.5s | zone=0.0s
  Person 273 on screen for 3.0s | zone=0.1s
  Person 275 on screen for 20.5s | zone=7.8s
  Person 280 on screen for 1.2s | zone=1.2s
  Person 282 on screen for 14.9s | zone=12.8s
  Person 299 on screen for 157.9s | zone=0.0s
  Person 302 on screen for 12.0s | zone=5.0s
  Person 304 on screen for 14.3s | zone=0.1s
  Person 305 on screen for 1988.8s | zone=0.0s
  Person 308 on screen for 37.7s | zone=3150.4s
  Person 310 on screen for 1337.6s | zone=200.7s
  Person 313 on screen for 15.7s | zone=3126.1s
  Person 314 on screen for 1706.0s | zone=0.4s
  Person 315 on screen for 83.4s | zone=66.5s
  Person 321 on screen for 0.5s | zone=0.1s
  Person 323 on screen for 117.8s | zone=24.4s
  Person 324 on screen for 52.6s | zone=0.3s
  Person 333 on screen for 936.6s | zone=916.9s
  Person 335 on screen for 46.7s | zone=4.3s
  Person 338 on screen for 1235.7s | zone=2.0s
  Person 341 on screen for 2140.6s | zone=2.4s
  Person 349 on screen for 0.3s | zone=0.2s
  Person 350 on screen for 117.4s | zone=4.8s
  Person 359 on screen for 2274.1s | zone=93.4s
  Person 363 on screen for 7.7s | zone=7.6s
  Person 375 on screen for 4.2s | zone=4.1s
  Person 385 on screen for 22.0s | zone=0.3s
  Person 391 on screen for 2056.7s | zone=3.3s
  Person 397 on screen for 2659.5s | zone=69.8s
  Person 402 on screen for 2949.7s | zone=1.5s
  Person 409 on screen for 34.2s | zone=1.8s
  Person 413 on screen for 2117.8s | zone=2003.1s
  Person 419 on screen for 1345.2s | zone=0.9s
  Person 427 on screen for 204.5s | zone=0.0s
  Person 435 on screen for 1.9s | zone=1.8s
  Person 436 on screen for 15.5s | zone=15.4s
  Person 447 on screen for 10.9s | zone=0.1s
  Person 451 on screen for 1834.0s | zone=4.8s
  Person 452 on screen for 1006.4s | zone=1006.3s
  Person 454 on screen for 370.3s | zone=0.0s
  Person 455 on screen for 514.1s | zone=0.8s
  Person 456 on screen for 1536.1s | zone=12.8s
  Person 459 on screen for 348.0s | zone=5.3s
  Person 460 on screen for 2930.4s | zone=0.0s
  Person 469 on screen for 1769.5s | zone=1769.4s
  Person 474 on screen for 94.6s | zone=59.6s
  Person 475 on screen for 1259.0s | zone=1.3s
  Person 492 on screen for 1549.6s | zone=1188.6s
Person-ID memory saved: C:\Users\vioyq\Desktop\Coach_Tracker\coach-tracker-demo\coach-store\person-ID\coach5\0320.json
CSV written: C:\Users\vioyq\Desktop\Coach_Tracker\coach-tracker-demo\coach-store\CSV-state\coach5\0320-coach5-20260324-183723.csv
--- end report ---

[Progress] 9/11 ( 81.8%) | elapsed 10849.8s | ETA  2411.1s

=== Running: Coach-5-hour-9-20260320175959.mp4 ===
Person-ID memory: loaded 391 IDs from C:\Users\vioyq\Desktop\Coach_Tracker\coach-tracker-demo\coach-store\person-ID\coach5\0320.json
[coach5] C:\Users\vioyq\Desktop\Coach_Tracker\_Coach_Video\3-20\Coach-5\Coach-5-hour-9-20260320175959.mp4 (36000 frames @ 10.0 fps). (headless)
Config: yaml=coach5.yaml zone=C:\Users\vioyq\Desktop\Coach_Tracker\coach-tracker-demo\coach-store\zone\coach5.json
Output CSV: C:\Users\vioyq\Desktop\Coach_Tracker\coach-tracker-demo\coach-store\CSV-state\coach5\0320-coach5-20260324-183723.csv

--- Report ---
Time spent processing: 1357.8s
Time on screen per person:
  Person 0 on screen for 3179.4s | zone=0.0s
  Person 1 on screen for 3095.9s | zone=23.8s
  Person 2 on screen for 3066.0s | zone=0.0s
  Person 3 on screen for 3.5s | zone=2.8s
  Person 4 on screen for 1.2s | zone=1.1s
  Person 5 on screen for 1221.9s | zone=3411.8s
  Person 9 on screen for 47.4s | zone=0.0s
  Person 12 on screen for 1586.1s | zone=1586.0s
  Person 13 on screen for 1251.2s | zone=0.5s
  Person 14 on screen for 3.0s | zone=2.9s
  Person 16 on screen for 5.3s | zone=3.3s
  Person 17 on screen for 2491.3s | zone=1.0s
  Person 18 on screen for 397.8s | zone=86.8s
  Person 19 on screen for 2223.4s | zone=40.1s
  Person 21 on screen for 3.5s | zone=0.6s
  Person 22 on screen for 375.9s | zone=0.0s
  Person 24 on screen for 356.5s | zone=0.7s
  Person 27 on screen for 2837.2s | zone=0.0s
  Person 29 on screen for 555.8s | zone=518.5s
  Person 30 on screen for 61.7s | zone=0.0s
  Person 33 on screen for 2.3s | zone=2.2s
  Person 45 on screen for 2528.3s | zone=0.2s
  Person 47 on screen for 9.1s | zone=2.4s
  Person 49 on screen for 7.4s | zone=3.8s
  Person 51 on screen for 214.5s | zone=214.2s
  Person 53 on screen for 4.3s | zone=1.7s
  Person 54 on screen for 1312.0s | zone=1298.1s
  Person 61 on screen for 49.9s | zone=0.0s
  Person 62 on screen for 40.7s | zone=0.0s
  Person 63 on screen for 2187.5s | zone=0.0s
  Person 64 on screen for 34.6s | zone=3.1s
  Person 66 on screen for 555.6s | zone=555.5s
  Person 67 on screen for 5.4s | zone=0.4s
  Person 71 on screen for 66.7s | zone=0.2s
  Person 73 on screen for 219.1s | zone=219.0s
  Person 74 on screen for 20.5s | zone=0.1s
  Person 78 on screen for 31.9s | zone=7.1s
  Person 79 on screen for 81.4s | zone=0.2s
  Person 81 on screen for 15.8s | zone=6.8s
  Person 91 on screen for 11.1s | zone=0.1s
  Person 92 on screen for 2158.6s | zone=705.6s
  Person 94 on screen for 78.6s | zone=0.1s
  Person 96 on screen for 1.9s | zone=2003.3s
  Person 98 on screen for 2863.9s | zone=0.0s
  Person 100 on screen for 484.9s | zone=0.1s
  Person 101 on screen for 19.5s | zone=19.5s
  Person 104 on screen for 2208.7s | zone=0.8s
  Person 105 on screen for 2904.9s | zone=13.5s
  Person 107 on screen for 1942.8s | zone=0.6s
  Person 109 on screen for 71.9s | zone=3.2s
  Person 112 on screen for 411.2s | zone=80.5s
  Person 113 on screen for 2518.9s | zone=2508.3s
  Person 116 on screen for 76.1s | zone=44.5s
  Person 118 on screen for 67.9s | zone=0.0s
  Person 119 on screen for 1.1s | zone=1.0s
  Person 124 on screen for 16.9s | zone=8.6s
  Person 126 on screen for 2265.1s | zone=0.0s
  Person 130 on screen for 188.5s | zone=202.5s
  Person 133 on screen for 21.9s | zone=12.3s
  Person 137 on screen for 782.0s | zone=27.1s
  Person 142 on screen for 43.0s | zone=0.0s
  Person 144 on screen for 28.3s | zone=0.2s
  Person 148 on screen for 2727.1s | zone=16.7s
  Person 151 on screen for 7.8s | zone=0.0s
  Person 152 on screen for 25.0s | zone=12.2s
  Person 154 on screen for 18.5s | zone=0.7s
  Person 155 on screen for 748.2s | zone=0.0s
  Person 161 on screen for 1136.8s | zone=0.1s
  Person 163 on screen for 0.4s | zone=0.3s
  Person 164 on screen for 67.0s | zone=8.6s
  Person 166 on screen for 10.8s | zone=4.3s
  Person 173 on screen for 2.5s | zone=477.2s
  Person 174 on screen for 2372.8s | zone=0.1s
  Person 175 on screen for 76.6s | zone=21.6s
  Person 176 on screen for 1763.2s | zone=1718.4s
  Person 180 on screen for 15.3s | zone=1.4s
  Person 181 on screen for 4.5s | zone=4.4s
  Person 182 on screen for 292.4s | zone=7.5s
  Person 183 on screen for 41.2s | zone=0.1s
  Person 186 on screen for 480.8s | zone=26.1s
  Person 192 on screen for 546.0s | zone=9.2s
  Person 193 on screen for 2356.2s | zone=0.0s
  Person 194 on screen for 15.0s | zone=0.1s
  Person 196 on screen for 1298.8s | zone=1298.7s
  Person 197 on screen for 1244.7s | zone=6.2s
  Person 201 on screen for 44.8s | zone=691.1s
  Person 203 on screen for 3.5s | zone=714.7s
  Person 207 on screen for 0.2s | zone=0.1s
  Person 208 on screen for 217.8s | zone=6.1s
  Person 209 on screen for 23.9s | zone=0.0s
  Person 214 on screen for 2146.5s | zone=11.7s
  Person 220 on screen for 912.8s | zone=865.0s
  Person 221 on screen for 1931.5s | zone=1931.4s
  Person 230 on screen for 10.1s | zone=10.0s
  Person 232 on screen for 3293.7s | zone=3210.8s
  Person 233 on screen for 20.8s | zone=0.0s
  Person 235 on screen for 60.6s | zone=25.7s
  Person 236 on screen for 18.4s | zone=0.4s
  Person 237 on screen for 1.2s | zone=1.1s
  Person 238 on screen for 117.6s | zone=37.0s
  Person 243 on screen for 60.2s | zone=60.1s
  Person 245 on screen for 2235.4s | zone=618.4s
  Person 248 on screen for 6.6s | zone=1.5s
  Person 252 on screen for 2.9s | zone=3.1s
  Person 256 on screen for 2983.1s | zone=1925.9s
  Person 258 on screen for 2664.9s | zone=2663.7s
  Person 260 on screen for 1872.2s | zone=1913.8s
  Person 263 on screen for 4.2s | zone=4.1s
  Person 266 on screen for 6.0s | zone=2002.0s
  Person 268 on screen for 2046.3s | zone=979.4s
  Person 269 on screen for 159.9s | zone=3.3s
  Person 272 on screen for 164.2s | zone=1553.2s
  Person 273 on screen for 242.0s | zone=241.9s
  Person 275 on screen for 1083.1s | zone=19.1s
  Person 288 on screen for 46.4s | zone=8.0s
  Person 290 on screen for 8.2s | zone=0.7s
  Person 291 on screen for 9.6s | zone=1.8s
  Person 292 on screen for 12.7s | zone=2451.1s
  Person 293 on screen for 3.9s | zone=0.9s
  Person 294 on screen for 1.5s | zone=0.2s
  Person 296 on screen for 10.0s | zone=1.8s
  Person 302 on screen for 2129.8s | zone=2636.0s
  Person 305 on screen for 3062.5s | zone=11.6s
  Person 306 on screen for 2963.5s | zone=3.8s
  Person 310 on screen for 1731.3s | zone=1729.4s
  Person 311 on screen for 17.5s | zone=0.1s
  Person 315 on screen for 590.5s | zone=0.1s
  Person 323 on screen for 1136.7s | zone=1209.8s
  Person 328 on screen for 1.8s | zone=1.6s
  Person 330 on screen for 606.3s | zone=19.4s
  Person 333 on screen for 405.3s | zone=1.2s
  Person 334 on screen for 0.3s | zone=0.2s
  Person 338 on screen for 643.2s | zone=637.1s
  Person 345 on screen for 1.1s | zone=1.8s
  Person 346 on screen for 559.3s | zone=0.0s
  Person 350 on screen for 3294.9s | zone=260.3s
  Person 352 on screen for 88.1s | zone=0.0s
  Person 355 on screen for 2859.7s | zone=0.1s
  Person 356 on screen for 2406.4s | zone=7.4s
  Person 359 on screen for 1343.0s | zone=4.0s
  Person 360 on screen for 2153.4s | zone=2133.0s
  Person 361 on screen for 254.7s | zone=254.6s
  Person 362 on screen for 1683.6s | zone=0.0s
  Person 363 on screen for 2.1s | zone=0.2s
  Person 367 on screen for 22.1s | zone=0.2s
  Person 370 on screen for 174.0s | zone=3.3s
  Person 371 on screen for 12.5s | zone=0.0s
  Person 372 on screen for 46.6s | zone=46.5s
  Person 376 on screen for 54.6s | zone=54.5s
  Person 380 on screen for 10.3s | zone=659.2s
  Person 381 on screen for 29.2s | zone=5.8s
  Person 383 on screen for 2730.0s | zone=161.4s
  Person 385 on screen for 1.9s | zone=0.1s
  Person 393 on screen for 5.6s | zone=2772.2s
  Person 396 on screen for 6.6s | zone=0.0s
  Person 397 on screen for 3070.3s | zone=3064.3s
  Person 402 on screen for 2304.8s | zone=7.0s
  Person 411 on screen for 15.3s | zone=0.0s
  Person 412 on screen for 17.3s | zone=16.7s
  Person 413 on screen for 0.7s | zone=0.7s
  Person 425 on screen for 2492.6s | zone=0.0s
  Person 426 on screen for 2410.6s | zone=1189.1s
  Person 434 on screen for 0.7s | zone=0.6s
  Person 435 on screen for 109.6s | zone=13.4s
  Person 446 on screen for 4.5s | zone=4.4s
  Person 448 on screen for 456.5s | zone=0.4s
  Person 452 on screen for 2638.8s | zone=266.6s
  Person 454 on screen for 16.4s | zone=1.1s
  Person 455 on screen for 1528.5s | zone=3.7s
  Person 463 on screen for 2.2s | zone=2.1s
  Person 465 on screen for 584.2s | zone=69.1s
  Person 469 on screen for 900.8s | zone=900.7s
  Person 474 on screen for 3308.0s | zone=3307.9s
  Person 475 on screen for 2894.0s | zone=2893.9s
  Person 482 on screen for 26.0s | zone=2.0s
  Person 489 on screen for 486.5s | zone=4.0s
Person-ID memory saved: C:\Users\vioyq\Desktop\Coach_Tracker\coach-tracker-demo\coach-store\person-ID\coach5\0320.json
CSV written: C:\Users\vioyq\Desktop\Coach_Tracker\coach-tracker-demo\coach-store\CSV-state\coach5\0320-coach5-20260324-183723.csv
--- end report ---

[Progress] 10/11 ( 90.9%) | elapsed 12211.7s | ETA  1221.2s

=== Running: Coach-5-hour-10-20260320190000.mp4 ===
Person-ID memory: loaded 400 IDs from C:\Users\vioyq\Desktop\Coach_Tracker\coach-tracker-demo\coach-store\person-ID\coach5\0320.json
[coach5] C:\Users\vioyq\Desktop\Coach_Tracker\_Coach_Video\3-20\Coach-5\Coach-5-hour-10-20260320190000.mp4 (36040 frames @ 10.0 fps). (headless)
Config: yaml=coach5.yaml zone=C:\Users\vioyq\Desktop\Coach_Tracker\coach-tracker-demo\coach-store\zone\coach5.json
Output CSV: C:\Users\vioyq\Desktop\Coach_Tracker\coach-tracker-demo\coach-store\CSV-state\coach5\0320-coach5-20260324-183723.csv

--- Report ---
Time spent processing: 1267.4s
Time on screen per person:
  Person 0 on screen for 3276.1s | zone=0.0s
  Person 1 on screen for 2692.5s | zone=6.2s
  Person 2 on screen for 2786.5s | zone=22.5s
  Person 3 on screen for 399.0s | zone=1564.1s
  Person 4 on screen for 14.5s | zone=14.4s
  Person 5 on screen for 8.4s | zone=892.9s
  Person 6 on screen for 6.3s | zone=1.9s
  Person 7 on screen for 261.4s | zone=35.7s
  Person 9 on screen for 240.0s | zone=0.4s
  Person 13 on screen for 233.5s | zone=0.1s
  Person 17 on screen for 1520.5s | zone=8.6s
  Person 19 on screen for 8.4s | zone=0.2s
  Person 22 on screen for 3357.6s | zone=0.3s
  Person 25 on screen for 11.5s | zone=103.8s
  Person 26 on screen for 24.0s | zone=0.0s
  Person 28 on screen for 630.2s | zone=1658.5s
  Person 29 on screen for 34.8s | zone=1959.6s
  Person 30 on screen for 4.9s | zone=0.4s
  Person 35 on screen for 11.4s | zone=5.8s
  Person 43 on screen for 1249.7s | zone=2792.1s
  Person 46 on screen for 2448.5s | zone=0.0s
  Person 47 on screen for 887.3s | zone=0.3s
  Person 54 on screen for 12.7s | zone=12.6s
  Person 55 on screen for 3.5s | zone=3.4s
  Person 59 on screen for 0.4s | zone=0.3s
  Person 60 on screen for 1.7s | zone=0.0s
  Person 61 on screen for 3.3s | zone=0.2s
  Person 63 on screen for 10.3s | zone=1464.5s
  Person 67 on screen for 592.1s | zone=0.5s
  Person 71 on screen for 62.7s | zone=854.2s
  Person 75 on screen for 2282.7s | zone=538.1s
  Person 77 on screen for 2834.1s | zone=0.0s
  Person 83 on screen for 320.3s | zone=2.2s
  Person 89 on screen for 108.6s | zone=0.0s
  Person 92 on screen for 6.1s | zone=489.1s
  Person 96 on screen for 1075.9s | zone=839.6s
  Person 97 on screen for 953.4s | zone=9.8s
  Person 100 on screen for 1759.7s | zone=1.8s
  Person 101 on screen for 5.1s | zone=1.2s
  Person 105 on screen for 62.8s | zone=5.1s
  Person 107 on screen for 15.6s | zone=0.0s
  Person 108 on screen for 65.6s | zone=10.8s
  Person 109 on screen for 13.2s | zone=3.4s
  Person 110 on screen for 2005.9s | zone=0.0s
  Person 116 on screen for 1450.8s | zone=1450.7s
  Person 118 on screen for 70.9s | zone=7.1s
  Person 119 on screen for 18.3s | zone=5.9s
  Person 124 on screen for 573.0s | zone=1707.4s
  Person 125 on screen for 115.9s | zone=0.0s
  Person 126 on screen for 1145.0s | zone=0.0s
  Person 129 on screen for 131.6s | zone=0.1s
  Person 130 on screen for 1154.5s | zone=1.3s
  Person 131 on screen for 20.9s | zone=10.9s
  Person 137 on screen for 408.0s | zone=0.1s
  Person 139 on screen for 2088.2s | zone=1.8s
  Person 144 on screen for 16.2s | zone=0.1s
  Person 145 on screen for 2751.6s | zone=1633.7s
  Person 152 on screen for 2115.9s | zone=1890.4s
  Person 156 on screen for 1253.2s | zone=481.0s
  Person 157 on screen for 423.8s | zone=9.1s
  Person 162 on screen for 2531.3s | zone=1355.1s
  Person 170 on screen for 266.9s | zone=0.4s
  Person 176 on screen for 1350.6s | zone=0.0s
  Person 180 on screen for 27.3s | zone=0.5s
  Person 182 on screen for 554.7s | zone=553.2s
  Person 188 on screen for 31.4s | zone=5.1s
  Person 196 on screen for 35.0s | zone=34.9s
  Person 197 on screen for 16.3s | zone=9.9s
  Person 198 on screen for 0.3s | zone=0.5s
  Person 200 on screen for 2626.0s | zone=11.0s
  Person 201 on screen for 388.1s | zone=32.5s
  Person 203 on screen for 1099.1s | zone=0.1s
  Person 208 on screen for 9.1s | zone=0.5s
  Person 209 on screen for 5.3s | zone=1.6s
  Person 210 on screen for 40.9s | zone=11.2s
  Person 219 on screen for 766.2s | zone=766.1s
  Person 220 on screen for 2.9s | zone=0.2s
  Person 221 on screen for 2032.6s | zone=315.2s
  Person 230 on screen for 2155.9s | zone=9.9s
  Person 232 on screen for 123.9s | zone=1705.4s
  Person 233 on screen for 20.9s | zone=14.1s
  Person 236 on screen for 16.7s | zone=0.3s
  Person 238 on screen for 3.4s | zone=1199.7s
  Person 243 on screen for 455.5s | zone=455.4s
  Person 254 on screen for 557.1s | zone=153.7s
  Person 255 on screen for 3.2s | zone=3.1s
  Person 256 on screen for 1583.8s | zone=1323.1s
  Person 258 on screen for 1059.5s | zone=1186.3s
  Person 260 on screen for 28.4s | zone=9.9s
  Person 266 on screen for 2315.9s | zone=0.2s
  Person 268 on screen for 13.3s | zone=0.1s
  Person 269 on screen for 1550.3s | zone=2.4s
  Person 270 on screen for 7.4s | zone=0.2s
  Person 271 on screen for 382.5s | zone=374.2s
  Person 276 on screen for 2167.6s | zone=2167.5s
  Person 283 on screen for 30.9s | zone=10.5s
  Person 285 on screen for 0.1s | zone=0.0s
  Person 289 on screen for 7.4s | zone=3.1s
  Person 292 on screen for 2948.1s | zone=808.2s
  Person 295 on screen for 12.2s | zone=12.1s
  Person 296 on screen for 2691.4s | zone=0.3s
  Person 297 on screen for 4.6s | zone=4.5s
  Person 301 on screen for 34.8s | zone=3.7s
  Person 306 on screen for 1445.1s | zone=1445.1s
  Person 308 on screen for 8.4s | zone=0.0s
  Person 314 on screen for 755.7s | zone=0.0s
  Person 316 on screen for 42.0s | zone=7.3s
  Person 323 on screen for 1781.5s | zone=1019.8s
  Person 328 on screen for 342.1s | zone=0.2s
  Person 334 on screen for 5.5s | zone=0.5s
  Person 336 on screen for 2.1s | zone=2.0s
  Person 338 on screen for 3.2s | zone=0.5s
  Person 350 on screen for 96.7s | zone=0.1s
  Person 357 on screen for 2060.6s | zone=29.1s
  Person 361 on screen for 2027.7s | zone=2027.6s
  Person 363 on screen for 1300.5s | zone=1300.4s
  Person 365 on screen for 322.1s | zone=322.0s
  Person 370 on screen for 39.0s | zone=38.9s
  Person 375 on screen for 226.0s | zone=0.4s
  Person 383 on screen for 238.8s | zone=1.3s
  Person 393 on screen for 1.0s | zone=0.9s
  Person 396 on screen for 14.3s | zone=3.9s
  Person 397 on screen for 19.2s | zone=19.1s
  Person 402 on screen for 42.4s | zone=0.0s
  Person 404 on screen for 124.5s | zone=102.2s
  Person 412 on screen for 81.4s | zone=9.5s
  Person 425 on screen for 2306.1s | zone=2137.1s
  Person 426 on screen for 479.9s | zone=479.8s
  Person 434 on screen for 2184.1s | zone=400.8s
  Person 435 on screen for 14.3s | zone=14.2s
  Person 436 on screen for 4.1s | zone=4.0s
  Person 437 on screen for 0.3s | zone=0.2s
  Person 456 on screen for 13.0s | zone=2.3s
  Person 465 on screen for 2871.1s | zone=157.4s
  Person 469 on screen for 2830.1s | zone=93.4s
  Person 474 on screen for 5.9s | zone=5.8s
  Person 475 on screen for 1.0s | zone=0.9s
  Person 489 on screen for 21.8s | zone=10.8s
  Person 492 on screen for 274.2s | zone=242.8s
Person-ID memory saved: C:\Users\vioyq\Desktop\Coach_Tracker\coach-tracker-demo\coach-store\person-ID\coach5\0320.json
CSV written: C:\Users\vioyq\Desktop\Coach_Tracker\coach-tracker-demo\coach-store\CSV-state\coach5\0320-coach5-20260324-183723.csv
--- end report ---

[Progress] 11/11 (100.0%) | elapsed 13483.6s | ETA     0.0s

=== Running: Coach-5-hour-11-20260320200003.mp4 ===
