# date=3-20
# cmd: C:\Users\vioyq\Desktop\Coach_Tracker\coach-tracker-demo\venv\Scripts\python.exe -u C:\Users\vioyq\Desktop\Coach_Tracker\coach-tracker-demo\video-script\coach-date-camera-id-runner.py --date 3-20 --camera coach-2 --video-root C:\Users\vioyq\Desktop\Coach_Tracker\_Coach_Video --drive-mount-root /content/drive --no-viewer
# cwd: C:\Users\vioyq\Desktop\Coach_Tracker\coach-tracker-demo

Combined CSV output: C:\Users\vioyq\Desktop\Coach_Tracker\coach-tracker-demo\coach-store\CSV-state\coach2\0320-coach2-20260324-133910.csv
Found 11 video(s) in C:\Users\vioyq\Desktop\Coach_Tracker\_Coach_Video\3-20\Coach-2
001. Coach-2-hour-1-20260320100457.mp4
002. Coach-2-hour-2-20260320110457.mp4
003. Coach-2-hour-3-20260320120457.mp4
004. Coach-2-hour-4-20260320130457.mp4
005. Coach-2-hour-5-20260320140457.mp4
006. Coach-2-hour-6-20260320150457.mp4
007. Coach-2-hour-7-20260320160457.mp4
008. Coach-2-hour-8-20260320170457.mp4
009. Coach-2-hour-9-20260320180457.mp4
010. Coach-2-hour-10-20260320190501.mp4
011. Coach-2-hour-11-20260320200501.mp4

[Progress] 1/11 (  9.1%) | elapsed     0.0s | ETA     0.0s

=== Running: Coach-2-hour-1-20260320100457.mp4 ===
Person-ID memory: loaded 0 IDs from C:\Users\vioyq\Desktop\Coach_Tracker\coach-tracker-demo\coach-store\person-ID\coach2\0320.json
[coach2] C:\Users\vioyq\Desktop\Coach_Tracker\_Coach_Video\3-20\Coach-2\Coach-2-hour-1-20260320100457.mp4 (36000 frames @ 10.0 fps). (headless)
Config: yaml=coach2.yaml zone=C:\Users\vioyq\Desktop\Coach_Tracker\coach-tracker-demo\coach-store\zone\coach2.json
Output CSV: C:\Users\vioyq\Desktop\Coach_Tracker\coach-tracker-demo\coach-store\CSV-state\coach2\0320-coach2-20260324-133910.csv

--- Report ---
Time spent processing: 1535.7s
Time on screen per person:
  Person 0 on screen for 104.7s | zone=0.0s
  Person 1 on screen for 1658.0s | zone=2.6s
  Person 2 on screen for 2857.2s | zone=8.6s
  Person 3 on screen for 1616.7s | zone=0.0s
  Person 4 on screen for 0.1s | zone=0.0s
  Person 5 on screen for 0.9s | zone=0.0s
  Person 6 on screen for 2547.9s | zone=2505.0s
  Person 7 on screen for 3573.9s | zone=49.5s
  Person 13 on screen for 1538.5s | zone=11.0s
  Person 15 on screen for 3396.3s | zone=0.1s
  Person 18 on screen for 3.1s | zone=0.0s
  Person 21 on screen for 3350.7s | zone=1.8s
  Person 23 on screen for 850.2s | zone=1.2s
  Person 24 on screen for 2465.1s | zone=106.3s
  Person 27 on screen for 3403.8s | zone=0.0s
  Person 31 on screen for 3263.4s | zone=0.1s
  Person 35 on screen for 3367.8s | zone=59.8s
  Person 38 on screen for 3340.6s | zone=30.4s
  Person 40 on screen for 3133.9s | zone=0.9s
  Person 48 on screen for 2761.0s | zone=0.2s
  Person 52 on screen for 2921.2s | zone=0.0s
  Person 54 on screen for 3330.0s | zone=0.0s
  Person 56 on screen for 3297.9s | zone=1599.8s
  Person 61 on screen for 2815.6s | zone=1.4s
  Person 62 on screen for 3048.3s | zone=207.0s
  Person 68 on screen for 2864.6s | zone=10.4s
  Person 69 on screen for 2222.8s | zone=1.8s
  Person 70 on screen for 0.1s | zone=0.0s
  Person 71 on screen for 0.2s | zone=0.0s
  Person 83 on screen for 176.9s | zone=21.5s
  Person 84 on screen for 2653.5s | zone=0.2s
  Person 86 on screen for 2665.1s | zone=302.9s
  Person 88 on screen for 1185.3s | zone=0.4s
  Person 91 on screen for 0.5s | zone=0.0s
  Person 103 on screen for 2259.1s | zone=0.6s
  Person 117 on screen for 2256.8s | zone=2.8s
  Person 121 on screen for 1959.3s | zone=3.3s
  Person 122 on screen for 2548.6s | zone=1613.4s
  Person 128 on screen for 235.3s | zone=0.0s
  Person 131 on screen for 2101.0s | zone=1.3s
  Person 134 on screen for 2315.6s | zone=866.7s
  Person 135 on screen for 1.3s | zone=0.0s
  Person 138 on screen for 1950.7s | zone=429.5s
  Person 140 on screen for 1671.0s | zone=0.0s
  Person 143 on screen for 1.0s | zone=0.0s
  Person 150 on screen for 707.1s | zone=1.6s
  Person 154 on screen for 1255.7s | zone=0.0s
  Person 156 on screen for 2185.9s | zone=7.9s
  Person 161 on screen for 1.1s | zone=0.0s
  Person 162 on screen for 2018.7s | zone=684.6s
  Person 177 on screen for 935.1s | zone=0.1s
  Person 181 on screen for 2075.5s | zone=76.9s
  Person 183 on screen for 1865.0s | zone=929.7s
  Person 186 on screen for 1022.6s | zone=0.1s
  Person 208 on screen for 1425.1s | zone=241.3s
  Person 214 on screen for 724.9s | zone=6.2s
  Person 220 on screen for 1696.0s | zone=42.1s
  Person 222 on screen for 1358.5s | zone=670.9s
  Person 231 on screen for 1233.4s | zone=0.0s
  Person 237 on screen for 1054.5s | zone=0.1s
  Person 250 on screen for 1529.8s | zone=0.0s
  Person 257 on screen for 1472.5s | zone=1458.0s
  Person 263 on screen for 1567.7s | zone=0.0s
  Person 270 on screen for 1594.9s | zone=1573.7s
  Person 279 on screen for 1394.4s | zone=0.1s
  Person 287 on screen for 1333.1s | zone=663.0s
  Person 297 on screen for 1080.6s | zone=167.1s
  Person 304 on screen for 1253.2s | zone=1238.2s
  Person 335 on screen for 1066.2s | zone=1051.1s
  Person 342 on screen for 0.1s | zone=0.0s
  Person 345 on screen for 1323.3s | zone=0.0s
  Person 358 on screen for 971.3s | zone=0.1s
  Person 367 on screen for 451.6s | zone=451.5s
  Person 377 on screen for 329.6s | zone=0.0s
  Person 379 on screen for 1094.0s | zone=0.0s
  Person 385 on screen for 933.1s | zone=1.8s
  Person 401 on screen for 25.4s | zone=0.0s
  Person 403 on screen for 1089.2s | zone=4.8s
  Person 416 on screen for 939.3s | zone=454.5s
  Person 417 on screen for 1046.3s | zone=0.0s
  Person 427 on screen for 2.9s | zone=0.0s
  Person 430 on screen for 17.6s | zone=0.0s
  Person 448 on screen for 7.4s | zone=0.7s
  Person 449 on screen for 786.9s | zone=0.1s
  Person 457 on screen for 768.1s | zone=1.4s
  Person 466 on screen for 974.8s | zone=398.7s
  Person 474 on screen for 834.6s | zone=0.3s
  Person 477 on screen for 422.4s | zone=0.8s
  Person 493 on screen for 161.9s | zone=1.0s
  Person 499 on screen for 1.2s | zone=0.0s
  Person 508 on screen for 2.0s | zone=0.0s
  Person 509 on screen for 29.7s | zone=0.0s
  Person 513 on screen for 18.9s | zone=0.4s
  Person 517 on screen for 624.7s | zone=18.5s
  Person 521 on screen for 306.7s | zone=0.0s
  Person 523 on screen for 20.3s | zone=0.0s
  Person 524 on screen for 826.7s | zone=0.0s
  Person 532 on screen for 274.5s | zone=0.0s
  Person 558 on screen for 9.5s | zone=0.0s
  Person 587 on screen for 551.3s | zone=147.7s
  Person 600 on screen for 1.3s | zone=0.0s
  Person 603 on screen for 0.6s | zone=0.0s
  Person 607 on screen for 352.5s | zone=335.8s
  Person 608 on screen for 466.2s | zone=1.3s
  Person 615 on screen for 366.2s | zone=0.0s
  Person 617 on screen for 73.8s | zone=0.0s
  Person 620 on screen for 50.4s | zone=0.7s
  Person 626 on screen for 37.6s | zone=1.7s
  Person 636 on screen for 1.0s | zone=0.0s
  Person 651 on screen for 512.4s | zone=0.0s
  Person 671 on screen for 3.3s | zone=3.3s
  Person 683 on screen for 0.1s | zone=0.0s
  Person 697 on screen for 395.3s | zone=182.8s
  Person 699 on screen for 3.7s | zone=0.0s
  Person 700 on screen for 398.6s | zone=0.0s
  Person 716 on screen for 2.7s | zone=0.0s
  Person 721 on screen for 32.5s | zone=0.0s
  Person 763 on screen for 50.8s | zone=0.0s
  Person 771 on screen for 15.7s | zone=3.7s
  Person 774 on screen for 208.8s | zone=74.5s
  Person 805 on screen for 37.1s | zone=0.1s
  Person 807 on screen for 16.8s | zone=4.0s
  Person 814 on screen for 1.0s | zone=0.0s
  Person 817 on screen for 27.1s | zone=0.0s
  Person 821 on screen for 92.5s | zone=0.4s
  Person 826 on screen for 11.1s | zone=0.0s
  Person 849 on screen for 1.3s | zone=0.0s
  Person 855 on screen for 20.6s | zone=0.2s
  Person 856 on screen for 55.0s | zone=7.0s
  Person 882 on screen for 4.4s | zone=0.0s
  Person 883 on screen for 3.2s | zone=0.0s
Person-ID memory saved: C:\Users\vioyq\Desktop\Coach_Tracker\coach-tracker-demo\coach-store\person-ID\coach2\0320.json
CSV written: C:\Users\vioyq\Desktop\Coach_Tracker\coach-tracker-demo\coach-store\CSV-state\coach2\0320-coach2-20260324-133910.csv
--- end report ---

[Progress] 2/11 ( 18.2%) | elapsed  1539.7s | ETA  6928.5s

=== Running: Coach-2-hour-2-20260320110457.mp4 ===
Person-ID memory: loaded 128 IDs from C:\Users\vioyq\Desktop\Coach_Tracker\coach-tracker-demo\coach-store\person-ID\coach2\0320.json
[coach2] C:\Users\vioyq\Desktop\Coach_Tracker\_Coach_Video\3-20\Coach-2\Coach-2-hour-2-20260320110457.mp4 (36000 frames @ 10.0 fps). (headless)
Config: yaml=coach2.yaml zone=C:\Users\vioyq\Desktop\Coach_Tracker\coach-tracker-demo\coach-store\zone\coach2.json
Output CSV: C:\Users\vioyq\Desktop\Coach_Tracker\coach-tracker-demo\coach-store\CSV-state\coach2\0320-coach2-20260324-133910.csv

--- Report ---
Time spent processing: 1652.2s
Time on screen per person:
  Person 3 on screen for 1.6s | zone=0.0s
  Person 5 on screen for 2544.3s | zone=0.0s
  Person 6 on screen for 2616.1s | zone=0.8s
  Person 7 on screen for 464.5s | zone=2.8s
  Person 13 on screen for 3555.4s | zone=2.1s
  Person 15 on screen for 3171.6s | zone=3145.2s
  Person 18 on screen for 1560.9s | zone=0.0s
  Person 21 on screen for 2317.3s | zone=204.3s
  Person 23 on screen for 3194.4s | zone=2.6s
  Person 24 on screen for 1371.2s | zone=0.6s
  Person 27 on screen for 2882.7s | zone=7.8s
  Person 29 on screen for 3375.0s | zone=0.0s
  Person 31 on screen for 1413.6s | zone=3.0s
  Person 34 on screen for 2018.8s | zone=2.1s
  Person 36 on screen for 3549.6s | zone=0.0s
  Person 38 on screen for 1176.7s | zone=407.8s
  Person 39 on screen for 3164.5s | zone=0.1s
  Person 40 on screen for 3491.7s | zone=415.2s
  Person 47 on screen for 3174.1s | zone=23.0s
  Person 48 on screen for 1596.4s | zone=0.2s
  Person 51 on screen for 2659.9s | zone=1.1s
  Person 52 on screen for 2740.2s | zone=0.0s
  Person 54 on screen for 3213.4s | zone=14.4s
  Person 56 on screen for 3258.8s | zone=0.3s
  Person 61 on screen for 849.6s | zone=0.1s
  Person 62 on screen for 2004.6s | zone=12.0s
  Person 68 on screen for 1924.4s | zone=0.0s
  Person 69 on screen for 2943.8s | zone=33.3s
  Person 73 on screen for 3365.9s | zone=0.0s
  Person 74 on screen for 440.2s | zone=332.8s
  Person 84 on screen for 453.9s | zone=0.0s
  Person 86 on screen for 1186.5s | zone=0.9s
  Person 88 on screen for 2584.6s | zone=30.1s
  Person 103 on screen for 2539.8s | zone=6.5s
  Person 117 on screen for 3009.2s | zone=0.0s
  Person 121 on screen for 3291.2s | zone=5.8s
  Person 122 on screen for 2942.8s | zone=3.0s
  Person 128 on screen for 331.3s | zone=330.0s
  Person 131 on screen for 2276.5s | zone=718.9s
  Person 132 on screen for 3083.8s | zone=5.9s
  Person 134 on screen for 2939.4s | zone=0.5s
  Person 138 on screen for 3364.3s | zone=0.2s
  Person 140 on screen for 2925.7s | zone=20.4s
  Person 141 on screen for 2562.6s | zone=1439.6s
  Person 154 on screen for 26.1s | zone=5.9s
  Person 156 on screen for 2759.8s | zone=0.0s
  Person 162 on screen for 2398.9s | zone=2.4s
  Person 177 on screen for 5.1s | zone=0.0s
  Person 181 on screen for 2269.4s | zone=0.0s
  Person 183 on screen for 3130.5s | zone=2120.3s
  Person 192 on screen for 2661.4s | zone=3.2s
  Person 208 on screen for 2386.0s | zone=0.9s
  Person 211 on screen for 35.6s | zone=4.6s
  Person 214 on screen for 1998.2s | zone=2.9s
  Person 217 on screen for 1947.4s | zone=1.9s
  Person 218 on screen for 2977.7s | zone=0.8s
  Person 220 on screen for 3042.0s | zone=8.6s
  Person 222 on screen for 2404.3s | zone=2400.0s
  Person 231 on screen for 2434.3s | zone=4.5s
  Person 237 on screen for 478.8s | zone=4.6s
  Person 239 on screen for 3061.2s | zone=0.0s
  Person 250 on screen for 3057.1s | zone=35.8s
  Person 257 on screen for 1924.7s | zone=0.7s
  Person 263 on screen for 869.4s | zone=116.2s
  Person 270 on screen for 3131.6s | zone=2864.3s
  Person 275 on screen for 2944.1s | zone=0.0s
  Person 279 on screen for 603.2s | zone=0.0s
  Person 284 on screen for 2274.9s | zone=0.0s
  Person 287 on screen for 3094.3s | zone=0.0s
  Person 293 on screen for 125.3s | zone=0.0s
  Person 297 on screen for 77.5s | zone=57.7s
  Person 300 on screen for 3034.4s | zone=1494.4s
  Person 304 on screen for 521.0s | zone=3.6s
  Person 306 on screen for 2999.4s | zone=2.3s
  Person 313 on screen for 2260.4s | zone=1824.8s
  Person 315 on screen for 502.8s | zone=0.0s
  Person 335 on screen for 2073.5s | zone=14.0s
  Person 345 on screen for 3206.3s | zone=143.5s
  Person 358 on screen for 2836.3s | zone=2.5s
  Person 361 on screen for 2850.3s | zone=897.0s
  Person 367 on screen for 1085.1s | zone=3.8s
  Person 373 on screen for 2229.2s | zone=595.0s
  Person 377 on screen for 3498.0s | zone=6.8s
  Person 378 on screen for 0.9s | zone=0.0s
  Person 379 on screen for 2101.2s | zone=0.0s
  Person 385 on screen for 224.1s | zone=0.0s
  Person 397 on screen for 2512.3s | zone=0.2s
  Person 401 on screen for 649.4s | zone=89.3s
  Person 403 on screen for 1374.4s | zone=1331.5s
  Person 404 on screen for 1170.9s | zone=22.6s
  Person 410 on screen for 1040.1s | zone=0.0s
  Person 411 on screen for 2486.2s | zone=0.3s
  Person 416 on screen for 3374.0s | zone=741.7s
  Person 417 on screen for 3193.7s | zone=0.1s
  Person 423 on screen for 7.4s | zone=0.0s
  Person 427 on screen for 2793.1s | zone=510.5s
  Person 430 on screen for 3235.8s | zone=0.0s
  Person 448 on screen for 64.7s | zone=0.2s
  Person 449 on screen for 3223.1s | zone=0.1s
  Person 450 on screen for 2375.5s | zone=0.0s
  Person 455 on screen for 2564.8s | zone=0.3s
  Person 457 on screen for 1382.5s | zone=217.1s
  Person 466 on screen for 3335.8s | zone=257.0s
  Person 474 on screen for 795.9s | zone=4.0s
  Person 477 on screen for 1378.3s | zone=0.4s
  Person 493 on screen for 3253.7s | zone=0.0s
  Person 496 on screen for 0.1s | zone=0.0s
  Person 507 on screen for 2280.3s | zone=2.2s
  Person 509 on screen for 2399.3s | zone=8.1s
  Person 513 on screen for 1131.3s | zone=788.8s
  Person 517 on screen for 2445.5s | zone=0.6s
  Person 521 on screen for 3101.5s | zone=2374.1s
  Person 523 on screen for 2141.3s | zone=47.2s
  Person 524 on screen for 3549.0s | zone=0.6s
  Person 532 on screen for 2894.0s | zone=0.1s
  Person 538 on screen for 1.2s | zone=0.0s
  Person 558 on screen for 1.6s | zone=0.0s
  Person 587 on screen for 3191.4s | zone=3096.3s
  Person 598 on screen for 0.1s | zone=0.0s
  Person 600 on screen for 1192.5s | zone=0.7s
  Person 603 on screen for 2149.6s | zone=1.0s
  Person 607 on screen for 921.1s | zone=3.0s
  Person 608 on screen for 2993.5s | zone=0.6s
  Person 615 on screen for 1513.1s | zone=11.0s
  Person 617 on screen for 2923.6s | zone=311.9s
  Person 620 on screen for 3110.7s | zone=617.6s
  Person 621 on screen for 3.3s | zone=0.0s
  Person 622 on screen for 676.5s | zone=0.0s
  Person 626 on screen for 3360.9s | zone=1.7s
  Person 651 on screen for 3270.2s | zone=1772.7s
  Person 654 on screen for 1527.7s | zone=0.0s
  Person 669 on screen for 1554.3s | zone=0.0s
  Person 671 on screen for 711.5s | zone=0.1s
  Person 697 on screen for 1216.7s | zone=0.0s
  Person 699 on screen for 988.0s | zone=0.0s
  Person 700 on screen for 3316.3s | zone=0.1s
  Person 714 on screen for 1196.8s | zone=317.2s
  Person 715 on screen for 1752.4s | zone=0.0s
  Person 716 on screen for 1997.2s | zone=0.2s
  Person 719 on screen for 2.8s | zone=0.3s
  Person 721 on screen for 1606.2s | zone=0.2s
  Person 724 on screen for 0.8s | zone=0.2s
  Person 732 on screen for 1690.7s | zone=0.4s
  Person 733 on screen for 569.2s | zone=0.0s
  Person 742 on screen for 1743.1s | zone=8.8s
  Person 746 on screen for 1636.6s | zone=142.3s
  Person 753 on screen for 1120.0s | zone=2.5s
  Person 763 on screen for 26.8s | zone=1746.4s
  Person 771 on screen for 3077.3s | zone=0.0s
  Person 774 on screen for 3427.8s | zone=1443.6s
  Person 782 on screen for 0.1s | zone=0.0s
  Person 790 on screen for 206.3s | zone=2.6s
  Person 805 on screen for 2264.4s | zone=4.2s
  Person 807 on screen for 2965.8s | zone=0.0s
  Person 810 on screen for 1081.3s | zone=0.0s
  Person 821 on screen for 1167.3s | zone=4.7s
  Person 826 on screen for 1318.1s | zone=0.0s
  Person 828 on screen for 22.1s | zone=0.0s
  Person 829 on screen for 567.6s | zone=0.0s
  Person 840 on screen for 1370.8s | zone=608.0s
  Person 844 on screen for 1021.5s | zone=0.0s
  Person 849 on screen for 3232.0s | zone=2863.0s
  Person 855 on screen for 3571.3s | zone=4.4s
  Person 856 on screen for 413.9s | zone=1.2s
  Person 858 on screen for 1040.9s | zone=607.0s
  Person 863 on screen for 29.8s | zone=8.3s
  Person 866 on screen for 1249.1s | zone=1.8s
  Person 868 on screen for 2.7s | zone=0.0s
  Person 870 on screen for 81.9s | zone=0.0s
  Person 874 on screen for 722.9s | zone=4.0s
  Person 878 on screen for 1138.6s | zone=306.1s
  Person 880 on screen for 1194.6s | zone=0.0s
  Person 882 on screen for 1894.0s | zone=0.1s
  Person 883 on screen for 2099.0s | zone=0.0s
  Person 884 on screen for 1309.7s | zone=0.2s
  Person 919 on screen for 28.1s | zone=16.0s
  Person 921 on screen for 1184.4s | zone=0.1s
  Person 941 on screen for 273.1s | zone=145.6s
  Person 979 on screen for 1360.1s | zone=0.5s
  Person 983 on screen for 0.2s | zone=0.0s
  Person 990 on screen for 968.7s | zone=604.0s
  Person 1024 on screen for 6.9s | zone=0.0s
  Person 1068 on screen for 542.4s | zone=2.9s
  Person 1123 on screen for 1001.9s | zone=256.8s
  Person 1141 on screen for 931.2s | zone=22.3s
  Person 1155 on screen for 0.2s | zone=0.0s
  Person 1173 on screen for 414.2s | zone=1.4s
  Person 1198 on screen for 701.9s | zone=0.0s
  Person 1199 on screen for 635.8s | zone=0.2s
  Person 1309 on screen for 336.9s | zone=0.0s
  Person 1349 on screen for 138.3s | zone=0.0s
  Person 1371 on screen for 131.9s | zone=0.0s
  Person 1373 on screen for 1.5s | zone=0.0s
  Person 1381 on screen for 179.9s | zone=0.0s
  Person 1394 on screen for 5.7s | zone=0.0s
  Person 1397 on screen for 33.7s | zone=9.9s
  Person 1409 on screen for 0.4s | zone=0.0s
  Person 1419 on screen for 244.0s | zone=1.1s
  Person 1431 on screen for 115.2s | zone=0.0s
  Person 1434 on screen for 33.7s | zone=0.0s
  Person 1438 on screen for 0.4s | zone=0.0s
  Person 1455 on screen for 0.2s | zone=0.0s
  Person 1499 on screen for 2.4s | zone=0.0s
  Person 1500 on screen for 120.1s | zone=3.2s
Person-ID memory saved: C:\Users\vioyq\Desktop\Coach_Tracker\coach-tracker-demo\coach-store\person-ID\coach2\0320.json
CSV written: C:\Users\vioyq\Desktop\Coach_Tracker\coach-tracker-demo\coach-store\CSV-state\coach2\0320-coach2-20260324-133910.csv
--- end report ---

[Progress] 3/11 ( 27.3%) | elapsed  3195.7s | ETA  8521.8s

=== Running: Coach-2-hour-3-20260320120457.mp4 ===
Person-ID memory: loaded 223 IDs from C:\Users\vioyq\Desktop\Coach_Tracker\coach-tracker-demo\coach-store\person-ID\coach2\0320.json
[coach2] C:\Users\vioyq\Desktop\Coach_Tracker\_Coach_Video\3-20\Coach-2\Coach-2-hour-3-20260320120457.mp4 (36000 frames @ 10.0 fps). (headless)
Config: yaml=coach2.yaml zone=C:\Users\vioyq\Desktop\Coach_Tracker\coach-tracker-demo\coach-store\zone\coach2.json
Output CSV: C:\Users\vioyq\Desktop\Coach_Tracker\coach-tracker-demo\coach-store\CSV-state\coach2\0320-coach2-20260324-133910.csv

--- Report ---
Time spent processing: 1666.0s
Time on screen per person:
  Person 3 on screen for 2659.1s | zone=2534.2s
  Person 5 on screen for 3106.0s | zone=8.3s
  Person 6 on screen for 2755.2s | zone=2579.8s
  Person 7 on screen for 2335.0s | zone=93.2s
  Person 13 on screen for 2928.8s | zone=0.0s
  Person 15 on screen for 3065.8s | zone=0.5s
  Person 18 on screen for 3311.5s | zone=0.8s
  Person 21 on screen for 1643.9s | zone=536.6s
  Person 23 on screen for 897.5s | zone=0.1s
  Person 24 on screen for 2116.9s | zone=0.4s
  Person 27 on screen for 2310.1s | zone=50.0s
  Person 29 on screen for 3358.9s | zone=0.0s
  Person 31 on screen for 230.9s | zone=0.0s
  Person 34 on screen for 949.7s | zone=34.3s
  Person 36 on screen for 2905.3s | zone=46.2s
  Person 38 on screen for 3296.3s | zone=2076.6s
  Person 40 on screen for 1565.3s | zone=0.0s
  Person 47 on screen for 1026.1s | zone=0.0s
  Person 48 on screen for 2861.7s | zone=0.9s
  Person 51 on screen for 1198.6s | zone=683.1s
  Person 52 on screen for 2359.1s | zone=1013.6s
  Person 54 on screen for 1343.7s | zone=1041.7s
  Person 56 on screen for 3517.4s | zone=0.0s
  Person 61 on screen for 1750.8s | zone=3.8s
  Person 62 on screen for 345.8s | zone=26.5s
  Person 68 on screen for 37.8s | zone=0.6s
  Person 69 on screen for 2038.4s | zone=13.9s
  Person 86 on screen for 1982.6s | zone=1537.3s
  Person 88 on screen for 332.5s | zone=0.0s
  Person 91 on screen for 1317.8s | zone=0.7s
  Person 96 on screen for 1.4s | zone=0.0s
  Person 103 on screen for 2344.6s | zone=0.0s
  Person 113 on screen for 2.4s | zone=0.0s
  Person 116 on screen for 2.7s | zone=0.0s
  Person 117 on screen for 2959.8s | zone=0.0s
  Person 121 on screen for 2968.6s | zone=9.2s
  Person 128 on screen for 2040.3s | zone=1.2s
  Person 131 on screen for 1369.3s | zone=20.7s
  Person 132 on screen for 2904.4s | zone=1.9s
  Person 134 on screen for 34.4s | zone=0.7s
  Person 138 on screen for 1501.3s | zone=0.0s
  Person 141 on screen for 44.4s | zone=0.0s
  Person 142 on screen for 2685.5s | zone=24.2s
  Person 154 on screen for 1397.8s | zone=459.9s
  Person 156 on screen for 2024.8s | zone=2.1s
  Person 162 on screen for 3291.1s | zone=1.6s
  Person 174 on screen for 22.7s | zone=0.0s
  Person 177 on screen for 35.3s | zone=0.0s
  Person 181 on screen for 2663.8s | zone=1.5s
  Person 183 on screen for 3140.8s | zone=0.0s
  Person 186 on screen for 8.8s | zone=7.3s
  Person 208 on screen for 1599.5s | zone=994.3s
  Person 214 on screen for 2969.1s | zone=1487.6s
  Person 218 on screen for 2676.3s | zone=2305.9s
  Person 220 on screen for 623.5s | zone=0.0s
  Person 222 on screen for 3081.2s | zone=0.4s
  Person 231 on screen for 1997.4s | zone=0.0s
  Person 237 on screen for 1045.4s | zone=45.4s
  Person 250 on screen for 2748.8s | zone=2047.5s
  Person 255 on screen for 3014.8s | zone=145.4s
  Person 257 on screen for 5.4s | zone=0.2s
  Person 270 on screen for 1667.9s | zone=0.3s
  Person 275 on screen for 2923.5s | zone=909.3s
  Person 279 on screen for 2174.2s | zone=246.8s
  Person 284 on screen for 2593.1s | zone=0.5s
  Person 287 on screen for 2708.9s | zone=304.1s
  Person 297 on screen for 1045.8s | zone=775.4s
  Person 300 on screen for 2839.1s | zone=49.8s
  Person 304 on screen for 2878.2s | zone=4.3s
  Person 306 on screen for 2512.6s | zone=1635.1s
  Person 313 on screen for 1499.6s | zone=4.3s
  Person 316 on screen for 2562.8s | zone=0.8s
  Person 335 on screen for 17.4s | zone=2.2s
  Person 345 on screen for 2771.1s | zone=0.0s
  Person 352 on screen for 0.3s | zone=0.0s
  Person 353 on screen for 507.6s | zone=0.0s
  Person 357 on screen for 0.2s | zone=0.0s
  Person 358 on screen for 1.5s | zone=0.0s
  Person 361 on screen for 652.7s | zone=0.0s
  Person 363 on screen for 1525.8s | zone=0.0s
  Person 373 on screen for 782.6s | zone=4.7s
  Person 377 on screen for 3284.4s | zone=3.0s
  Person 378 on screen for 1459.9s | zone=5.5s
  Person 379 on screen for 72.3s | zone=543.2s
  Person 385 on screen for 2406.2s | zone=11.8s
  Person 397 on screen for 3220.8s | zone=0.1s
  Person 401 on screen for 1828.1s | zone=4.2s
  Person 404 on screen for 1516.0s | zone=1374.1s
  Person 410 on screen for 1328.9s | zone=1156.6s
  Person 411 on screen for 2393.0s | zone=42.9s
  Person 416 on screen for 1702.5s | zone=0.1s
  Person 417 on screen for 2580.6s | zone=7.3s
  Person 423 on screen for 2.2s | zone=0.0s
  Person 424 on screen for 0.2s | zone=0.0s
  Person 427 on screen for 2327.2s | zone=2.8s
  Person 428 on screen for 56.8s | zone=46.9s
  Person 430 on screen for 2341.8s | zone=1.6s
  Person 448 on screen for 2980.3s | zone=863.2s
  Person 449 on screen for 2249.0s | zone=23.8s
  Person 450 on screen for 2691.9s | zone=0.7s
  Person 455 on screen for 2812.6s | zone=27.5s
  Person 457 on screen for 111.9s | zone=3.6s
  Person 460 on screen for 2499.2s | zone=5.5s
  Person 466 on screen for 3188.6s | zone=0.6s
  Person 474 on screen for 3133.0s | zone=32.7s
  Person 477 on screen for 3.1s | zone=0.0s
  Person 507 on screen for 3195.2s | zone=0.6s
  Person 513 on screen for 3504.4s | zone=0.0s
  Person 516 on screen for 2232.3s | zone=0.7s
  Person 517 on screen for 749.9s | zone=0.0s
  Person 521 on screen for 2815.9s | zone=339.1s
  Person 523 on screen for 1348.5s | zone=0.0s
  Person 524 on screen for 3258.3s | zone=0.0s
  Person 532 on screen for 8.3s | zone=0.0s
  Person 546 on screen for 17.5s | zone=17.4s
  Person 558 on screen for 7.0s | zone=4.0s
  Person 559 on screen for 17.9s | zone=5.2s
  Person 569 on screen for 2258.9s | zone=0.0s
  Person 571 on screen for 1022.5s | zone=959.3s
  Person 587 on screen for 2673.6s | zone=5.0s
  Person 600 on screen for 2667.0s | zone=62.3s
  Person 601 on screen for 0.7s | zone=0.0s
  Person 603 on screen for 379.1s | zone=0.0s
  Person 607 on screen for 1228.9s | zone=0.0s
  Person 608 on screen for 3360.5s | zone=0.4s
  Person 615 on screen for 103.2s | zone=2.2s
  Person 617 on screen for 2537.3s | zone=1123.8s
  Person 619 on screen for 998.1s | zone=0.5s
  Person 620 on screen for 57.5s | zone=0.0s
  Person 622 on screen for 2305.6s | zone=0.0s
  Person 626 on screen for 2809.8s | zone=159.4s
  Person 632 on screen for 2184.3s | zone=0.7s
  Person 644 on screen for 0.6s | zone=0.0s
  Person 650 on screen for 2034.7s | zone=840.0s
  Person 651 on screen for 2780.7s | zone=0.0s
  Person 654 on screen for 304.8s | zone=3.2s
  Person 657 on screen for 2028.3s | zone=0.0s
  Person 669 on screen for 2519.2s | zone=0.1s
  Person 671 on screen for 3560.0s | zone=0.1s
  Person 674 on screen for 24.1s | zone=0.0s
  Person 697 on screen for 1021.9s | zone=0.1s
  Person 700 on screen for 2802.8s | zone=1109.9s
  Person 715 on screen for 2295.7s | zone=0.0s
  Person 716 on screen for 31.0s | zone=0.0s
  Person 719 on screen for 605.5s | zone=4.1s
  Person 721 on screen for 1510.0s | zone=4.3s
  Person 724 on screen for 700.1s | zone=18.6s
  Person 732 on screen for 2365.4s | zone=4.3s
  Person 733 on screen for 2254.2s | zone=0.1s
  Person 742 on screen for 1430.7s | zone=5.3s
  Person 746 on screen for 2022.4s | zone=1.7s
  Person 753 on screen for 52.8s | zone=0.0s
  Person 763 on screen for 2772.8s | zone=0.0s
  Person 767 on screen for 457.3s | zone=11.7s
  Person 769 on screen for 1191.0s | zone=0.1s
  Person 770 on screen for 0.1s | zone=0.0s
  Person 772 on screen for 1451.1s | zone=1348.0s
  Person 774 on screen for 3427.0s | zone=1.1s
  Person 775 on screen for 1729.8s | zone=2.1s
  Person 781 on screen for 1291.8s | zone=0.0s
  Person 790 on screen for 646.4s | zone=0.8s
  Person 791 on screen for 1592.7s | zone=0.0s
  Person 807 on screen for 837.8s | zone=0.0s
  Person 810 on screen for 49.5s | zone=0.2s
  Person 814 on screen for 3074.3s | zone=48.4s
  Person 822 on screen for 0.1s | zone=0.0s
  Person 826 on screen for 22.4s | zone=0.0s
  Person 828 on screen for 610.1s | zone=21.1s
  Person 829 on screen for 2073.2s | zone=4.9s
  Person 840 on screen for 868.3s | zone=0.6s
  Person 844 on screen for 0.5s | zone=0.0s
  Person 846 on screen for 1060.1s | zone=0.0s
  Person 855 on screen for 102.1s | zone=85.4s
  Person 856 on screen for 1379.9s | zone=0.0s
  Person 858 on screen for 1903.7s | zone=0.0s
  Person 862 on screen for 1019.2s | zone=2.1s
  Person 863 on screen for 2205.2s | zone=260.1s
  Person 866 on screen for 701.0s | zone=0.0s
  Person 874 on screen for 1.9s | zone=0.0s
  Person 878 on screen for 1358.1s | zone=1.2s
  Person 880 on screen for 245.7s | zone=0.1s
  Person 882 on screen for 2444.6s | zone=241.8s
  Person 883 on screen for 946.8s | zone=0.0s
  Person 884 on screen for 1158.5s | zone=0.0s
  Person 891 on screen for 1210.2s | zone=0.1s
  Person 919 on screen for 3182.2s | zone=2687.6s
  Person 921 on screen for 324.0s | zone=0.0s
  Person 941 on screen for 121.0s | zone=1.8s
  Person 944 on screen for 9.3s | zone=0.0s
  Person 951 on screen for 8.7s | zone=0.0s
  Person 978 on screen for 6.4s | zone=0.0s
  Person 979 on screen for 2223.5s | zone=1057.6s
  Person 983 on screen for 2034.9s | zone=0.0s
  Person 989 on screen for 999.7s | zone=1.5s
  Person 990 on screen for 3386.6s | zone=0.0s
  Person 1008 on screen for 187.3s | zone=0.2s
  Person 1044 on screen for 1127.5s | zone=0.1s
  Person 1045 on screen for 0.2s | zone=0.0s
  Person 1057 on screen for 464.6s | zone=416.1s
  Person 1063 on screen for 15.1s | zone=0.5s
  Person 1068 on screen for 2981.3s | zone=0.0s
  Person 1070 on screen for 643.8s | zone=0.0s
  Person 1083 on screen for 2.7s | zone=0.0s
  Person 1115 on screen for 2.3s | zone=0.0s
  Person 1123 on screen for 3521.5s | zone=151.5s
  Person 1130 on screen for 556.4s | zone=4.2s
  Person 1134 on screen for 76.6s | zone=0.0s
  Person 1141 on screen for 2205.5s | zone=40.6s
  Person 1152 on screen for 268.1s | zone=17.7s
  Person 1154 on screen for 899.7s | zone=876.8s
  Person 1160 on screen for 127.7s | zone=0.4s
  Person 1161 on screen for 6.5s | zone=0.0s
  Person 1173 on screen for 2215.7s | zone=19.6s
  Person 1192 on screen for 69.8s | zone=0.1s
  Person 1198 on screen for 1006.0s | zone=0.0s
  Person 1199 on screen for 1959.7s | zone=144.8s
  Person 1230 on screen for 39.2s | zone=0.0s
  Person 1234 on screen for 286.0s | zone=0.0s
  Person 1246 on screen for 0.1s | zone=1.2s
  Person 1261 on screen for 5.1s | zone=0.0s
  Person 1270 on screen for 1.3s | zone=0.0s
  Person 1284 on screen for 233.3s | zone=0.0s
  Person 1285 on screen for 0.1s | zone=0.0s
  Person 1291 on screen for 2.7s | zone=2.6s
  Person 1295 on screen for 204.8s | zone=0.4s
  Person 1349 on screen for 3092.5s | zone=0.0s
  Person 1368 on screen for 0.1s | zone=0.0s
  Person 1371 on screen for 2819.6s | zone=2014.8s
  Person 1374 on screen for 5.8s | zone=0.0s
  Person 1381 on screen for 3277.4s | zone=0.4s
  Person 1394 on screen for 1102.1s | zone=1.1s
  Person 1397 on screen for 632.5s | zone=0.0s
  Person 1402 on screen for 6.5s | zone=0.0s
  Person 1419 on screen for 2590.0s | zone=2665.9s
  Person 1426 on screen for 45.0s | zone=0.0s
  Person 1431 on screen for 3325.6s | zone=9.6s
  Person 1434 on screen for 1304.3s | zone=19.9s
  Person 1438 on screen for 3071.0s | zone=0.1s
  Person 1441 on screen for 6.4s | zone=0.0s
  Person 1457 on screen for 198.1s | zone=0.0s
  Person 1480 on screen for 6.7s | zone=0.0s
  Person 1499 on screen for 266.2s | zone=2.9s
  Person 1500 on screen for 1385.2s | zone=0.6s
  Person 1509 on screen for 64.3s | zone=10.5s
  Person 1538 on screen for 0.2s | zone=0.0s
  Person 1540 on screen for 50.1s | zone=0.0s
  Person 1546 on screen for 2.4s | zone=0.0s
  Person 1551 on screen for 10.5s | zone=6.1s
  Person 1553 on screen for 15.9s | zone=0.0s
Person-ID memory saved: C:\Users\vioyq\Desktop\Coach_Tracker\coach-tracker-demo\coach-store\person-ID\coach2\0320.json
CSV written: C:\Users\vioyq\Desktop\Coach_Tracker\coach-tracker-demo\coach-store\CSV-state\coach2\0320-coach2-20260324-133910.csv
--- end report ---

[Progress] 4/11 ( 36.4%) | elapsed  4865.7s | ETA  8514.9s

=== Running: Coach-2-hour-4-20260320130457.mp4 ===
Person-ID memory: loaded 301 IDs from C:\Users\vioyq\Desktop\Coach_Tracker\coach-tracker-demo\coach-store\person-ID\coach2\0320.json
[coach2] C:\Users\vioyq\Desktop\Coach_Tracker\_Coach_Video\3-20\Coach-2\Coach-2-hour-4-20260320130457.mp4 (36000 frames @ 10.0 fps). (headless)
Config: yaml=coach2.yaml zone=C:\Users\vioyq\Desktop\Coach_Tracker\coach-tracker-demo\coach-store\zone\coach2.json
Output CSV: C:\Users\vioyq\Desktop\Coach_Tracker\coach-tracker-demo\coach-store\CSV-state\coach2\0320-coach2-20260324-133910.csv

--- Report ---
Time spent processing: 1698.5s
Time on screen per person:
  Person 2 on screen for 2206.8s | zone=1.2s
  Person 3 on screen for 2727.7s | zone=1899.0s
  Person 5 on screen for 63.9s | zone=0.0s
  Person 6 on screen for 432.9s | zone=0.0s
  Person 7 on screen for 3480.1s | zone=0.4s
  Person 13 on screen for 3517.3s | zone=7.5s
  Person 15 on screen for 2834.2s | zone=52.6s
  Person 16 on screen for 2023.7s | zone=0.0s
  Person 20 on screen for 2927.8s | zone=98.0s
  Person 21 on screen for 1107.4s | zone=0.0s
  Person 23 on screen for 3060.4s | zone=2457.4s
  Person 24 on screen for 2878.9s | zone=10.2s
  Person 27 on screen for 3152.1s | zone=16.2s
  Person 29 on screen for 3382.8s | zone=0.0s
  Person 31 on screen for 1899.3s | zone=6.4s
  Person 35 on screen for 2657.1s | zone=8.0s
  Person 38 on screen for 2799.5s | zone=2.0s
  Person 39 on screen for 2783.0s | zone=0.0s
  Person 40 on screen for 2951.3s | zone=1072.3s
  Person 47 on screen for 1800.9s | zone=0.4s
  Person 48 on screen for 1270.9s | zone=0.9s
  Person 51 on screen for 1823.7s | zone=117.8s
  Person 52 on screen for 1367.2s | zone=43.4s
  Person 54 on screen for 13.1s | zone=0.0s
  Person 56 on screen for 2296.1s | zone=741.6s
  Person 61 on screen for 8.4s | zone=0.5s
  Person 62 on screen for 2525.2s | zone=7.8s
  Person 68 on screen for 1909.6s | zone=466.5s
  Person 69 on screen for 2943.2s | zone=0.2s
  Person 73 on screen for 0.3s | zone=0.0s
  Person 74 on screen for 4.9s | zone=0.0s
  Person 84 on screen for 1686.0s | zone=1396.1s
  Person 88 on screen for 3108.3s | zone=641.2s
  Person 91 on screen for 0.1s | zone=0.0s
  Person 103 on screen for 1268.3s | zone=1197.4s
  Person 117 on screen for 2018.9s | zone=0.0s
  Person 127 on screen for 1169.9s | zone=0.0s
  Person 128 on screen for 996.7s | zone=1.6s
  Person 132 on screen for 2968.0s | zone=2220.7s
  Person 134 on screen for 37.3s | zone=8.7s
  Person 136 on screen for 2787.3s | zone=0.0s
  Person 138 on screen for 2823.6s | zone=0.2s
  Person 142 on screen for 3029.5s | zone=2.0s
  Person 150 on screen for 0.1s | zone=0.0s
  Person 154 on screen for 3195.4s | zone=0.0s
  Person 156 on screen for 11.8s | zone=1.0s
  Person 158 on screen for 31.9s | zone=5.3s
  Person 174 on screen for 22.7s | zone=19.2s
  Person 177 on screen for 2654.2s | zone=5.3s
  Person 181 on screen for 3011.9s | zone=0.0s
  Person 183 on screen for 2061.6s | zone=1193.0s
  Person 186 on screen for 81.1s | zone=0.2s
  Person 192 on screen for 2304.7s | zone=352.7s
  Person 208 on screen for 2771.4s | zone=0.0s
  Person 214 on screen for 2563.9s | zone=21.9s
  Person 218 on screen for 600.6s | zone=1180.0s
  Person 220 on screen for 1001.6s | zone=0.8s
  Person 222 on screen for 13.5s | zone=0.0s
  Person 237 on screen for 1125.9s | zone=2.2s
  Person 239 on screen for 1449.4s | zone=2.6s
  Person 250 on screen for 1739.1s | zone=0.0s
  Person 255 on screen for 2252.5s | zone=5.1s
  Person 257 on screen for 298.6s | zone=0.0s
  Person 263 on screen for 2216.5s | zone=1.3s
  Person 270 on screen for 2754.8s | zone=0.8s
  Person 275 on screen for 3419.5s | zone=1992.9s
  Person 279 on screen for 278.3s | zone=0.0s
  Person 284 on screen for 2630.8s | zone=1391.1s
  Person 287 on screen for 2136.1s | zone=0.0s
  Person 297 on screen for 656.4s | zone=1.1s
  Person 300 on screen for 1726.9s | zone=0.8s
  Person 304 on screen for 944.1s | zone=0.7s
  Person 306 on screen for 3242.2s | zone=0.0s
  Person 313 on screen for 999.8s | zone=2.4s
  Person 315 on screen for 934.8s | zone=0.0s
  Person 316 on screen for 2791.9s | zone=0.1s
  Person 335 on screen for 2675.9s | zone=0.0s
  Person 345 on screen for 1419.1s | zone=2.8s
  Person 358 on screen for 3038.6s | zone=2.0s
  Person 361 on screen for 7.2s | zone=0.3s
  Person 363 on screen for 3002.0s | zone=0.0s
  Person 373 on screen for 912.5s | zone=1.2s
  Person 377 on screen for 1109.8s | zone=86.1s
  Person 378 on screen for 953.7s | zone=1.0s
  Person 397 on screen for 995.0s | zone=0.0s
  Person 401 on screen for 39.5s | zone=13.3s
  Person 410 on screen for 2387.0s | zone=2301.3s
  Person 411 on screen for 2955.2s | zone=2.7s
  Person 416 on screen for 847.8s | zone=1.1s
  Person 417 on screen for 474.0s | zone=164.5s
  Person 423 on screen for 6.4s | zone=0.0s
  Person 427 on screen for 1674.5s | zone=0.0s
  Person 448 on screen for 913.8s | zone=4.2s
  Person 449 on screen for 36.5s | zone=0.5s
  Person 450 on screen for 2580.2s | zone=589.3s
  Person 455 on screen for 3258.6s | zone=1.1s
  Person 457 on screen for 102.0s | zone=0.0s
  Person 460 on screen for 2997.0s | zone=2981.8s
  Person 466 on screen for 3268.9s | zone=0.8s
  Person 474 on screen for 2433.9s | zone=1.3s
  Person 477 on screen for 2922.7s | zone=0.9s
  Person 490 on screen for 2250.4s | zone=0.1s
  Person 493 on screen for 0.6s | zone=0.9s
  Person 507 on screen for 3206.0s | zone=1.8s
  Person 513 on screen for 9.0s | zone=1.8s
  Person 516 on screen for 1822.0s | zone=1.2s
  Person 517 on screen for 3399.9s | zone=0.1s
  Person 521 on screen for 1814.5s | zone=1.7s
  Person 523 on screen for 2121.5s | zone=5.3s
  Person 524 on screen for 995.2s | zone=4.3s
  Person 527 on screen for 2.4s | zone=0.0s
  Person 532 on screen for 188.8s | zone=151.1s
  Person 538 on screen for 2745.9s | zone=2.4s
  Person 558 on screen for 2908.6s | zone=1.9s
  Person 559 on screen for 2662.4s | zone=2651.9s
  Person 562 on screen for 1555.8s | zone=27.1s
  Person 569 on screen for 1.7s | zone=0.0s
  Person 571 on screen for 2211.3s | zone=14.8s
  Person 587 on screen for 3142.1s | zone=3.4s
  Person 600 on screen for 11.3s | zone=0.2s
  Person 603 on screen for 3308.6s | zone=1285.3s
  Person 607 on screen for 2917.5s | zone=3.4s
  Person 608 on screen for 1437.9s | zone=0.0s
  Person 615 on screen for 178.0s | zone=0.0s
  Person 617 on screen for 1621.9s | zone=2.1s
  Person 619 on screen for 3090.4s | zone=6.1s
  Person 620 on screen for 3402.4s | zone=0.0s
  Person 622 on screen for 3077.2s | zone=723.3s
  Person 626 on screen for 792.4s | zone=1.4s
  Person 632 on screen for 3270.8s | zone=1.6s
  Person 644 on screen for 2056.4s | zone=485.5s
  Person 650 on screen for 1351.2s | zone=659.5s
  Person 651 on screen for 2333.0s | zone=1.7s
  Person 654 on screen for 2370.5s | zone=0.2s
  Person 657 on screen for 2050.8s | zone=0.0s
  Person 669 on screen for 2716.8s | zone=0.2s
  Person 671 on screen for 3162.2s | zone=1.3s
  Person 699 on screen for 2660.5s | zone=205.5s
  Person 700 on screen for 3508.8s | zone=0.0s
  Person 715 on screen for 2770.8s | zone=1.1s
  Person 716 on screen for 2172.1s | zone=3.4s
  Person 719 on screen for 3322.8s | zone=0.2s
  Person 720 on screen for 7.5s | zone=3.0s
  Person 721 on screen for 2745.3s | zone=56.3s
  Person 724 on screen for 164.4s | zone=0.0s
  Person 732 on screen for 2612.5s | zone=0.0s
  Person 742 on screen for 5.1s | zone=0.0s
  Person 746 on screen for 3478.5s | zone=1353.2s
  Person 753 on screen for 2612.6s | zone=0.0s
  Person 763 on screen for 3068.6s | zone=0.0s
  Person 767 on screen for 1.2s | zone=0.0s
  Person 769 on screen for 44.5s | zone=0.0s
  Person 772 on screen for 21.7s | zone=1.1s
  Person 774 on screen for 28.2s | zone=0.0s
  Person 781 on screen for 2118.3s | zone=0.3s
  Person 787 on screen for 1577.7s | zone=0.7s
  Person 791 on screen for 1182.1s | zone=0.1s
  Person 803 on screen for 0.2s | zone=0.0s
  Person 805 on screen for 3343.8s | zone=1930.7s
  Person 807 on screen for 33.3s | zone=0.0s
  Person 810 on screen for 3354.4s | zone=0.1s
  Person 814 on screen for 1448.5s | zone=434.5s
  Person 821 on screen for 1647.2s | zone=0.4s
  Person 826 on screen for 2213.6s | zone=1570.2s
  Person 829 on screen for 282.6s | zone=1.0s
  Person 836 on screen for 0.3s | zone=0.0s
  Person 840 on screen for 3025.1s | zone=0.9s
  Person 849 on screen for 995.9s | zone=976.3s
  Person 855 on screen for 14.9s | zone=5.1s
  Person 858 on screen for 2118.5s | zone=13.3s
  Person 862 on screen for 65.2s | zone=43.7s
  Person 863 on screen for 1479.2s | zone=0.1s
  Person 864 on screen for 0.3s | zone=0.0s
  Person 874 on screen for 3197.2s | zone=0.5s
  Person 882 on screen for 2454.5s | zone=701.2s
  Person 883 on screen for 2225.2s | zone=18.9s
  Person 884 on screen for 2282.0s | zone=10.3s
  Person 891 on screen for 168.3s | zone=0.1s
  Person 919 on screen for 2957.5s | zone=0.9s
  Person 944 on screen for 9.4s | zone=0.0s
  Person 951 on screen for 1566.7s | zone=0.0s
  Person 978 on screen for 2633.3s | zone=365.3s
  Person 979 on screen for 1703.7s | zone=9.0s
  Person 989 on screen for 2576.2s | zone=0.7s
  Person 990 on screen for 160.7s | zone=7.8s
  Person 1024 on screen for 459.7s | zone=19.9s
  Person 1025 on screen for 693.9s | zone=1.0s
  Person 1035 on screen for 0.1s | zone=0.0s
  Person 1044 on screen for 3484.6s | zone=7.3s
  Person 1057 on screen for 1265.7s | zone=293.4s
  Person 1063 on screen for 2904.0s | zone=10.1s
  Person 1068 on screen for 3052.3s | zone=0.0s
  Person 1070 on screen for 3377.9s | zone=0.0s
  Person 1083 on screen for 864.1s | zone=0.1s
  Person 1086 on screen for 0.1s | zone=0.0s
  Person 1092 on screen for 750.6s | zone=0.0s
  Person 1104 on screen for 12.1s | zone=7.5s
  Person 1123 on screen for 2294.6s | zone=1869.4s
  Person 1130 on screen for 120.9s | zone=6.7s
  Person 1134 on screen for 757.5s | zone=573.7s
  Person 1141 on screen for 1164.6s | zone=2.5s
  Person 1152 on screen for 2074.7s | zone=0.2s
  Person 1159 on screen for 917.8s | zone=0.0s
  Person 1160 on screen for 2595.3s | zone=0.0s
  Person 1161 on screen for 3232.2s | zone=0.0s
  Person 1173 on screen for 3.8s | zone=0.0s
  Person 1192 on screen for 400.4s | zone=1.4s
  Person 1198 on screen for 125.1s | zone=0.0s
  Person 1199 on screen for 2408.7s | zone=0.0s
  Person 1230 on screen for 25.6s | zone=0.0s
  Person 1234 on screen for 2494.7s | zone=1856.9s
  Person 1256 on screen for 304.4s | zone=270.9s
  Person 1261 on screen for 2296.7s | zone=0.0s
  Person 1284 on screen for 1971.6s | zone=2.1s
  Person 1290 on screen for 0.2s | zone=0.0s
  Person 1291 on screen for 34.1s | zone=4.3s
  Person 1308 on screen for 149.4s | zone=0.0s
  Person 1309 on screen for 9.3s | zone=0.0s
  Person 1318 on screen for 518.1s | zone=0.0s
  Person 1349 on screen for 1616.6s | zone=438.9s
  Person 1371 on screen for 1631.7s | zone=0.6s
  Person 1381 on screen for 1255.2s | zone=1.9s
  Person 1394 on screen for 2535.8s | zone=190.0s
  Person 1397 on screen for 510.8s | zone=0.1s
  Person 1402 on screen for 2596.0s | zone=3.7s
  Person 1403 on screen for 54.1s | zone=0.0s
  Person 1419 on screen for 2385.5s | zone=0.7s
  Person 1426 on screen for 971.3s | zone=0.0s
  Person 1431 on screen for 2202.9s | zone=5.6s
  Person 1433 on screen for 4.7s | zone=1.7s
  Person 1434 on screen for 105.9s | zone=30.5s
  Person 1438 on screen for 2647.5s | zone=0.6s
  Person 1441 on screen for 2452.5s | zone=1528.9s
  Person 1454 on screen for 185.4s | zone=0.0s
  Person 1455 on screen for 5.7s | zone=0.0s
  Person 1457 on screen for 2676.1s | zone=549.5s
  Person 1480 on screen for 3033.6s | zone=2603.7s
  Person 1499 on screen for 442.6s | zone=1807.4s
  Person 1504 on screen for 35.0s | zone=6.1s
  Person 1509 on screen for 14.8s | zone=3.0s
  Person 1519 on screen for 43.2s | zone=0.0s
  Person 1522 on screen for 16.7s | zone=9.2s
  Person 1530 on screen for 1.2s | zone=0.0s
  Person 1546 on screen for 1615.3s | zone=0.9s
  Person 1551 on screen for 2366.9s | zone=0.1s
  Person 1597 on screen for 15.2s | zone=0.0s
Person-ID memory saved: C:\Users\vioyq\Desktop\Coach_Tracker\coach-tracker-demo\coach-store\person-ID\coach2\0320.json
CSV written: C:\Users\vioyq\Desktop\Coach_Tracker\coach-tracker-demo\coach-store\CSV-state\coach2\0320-coach2-20260324-133910.csv
--- end report ---

[Progress] 5/11 ( 45.5%) | elapsed  6568.4s | ETA  7882.1s

=== Running: Coach-2-hour-5-20260320140457.mp4 ===
Person-ID memory: loaded 332 IDs from C:\Users\vioyq\Desktop\Coach_Tracker\coach-tracker-demo\coach-store\person-ID\coach2\0320.json
[coach2] C:\Users\vioyq\Desktop\Coach_Tracker\_Coach_Video\3-20\Coach-2\Coach-2-hour-5-20260320140457.mp4 (36000 frames @ 10.0 fps). (headless)
Config: yaml=coach2.yaml zone=C:\Users\vioyq\Desktop\Coach_Tracker\coach-tracker-demo\coach-store\zone\coach2.json
Output CSV: C:\Users\vioyq\Desktop\Coach_Tracker\coach-tracker-demo\coach-store\CSV-state\coach2\0320-coach2-20260324-133910.csv

--- Report ---
Time spent processing: 1755.0s
Time on screen per person:
  Person 1 on screen for 0.2s | zone=0.0s
  Person 2 on screen for 1646.0s | zone=0.2s
  Person 3 on screen for 2310.8s | zone=1.8s
  Person 5 on screen for 2378.7s | zone=0.1s
  Person 6 on screen for 2669.6s | zone=0.1s
  Person 7 on screen for 1792.3s | zone=1677.3s
  Person 13 on screen for 2.0s | zone=0.0s
  Person 15 on screen for 3043.1s | zone=1.2s
  Person 16 on screen for 2482.8s | zone=18.6s
  Person 18 on screen for 3493.5s | zone=0.5s
  Person 21 on screen for 1995.4s | zone=20.0s
  Person 23 on screen for 3450.3s | zone=1235.0s
  Person 24 on screen for 2487.6s | zone=1.4s
  Person 27 on screen for 1751.5s | zone=0.0s
  Person 28 on screen for 2042.8s | zone=564.2s
  Person 29 on screen for 2544.0s | zone=1.8s
  Person 31 on screen for 11.9s | zone=0.0s
  Person 34 on screen for 497.0s | zone=4.0s
  Person 38 on screen for 1236.3s | zone=16.6s
  Person 39 on screen for 726.3s | zone=0.0s
  Person 40 on screen for 401.6s | zone=0.0s
  Person 47 on screen for 2557.3s | zone=1.8s
  Person 48 on screen for 736.4s | zone=0.0s
  Person 51 on screen for 2602.4s | zone=1.2s
  Person 52 on screen for 2451.9s | zone=396.1s
  Person 56 on screen for 3045.0s | zone=0.2s
  Person 68 on screen for 2430.4s | zone=0.0s
  Person 69 on screen for 1611.8s | zone=211.9s
  Person 70 on screen for 2937.5s | zone=3.7s
  Person 71 on screen for 0.1s | zone=0.0s
  Person 74 on screen for 141.9s | zone=1.3s
  Person 75 on screen for 3306.9s | zone=3.2s
  Person 84 on screen for 1360.3s | zone=449.1s
  Person 86 on screen for 2347.4s | zone=1.0s
  Person 88 on screen for 3413.1s | zone=0.0s
  Person 91 on screen for 3589.2s | zone=60.9s
  Person 103 on screen for 440.8s | zone=0.0s
  Person 113 on screen for 0.7s | zone=0.0s
  Person 117 on screen for 2149.4s | zone=623.6s
  Person 121 on screen for 956.6s | zone=0.0s
  Person 127 on screen for 0.1s | zone=0.0s
  Person 128 on screen for 1448.9s | zone=4.5s
  Person 132 on screen for 211.0s | zone=9.5s
  Person 133 on screen for 2908.9s | zone=17.3s
  Person 136 on screen for 2320.1s | zone=1.5s
  Person 138 on screen for 1831.9s | zone=26.5s
  Person 150 on screen for 9.3s | zone=0.4s
  Person 154 on screen for 5.7s | zone=0.4s
  Person 162 on screen for 1122.1s | zone=0.0s
  Person 174 on screen for 2021.7s | zone=2.3s
  Person 177 on screen for 525.6s | zone=444.1s
  Person 178 on screen for 1628.1s | zone=0.0s
  Person 181 on screen for 7.4s | zone=0.7s
  Person 183 on screen for 17.4s | zone=0.0s
  Person 186 on screen for 2.0s | zone=1.3s
  Person 192 on screen for 2751.9s | zone=6.2s
  Person 195 on screen for 1169.9s | zone=3.9s
  Person 207 on screen for 400.6s | zone=0.1s
  Person 208 on screen for 2769.1s | zone=1.7s
  Person 213 on screen for 2384.0s | zone=0.3s
  Person 214 on screen for 973.0s | zone=268.9s
  Person 218 on screen for 2.7s | zone=2.6s
  Person 220 on screen for 3189.7s | zone=1926.1s
  Person 222 on screen for 524.3s | zone=1.5s
  Person 230 on screen for 2564.2s | zone=0.0s
  Person 239 on screen for 730.8s | zone=182.7s
  Person 250 on screen for 1875.0s | zone=59.0s
  Person 255 on screen for 2157.2s | zone=200.8s
  Person 257 on screen for 910.7s | zone=973.8s
  Person 258 on screen for 0.2s | zone=0.0s
  Person 263 on screen for 410.2s | zone=0.5s
  Person 270 on screen for 833.1s | zone=2.5s
  Person 275 on screen for 480.6s | zone=1601.3s
  Person 278 on screen for 1925.9s | zone=2.6s
  Person 279 on screen for 2896.3s | zone=2.8s
  Person 284 on screen for 19.2s | zone=0.6s
  Person 285 on screen for 0.3s | zone=0.0s
  Person 287 on screen for 463.0s | zone=0.0s
  Person 296 on screen for 1.0s | zone=0.0s
  Person 297 on screen for 686.0s | zone=670.6s
  Person 300 on screen for 3012.7s | zone=0.0s
  Person 304 on screen for 1897.4s | zone=27.9s
  Person 313 on screen for 3271.6s | zone=2309.0s
  Person 316 on screen for 3.0s | zone=1.2s
  Person 321 on screen for 2.0s | zone=0.0s
  Person 328 on screen for 2471.4s | zone=2.0s
  Person 329 on screen for 2046.7s | zone=0.6s
  Person 335 on screen for 2492.0s | zone=1.3s
  Person 345 on screen for 2361.6s | zone=24.8s
  Person 352 on screen for 0.1s | zone=0.0s
  Person 358 on screen for 1551.2s | zone=0.0s
  Person 361 on screen for 1130.1s | zone=2.1s
  Person 363 on screen for 1877.4s | zone=0.0s
  Person 371 on screen for 2134.8s | zone=0.0s
  Person 373 on screen for 54.9s | zone=5.8s
  Person 377 on screen for 3249.1s | zone=0.2s
  Person 378 on screen for 1.7s | zone=0.0s
  Person 387 on screen for 19.9s | zone=0.0s
  Person 401 on screen for 1889.4s | zone=253.8s
  Person 403 on screen for 2090.6s | zone=1721.7s
  Person 410 on screen for 1452.0s | zone=25.8s
  Person 411 on screen for 1226.6s | zone=146.4s
  Person 416 on screen for 2321.7s | zone=0.1s
  Person 417 on screen for 2710.5s | zone=0.0s
  Person 423 on screen for 1222.1s | zone=0.0s
  Person 428 on screen for 44.4s | zone=0.0s
  Person 430 on screen for 58.6s | zone=0.4s
  Person 433 on screen for 2010.4s | zone=0.0s
  Person 448 on screen for 2542.1s | zone=0.0s
  Person 449 on screen for 41.0s | zone=0.0s
  Person 455 on screen for 2008.1s | zone=326.8s
  Person 458 on screen for 2520.0s | zone=0.6s
  Person 460 on screen for 9.2s | zone=0.8s
  Person 474 on screen for 1938.6s | zone=0.5s
  Person 477 on screen for 2798.2s | zone=1168.8s
  Person 478 on screen for 2236.7s | zone=6.6s
  Person 490 on screen for 158.2s | zone=150.1s
  Person 493 on screen for 1308.8s | zone=0.0s
  Person 496 on screen for 1.3s | zone=0.8s
  Person 497 on screen for 1776.4s | zone=0.0s
  Person 507 on screen for 2100.5s | zone=339.6s
  Person 509 on screen for 0.1s | zone=0.0s
  Person 513 on screen for 175.1s | zone=5.8s
  Person 516 on screen for 1334.5s | zone=0.4s
  Person 517 on screen for 779.6s | zone=0.1s
  Person 521 on screen for 2675.1s | zone=46.7s
  Person 523 on screen for 4.4s | zone=0.5s
  Person 524 on screen for 2748.6s | zone=2623.9s
  Person 532 on screen for 5.1s | zone=0.0s
  Person 535 on screen for 0.1s | zone=0.0s
  Person 538 on screen for 228.9s | zone=0.0s
  Person 548 on screen for 1439.6s | zone=27.2s
  Person 558 on screen for 0.6s | zone=0.0s
  Person 559 on screen for 6.5s | zone=0.0s
  Person 562 on screen for 219.0s | zone=125.2s
  Person 569 on screen for 0.1s | zone=0.0s
  Person 587 on screen for 2262.7s | zone=3.2s
  Person 600 on screen for 1265.4s | zone=1.1s
  Person 603 on screen for 955.9s | zone=0.0s
  Person 608 on screen for 1924.6s | zone=0.4s
  Person 610 on screen for 0.1s | zone=0.0s
  Person 615 on screen for 545.7s | zone=0.0s
  Person 617 on screen for 3000.3s | zone=789.0s
  Person 619 on screen for 762.4s | zone=0.0s
  Person 620 on screen for 121.9s | zone=2.0s
  Person 622 on screen for 2229.2s | zone=45.0s
  Person 632 on screen for 967.4s | zone=0.8s
  Person 644 on screen for 1829.9s | zone=1.1s
  Person 651 on screen for 1414.3s | zone=0.2s
  Person 654 on screen for 2022.6s | zone=163.5s
  Person 657 on screen for 2448.1s | zone=0.0s
  Person 669 on screen for 141.1s | zone=0.0s
  Person 671 on screen for 617.1s | zone=602.8s
  Person 683 on screen for 1815.9s | zone=217.6s
  Person 697 on screen for 2828.6s | zone=0.0s
  Person 699 on screen for 2615.3s | zone=0.1s
  Person 700 on screen for 2712.8s | zone=3.3s
  Person 715 on screen for 2341.5s | zone=601.9s
  Person 716 on screen for 2403.5s | zone=12.2s
  Person 719 on screen for 3105.6s | zone=4.5s
  Person 721 on screen for 3082.8s | zone=1.8s
  Person 724 on screen for 0.2s | zone=0.0s
  Person 732 on screen for 1379.7s | zone=1.0s
  Person 746 on screen for 2825.7s | zone=939.2s
  Person 753 on screen for 16.9s | zone=0.0s
  Person 763 on screen for 1330.8s | zone=0.9s
  Person 769 on screen for 2484.3s | zone=0.0s
  Person 771 on screen for 217.2s | zone=0.0s
  Person 772 on screen for 1901.0s | zone=488.4s
  Person 775 on screen for 1051.6s | zone=221.3s
  Person 787 on screen for 3148.6s | zone=5.2s
  Person 791 on screen for 2505.0s | zone=3.8s
  Person 803 on screen for 3.0s | zone=0.0s
  Person 805 on screen for 132.4s | zone=0.0s
  Person 810 on screen for 1027.7s | zone=70.3s
  Person 821 on screen for 2898.2s | zone=0.9s
  Person 826 on screen for 2410.7s | zone=6.8s
  Person 829 on screen for 1810.7s | zone=1339.1s
  Person 840 on screen for 3176.8s | zone=1.3s
  Person 844 on screen for 5.5s | zone=1232.7s
  Person 849 on screen for 1502.8s | zone=0.0s
  Person 855 on screen for 1349.2s | zone=0.2s
  Person 858 on screen for 2037.3s | zone=0.0s
  Person 862 on screen for 2242.4s | zone=1.8s
  Person 874 on screen for 2752.2s | zone=1.3s
  Person 880 on screen for 1528.8s | zone=867.6s
  Person 882 on screen for 1986.4s | zone=1.4s
  Person 883 on screen for 2733.2s | zone=988.4s
  Person 884 on screen for 2351.3s | zone=201.8s
  Person 891 on screen for 877.2s | zone=0.0s
  Person 899 on screen for 6.6s | zone=0.0s
  Person 944 on screen for 3295.8s | zone=426.9s
  Person 951 on screen for 974.0s | zone=0.0s
  Person 963 on screen for 1006.6s | zone=0.0s
  Person 978 on screen for 822.3s | zone=1.5s
  Person 979 on screen for 11.0s | zone=0.0s
  Person 990 on screen for 947.1s | zone=0.0s
  Person 1015 on screen for 60.6s | zone=0.0s
  Person 1023 on screen for 10.8s | zone=0.0s
  Person 1024 on screen for 2908.2s | zone=115.2s
  Person 1025 on screen for 726.1s | zone=0.0s
  Person 1032 on screen for 7.7s | zone=6.5s
  Person 1050 on screen for 779.9s | zone=0.8s
  Person 1057 on screen for 2139.3s | zone=42.0s
  Person 1070 on screen for 2462.7s | zone=0.0s
  Person 1083 on screen for 2135.9s | zone=56.6s
  Person 1092 on screen for 3033.7s | zone=0.0s
  Person 1123 on screen for 17.0s | zone=0.3s
  Person 1128 on screen for 1021.3s | zone=3.3s
  Person 1130 on screen for 383.9s | zone=6.6s
  Person 1134 on screen for 2920.1s | zone=0.0s
  Person 1141 on screen for 1773.5s | zone=8.4s
  Person 1152 on screen for 3048.4s | zone=2492.6s
  Person 1154 on screen for 833.0s | zone=1.3s
  Person 1157 on screen for 632.6s | zone=1.4s
  Person 1159 on screen for 3201.4s | zone=443.8s
  Person 1160 on screen for 2540.0s | zone=0.0s
  Person 1161 on screen for 975.4s | zone=378.6s
  Person 1173 on screen for 2155.6s | zone=1235.2s
  Person 1192 on screen for 2916.9s | zone=0.3s
  Person 1198 on screen for 861.6s | zone=0.0s
  Person 1199 on screen for 1691.5s | zone=249.2s
  Person 1203 on screen for 238.6s | zone=0.0s
  Person 1218 on screen for 416.0s | zone=415.9s
  Person 1219 on screen for 52.3s | zone=31.5s
  Person 1230 on screen for 1796.7s | zone=16.3s
  Person 1256 on screen for 3191.9s | zone=0.0s
  Person 1257 on screen for 3.3s | zone=0.0s
  Person 1261 on screen for 2379.9s | zone=5.1s
  Person 1270 on screen for 2640.8s | zone=0.3s
  Person 1284 on screen for 2166.4s | zone=0.1s
  Person 1290 on screen for 888.1s | zone=0.5s
  Person 1308 on screen for 820.4s | zone=3.4s
  Person 1309 on screen for 2006.8s | zone=0.2s
  Person 1311 on screen for 0.3s | zone=0.0s
  Person 1318 on screen for 446.0s | zone=1.3s
  Person 1325 on screen for 0.1s | zone=0.0s
  Person 1347 on screen for 1.7s | zone=0.0s
  Person 1349 on screen for 2944.6s | zone=0.3s
  Person 1371 on screen for 1006.0s | zone=12.9s
  Person 1374 on screen for 1604.3s | zone=0.0s
  Person 1381 on screen for 2629.3s | zone=0.2s
  Person 1383 on screen for 743.4s | zone=9.8s
  Person 1394 on screen for 3065.8s | zone=2156.8s
  Person 1397 on screen for 29.4s | zone=66.7s
  Person 1399 on screen for 46.6s | zone=0.0s
  Person 1402 on screen for 899.5s | zone=0.3s
  Person 1403 on screen for 2517.1s | zone=2160.8s
  Person 1419 on screen for 442.6s | zone=1622.9s
  Person 1426 on screen for 3270.2s | zone=1.1s
  Person 1431 on screen for 2988.9s | zone=1.8s
  Person 1433 on screen for 28.4s | zone=4.5s
  Person 1434 on screen for 1937.6s | zone=0.0s
  Person 1441 on screen for 1524.1s | zone=806.1s
  Person 1454 on screen for 2399.4s | zone=4.8s
  Person 1455 on screen for 2963.0s | zone=0.3s
  Person 1457 on screen for 1379.3s | zone=0.7s
  Person 1480 on screen for 2643.3s | zone=0.5s
  Person 1482 on screen for 22.3s | zone=0.5s
  Person 1499 on screen for 2137.1s | zone=0.9s
  Person 1504 on screen for 2012.3s | zone=1899.7s
  Person 1509 on screen for 908.5s | zone=0.1s
  Person 1512 on screen for 0.1s | zone=0.0s
  Person 1519 on screen for 285.9s | zone=3.2s
  Person 1522 on screen for 3078.4s | zone=4.6s
  Person 1530 on screen for 916.6s | zone=0.0s
  Person 1546 on screen for 234.2s | zone=17.8s
  Person 1551 on screen for 1197.4s | zone=0.0s
  Person 1553 on screen for 2201.4s | zone=0.1s
  Person 1563 on screen for 229.6s | zone=3.9s
  Person 1597 on screen for 1839.0s | zone=64.4s
  Person 1634 on screen for 70.3s | zone=0.0s
  Person 1668 on screen for 245.5s | zone=13.0s
  Person 1674 on screen for 0.6s | zone=0.0s
  Person 1687 on screen for 5.9s | zone=0.4s
  Person 1718 on screen for 9.6s | zone=0.0s
  Person 1725 on screen for 5.2s | zone=0.1s
  Person 1739 on screen for 20.7s | zone=0.0s
  Person 1743 on screen for 1.0s | zone=0.0s
Person-ID memory saved: C:\Users\vioyq\Desktop\Coach_Tracker\coach-tracker-demo\coach-store\person-ID\coach2\0320.json
CSV written: C:\Users\vioyq\Desktop\Coach_Tracker\coach-tracker-demo\coach-store\CSV-state\coach2\0320-coach2-20260324-133910.csv
--- end report ---

[Progress] 6/11 ( 54.5%) | elapsed  8327.6s | ETA  6939.7s

=== Running: Coach-2-hour-6-20260320150457.mp4 ===
Person-ID memory: loaded 384 IDs from C:\Users\vioyq\Desktop\Coach_Tracker\coach-tracker-demo\coach-store\person-ID\coach2\0320.json
[coach2] C:\Users\vioyq\Desktop\Coach_Tracker\_Coach_Video\3-20\Coach-2\Coach-2-hour-6-20260320150457.mp4 (36000 frames @ 10.0 fps). (headless)
Config: yaml=coach2.yaml zone=C:\Users\vioyq\Desktop\Coach_Tracker\coach-tracker-demo\coach-store\zone\coach2.json
Output CSV: C:\Users\vioyq\Desktop\Coach_Tracker\coach-tracker-demo\coach-store\CSV-state\coach2\0320-coach2-20260324-133910.csv

--- Report ---
Time spent processing: 1778.8s
Time on screen per person:
  Person 3 on screen for 673.3s | zone=0.0s
  Person 5 on screen for 958.3s | zone=62.6s
  Person 6 on screen for 1358.7s | zone=1336.2s
  Person 7 on screen for 4.3s | zone=0.8s
  Person 13 on screen for 994.2s | zone=973.8s
  Person 15 on screen for 3016.3s | zone=3.4s
  Person 16 on screen for 2039.9s | zone=0.0s
  Person 20 on screen for 1603.7s | zone=0.0s
  Person 21 on screen for 646.5s | zone=0.6s
  Person 23 on screen for 2070.1s | zone=11.9s
  Person 24 on screen for 2531.9s | zone=5.3s
  Person 27 on screen for 673.3s | zone=40.9s
  Person 29 on screen for 1234.2s | zone=0.1s
  Person 31 on screen for 3.0s | zone=0.0s
  Person 34 on screen for 1452.9s | zone=0.1s
  Person 38 on screen for 1932.6s | zone=1.2s
  Person 39 on screen for 1.0s | zone=0.0s
  Person 40 on screen for 1989.3s | zone=0.8s
  Person 47 on screen for 3124.2s | zone=0.0s
  Person 51 on screen for 59.4s | zone=0.0s
  Person 52 on screen for 875.5s | zone=0.8s
  Person 53 on screen for 0.2s | zone=0.1s
  Person 54 on screen for 3371.5s | zone=16.0s
  Person 56 on screen for 3389.4s | zone=3256.6s
  Person 61 on screen for 2066.1s | zone=0.1s
  Person 62 on screen for 990.5s | zone=2.4s
  Person 68 on screen for 30.8s | zone=0.5s
  Person 69 on screen for 1380.5s | zone=94.7s
  Person 70 on screen for 1654.3s | zone=1.5s
  Person 74 on screen for 449.5s | zone=433.2s
  Person 75 on screen for 1956.8s | zone=0.2s
  Person 83 on screen for 308.4s | zone=0.0s
  Person 84 on screen for 2552.7s | zone=58.6s
  Person 86 on screen for 641.0s | zone=65.8s
  Person 88 on screen for 2819.0s | zone=2.2s
  Person 91 on screen for 2859.4s | zone=3.1s
  Person 93 on screen for 3045.2s | zone=1.6s
  Person 96 on screen for 3.7s | zone=0.0s
  Person 103 on screen for 702.1s | zone=0.0s
  Person 108 on screen for 1.4s | zone=0.0s
  Person 116 on screen for 5.7s | zone=0.3s
  Person 117 on screen for 2528.1s | zone=0.9s
  Person 121 on screen for 3098.1s | zone=0.0s
  Person 128 on screen for 3390.8s | zone=3174.7s
  Person 132 on screen for 1374.5s | zone=1197.2s
  Person 133 on screen for 309.4s | zone=309.0s
  Person 134 on screen for 1462.1s | zone=668.5s
  Person 136 on screen for 1291.7s | zone=0.2s
  Person 138 on screen for 1.8s | zone=0.0s
  Person 140 on screen for 1854.3s | zone=0.5s
  Person 142 on screen for 2981.0s | zone=0.0s
  Person 150 on screen for 2.6s | zone=0.0s
  Person 156 on screen for 861.1s | zone=0.0s
  Person 158 on screen for 0.1s | zone=0.0s
  Person 162 on screen for 585.1s | zone=1.7s
  Person 174 on screen for 1861.3s | zone=1271.4s
  Person 177 on screen for 2856.9s | zone=0.1s
  Person 178 on screen for 45.7s | zone=0.0s
  Person 180 on screen for 4.7s | zone=0.0s
  Person 181 on screen for 521.3s | zone=0.4s
  Person 183 on screen for 8.1s | zone=0.0s
  Person 186 on screen for 1012.9s | zone=0.9s
  Person 192 on screen for 3434.8s | zone=1.5s
  Person 207 on screen for 518.3s | zone=0.0s
  Person 208 on screen for 879.5s | zone=721.5s
  Person 213 on screen for 3.9s | zone=3.8s
  Person 214 on screen for 0.2s | zone=0.0s
  Person 216 on screen for 1.5s | zone=0.9s
  Person 218 on screen for 2451.6s | zone=1152.0s
  Person 220 on screen for 826.6s | zone=0.1s
  Person 222 on screen for 2241.5s | zone=1255.7s
  Person 230 on screen for 1179.1s | zone=0.0s
  Person 231 on screen for 0.1s | zone=0.0s
  Person 237 on screen for 1492.5s | zone=0.0s
  Person 247 on screen for 28.7s | zone=0.0s
  Person 250 on screen for 3326.1s | zone=0.3s
  Person 255 on screen for 54.7s | zone=41.7s
  Person 257 on screen for 1722.5s | zone=3.5s
  Person 263 on screen for 2369.7s | zone=0.1s
  Person 270 on screen for 3.5s | zone=0.2s
  Person 275 on screen for 2201.8s | zone=0.0s
  Person 278 on screen for 3468.0s | zone=0.1s
  Person 279 on screen for 2262.1s | zone=0.4s
  Person 284 on screen for 2624.1s | zone=163.5s
  Person 296 on screen for 14.7s | zone=0.0s
  Person 297 on screen for 2138.2s | zone=17.2s
  Person 300 on screen for 3536.7s | zone=1.5s
  Person 304 on screen for 2493.9s | zone=20.6s
  Person 306 on screen for 1619.3s | zone=0.0s
  Person 313 on screen for 1670.6s | zone=0.1s
  Person 314 on screen for 2806.5s | zone=0.0s
  Person 316 on screen for 2321.0s | zone=0.1s
  Person 321 on screen for 259.5s | zone=0.0s
  Person 328 on screen for 2101.7s | zone=0.3s
  Person 329 on screen for 2.8s | zone=0.0s
  Person 335 on screen for 2234.8s | zone=348.3s
  Person 345 on screen for 31.2s | zone=0.3s
  Person 352 on screen for 703.4s | zone=0.0s
  Person 358 on screen for 721.0s | zone=1.0s
  Person 361 on screen for 3223.6s | zone=8.0s
  Person 367 on screen for 849.0s | zone=239.5s
  Person 371 on screen for 2575.7s | zone=0.0s
  Person 373 on screen for 3294.3s | zone=1210.4s
  Person 375 on screen for 1124.3s | zone=748.5s
  Person 377 on screen for 14.2s | zone=1.1s
  Person 378 on screen for 2080.8s | zone=0.0s
  Person 379 on screen for 2984.3s | zone=798.0s
  Person 381 on screen for 2722.0s | zone=0.9s
  Person 382 on screen for 0.7s | zone=0.0s
  Person 387 on screen for 1692.3s | zone=457.7s
  Person 397 on screen for 9.9s | zone=2137.4s
  Person 400 on screen for 34.1s | zone=0.0s
  Person 401 on screen for 1800.8s | zone=0.3s
  Person 404 on screen for 2639.0s | zone=5.7s
  Person 410 on screen for 3188.4s | zone=243.9s
  Person 411 on screen for 3175.0s | zone=0.9s
  Person 416 on screen for 1744.8s | zone=1737.3s
  Person 417 on screen for 1757.1s | zone=8.5s
  Person 423 on screen for 3581.4s | zone=0.0s
  Person 427 on screen for 2314.9s | zone=999.4s
  Person 428 on screen for 2810.7s | zone=2.7s
  Person 433 on screen for 1866.3s | zone=1178.8s
  Person 448 on screen for 1990.4s | zone=0.0s
  Person 451 on screen for 300.6s | zone=4.1s
  Person 455 on screen for 0.3s | zone=0.1s
  Person 457 on screen for 399.6s | zone=0.0s
  Person 458 on screen for 223.1s | zone=1986.5s
  Person 460 on screen for 28.5s | zone=0.0s
  Person 474 on screen for 10.5s | zone=0.0s
  Person 477 on screen for 1041.1s | zone=4.5s
  Person 478 on screen for 559.5s | zone=0.0s
  Person 489 on screen for 0.3s | zone=0.0s
  Person 490 on screen for 1299.1s | zone=4.4s
  Person 493 on screen for 2300.6s | zone=537.6s
  Person 497 on screen for 2614.7s | zone=17.1s
  Person 507 on screen for 2104.5s | zone=0.0s
  Person 513 on screen for 1619.1s | zone=0.0s
  Person 517 on screen for 2273.9s | zone=1881.5s
  Person 521 on screen for 2271.6s | zone=0.0s
  Person 522 on screen for 1612.1s | zone=4.4s
  Person 523 on screen for 726.5s | zone=20.3s
  Person 524 on screen for 2922.9s | zone=1207.1s
  Person 532 on screen for 1058.1s | zone=0.2s
  Person 538 on screen for 2152.4s | zone=20.0s
  Person 548 on screen for 2698.1s | zone=5.2s
  Person 558 on screen for 1374.6s | zone=0.0s
  Person 559 on screen for 2629.3s | zone=2.4s
  Person 562 on screen for 10.0s | zone=0.0s
  Person 569 on screen for 3.6s | zone=0.0s
  Person 573 on screen for 4.0s | zone=0.4s
  Person 587 on screen for 1636.1s | zone=705.3s
  Person 600 on screen for 2430.5s | zone=2195.8s
  Person 603 on screen for 2225.7s | zone=1408.5s
  Person 607 on screen for 0.8s | zone=0.2s
  Person 608 on screen for 2135.9s | zone=1.8s
  Person 615 on screen for 21.0s | zone=876.3s
  Person 617 on screen for 2799.8s | zone=1987.5s
  Person 619 on screen for 2470.1s | zone=1366.3s
  Person 620 on screen for 2810.3s | zone=0.0s
  Person 622 on screen for 2432.7s | zone=2299.7s
  Person 632 on screen for 0.9s | zone=0.0s
  Person 636 on screen for 1446.9s | zone=0.7s
  Person 644 on screen for 324.1s | zone=0.5s
  Person 650 on screen for 12.3s | zone=0.0s
  Person 651 on screen for 62.6s | zone=51.5s
  Person 654 on screen for 2312.7s | zone=2.1s
  Person 657 on screen for 1844.6s | zone=0.2s
  Person 671 on screen for 1005.6s | zone=0.3s
  Person 683 on screen for 2342.7s | zone=3.3s
  Person 697 on screen for 3328.3s | zone=0.9s
  Person 699 on screen for 3431.7s | zone=0.0s
  Person 700 on screen for 2811.9s | zone=0.9s
  Person 707 on screen for 0.3s | zone=0.0s
  Person 708 on screen for 1406.1s | zone=2.7s
  Person 715 on screen for 3387.6s | zone=1.3s
  Person 716 on screen for 641.9s | zone=0.0s
  Person 719 on screen for 3134.1s | zone=1088.7s
  Person 721 on screen for 1871.7s | zone=0.3s
  Person 724 on screen for 12.8s | zone=2.4s
  Person 730 on screen for 0.2s | zone=0.0s
  Person 732 on screen for 2161.0s | zone=2.2s
  Person 733 on screen for 1085.8s | zone=1082.6s
  Person 742 on screen for 2190.7s | zone=0.0s
  Person 744 on screen for 764.4s | zone=9.6s
  Person 746 on screen for 588.2s | zone=0.0s
  Person 763 on screen for 2.5s | zone=569.1s
  Person 767 on screen for 432.9s | zone=0.0s
  Person 769 on screen for 2262.7s | zone=3.2s
  Person 771 on screen for 5.1s | zone=0.0s
  Person 772 on screen for 2835.5s | zone=1652.1s
  Person 774 on screen for 1246.1s | zone=0.9s
  Person 775 on screen for 2347.7s | zone=405.8s
  Person 778 on screen for 1295.8s | zone=0.0s
  Person 781 on screen for 2833.4s | zone=3.9s
  Person 787 on screen for 3376.6s | zone=1.0s
  Person 790 on screen for 926.1s | zone=914.6s
  Person 791 on screen for 49.3s | zone=0.0s
  Person 803 on screen for 2035.3s | zone=0.5s
  Person 805 on screen for 795.0s | zone=98.9s
  Person 807 on screen for 2196.8s | zone=6.9s
  Person 810 on screen for 74.2s | zone=3.8s
  Person 819 on screen for 1405.0s | zone=740.8s
  Person 820 on screen for 1822.8s | zone=0.0s
  Person 821 on screen for 194.0s | zone=0.0s
  Person 822 on screen for 1467.6s | zone=0.0s
  Person 825 on screen for 1956.5s | zone=3.0s
  Person 826 on screen for 393.1s | zone=0.0s
  Person 829 on screen for 3145.9s | zone=5.3s
  Person 840 on screen for 2093.5s | zone=0.0s
  Person 844 on screen for 1480.5s | zone=6.0s
  Person 849 on screen for 291.1s | zone=4.4s
  Person 855 on screen for 1587.6s | zone=1347.6s
  Person 856 on screen for 1678.6s | zone=4.4s
  Person 858 on screen for 2184.1s | zone=0.1s
  Person 862 on screen for 2442.5s | zone=289.0s
  Person 863 on screen for 2538.6s | zone=1337.9s
  Person 864 on screen for 265.3s | zone=0.0s
  Person 869 on screen for 1853.0s | zone=5.8s
  Person 870 on screen for 3.6s | zone=0.0s
  Person 874 on screen for 787.4s | zone=27.2s
  Person 878 on screen for 1394.7s | zone=0.0s
  Person 880 on screen for 1982.5s | zone=0.7s
  Person 882 on screen for 2238.6s | zone=1884.9s
  Person 883 on screen for 409.8s | zone=0.3s
  Person 884 on screen for 250.2s | zone=467.2s
  Person 890 on screen for 1850.5s | zone=35.9s
  Person 891 on screen for 2995.7s | zone=31.4s
  Person 896 on screen for 1312.3s | zone=1302.7s
  Person 899 on screen for 2076.0s | zone=3.3s
  Person 900 on screen for 1014.1s | zone=1.4s
  Person 919 on screen for 1613.8s | zone=38.3s
  Person 927 on screen for 1685.5s | zone=755.5s
  Person 936 on screen for 1077.9s | zone=0.0s
  Person 944 on screen for 3241.7s | zone=0.0s
  Person 951 on screen for 939.2s | zone=1.1s
  Person 963 on screen for 2485.9s | zone=2.1s
  Person 979 on screen for 26.2s | zone=0.0s
  Person 982 on screen for 1335.8s | zone=1328.4s
  Person 983 on screen for 2.1s | zone=0.0s
  Person 990 on screen for 2238.6s | zone=0.0s
  Person 1005 on screen for 1566.2s | zone=0.0s
  Person 1008 on screen for 652.2s | zone=0.8s
  Person 1015 on screen for 3241.2s | zone=3.4s
  Person 1023 on screen for 940.2s | zone=4.9s
  Person 1024 on screen for 2692.0s | zone=0.2s
  Person 1025 on screen for 160.2s | zone=0.0s
  Person 1044 on screen for 1916.3s | zone=38.3s
  Person 1050 on screen for 43.7s | zone=0.0s
  Person 1055 on screen for 878.4s | zone=0.0s
  Person 1057 on screen for 1584.6s | zone=51.1s
  Person 1068 on screen for 34.0s | zone=0.7s
  Person 1069 on screen for 1119.8s | zone=0.0s
  Person 1070 on screen for 2238.0s | zone=0.0s
  Person 1083 on screen for 6.4s | zone=0.0s
  Person 1092 on screen for 1619.5s | zone=1.0s
  Person 1102 on screen for 1165.9s | zone=66.4s
  Person 1104 on screen for 9.8s | zone=4.3s
  Person 1123 on screen for 1597.2s | zone=469.9s
  Person 1128 on screen for 782.6s | zone=3.3s
  Person 1130 on screen for 12.7s | zone=10.1s
  Person 1134 on screen for 2557.0s | zone=1.1s
  Person 1140 on screen for 1.0s | zone=0.0s
  Person 1141 on screen for 1383.6s | zone=0.6s
  Person 1152 on screen for 1214.2s | zone=611.6s
  Person 1154 on screen for 1044.0s | zone=0.0s
  Person 1157 on screen for 2636.5s | zone=0.1s
  Person 1159 on screen for 2963.3s | zone=0.1s
  Person 1161 on screen for 22.2s | zone=0.0s
  Person 1173 on screen for 538.8s | zone=16.9s
  Person 1183 on screen for 891.2s | zone=2.8s
  Person 1192 on screen for 3126.5s | zone=0.5s
  Person 1198 on screen for 2797.3s | zone=3.2s
  Person 1199 on screen for 129.6s | zone=4.1s
  Person 1203 on screen for 830.5s | zone=0.1s
  Person 1218 on screen for 369.8s | zone=0.0s
  Person 1219 on screen for 1241.9s | zone=897.2s
  Person 1230 on screen for 18.0s | zone=0.1s
  Person 1234 on screen for 2541.0s | zone=0.1s
  Person 1244 on screen for 13.2s | zone=0.0s
  Person 1252 on screen for 1202.9s | zone=0.1s
  Person 1254 on screen for 79.0s | zone=0.0s
  Person 1256 on screen for 3.7s | zone=0.0s
  Person 1257 on screen for 2872.3s | zone=1285.9s
  Person 1261 on screen for 2721.3s | zone=1.1s
  Person 1269 on screen for 27.7s | zone=0.0s
  Person 1270 on screen for 588.5s | zone=0.0s
  Person 1279 on screen for 1232.5s | zone=1218.6s
  Person 1284 on screen for 2354.2s | zone=1462.2s
  Person 1290 on screen for 2687.5s | zone=1976.3s
  Person 1297 on screen for 0.1s | zone=0.0s
  Person 1308 on screen for 1740.1s | zone=1070.2s
  Person 1309 on screen for 702.3s | zone=361.6s
  Person 1315 on screen for 0.1s | zone=0.0s
  Person 1318 on screen for 296.6s | zone=121.6s
  Person 1349 on screen for 2887.9s | zone=0.0s
  Person 1371 on screen for 1885.9s | zone=0.6s
  Person 1374 on screen for 1467.5s | zone=1283.4s
  Person 1381 on screen for 2663.9s | zone=0.2s
  Person 1383 on screen for 2041.2s | zone=0.1s
  Person 1385 on screen for 71.5s | zone=0.5s
  Person 1394 on screen for 1295.1s | zone=0.0s
  Person 1397 on screen for 7.5s | zone=1.3s
  Person 1399 on screen for 121.2s | zone=7.4s
  Person 1402 on screen for 1113.4s | zone=384.9s
  Person 1403 on screen for 1257.8s | zone=64.5s
  Person 1405 on screen for 775.0s | zone=772.9s
  Person 1419 on screen for 954.6s | zone=0.0s
  Person 1426 on screen for 1280.4s | zone=0.1s
  Person 1431 on screen for 1726.6s | zone=851.9s
  Person 1438 on screen for 31.5s | zone=0.0s
  Person 1441 on screen for 1754.5s | zone=0.7s
  Person 1451 on screen for 588.9s | zone=0.7s
  Person 1454 on screen for 3033.1s | zone=0.0s
  Person 1457 on screen for 396.6s | zone=0.0s
  Person 1473 on screen for 1.3s | zone=0.0s
  Person 1480 on screen for 2484.0s | zone=1.1s
  Person 1482 on screen for 251.7s | zone=0.0s
  Person 1499 on screen for 814.5s | zone=25.1s
  Person 1504 on screen for 965.3s | zone=0.3s
  Person 1509 on screen for 82.1s | zone=14.1s
  Person 1518 on screen for 0.8s | zone=0.0s
  Person 1519 on screen for 2504.4s | zone=0.1s
  Person 1522 on screen for 1690.3s | zone=0.0s
  Person 1530 on screen for 1765.1s | zone=1694.4s
  Person 1546 on screen for 2899.3s | zone=0.0s
  Person 1551 on screen for 3227.4s | zone=0.6s
  Person 1553 on screen for 2673.9s | zone=0.5s
  Person 1563 on screen for 39.8s | zone=7.6s
  Person 1581 on screen for 5.5s | zone=5.5s
  Person 1595 on screen for 54.5s | zone=42.9s
  Person 1597 on screen for 3206.7s | zone=289.5s
  Person 1601 on screen for 7.5s | zone=0.0s
  Person 1667 on screen for 0.3s | zone=0.0s
  Person 1668 on screen for 2384.9s | zone=1558.1s
  Person 1672 on screen for 140.6s | zone=0.0s
  Person 1687 on screen for 15.2s | zone=9.2s
  Person 1716 on screen for 22.8s | zone=0.0s
  Person 1718 on screen for 2753.0s | zone=0.5s
  Person 1725 on screen for 1008.1s | zone=999.5s
  Person 1739 on screen for 1512.5s | zone=0.0s
  Person 1743 on screen for 2.9s | zone=2.3s
  Person 1753 on screen for 32.7s | zone=2.1s
  Person 1754 on screen for 3.4s | zone=0.0s
  Person 1792 on screen for 0.4s | zone=0.0s
  Person 1796 on screen for 9.4s | zone=3.1s
  Person 1826 on screen for 5.6s | zone=0.0s
  Person 1836 on screen for 30.3s | zone=30.2s
Person-ID memory saved: C:\Users\vioyq\Desktop\Coach_Tracker\coach-tracker-demo\coach-store\person-ID\coach2\0320.json
CSV written: C:\Users\vioyq\Desktop\Coach_Tracker\coach-tracker-demo\coach-store\CSV-state\coach2\0320-coach2-20260324-133910.csv
--- end report ---

[Progress] 7/11 ( 63.6%) | elapsed 10111.0s | ETA  5777.7s

=== Running: Coach-2-hour-7-20260320160457.mp4 ===
