# date=3-20
# cmd: C:\Users\vioyq\Desktop\Coach_Tracker\coach-tracker-demo\venv\Scripts\python.exe -u C:\Users\vioyq\Desktop\Coach_Tracker\coach-tracker-demo\video-script\coach-date-camera-id-runner.py --date 3-20 --camera coach-3 --video-root C:\Users\vioyq\Desktop\Coach_Tracker\_Coach_Video --drive-mount-root /content/drive --no-viewer
# cwd: C:\Users\vioyq\Desktop\Coach_Tracker\coach-tracker-demo

Combined CSV output: C:\Users\vioyq\Desktop\Coach_Tracker\coach-tracker-demo\coach-store\CSV-state\coach3\0320-coach3-20260324-133910.csv
Found 13 video(s) in C:\Users\vioyq\Desktop\Coach_Tracker\_Coach_Video\3-20\Coach-3
001. Coach-3-hour-1-20260320095957.mp4
002. Coach-3-hour-2-20260320105957.mp4
003. Coach-3-hour-3-20260320115957.mp4
004. Coach-3-hour-4-20260320125957.mp4
005. Coach-3-hour-5-20260320135957.mp4
006. Coach-3-hour-6-20260320145957.mp4
007. Coach-3-hour-7-20260320155957.mp4
008. Coach-3-hour-8-20260320165957.mp4
009. Coach-3-hour-9-20260320175957.mp4
010. Coach-3-hour-10-20260320190000.mp4
011. Coach-3-hour-11-20260320200001.mp4
012. Coach-3-hour-12-20260320210001.mp4
013. Coach-3-hour-13-20260320215701.mp4

[Progress] 1/13 (  7.7%) | elapsed     0.0s | ETA     0.0s

=== Running: Coach-3-hour-1-20260320095957.mp4 ===
Person-ID memory: loaded 0 IDs from C:\Users\vioyq\Desktop\Coach_Tracker\coach-tracker-demo\coach-store\person-ID\coach3\0320.json
[coach3] C:\Users\vioyq\Desktop\Coach_Tracker\_Coach_Video\3-20\Coach-3\Coach-3-hour-1-20260320095957.mp4 (36000 frames @ 10.0 fps). (headless)
Config: yaml=coach3.yaml zone=C:\Users\vioyq\Desktop\Coach_Tracker\coach-tracker-demo\coach-store\zone\coach3.json
Output CSV: C:\Users\vioyq\Desktop\Coach_Tracker\coach-tracker-demo\coach-store\CSV-state\coach3\0320-coach3-20260324-133910.csv

--- Report ---
Time spent processing: 1472.9s
Time on screen per person:
  Person 0 on screen for 3564.6s | zone=0.0s
  Person 1 on screen for 3368.0s | zone=0.0s
  Person 2 on screen for 3370.1s | zone=24.5s
  Person 3 on screen for 3374.6s | zone=573.7s
  Person 4 on screen for 3393.6s | zone=6.1s
  Person 5 on screen for 3391.4s | zone=2.5s
  Person 6 on screen for 3191.1s | zone=3115.8s
  Person 7 on screen for 0.1s | zone=0.0s
  Person 8 on screen for 67.0s | zone=0.3s
  Person 9 on screen for 3110.3s | zone=0.0s
  Person 14 on screen for 3207.5s | zone=0.0s
  Person 16 on screen for 1907.7s | zone=7.9s
  Person 18 on screen for 18.9s | zone=16.5s
  Person 19 on screen for 0.1s | zone=0.0s
  Person 20 on screen for 88.4s | zone=88.3s
  Person 21 on screen for 961.3s | zone=7.1s
  Person 23 on screen for 2597.3s | zone=1459.8s
  Person 24 on screen for 2324.7s | zone=2189.8s
  Person 25 on screen for 0.2s | zone=0.0s
  Person 28 on screen for 3029.7s | zone=0.1s
  Person 30 on screen for 0.1s | zone=0.0s
  Person 31 on screen for 50.7s | zone=0.3s
  Person 35 on screen for 0.5s | zone=0.0s
  Person 36 on screen for 2088.3s | zone=20.9s
  Person 39 on screen for 28.4s | zone=0.0s
  Person 40 on screen for 2670.0s | zone=1808.6s
  Person 44 on screen for 2981.8s | zone=23.3s
  Person 49 on screen for 0.6s | zone=0.5s
  Person 52 on screen for 0.2s | zone=0.0s
  Person 53 on screen for 1411.3s | zone=1.5s
  Person 55 on screen for 514.3s | zone=477.3s
  Person 56 on screen for 106.8s | zone=0.3s
  Person 57 on screen for 1786.0s | zone=0.0s
  Person 70 on screen for 6.4s | zone=6.3s
  Person 72 on screen for 3.8s | zone=3.7s
  Person 74 on screen for 1582.4s | zone=284.1s
  Person 81 on screen for 1620.5s | zone=0.0s
  Person 90 on screen for 1610.5s | zone=5.5s
  Person 96 on screen for 1502.7s | zone=570.7s
  Person 97 on screen for 104.8s | zone=0.3s
  Person 99 on screen for 14.9s | zone=0.0s
  Person 106 on screen for 1626.4s | zone=8.0s
  Person 116 on screen for 141.6s | zone=110.2s
  Person 120 on screen for 0.2s | zone=0.0s
  Person 121 on screen for 995.1s | zone=6.0s
  Person 124 on screen for 562.6s | zone=0.5s
  Person 125 on screen for 95.5s | zone=95.7s
  Person 126 on screen for 1096.6s | zone=275.9s
  Person 130 on screen for 832.8s | zone=7.6s
  Person 132 on screen for 0.7s | zone=0.0s
  Person 134 on screen for 555.8s | zone=0.5s
  Person 135 on screen for 1284.4s | zone=460.0s
  Person 141 on screen for 10.4s | zone=3.0s
  Person 142 on screen for 311.2s | zone=2.8s
  Person 143 on screen for 1183.1s | zone=80.4s
  Person 144 on screen for 196.9s | zone=0.2s
  Person 146 on screen for 17.4s | zone=0.0s
  Person 148 on screen for 9.8s | zone=0.1s
  Person 155 on screen for 0.2s | zone=0.0s
  Person 157 on screen for 7.0s | zone=0.0s
  Person 163 on screen for 61.1s | zone=61.0s
  Person 166 on screen for 867.2s | zone=0.0s
  Person 168 on screen for 1.1s | zone=0.0s
  Person 178 on screen for 678.3s | zone=50.7s
  Person 179 on screen for 1.4s | zone=0.0s
  Person 181 on screen for 378.8s | zone=0.0s
  Person 183 on screen for 36.4s | zone=0.0s
  Person 187 on screen for 4.0s | zone=0.1s
  Person 188 on screen for 202.3s | zone=0.1s
  Person 198 on screen for 48.2s | zone=0.0s
  Person 200 on screen for 82.0s | zone=0.8s
  Person 204 on screen for 4.0s | zone=0.0s
  Person 208 on screen for 67.7s | zone=1.6s
  Person 213 on screen for 9.9s | zone=3.5s
  Person 215 on screen for 26.4s | zone=1.5s
  Person 216 on screen for 39.2s | zone=0.2s
  Person 221 on screen for 4.9s | zone=0.1s
  Person 223 on screen for 1.5s | zone=0.0s
  Person 227 on screen for 345.2s | zone=5.8s
  Person 231 on screen for 6.4s | zone=0.0s
  Person 234 on screen for 2.8s | zone=0.0s
  Person 241 on screen for 274.7s | zone=0.0s
  Person 246 on screen for 0.9s | zone=0.0s
  Person 247 on screen for 0.4s | zone=0.0s
  Person 248 on screen for 0.6s | zone=0.0s
  Person 252 on screen for 47.1s | zone=0.0s
  Person 253 on screen for 185.2s | zone=0.1s
  Person 257 on screen for 127.2s | zone=7.6s
  Person 258 on screen for 27.3s | zone=3.5s
  Person 266 on screen for 66.4s | zone=0.0s
  Person 267 on screen for 0.8s | zone=0.0s
  Person 278 on screen for 63.4s | zone=0.0s
  Person 281 on screen for 3.7s | zone=0.7s
  Person 289 on screen for 135.8s | zone=0.0s
  Person 290 on screen for 0.4s | zone=0.0s
  Person 300 on screen for 2.7s | zone=0.8s
  Person 306 on screen for 4.4s | zone=0.0s
  Person 309 on screen for 2.2s | zone=0.0s
  Person 310 on screen for 1.1s | zone=0.0s
Person-ID memory saved: C:\Users\vioyq\Desktop\Coach_Tracker\coach-tracker-demo\coach-store\person-ID\coach3\0320.json
CSV written: C:\Users\vioyq\Desktop\Coach_Tracker\coach-tracker-demo\coach-store\CSV-state\coach3\0320-coach3-20260324-133910.csv
--- end report ---

[Progress] 2/13 ( 15.4%) | elapsed  1476.8s | ETA  8122.7s

=== Running: Coach-3-hour-2-20260320105957.mp4 ===
Person-ID memory: loaded 98 IDs from C:\Users\vioyq\Desktop\Coach_Tracker\coach-tracker-demo\coach-store\person-ID\coach3\0320.json
[coach3] C:\Users\vioyq\Desktop\Coach_Tracker\_Coach_Video\3-20\Coach-3\Coach-3-hour-2-20260320105957.mp4 (36000 frames @ 10.0 fps). (headless)
Config: yaml=coach3.yaml zone=C:\Users\vioyq\Desktop\Coach_Tracker\coach-tracker-demo\coach-store\zone\coach3.json
Output CSV: C:\Users\vioyq\Desktop\Coach_Tracker\coach-tracker-demo\coach-store\CSV-state\coach3\0320-coach3-20260324-133910.csv

--- Report ---
Time spent processing: 1528.5s
Time on screen per person:
  Person 0 on screen for 2541.8s | zone=0.0s
  Person 1 on screen for 3062.8s | zone=2942.9s
  Person 2 on screen for 3061.7s | zone=3025.4s
  Person 3 on screen for 2916.1s | zone=2775.8s
  Person 4 on screen for 3074.8s | zone=0.0s
  Person 5 on screen for 981.7s | zone=0.0s
  Person 6 on screen for 3064.0s | zone=0.1s
  Person 9 on screen for 3396.4s | zone=0.2s
  Person 12 on screen for 1.0s | zone=0.0s
  Person 14 on screen for 2415.7s | zone=2.1s
  Person 18 on screen for 1453.3s | zone=0.0s
  Person 20 on screen for 3418.6s | zone=4.0s
  Person 21 on screen for 131.6s | zone=0.0s
  Person 23 on screen for 28.8s | zone=0.8s
  Person 24 on screen for 2386.8s | zone=1704.9s
  Person 25 on screen for 0.2s | zone=0.0s
  Person 28 on screen for 2417.8s | zone=2.3s
  Person 30 on screen for 2638.6s | zone=0.0s
  Person 31 on screen for 2040.7s | zone=198.3s
  Person 35 on screen for 0.5s | zone=0.0s
  Person 36 on screen for 117.9s | zone=0.0s
  Person 37 on screen for 225.1s | zone=193.7s
  Person 39 on screen for 1.4s | zone=0.0s
  Person 40 on screen for 83.8s | zone=7.3s
  Person 43 on screen for 0.3s | zone=0.0s
  Person 44 on screen for 23.9s | zone=2.8s
  Person 45 on screen for 0.7s | zone=0.0s
  Person 46 on screen for 3307.9s | zone=0.1s
  Person 48 on screen for 564.3s | zone=564.2s
  Person 49 on screen for 2095.4s | zone=0.0s
  Person 53 on screen for 897.4s | zone=467.3s
  Person 55 on screen for 800.5s | zone=19.2s
  Person 57 on screen for 1348.0s | zone=0.0s
  Person 66 on screen for 3303.4s | zone=0.0s
  Person 70 on screen for 74.6s | zone=0.0s
  Person 72 on screen for 8.8s | zone=8.7s
  Person 74 on screen for 264.7s | zone=0.0s
  Person 78 on screen for 2064.9s | zone=1.5s
  Person 80 on screen for 3235.9s | zone=0.0s
  Person 81 on screen for 3257.8s | zone=194.6s
  Person 86 on screen for 2049.2s | zone=0.6s
  Person 87 on screen for 2694.9s | zone=2689.6s
  Person 88 on screen for 2730.4s | zone=3.5s
  Person 90 on screen for 98.5s | zone=4.2s
  Person 91 on screen for 1224.5s | zone=263.1s
  Person 96 on screen for 2916.4s | zone=0.0s
  Person 97 on screen for 921.9s | zone=106.0s
  Person 99 on screen for 3141.7s | zone=267.5s
  Person 100 on screen for 2.0s | zone=0.0s
  Person 101 on screen for 0.6s | zone=0.0s
  Person 102 on screen for 0.2s | zone=0.0s
  Person 106 on screen for 12.2s | zone=0.0s
  Person 107 on screen for 3201.9s | zone=0.0s
  Person 112 on screen for 3.4s | zone=0.0s
  Person 114 on screen for 2598.7s | zone=16.5s
  Person 116 on screen for 355.1s | zone=10.1s
  Person 121 on screen for 89.0s | zone=13.5s
  Person 124 on screen for 1522.6s | zone=1.1s
  Person 125 on screen for 3551.9s | zone=44.3s
  Person 130 on screen for 2694.4s | zone=2.2s
  Person 132 on screen for 3535.0s | zone=0.2s
  Person 133 on screen for 565.1s | zone=4.8s
  Person 135 on screen for 3.9s | zone=0.4s
  Person 138 on screen for 2549.6s | zone=0.0s
  Person 141 on screen for 0.1s | zone=0.0s
  Person 142 on screen for 38.4s | zone=0.9s
  Person 143 on screen for 2354.1s | zone=0.0s
  Person 146 on screen for 29.2s | zone=1.4s
  Person 148 on screen for 204.2s | zone=0.0s
  Person 151 on screen for 2855.4s | zone=93.3s
  Person 152 on screen for 2202.9s | zone=0.0s
  Person 159 on screen for 2959.5s | zone=0.0s
  Person 163 on screen for 1008.4s | zone=0.0s
  Person 166 on screen for 2404.3s | zone=2.2s
  Person 178 on screen for 2116.0s | zone=0.4s
  Person 179 on screen for 705.8s | zone=3.1s
  Person 181 on screen for 7.7s | zone=0.0s
  Person 183 on screen for 73.5s | zone=0.0s
  Person 185 on screen for 162.0s | zone=0.2s
  Person 188 on screen for 87.0s | zone=0.0s
  Person 194 on screen for 1987.5s | zone=0.0s
  Person 195 on screen for 1729.0s | zone=0.0s
  Person 198 on screen for 875.1s | zone=0.0s
  Person 199 on screen for 54.3s | zone=0.0s
  Person 203 on screen for 2004.5s | zone=671.5s
  Person 204 on screen for 2972.6s | zone=2.4s
  Person 207 on screen for 2.0s | zone=0.0s
  Person 208 on screen for 131.3s | zone=2.4s
  Person 209 on screen for 2242.2s | zone=0.0s
  Person 211 on screen for 2631.7s | zone=0.6s
  Person 213 on screen for 5.9s | zone=0.2s
  Person 216 on screen for 1007.6s | zone=2.8s
  Person 221 on screen for 26.4s | zone=1142.2s
  Person 227 on screen for 657.1s | zone=0.0s
  Person 229 on screen for 1.0s | zone=0.0s
  Person 234 on screen for 2816.7s | zone=67.9s
  Person 239 on screen for 63.0s | zone=0.0s
  Person 241 on screen for 2638.1s | zone=7.1s
  Person 244 on screen for 856.3s | zone=0.0s
  Person 246 on screen for 194.8s | zone=0.0s
  Person 248 on screen for 2448.6s | zone=0.0s
  Person 252 on screen for 2355.6s | zone=1.2s
  Person 253 on screen for 500.9s | zone=3.6s
  Person 256 on screen for 0.4s | zone=0.0s
  Person 257 on screen for 3489.4s | zone=0.0s
  Person 258 on screen for 1693.6s | zone=0.0s
  Person 267 on screen for 2502.1s | zone=4.4s
  Person 278 on screen for 2695.3s | zone=0.0s
  Person 281 on screen for 652.1s | zone=0.4s
  Person 289 on screen for 942.3s | zone=1.3s
  Person 290 on screen for 2502.1s | zone=0.2s
  Person 293 on screen for 1280.4s | zone=0.0s
  Person 300 on screen for 1160.4s | zone=0.4s
  Person 309 on screen for 1316.0s | zone=0.4s
  Person 310 on screen for 2911.3s | zone=0.0s
  Person 322 on screen for 30.2s | zone=1.6s
  Person 335 on screen for 401.4s | zone=2.4s
  Person 359 on screen for 1522.5s | zone=0.2s
  Person 364 on screen for 17.1s | zone=0.0s
  Person 365 on screen for 1481.7s | zone=1275.6s
  Person 376 on screen for 1338.9s | zone=0.0s
  Person 380 on screen for 395.1s | zone=1.2s
  Person 381 on screen for 18.5s | zone=2.7s
  Person 383 on screen for 75.7s | zone=0.0s
  Person 394 on screen for 768.4s | zone=768.3s
  Person 402 on screen for 1243.1s | zone=1219.7s
  Person 408 on screen for 766.2s | zone=0.9s
  Person 412 on screen for 0.1s | zone=0.0s
  Person 414 on screen for 43.2s | zone=0.6s
  Person 438 on screen for 51.9s | zone=0.0s
  Person 446 on screen for 0.9s | zone=0.0s
  Person 463 on screen for 762.6s | zone=0.1s
  Person 472 on screen for 806.5s | zone=0.0s
  Person 473 on screen for 436.1s | zone=0.0s
  Person 481 on screen for 14.1s | zone=0.2s
  Person 496 on screen for 1.0s | zone=0.0s
  Person 498 on screen for 165.2s | zone=0.0s
  Person 500 on screen for 831.4s | zone=0.0s
  Person 505 on screen for 31.2s | zone=0.0s
  Person 510 on screen for 65.4s | zone=0.0s
  Person 513 on screen for 1.9s | zone=0.0s
  Person 520 on screen for 34.1s | zone=0.3s
  Person 523 on screen for 168.6s | zone=2.4s
  Person 524 on screen for 468.9s | zone=440.9s
  Person 531 on screen for 302.2s | zone=1.4s
  Person 549 on screen for 12.0s | zone=2.0s
  Person 567 on screen for 0.9s | zone=0.0s
  Person 578 on screen for 402.8s | zone=15.4s
  Person 587 on screen for 1.0s | zone=0.0s
  Person 592 on screen for 59.2s | zone=0.6s
  Person 593 on screen for 89.2s | zone=0.1s
  Person 598 on screen for 21.8s | zone=0.0s
  Person 601 on screen for 73.3s | zone=0.0s
  Person 604 on screen for 1.9s | zone=0.0s
  Person 608 on screen for 1.2s | zone=0.0s
  Person 614 on screen for 93.3s | zone=0.0s
  Person 622 on screen for 13.0s | zone=0.0s
  Person 625 on screen for 202.8s | zone=0.0s
  Person 629 on screen for 44.7s | zone=2.0s
  Person 631 on screen for 0.3s | zone=0.2s
  Person 634 on screen for 22.4s | zone=0.1s
  Person 639 on screen for 79.5s | zone=0.0s
  Person 643 on screen for 5.9s | zone=0.1s
  Person 649 on screen for 112.8s | zone=0.0s
  Person 653 on screen for 7.1s | zone=0.2s
  Person 661 on screen for 60.6s | zone=27.2s
Person-ID memory saved: C:\Users\vioyq\Desktop\Coach_Tracker\coach-tracker-demo\coach-store\person-ID\coach3\0320.json
CSV written: C:\Users\vioyq\Desktop\Coach_Tracker\coach-tracker-demo\coach-store\CSV-state\coach3\0320-coach3-20260324-133910.csv
--- end report ---

[Progress] 3/13 ( 23.1%) | elapsed  3014.0s | ETA 10046.6s

=== Running: Coach-3-hour-3-20260320115957.mp4 ===
Person-ID memory: loaded 186 IDs from C:\Users\vioyq\Desktop\Coach_Tracker\coach-tracker-demo\coach-store\person-ID\coach3\0320.json
[coach3] C:\Users\vioyq\Desktop\Coach_Tracker\_Coach_Video\3-20\Coach-3\Coach-3-hour-3-20260320115957.mp4 (36000 frames @ 10.0 fps). (headless)
Config: yaml=coach3.yaml zone=C:\Users\vioyq\Desktop\Coach_Tracker\coach-tracker-demo\coach-store\zone\coach3.json
Output CSV: C:\Users\vioyq\Desktop\Coach_Tracker\coach-tracker-demo\coach-store\CSV-state\coach3\0320-coach3-20260324-133910.csv

--- Report ---
Time spent processing: 1505.2s
Time on screen per person:
  Person 0 on screen for 2698.3s | zone=0.0s
  Person 1 on screen for 2701.4s | zone=0.0s
  Person 2 on screen for 23.3s | zone=0.0s
  Person 3 on screen for 1888.4s | zone=1866.3s
  Person 4 on screen for 2443.0s | zone=0.1s
  Person 5 on screen for 1609.8s | zone=0.0s
  Person 6 on screen for 938.5s | zone=0.0s
  Person 9 on screen for 7.0s | zone=1.5s
  Person 10 on screen for 8.6s | zone=2.2s
  Person 14 on screen for 12.5s | zone=10.3s
  Person 15 on screen for 311.8s | zone=0.0s
  Person 16 on screen for 269.5s | zone=0.2s
  Person 17 on screen for 0.2s | zone=0.0s
  Person 18 on screen for 2544.3s | zone=1340.6s
  Person 19 on screen for 319.1s | zone=0.0s
  Person 20 on screen for 483.4s | zone=404.4s
  Person 21 on screen for 1160.6s | zone=0.0s
  Person 23 on screen for 2056.9s | zone=0.0s
  Person 24 on screen for 324.8s | zone=4.9s
  Person 25 on screen for 1314.7s | zone=0.0s
  Person 26 on screen for 2300.8s | zone=3.0s
  Person 28 on screen for 243.1s | zone=2.4s
  Person 30 on screen for 2791.6s | zone=1.1s
  Person 35 on screen for 1718.1s | zone=0.0s
  Person 36 on screen for 3157.2s | zone=0.8s
  Person 39 on screen for 2278.5s | zone=0.2s
  Person 41 on screen for 248.9s | zone=0.0s
  Person 42 on screen for 1194.3s | zone=0.0s
  Person 43 on screen for 2294.7s | zone=0.1s
  Person 44 on screen for 1691.0s | zone=0.0s
  Person 53 on screen for 1276.9s | zone=98.5s
  Person 55 on screen for 10.2s | zone=0.0s
  Person 57 on screen for 237.2s | zone=10.4s
  Person 59 on screen for 0.8s | zone=0.0s
  Person 62 on screen for 1959.7s | zone=0.0s
  Person 66 on screen for 2927.4s | zone=611.1s
  Person 72 on screen for 1703.5s | zone=5.6s
  Person 77 on screen for 2424.2s | zone=0.0s
  Person 78 on screen for 1857.6s | zone=1856.0s
  Person 80 on screen for 2375.0s | zone=2303.1s
  Person 81 on screen for 1718.8s | zone=1621.1s
  Person 82 on screen for 2785.9s | zone=2763.9s
  Person 83 on screen for 8.6s | zone=0.0s
  Person 86 on screen for 1590.7s | zone=3.3s
  Person 87 on screen for 1023.8s | zone=52.8s
  Person 88 on screen for 15.9s | zone=0.0s
  Person 91 on screen for 6.9s | zone=0.3s
  Person 96 on screen for 11.8s | zone=0.0s
  Person 99 on screen for 1994.5s | zone=2.5s
  Person 101 on screen for 2959.0s | zone=5.0s
  Person 107 on screen for 12.6s | zone=0.0s
  Person 112 on screen for 0.3s | zone=0.7s
  Person 114 on screen for 2411.2s | zone=26.1s
  Person 116 on screen for 3462.3s | zone=2293.5s
  Person 124 on screen for 60.1s | zone=0.0s
  Person 125 on screen for 1394.6s | zone=8.8s
  Person 126 on screen for 1455.2s | zone=3.5s
  Person 130 on screen for 2924.8s | zone=130.7s
  Person 132 on screen for 2875.2s | zone=0.0s
  Person 133 on screen for 118.2s | zone=6.5s
  Person 135 on screen for 1260.8s | zone=1014.8s
  Person 138 on screen for 1927.4s | zone=0.0s
  Person 141 on screen for 54.3s | zone=2.6s
  Person 142 on screen for 29.6s | zone=0.1s
  Person 143 on screen for 12.3s | zone=0.6s
  Person 144 on screen for 53.8s | zone=0.0s
  Person 151 on screen for 523.8s | zone=0.4s
  Person 152 on screen for 329.4s | zone=0.0s
  Person 159 on screen for 2822.3s | zone=0.0s
  Person 160 on screen for 2157.2s | zone=0.0s
  Person 162 on screen for 1339.3s | zone=2.8s
  Person 164 on screen for 805.4s | zone=758.0s
  Person 166 on screen for 1944.7s | zone=1.5s
  Person 179 on screen for 948.6s | zone=23.4s
  Person 181 on screen for 1849.0s | zone=747.8s
  Person 194 on screen for 3054.2s | zone=656.8s
  Person 195 on screen for 6.7s | zone=0.2s
  Person 198 on screen for 1753.2s | zone=1753.1s
  Person 201 on screen for 2153.0s | zone=2149.3s
  Person 207 on screen for 1392.7s | zone=3.8s
  Person 208 on screen for 1003.1s | zone=0.0s
  Person 209 on screen for 2988.1s | zone=4.0s
  Person 213 on screen for 3388.6s | zone=0.2s
  Person 216 on screen for 193.0s | zone=18.2s
  Person 221 on screen for 30.1s | zone=1.3s
  Person 223 on screen for 1595.2s | zone=0.0s
  Person 227 on screen for 785.6s | zone=16.8s
  Person 229 on screen for 1612.3s | zone=763.8s
  Person 231 on screen for 958.0s | zone=0.1s
  Person 234 on screen for 3090.0s | zone=1.2s
  Person 239 on screen for 1309.6s | zone=0.0s
  Person 241 on screen for 3470.1s | zone=41.0s
  Person 244 on screen for 0.5s | zone=0.0s
  Person 246 on screen for 1254.6s | zone=0.0s
  Person 248 on screen for 1082.8s | zone=6.6s
  Person 250 on screen for 1716.2s | zone=1217.1s
  Person 252 on screen for 1560.2s | zone=0.0s
  Person 253 on screen for 501.7s | zone=0.1s
  Person 256 on screen for 0.8s | zone=0.0s
  Person 257 on screen for 1452.2s | zone=578.9s
  Person 258 on screen for 351.7s | zone=0.0s
  Person 263 on screen for 1542.9s | zone=0.0s
  Person 267 on screen for 1211.8s | zone=16.2s
  Person 270 on screen for 212.3s | zone=0.0s
  Person 277 on screen for 138.8s | zone=0.0s
  Person 278 on screen for 1387.2s | zone=0.0s
  Person 281 on screen for 1948.0s | zone=3.8s
  Person 284 on screen for 103.6s | zone=0.0s
  Person 286 on screen for 37.0s | zone=0.0s
  Person 290 on screen for 1286.0s | zone=0.0s
  Person 297 on screen for 7.7s | zone=0.0s
  Person 308 on screen for 1739.3s | zone=70.2s
  Person 310 on screen for 20.7s | zone=0.0s
  Person 317 on screen for 16.2s | zone=16.1s
  Person 326 on screen for 18.3s | zone=0.0s
  Person 331 on screen for 6.3s | zone=0.0s
  Person 332 on screen for 1072.1s | zone=6.3s
  Person 335 on screen for 1565.9s | zone=1590.8s
  Person 337 on screen for 991.8s | zone=991.7s
  Person 345 on screen for 7.3s | zone=0.1s
  Person 346 on screen for 1773.0s | zone=0.0s
  Person 349 on screen for 0.7s | zone=0.0s
  Person 353 on screen for 1.4s | zone=0.0s
  Person 359 on screen for 3026.1s | zone=0.0s
  Person 363 on screen for 0.9s | zone=1.9s
  Person 364 on screen for 2421.0s | zone=18.8s
  Person 365 on screen for 321.6s | zone=0.0s
  Person 369 on screen for 32.9s | zone=0.0s
  Person 373 on screen for 3.5s | zone=0.0s
  Person 375 on screen for 0.5s | zone=0.0s
  Person 376 on screen for 862.5s | zone=1.1s
  Person 383 on screen for 0.9s | zone=0.0s
  Person 392 on screen for 40.7s | zone=6.6s
  Person 394 on screen for 950.6s | zone=950.5s
  Person 396 on screen for 0.5s | zone=0.0s
  Person 401 on screen for 6.0s | zone=0.0s
  Person 402 on screen for 56.6s | zone=0.0s
  Person 408 on screen for 2520.9s | zone=461.4s
  Person 410 on screen for 22.3s | zone=0.1s
  Person 411 on screen for 515.5s | zone=2.2s
  Person 413 on screen for 1332.0s | zone=1326.7s
  Person 414 on screen for 397.1s | zone=0.0s
  Person 421 on screen for 49.2s | zone=0.0s
  Person 427 on screen for 3.7s | zone=3.6s
  Person 429 on screen for 9.5s | zone=0.0s
  Person 435 on screen for 736.7s | zone=736.6s
  Person 446 on screen for 2480.8s | zone=0.0s
  Person 453 on screen for 742.3s | zone=0.0s
  Person 457 on screen for 7.4s | zone=0.2s
  Person 460 on screen for 271.2s | zone=164.2s
  Person 462 on screen for 43.9s | zone=0.0s
  Person 463 on screen for 1051.4s | zone=0.5s
  Person 465 on screen for 0.5s | zone=0.0s
  Person 466 on screen for 37.5s | zone=0.0s
  Person 471 on screen for 0.2s | zone=0.0s
  Person 472 on screen for 3.2s | zone=0.0s
  Person 473 on screen for 1387.3s | zone=0.0s
  Person 480 on screen for 326.7s | zone=0.0s
  Person 495 on screen for 19.8s | zone=1.0s
  Person 496 on screen for 1335.8s | zone=0.2s
  Person 498 on screen for 67.0s | zone=0.0s
  Person 499 on screen for 8.7s | zone=0.0s
  Person 500 on screen for 1063.0s | zone=43.4s
  Person 504 on screen for 454.2s | zone=0.0s
  Person 505 on screen for 2837.5s | zone=3.8s
  Person 510 on screen for 798.1s | zone=0.0s
  Person 513 on screen for 4.7s | zone=0.0s
  Person 516 on screen for 795.8s | zone=0.0s
  Person 520 on screen for 656.7s | zone=0.1s
  Person 523 on screen for 491.8s | zone=0.2s
  Person 524 on screen for 85.3s | zone=37.0s
  Person 552 on screen for 14.5s | zone=10.4s
  Person 555 on screen for 10.3s | zone=10.2s
  Person 560 on screen for 406.3s | zone=355.1s
  Person 567 on screen for 1.7s | zone=0.0s
  Person 569 on screen for 18.5s | zone=4.5s
  Person 572 on screen for 6.4s | zone=0.0s
  Person 578 on screen for 3.0s | zone=0.0s
  Person 580 on screen for 9.4s | zone=0.1s
  Person 583 on screen for 7.9s | zone=0.0s
  Person 588 on screen for 0.2s | zone=0.0s
  Person 589 on screen for 1.8s | zone=0.0s
  Person 591 on screen for 1.7s | zone=0.0s
  Person 592 on screen for 12.3s | zone=0.0s
  Person 593 on screen for 77.1s | zone=0.0s
  Person 595 on screen for 91.5s | zone=0.3s
  Person 598 on screen for 1636.2s | zone=0.1s
  Person 599 on screen for 0.5s | zone=0.0s
  Person 601 on screen for 1682.2s | zone=0.0s
  Person 603 on screen for 44.1s | zone=0.0s
  Person 608 on screen for 1095.6s | zone=1309.1s
  Person 614 on screen for 2097.5s | zone=0.8s
  Person 617 on screen for 10.2s | zone=0.3s
  Person 622 on screen for 37.1s | zone=16.1s
  Person 625 on screen for 100.7s | zone=0.2s
  Person 629 on screen for 870.9s | zone=0.0s
  Person 631 on screen for 22.1s | zone=0.0s
  Person 634 on screen for 2102.0s | zone=0.1s
  Person 635 on screen for 149.1s | zone=0.0s
  Person 639 on screen for 10.8s | zone=0.1s
  Person 648 on screen for 0.6s | zone=0.0s
  Person 649 on screen for 1979.4s | zone=2.0s
  Person 653 on screen for 5.5s | zone=0.9s
  Person 654 on screen for 0.1s | zone=0.0s
Person-ID memory saved: C:\Users\vioyq\Desktop\Coach_Tracker\coach-tracker-demo\coach-store\person-ID\coach3\0320.json
CSV written: C:\Users\vioyq\Desktop\Coach_Tracker\coach-tracker-demo\coach-store\CSV-state\coach3\0320-coach3-20260324-133910.csv
--- end report ---

[Progress] 4/13 ( 30.8%) | elapsed  4523.2s | ETA 10177.3s

=== Running: Coach-3-hour-4-20260320125957.mp4 ===
Person-ID memory: loaded 261 IDs from C:\Users\vioyq\Desktop\Coach_Tracker\coach-tracker-demo\coach-store\person-ID\coach3\0320.json
[coach3] C:\Users\vioyq\Desktop\Coach_Tracker\_Coach_Video\3-20\Coach-3\Coach-3-hour-4-20260320125957.mp4 (36000 frames @ 10.0 fps). (headless)
Config: yaml=coach3.yaml zone=C:\Users\vioyq\Desktop\Coach_Tracker\coach-tracker-demo\coach-store\zone\coach3.json
Output CSV: C:\Users\vioyq\Desktop\Coach_Tracker\coach-tracker-demo\coach-store\CSV-state\coach3\0320-coach3-20260324-133910.csv

--- Report ---
Time spent processing: 1528.2s
Time on screen per person:
  Person 0 on screen for 1980.3s | zone=0.0s
  Person 1 on screen for 3460.7s | zone=0.1s
  Person 2 on screen for 228.7s | zone=0.0s
  Person 3 on screen for 3073.6s | zone=3.4s
  Person 4 on screen for 3270.1s | zone=253.9s
  Person 5 on screen for 6.9s | zone=1.3s
  Person 6 on screen for 1032.4s | zone=0.0s
  Person 8 on screen for 5.3s | zone=0.6s
  Person 9 on screen for 2487.2s | zone=0.0s
  Person 14 on screen for 524.8s | zone=3.5s
  Person 15 on screen for 2300.6s | zone=20.8s
  Person 18 on screen for 2135.1s | zone=422.9s
  Person 21 on screen for 144.4s | zone=9.3s
  Person 23 on screen for 3443.0s | zone=10.0s
  Person 24 on screen for 329.0s | zone=328.9s
  Person 25 on screen for 1.6s | zone=0.7s
  Person 28 on screen for 2133.6s | zone=0.0s
  Person 30 on screen for 1040.7s | zone=0.0s
  Person 31 on screen for 0.3s | zone=0.0s
  Person 34 on screen for 1076.4s | zone=0.0s
  Person 35 on screen for 2814.1s | zone=71.0s
  Person 39 on screen for 3017.3s | zone=3439.0s
  Person 42 on screen for 2109.9s | zone=0.0s
  Person 43 on screen for 844.6s | zone=0.5s
  Person 44 on screen for 26.3s | zone=0.0s
  Person 45 on screen for 4.2s | zone=0.0s
  Person 48 on screen for 996.1s | zone=5.6s
  Person 49 on screen for 160.8s | zone=0.0s
  Person 57 on screen for 16.2s | zone=3.5s
  Person 62 on screen for 1988.2s | zone=0.0s
  Person 63 on screen for 971.0s | zone=10.1s
  Person 66 on screen for 2452.3s | zone=1107.8s
  Person 70 on screen for 1356.6s | zone=0.0s
  Person 74 on screen for 685.7s | zone=0.0s
  Person 75 on screen for 42.0s | zone=0.2s
  Person 77 on screen for 1257.6s | zone=0.0s
  Person 78 on screen for 1327.3s | zone=414.0s
  Person 80 on screen for 3260.1s | zone=2304.4s
  Person 81 on screen for 3326.2s | zone=1.8s
  Person 83 on screen for 7.9s | zone=0.0s
  Person 87 on screen for 1998.8s | zone=0.0s
  Person 88 on screen for 22.2s | zone=0.0s
  Person 96 on screen for 1650.5s | zone=0.0s
  Person 97 on screen for 1182.6s | zone=0.0s
  Person 100 on screen for 1604.6s | zone=0.0s
  Person 101 on screen for 2653.9s | zone=0.0s
  Person 106 on screen for 0.2s | zone=0.1s
  Person 107 on screen for 41.0s | zone=0.3s
  Person 114 on screen for 124.1s | zone=2812.6s
  Person 116 on screen for 580.2s | zone=6.4s
  Person 117 on screen for 54.4s | zone=0.0s
  Person 119 on screen for 2736.3s | zone=0.0s
  Person 121 on screen for 10.8s | zone=0.1s
  Person 125 on screen for 2595.1s | zone=0.0s
  Person 126 on screen for 2560.9s | zone=34.9s
  Person 127 on screen for 865.7s | zone=0.1s
  Person 132 on screen for 2251.2s | zone=21.5s
  Person 133 on screen for 0.4s | zone=0.0s
  Person 134 on screen for 3.6s | zone=0.0s
  Person 135 on screen for 1171.8s | zone=858.2s
  Person 140 on screen for 1888.5s | zone=12.3s
  Person 141 on screen for 7.5s | zone=765.2s
  Person 142 on screen for 38.5s | zone=15.2s
  Person 145 on screen for 0.1s | zone=0.0s
  Person 150 on screen for 2.5s | zone=0.0s
  Person 152 on screen for 1801.4s | zone=1788.7s
  Person 153 on screen for 29.4s | zone=0.0s
  Person 159 on screen for 944.3s | zone=2.1s
  Person 160 on screen for 3151.0s | zone=0.0s
  Person 163 on screen for 76.0s | zone=0.0s
  Person 164 on screen for 1896.1s | zone=0.1s
  Person 166 on screen for 47.6s | zone=0.1s
  Person 168 on screen for 27.5s | zone=0.0s
  Person 179 on screen for 2750.1s | zone=0.1s
  Person 181 on screen for 1780.2s | zone=1635.5s
  Person 182 on screen for 225.5s | zone=5.1s
  Person 186 on screen for 7.1s | zone=1.0s
  Person 188 on screen for 1972.0s | zone=1.9s
  Person 195 on screen for 14.1s | zone=0.0s
  Person 203 on screen for 1424.9s | zone=0.0s
  Person 204 on screen for 1.8s | zone=1.7s
  Person 207 on screen for 310.3s | zone=0.0s
  Person 208 on screen for 2486.5s | zone=0.2s
  Person 213 on screen for 552.5s | zone=1.5s
  Person 217 on screen for 405.4s | zone=17.2s
  Person 220 on screen for 0.3s | zone=0.0s
  Person 222 on screen for 1874.0s | zone=37.1s
  Person 223 on screen for 673.5s | zone=0.0s
  Person 227 on screen for 815.3s | zone=0.9s
  Person 229 on screen for 8.5s | zone=0.0s
  Person 233 on screen for 1550.7s | zone=0.3s
  Person 239 on screen for 1653.9s | zone=0.0s
  Person 244 on screen for 3.7s | zone=0.3s
  Person 246 on screen for 31.0s | zone=0.7s
  Person 247 on screen for 2487.7s | zone=0.0s
  Person 248 on screen for 16.9s | zone=10.2s
  Person 250 on screen for 1690.5s | zone=33.8s
  Person 252 on screen for 16.7s | zone=11.7s
  Person 253 on screen for 1463.0s | zone=0.0s
  Person 255 on screen for 35.0s | zone=0.0s
  Person 256 on screen for 0.4s | zone=0.0s
  Person 258 on screen for 774.4s | zone=0.0s
  Person 265 on screen for 19.5s | zone=0.0s
  Person 266 on screen for 636.4s | zone=0.0s
  Person 268 on screen for 1807.3s | zone=0.9s
  Person 270 on screen for 9.3s | zone=0.0s
  Person 278 on screen for 337.6s | zone=0.1s
  Person 279 on screen for 16.0s | zone=0.2s
  Person 281 on screen for 13.6s | zone=0.0s
  Person 285 on screen for 504.5s | zone=0.2s
  Person 290 on screen for 1738.1s | zone=3.2s
  Person 291 on screen for 35.4s | zone=35.4s
  Person 292 on screen for 15.8s | zone=0.3s
  Person 293 on screen for 27.0s | zone=0.0s
  Person 299 on screen for 783.0s | zone=6.2s
  Person 303 on screen for 1383.1s | zone=1373.9s
  Person 304 on screen for 23.1s | zone=0.0s
  Person 307 on screen for 946.0s | zone=927.9s
  Person 308 on screen for 12.6s | zone=0.0s
  Person 309 on screen for 1236.5s | zone=0.2s
  Person 310 on screen for 1914.0s | zone=141.0s
  Person 317 on screen for 1564.0s | zone=1563.9s
  Person 326 on screen for 70.3s | zone=0.0s
  Person 332 on screen for 1053.5s | zone=1045.3s
  Person 335 on screen for 57.3s | zone=0.0s
  Person 340 on screen for 2.7s | zone=0.0s
  Person 347 on screen for 4.7s | zone=2.2s
  Person 350 on screen for 20.5s | zone=2.2s
  Person 353 on screen for 1498.5s | zone=8.8s
  Person 359 on screen for 1353.1s | zone=0.0s
  Person 363 on screen for 156.0s | zone=13.4s
  Person 364 on screen for 23.5s | zone=0.0s
  Person 367 on screen for 0.3s | zone=0.0s
  Person 369 on screen for 1251.4s | zone=2.3s
  Person 378 on screen for 1328.9s | zone=0.0s
  Person 383 on screen for 324.0s | zone=0.0s
  Person 392 on screen for 2666.5s | zone=0.0s
  Person 394 on screen for 2244.2s | zone=2244.1s
  Person 401 on screen for 39.0s | zone=0.0s
  Person 402 on screen for 1866.6s | zone=0.2s
  Person 407 on screen for 1.3s | zone=0.0s
  Person 411 on screen for 955.3s | zone=936.9s
  Person 413 on screen for 2331.6s | zone=2.6s
  Person 414 on screen for 2619.3s | zone=295.2s
  Person 421 on screen for 62.5s | zone=0.0s
  Person 427 on screen for 257.6s | zone=13.3s
  Person 429 on screen for 4.9s | zone=4.0s
  Person 434 on screen for 0.7s | zone=0.0s
  Person 445 on screen for 3.7s | zone=0.0s
  Person 446 on screen for 2721.1s | zone=10.2s
  Person 453 on screen for 55.2s | zone=0.0s
  Person 457 on screen for 16.1s | zone=0.0s
  Person 460 on screen for 1097.7s | zone=0.6s
  Person 462 on screen for 4.3s | zone=0.0s
  Person 463 on screen for 30.8s | zone=0.0s
  Person 464 on screen for 4.4s | zone=0.0s
  Person 467 on screen for 0.6s | zone=0.0s
  Person 480 on screen for 3405.8s | zone=0.1s
  Person 495 on screen for 15.8s | zone=2.5s
  Person 496 on screen for 37.4s | zone=0.4s
  Person 498 on screen for 1784.7s | zone=0.0s
  Person 499 on screen for 2333.6s | zone=0.1s
  Person 504 on screen for 371.9s | zone=0.0s
  Person 510 on screen for 2.0s | zone=0.0s
  Person 513 on screen for 1518.5s | zone=0.0s
  Person 516 on screen for 50.9s | zone=0.0s
  Person 520 on screen for 0.7s | zone=0.6s
  Person 523 on screen for 23.3s | zone=23.2s
  Person 524 on screen for 1323.1s | zone=0.2s
  Person 525 on screen for 19.8s | zone=0.0s
  Person 531 on screen for 2167.6s | zone=752.3s
  Person 539 on screen for 7.8s | zone=0.0s
  Person 540 on screen for 1.7s | zone=0.1s
  Person 544 on screen for 18.5s | zone=0.0s
  Person 552 on screen for 698.7s | zone=0.7s
  Person 555 on screen for 956.1s | zone=0.5s
  Person 560 on screen for 1363.2s | zone=10.8s
  Person 567 on screen for 237.3s | zone=206.7s
  Person 568 on screen for 125.8s | zone=0.0s
  Person 569 on screen for 57.3s | zone=0.0s
  Person 572 on screen for 2909.9s | zone=2.0s
  Person 573 on screen for 3.2s | zone=0.0s
  Person 574 on screen for 0.2s | zone=0.0s
  Person 578 on screen for 2727.4s | zone=0.0s
  Person 580 on screen for 3463.0s | zone=1.2s
  Person 583 on screen for 53.2s | zone=11.1s
  Person 595 on screen for 0.8s | zone=0.0s
  Person 600 on screen for 2.4s | zone=0.0s
  Person 601 on screen for 2687.0s | zone=0.1s
  Person 603 on screen for 32.6s | zone=24.2s
  Person 604 on screen for 82.4s | zone=4.4s
  Person 605 on screen for 3.7s | zone=0.0s
  Person 608 on screen for 20.3s | zone=1.2s
  Person 614 on screen for 1539.7s | zone=1272.1s
  Person 617 on screen for 2.9s | zone=2.1s
  Person 625 on screen for 418.4s | zone=0.0s
  Person 635 on screen for 3205.0s | zone=0.0s
  Person 639 on screen for 9.4s | zone=0.0s
  Person 643 on screen for 14.2s | zone=0.0s
  Person 649 on screen for 2197.0s | zone=1.9s
  Person 653 on screen for 1148.7s | zone=0.3s
Person-ID memory saved: C:\Users\vioyq\Desktop\Coach_Tracker\coach-tracker-demo\coach-store\person-ID\coach3\0320.json
CSV written: C:\Users\vioyq\Desktop\Coach_Tracker\coach-tracker-demo\coach-store\CSV-state\coach3\0320-coach3-20260324-133910.csv
--- end report ---

[Progress] 5/13 ( 38.5%) | elapsed  6055.7s | ETA  9689.1s

=== Running: Coach-3-hour-5-20260320135957.mp4 ===
Person-ID memory: loaded 307 IDs from C:\Users\vioyq\Desktop\Coach_Tracker\coach-tracker-demo\coach-store\person-ID\coach3\0320.json
[coach3] C:\Users\vioyq\Desktop\Coach_Tracker\_Coach_Video\3-20\Coach-3\Coach-3-hour-5-20260320135957.mp4 (36000 frames @ 10.0 fps). (headless)
Config: yaml=coach3.yaml zone=C:\Users\vioyq\Desktop\Coach_Tracker\coach-tracker-demo\coach-store\zone\coach3.json
Output CSV: C:\Users\vioyq\Desktop\Coach_Tracker\coach-tracker-demo\coach-store\CSV-state\coach3\0320-coach3-20260324-133910.csv

--- Report ---
Time spent processing: 1553.9s
Time on screen per person:
  Person 0 on screen for 3547.4s | zone=0.0s
  Person 1 on screen for 3376.1s | zone=0.0s
  Person 2 on screen for 3183.7s | zone=0.4s
  Person 3 on screen for 25.6s | zone=98.3s
  Person 4 on screen for 544.7s | zone=11.0s
  Person 5 on screen for 1538.0s | zone=3.4s
  Person 6 on screen for 2960.1s | zone=1.5s
  Person 12 on screen for 12.9s | zone=1.5s
  Person 15 on screen for 325.0s | zone=2.8s
  Person 16 on screen for 1973.2s | zone=755.4s
  Person 18 on screen for 1623.1s | zone=0.0s
  Person 21 on screen for 1550.3s | zone=431.8s
  Person 24 on screen for 24.0s | zone=2.3s
  Person 26 on screen for 2047.8s | zone=35.2s
  Person 28 on screen for 2038.6s | zone=5.1s
  Person 31 on screen for 30.9s | zone=0.0s
  Person 32 on screen for 3334.7s | zone=0.4s
  Person 35 on screen for 10.7s | zone=0.0s
  Person 36 on screen for 3132.1s | zone=0.0s
  Person 39 on screen for 2812.8s | zone=5.5s
  Person 40 on screen for 38.1s | zone=0.6s
  Person 42 on screen for 116.9s | zone=0.0s
  Person 43 on screen for 1853.2s | zone=0.4s
  Person 45 on screen for 1.3s | zone=0.0s
  Person 48 on screen for 1361.0s | zone=0.0s
  Person 49 on screen for 945.5s | zone=945.4s
  Person 55 on screen for 3123.5s | zone=2.0s
  Person 57 on screen for 33.8s | zone=0.0s
  Person 62 on screen for 2094.4s | zone=0.0s
  Person 63 on screen for 9.6s | zone=2946.5s
  Person 66 on screen for 19.3s | zone=5.9s
  Person 74 on screen for 98.5s | zone=4.3s
  Person 75 on screen for 9.2s | zone=5.3s
  Person 78 on screen for 46.5s | zone=1.4s
  Person 80 on screen for 20.1s | zone=0.0s
  Person 81 on screen for 843.7s | zone=8.1s
  Person 82 on screen for 1978.8s | zone=2.9s
  Person 86 on screen for 1688.3s | zone=1.9s
  Person 87 on screen for 873.2s | zone=778.3s
  Person 88 on screen for 3281.3s | zone=0.5s
  Person 92 on screen for 2389.0s | zone=0.0s
  Person 96 on screen for 9.3s | zone=0.0s
  Person 97 on screen for 3375.6s | zone=550.8s
  Person 100 on screen for 1604.8s | zone=0.0s
  Person 101 on screen for 73.3s | zone=0.0s
  Person 104 on screen for 614.3s | zone=12.1s
  Person 107 on screen for 30.5s | zone=2.5s
  Person 109 on screen for 2621.2s | zone=0.3s
  Person 110 on screen for 967.0s | zone=9.2s
  Person 111 on screen for 1141.4s | zone=858.3s
  Person 114 on screen for 1076.4s | zone=1064.4s
  Person 115 on screen for 910.2s | zone=0.0s
  Person 117 on screen for 53.4s | zone=0.0s
  Person 119 on screen for 2935.8s | zone=61.3s
  Person 120 on screen for 38.8s | zone=0.0s
  Person 126 on screen for 757.5s | zone=0.0s
  Person 130 on screen for 12.0s | zone=0.0s
  Person 132 on screen for 2055.2s | zone=2016.7s
  Person 134 on screen for 2588.4s | zone=0.1s
  Person 135 on screen for 2971.1s | zone=1608.9s
  Person 136 on screen for 2205.1s | zone=0.0s
  Person 138 on screen for 40.3s | zone=1.8s
  Person 140 on screen for 18.9s | zone=0.0s
  Person 141 on screen for 3107.2s | zone=420.3s
  Person 143 on screen for 7.3s | zone=0.0s
  Person 144 on screen for 695.1s | zone=15.5s
  Person 146 on screen for 1115.0s | zone=1.0s
  Person 148 on screen for 5.0s | zone=0.0s
  Person 152 on screen for 2848.7s | zone=0.3s
  Person 159 on screen for 22.6s | zone=0.0s
  Person 160 on screen for 838.4s | zone=0.0s
  Person 162 on screen for 1063.8s | zone=15.0s
  Person 163 on screen for 1674.4s | zone=0.0s
  Person 168 on screen for 91.6s | zone=0.0s
  Person 179 on screen for 10.2s | zone=3.1s
  Person 181 on screen for 2.3s | zone=0.0s
  Person 182 on screen for 9.7s | zone=2.1s
  Person 186 on screen for 2862.5s | zone=1064.5s
  Person 197 on screen for 2218.5s | zone=0.0s
  Person 198 on screen for 0.7s | zone=0.3s
  Person 203 on screen for 1345.0s | zone=0.0s
  Person 207 on screen for 1653.4s | zone=0.3s
  Person 209 on screen for 1564.1s | zone=6.2s
  Person 212 on screen for 38.4s | zone=0.0s
  Person 222 on screen for 3219.4s | zone=3204.9s
  Person 223 on screen for 2902.6s | zone=0.0s
  Person 226 on screen for 0.7s | zone=0.0s
  Person 227 on screen for 23.0s | zone=5.3s
  Person 229 on screen for 24.9s | zone=0.2s
  Person 231 on screen for 281.0s | zone=6.6s
  Person 234 on screen for 19.7s | zone=5.7s
  Person 239 on screen for 3058.8s | zone=0.0s
  Person 241 on screen for 443.4s | zone=293.9s
  Person 243 on screen for 7.5s | zone=0.0s
  Person 244 on screen for 606.7s | zone=411.7s
  Person 246 on screen for 16.4s | zone=0.0s
  Person 247 on screen for 26.7s | zone=0.0s
  Person 248 on screen for 2112.7s | zone=1862.6s
  Person 249 on screen for 633.0s | zone=11.1s
  Person 250 on screen for 2300.9s | zone=0.1s
  Person 253 on screen for 3130.9s | zone=0.0s
  Person 256 on screen for 355.6s | zone=0.4s
  Person 257 on screen for 442.1s | zone=0.0s
  Person 258 on screen for 1433.9s | zone=0.0s
  Person 261 on screen for 16.0s | zone=0.0s
  Person 263 on screen for 51.6s | zone=0.0s
  Person 266 on screen for 2369.5s | zone=20.4s
  Person 267 on screen for 1153.8s | zone=7.3s
  Person 268 on screen for 3217.8s | zone=0.0s
  Person 270 on screen for 2003.5s | zone=0.0s
  Person 279 on screen for 3387.7s | zone=3.8s
  Person 282 on screen for 2137.7s | zone=177.6s
  Person 284 on screen for 581.7s | zone=0.0s
  Person 290 on screen for 2465.9s | zone=124.8s
  Person 291 on screen for 0.2s | zone=0.0s
  Person 292 on screen for 17.6s | zone=4.8s
  Person 293 on screen for 1778.0s | zone=4.1s
  Person 299 on screen for 3136.8s | zone=0.0s
  Person 304 on screen for 24.6s | zone=0.0s
  Person 305 on screen for 16.9s | zone=0.0s
  Person 306 on screen for 2305.1s | zone=0.0s
  Person 308 on screen for 941.0s | zone=0.2s
  Person 309 on screen for 1376.8s | zone=2.1s
  Person 310 on screen for 30.4s | zone=4.7s
  Person 317 on screen for 1727.9s | zone=0.0s
  Person 326 on screen for 1549.1s | zone=0.0s
  Person 328 on screen for 394.7s | zone=8.5s
  Person 332 on screen for 2486.3s | zone=0.0s
  Person 333 on screen for 772.0s | zone=0.0s
  Person 335 on screen for 13.8s | zone=1.1s
  Person 338 on screen for 101.4s | zone=0.0s
  Person 340 on screen for 8.1s | zone=3.1s
  Person 345 on screen for 79.7s | zone=2.8s
  Person 346 on screen for 33.1s | zone=0.0s
  Person 350 on screen for 1927.0s | zone=2.4s
  Person 351 on screen for 785.4s | zone=0.1s
  Person 359 on screen for 21.2s | zone=0.1s
  Person 363 on screen for 411.4s | zone=0.1s
  Person 364 on screen for 1333.0s | zone=0.0s
  Person 365 on screen for 15.2s | zone=0.0s
  Person 366 on screen for 1.1s | zone=0.1s
  Person 369 on screen for 7.6s | zone=0.4s
  Person 372 on screen for 424.0s | zone=76.6s
  Person 373 on screen for 0.2s | zone=0.3s
  Person 378 on screen for 1792.5s | zone=0.0s
  Person 383 on screen for 2913.7s | zone=0.3s
  Person 390 on screen for 668.2s | zone=0.2s
  Person 392 on screen for 0.1s | zone=0.0s
  Person 395 on screen for 1309.5s | zone=9.6s
  Person 402 on screen for 1163.8s | zone=59.4s
  Person 405 on screen for 927.2s | zone=0.0s
  Person 407 on screen for 59.6s | zone=39.6s
  Person 410 on screen for 531.7s | zone=531.6s
  Person 411 on screen for 117.5s | zone=0.0s
  Person 413 on screen for 1304.0s | zone=0.4s
  Person 414 on screen for 474.7s | zone=0.0s
  Person 421 on screen for 143.3s | zone=0.0s
  Person 427 on screen for 1758.8s | zone=0.0s
  Person 429 on screen for 1.1s | zone=0.0s
  Person 432 on screen for 4.5s | zone=1.0s
  Person 434 on screen for 596.6s | zone=0.0s
  Person 435 on screen for 102.8s | zone=16.5s
  Person 446 on screen for 2158.0s | zone=0.0s
  Person 452 on screen for 2.0s | zone=0.0s
  Person 455 on screen for 5.4s | zone=0.0s
  Person 457 on screen for 735.6s | zone=0.0s
  Person 460 on screen for 1709.3s | zone=0.0s
  Person 462 on screen for 2238.6s | zone=0.0s
  Person 464 on screen for 315.6s | zone=0.0s
  Person 465 on screen for 17.4s | zone=12.7s
  Person 466 on screen for 9.0s | zone=1.0s
  Person 467 on screen for 60.9s | zone=1.4s
  Person 472 on screen for 33.8s | zone=16.8s
  Person 473 on screen for 1923.8s | zone=640.7s
  Person 478 on screen for 1114.2s | zone=0.0s
  Person 481 on screen for 1849.4s | zone=53.8s
  Person 495 on screen for 20.8s | zone=6.3s
  Person 496 on screen for 661.1s | zone=0.0s
  Person 498 on screen for 2100.2s | zone=1297.4s
  Person 500 on screen for 693.2s | zone=607.3s
  Person 503 on screen for 166.4s | zone=9.9s
  Person 504 on screen for 1787.1s | zone=1269.8s
  Person 508 on screen for 1383.2s | zone=16.5s
  Person 513 on screen for 77.3s | zone=0.0s
  Person 516 on screen for 25.6s | zone=19.4s
  Person 517 on screen for 0.8s | zone=0.0s
  Person 520 on screen for 1407.9s | zone=2.2s
  Person 524 on screen for 1138.6s | zone=12.0s
  Person 525 on screen for 1395.6s | zone=0.0s
  Person 538 on screen for 1247.9s | zone=0.0s
  Person 539 on screen for 9.6s | zone=0.0s
  Person 540 on screen for 2225.3s | zone=1.6s
  Person 544 on screen for 3287.4s | zone=1.0s
  Person 555 on screen for 642.0s | zone=9.2s
  Person 562 on screen for 15.5s | zone=8.2s
  Person 566 on screen for 2.7s | zone=0.0s
  Person 567 on screen for 19.1s | zone=0.0s
  Person 568 on screen for 2089.5s | zone=0.0s
  Person 569 on screen for 209.8s | zone=0.0s
  Person 578 on screen for 1956.1s | zone=5.4s
  Person 580 on screen for 2380.9s | zone=7.4s
  Person 583 on screen for 45.3s | zone=45.2s
  Person 589 on screen for 144.2s | zone=2466.7s
  Person 594 on screen for 20.0s | zone=0.0s
  Person 600 on screen for 784.2s | zone=0.0s
  Person 601 on screen for 0.2s | zone=0.0s
  Person 603 on screen for 85.0s | zone=65.9s
  Person 608 on screen for 103.2s | zone=12.4s
  Person 609 on screen for 1.1s | zone=1.0s
  Person 614 on screen for 1270.3s | zone=0.0s
  Person 617 on screen for 1380.3s | zone=16.6s
  Person 619 on screen for 305.4s | zone=305.3s
  Person 625 on screen for 2375.7s | zone=81.6s
  Person 628 on screen for 543.4s | zone=0.0s
  Person 631 on screen for 827.7s | zone=7.8s
  Person 632 on screen for 2.6s | zone=2.5s
  Person 634 on screen for 10.7s | zone=4.6s
  Person 635 on screen for 16.8s | zone=4.3s
  Person 638 on screen for 9.4s | zone=6.8s
  Person 639 on screen for 2559.2s | zone=0.9s
  Person 647 on screen for 1.2s | zone=1.1s
  Person 649 on screen for 3208.2s | zone=2085.4s
  Person 653 on screen for 7.2s | zone=7.1s
  Person 661 on screen for 203.6s | zone=0.0s
  Person 662 on screen for 1.0s | zone=0.0s
  Person 700 on screen for 1.6s | zone=0.0s
  Person 703 on screen for 40.7s | zone=40.6s
  Person 704 on screen for 131.0s | zone=0.4s
  Person 706 on screen for 9.4s | zone=0.8s
  Person 709 on screen for 2.6s | zone=1.4s
  Person 710 on screen for 0.2s | zone=0.0s
  Person 718 on screen for 7.7s | zone=0.1s
  Person 736 on screen for 2.7s | zone=2.6s
  Person 737 on screen for 389.0s | zone=0.0s
  Person 739 on screen for 17.6s | zone=4.6s
  Person 745 on screen for 10.4s | zone=0.0s
  Person 751 on screen for 350.1s | zone=68.8s
  Person 764 on screen for 12.9s | zone=5.5s
  Person 769 on screen for 58.2s | zone=36.9s
  Person 814 on screen for 0.3s | zone=0.0s
Person-ID memory saved: C:\Users\vioyq\Desktop\Coach_Tracker\coach-tracker-demo\coach-store\person-ID\coach3\0320.json
CSV written: C:\Users\vioyq\Desktop\Coach_Tracker\coach-tracker-demo\coach-store\CSV-state\coach3\0320-coach3-20260324-133910.csv
--- end report ---

[Progress] 6/13 ( 46.2%) | elapsed  7613.8s | ETA  8882.8s

=== Running: Coach-3-hour-6-20260320145957.mp4 ===
Person-ID memory: loaded 365 IDs from C:\Users\vioyq\Desktop\Coach_Tracker\coach-tracker-demo\coach-store\person-ID\coach3\0320.json
[coach3] C:\Users\vioyq\Desktop\Coach_Tracker\_Coach_Video\3-20\Coach-3\Coach-3-hour-6-20260320145957.mp4 (36000 frames @ 10.0 fps). (headless)
Config: yaml=coach3.yaml zone=C:\Users\vioyq\Desktop\Coach_Tracker\coach-tracker-demo\coach-store\zone\coach3.json
Output CSV: C:\Users\vioyq\Desktop\Coach_Tracker\coach-tracker-demo\coach-store\CSV-state\coach3\0320-coach3-20260324-133910.csv

--- Report ---
Time spent processing: 1521.4s
Time on screen per person:
  Person 0 on screen for 3432.2s | zone=0.0s
  Person 1 on screen for 3538.0s | zone=0.0s
  Person 2 on screen for 3095.1s | zone=16.7s
  Person 3 on screen for 2239.4s | zone=0.0s
  Person 4 on screen for 2666.6s | zone=0.0s
  Person 5 on screen for 1860.9s | zone=0.0s
  Person 9 on screen for 2625.5s | zone=0.0s
  Person 10 on screen for 7.7s | zone=1.6s
  Person 12 on screen for 0.2s | zone=0.0s
  Person 14 on screen for 5.4s | zone=0.0s
  Person 15 on screen for 1066.8s | zone=55.3s
  Person 16 on screen for 759.0s | zone=2.8s
  Person 18 on screen for 2325.5s | zone=92.1s
  Person 21 on screen for 129.1s | zone=0.6s
  Person 24 on screen for 1265.0s | zone=250.3s
  Person 25 on screen for 13.0s | zone=0.0s
  Person 26 on screen for 17.4s | zone=1408.1s
  Person 28 on screen for 2684.4s | zone=5.1s
  Person 30 on screen for 865.5s | zone=865.4s
  Person 32 on screen for 1256.6s | zone=1254.7s
  Person 34 on screen for 1724.3s | zone=7.7s
  Person 36 on screen for 4.0s | zone=0.0s
  Person 42 on screen for 859.5s | zone=0.0s
  Person 43 on screen for 748.4s | zone=0.0s
  Person 45 on screen for 5.4s | zone=0.0s
  Person 46 on screen for 7.2s | zone=0.0s
  Person 52 on screen for 2426.3s | zone=0.3s
  Person 53 on screen for 17.3s | zone=0.0s
  Person 54 on screen for 309.1s | zone=0.0s
  Person 55 on screen for 3088.9s | zone=0.1s
  Person 56 on screen for 0.6s | zone=0.0s
  Person 57 on screen for 2184.5s | zone=985.0s
  Person 62 on screen for 1245.5s | zone=0.0s
  Person 66 on screen for 754.0s | zone=2.5s
  Person 69 on screen for 1822.3s | zone=182.5s
  Person 72 on screen for 1295.0s | zone=1293.6s
  Person 73 on screen for 1622.5s | zone=3.0s
  Person 74 on screen for 911.9s | zone=0.0s
  Person 75 on screen for 1873.1s | zone=2.2s
  Person 78 on screen for 73.0s | zone=0.1s
  Person 80 on screen for 11.6s | zone=0.0s
  Person 82 on screen for 2154.2s | zone=0.0s
  Person 86 on screen for 1379.1s | zone=0.0s
  Person 87 on screen for 2500.2s | zone=0.7s
  Person 88 on screen for 378.1s | zone=0.1s
  Person 91 on screen for 2437.0s | zone=21.9s
  Person 92 on screen for 2354.5s | zone=0.0s
  Person 96 on screen for 20.6s | zone=0.0s
  Person 97 on screen for 697.4s | zone=0.0s
  Person 99 on screen for 26.3s | zone=1.1s
  Person 100 on screen for 0.9s | zone=0.0s
  Person 101 on screen for 1842.5s | zone=0.1s
  Person 104 on screen for 0.7s | zone=0.1s
  Person 105 on screen for 6.1s | zone=0.1s
  Person 106 on screen for 22.0s | zone=0.0s
  Person 107 on screen for 5.4s | zone=0.0s
  Person 108 on screen for 1975.5s | zone=0.0s
  Person 110 on screen for 30.0s | zone=10.0s
  Person 111 on screen for 2636.4s | zone=0.3s
  Person 114 on screen for 66.2s | zone=0.0s
  Person 115 on screen for 2.1s | zone=0.0s
  Person 119 on screen for 36.6s | zone=0.0s
  Person 120 on screen for 277.9s | zone=0.0s
  Person 121 on screen for 487.9s | zone=455.7s
  Person 125 on screen for 270.0s | zone=0.0s
  Person 126 on screen for 534.3s | zone=0.2s
  Person 131 on screen for 1781.4s | zone=0.0s
  Person 140 on screen for 86.8s | zone=0.8s
  Person 143 on screen for 639.0s | zone=0.1s
  Person 151 on screen for 5.8s | zone=0.0s
  Person 152 on screen for 2472.3s | zone=2467.7s
  Person 159 on screen for 1538.1s | zone=1.8s
  Person 160 on screen for 0.8s | zone=0.0s
  Person 161 on screen for 2510.4s | zone=4.4s
  Person 162 on screen for 1246.1s | zone=4.4s
  Person 163 on screen for 92.7s | zone=0.0s
  Person 164 on screen for 2799.3s | zone=0.0s
  Person 168 on screen for 2144.4s | zone=0.0s
  Person 178 on screen for 1184.3s | zone=0.0s
  Person 182 on screen for 1939.6s | zone=529.7s
  Person 183 on screen for 13.0s | zone=10.8s
  Person 185 on screen for 477.4s | zone=0.2s
  Person 186 on screen for 1818.2s | zone=521.5s
  Person 188 on screen for 0.7s | zone=0.0s
  Person 191 on screen for 1189.3s | zone=0.0s
  Person 197 on screen for 2320.9s | zone=25.3s
  Person 198 on screen for 2661.8s | zone=0.6s
  Person 199 on screen for 1.2s | zone=0.1s
  Person 201 on screen for 2.2s | zone=2.1s
  Person 203 on screen for 2253.7s | zone=0.1s
  Person 207 on screen for 1628.0s | zone=0.0s
  Person 209 on screen for 1632.4s | zone=1031.9s
  Person 212 on screen for 2.9s | zone=0.0s
  Person 215 on screen for 9.2s | zone=0.7s
  Person 217 on screen for 235.2s | zone=66.2s
  Person 222 on screen for 3035.4s | zone=850.8s
  Person 223 on screen for 268.6s | zone=0.1s
  Person 227 on screen for 214.2s | zone=175.1s
  Person 229 on screen for 75.1s | zone=26.7s
  Person 234 on screen for 10.0s | zone=0.1s
  Person 239 on screen for 3032.9s | zone=3.7s
  Person 242 on screen for 3.3s | zone=0.0s
  Person 243 on screen for 339.8s | zone=0.1s
  Person 244 on screen for 50.8s | zone=0.0s
  Person 247 on screen for 905.7s | zone=0.4s
  Person 249 on screen for 258.1s | zone=0.0s
  Person 252 on screen for 22.9s | zone=5.6s
  Person 253 on screen for 2167.4s | zone=6.5s
  Person 254 on screen for 1553.8s | zone=0.2s
  Person 255 on screen for 1200.1s | zone=8.3s
  Person 257 on screen for 1181.7s | zone=0.0s
  Person 261 on screen for 6.9s | zone=0.0s
  Person 263 on screen for 11.5s | zone=0.0s
  Person 265 on screen for 1432.5s | zone=2.6s
  Person 266 on screen for 0.3s | zone=0.4s
  Person 267 on screen for 34.6s | zone=0.0s
  Person 268 on screen for 1548.4s | zone=0.0s
  Person 270 on screen for 112.6s | zone=0.1s
  Person 277 on screen for 269.7s | zone=0.0s
  Person 278 on screen for 1.2s | zone=0.0s
  Person 279 on screen for 1297.2s | zone=0.0s
  Person 284 on screen for 369.8s | zone=5.6s
  Person 286 on screen for 780.2s | zone=0.0s
  Person 290 on screen for 63.3s | zone=10.0s
  Person 292 on screen for 512.6s | zone=243.0s
  Person 293 on screen for 947.6s | zone=881.3s
  Person 296 on screen for 3.1s | zone=0.0s
  Person 298 on screen for 1293.3s | zone=325.2s
  Person 299 on screen for 1893.0s | zone=731.2s
  Person 300 on screen for 0.6s | zone=0.5s
  Person 306 on screen for 1338.2s | zone=124.5s
  Person 307 on screen for 2617.2s | zone=8.7s
  Person 308 on screen for 1444.0s | zone=0.0s
  Person 309 on screen for 952.8s | zone=1.8s
  Person 314 on screen for 704.6s | zone=0.4s
  Person 316 on screen for 2027.1s | zone=1102.1s
  Person 322 on screen for 1095.0s | zone=0.3s
  Person 326 on screen for 3.9s | zone=0.0s
  Person 327 on screen for 4.5s | zone=0.1s
  Person 328 on screen for 1515.3s | zone=0.0s
  Person 332 on screen for 19.3s | zone=0.8s
  Person 333 on screen for 2831.1s | zone=0.1s
  Person 335 on screen for 1970.3s | zone=1970.2s
  Person 340 on screen for 21.0s | zone=10.3s
  Person 341 on screen for 50.9s | zone=2.0s
  Person 350 on screen for 501.2s | zone=0.0s
  Person 351 on screen for 1123.3s | zone=2.0s
  Person 363 on screen for 1616.0s | zone=0.0s
  Person 364 on screen for 214.3s | zone=0.0s
  Person 365 on screen for 100.7s | zone=434.7s
  Person 367 on screen for 7.2s | zone=0.0s
  Person 369 on screen for 830.8s | zone=0.0s
  Person 371 on screen for 16.1s | zone=0.2s
  Person 372 on screen for 4.1s | zone=2.6s
  Person 373 on screen for 629.9s | zone=566.7s
  Person 381 on screen for 768.5s | zone=0.0s
  Person 383 on screen for 1986.3s | zone=0.0s
  Person 385 on screen for 3.2s | zone=0.1s
  Person 390 on screen for 376.7s | zone=4.5s
  Person 394 on screen for 1484.5s | zone=0.1s
  Person 405 on screen for 1716.9s | zone=0.0s
  Person 407 on screen for 286.6s | zone=234.2s
  Person 410 on screen for 18.7s | zone=18.6s
  Person 411 on screen for 23.7s | zone=2.3s
  Person 412 on screen for 3.2s | zone=0.7s
  Person 413 on screen for 2.7s | zone=2.7s
  Person 414 on screen for 1157.7s | zone=0.1s
  Person 421 on screen for 292.1s | zone=0.0s
  Person 429 on screen for 0.9s | zone=0.3s
  Person 434 on screen for 1049.5s | zone=5.0s
  Person 441 on screen for 0.3s | zone=0.0s
  Person 445 on screen for 0.1s | zone=0.0s
  Person 446 on screen for 188.4s | zone=188.3s
  Person 448 on screen for 1149.3s | zone=548.7s
  Person 454 on screen for 694.1s | zone=20.4s
  Person 455 on screen for 1454.9s | zone=1.5s
  Person 457 on screen for 1265.9s | zone=0.2s
  Person 460 on screen for 407.3s | zone=6.0s
  Person 465 on screen for 1098.0s | zone=29.5s
  Person 466 on screen for 167.2s | zone=0.0s
  Person 473 on screen for 394.2s | zone=11.2s
  Person 474 on screen for 0.5s | zone=0.0s
  Person 476 on screen for 0.1s | zone=0.0s
  Person 478 on screen for 2033.0s | zone=127.5s
  Person 480 on screen for 1.4s | zone=0.0s
  Person 494 on screen for 4.3s | zone=4.2s
  Person 495 on screen for 1415.9s | zone=0.0s
  Person 496 on screen for 146.2s | zone=3.3s
  Person 498 on screen for 5.7s | zone=0.1s
  Person 503 on screen for 107.7s | zone=2.5s
  Person 505 on screen for 2373.7s | zone=9.9s
  Person 508 on screen for 1079.1s | zone=0.0s
  Person 513 on screen for 922.8s | zone=0.0s
  Person 520 on screen for 3133.7s | zone=813.3s
  Person 524 on screen for 0.8s | zone=0.8s
  Person 525 on screen for 8.3s | zone=0.0s
  Person 535 on screen for 12.8s | zone=0.0s
  Person 538 on screen for 2918.2s | zone=0.0s
  Person 539 on screen for 499.6s | zone=0.0s
  Person 543 on screen for 0.1s | zone=0.0s
  Person 544 on screen for 2864.3s | zone=1225.1s
  Person 551 on screen for 20.6s | zone=0.0s
  Person 552 on screen for 5.5s | zone=0.0s
  Person 553 on screen for 771.3s | zone=0.0s
  Person 560 on screen for 139.8s | zone=0.0s
  Person 561 on screen for 0.1s | zone=0.0s
  Person 562 on screen for 26.8s | zone=0.0s
  Person 569 on screen for 25.2s | zone=0.1s
  Person 572 on screen for 1679.5s | zone=3.6s
  Person 573 on screen for 5.4s | zone=0.0s
  Person 577 on screen for 353.3s | zone=0.0s
  Person 578 on screen for 20.1s | zone=0.0s
  Person 581 on screen for 8.0s | zone=8.0s
  Person 583 on screen for 8.9s | zone=1.6s
  Person 589 on screen for 1793.2s | zone=0.0s
  Person 600 on screen for 2268.7s | zone=3.7s
  Person 601 on screen for 1101.1s | zone=0.1s
  Person 604 on screen for 265.5s | zone=262.7s
  Person 608 on screen for 1.5s | zone=0.0s
  Person 614 on screen for 1578.1s | zone=574.9s
  Person 616 on screen for 0.5s | zone=0.4s
  Person 617 on screen for 1709.5s | zone=0.3s
  Person 622 on screen for 1.8s | zone=0.0s
  Person 625 on screen for 927.4s | zone=0.0s
  Person 626 on screen for 0.5s | zone=0.4s
  Person 628 on screen for 872.4s | zone=852.2s
  Person 629 on screen for 112.2s | zone=0.1s
  Person 631 on screen for 133.4s | zone=0.0s
  Person 632 on screen for 1.4s | zone=0.4s
  Person 634 on screen for 2.7s | zone=1.5s
  Person 635 on screen for 33.5s | zone=3.3s
  Person 639 on screen for 1968.5s | zone=729.7s
  Person 649 on screen for 255.7s | zone=0.6s
  Person 653 on screen for 818.7s | zone=0.0s
  Person 661 on screen for 1753.3s | zone=0.0s
  Person 677 on screen for 4.4s | zone=0.0s
  Person 693 on screen for 0.3s | zone=0.2s
  Person 697 on screen for 427.6s | zone=59.8s
  Person 702 on screen for 32.0s | zone=0.4s
  Person 703 on screen for 12.6s | zone=0.5s
  Person 704 on screen for 5.3s | zone=0.8s
  Person 706 on screen for 9.3s | zone=1.1s
  Person 707 on screen for 105.3s | zone=1.0s
  Person 708 on screen for 8.1s | zone=0.0s
  Person 724 on screen for 447.6s | zone=1.4s
  Person 736 on screen for 2152.7s | zone=88.9s
  Person 737 on screen for 4.6s | zone=0.0s
  Person 739 on screen for 3446.9s | zone=0.3s
  Person 742 on screen for 37.2s | zone=1.1s
  Person 743 on screen for 15.4s | zone=0.1s
  Person 744 on screen for 208.5s | zone=0.0s
  Person 745 on screen for 1683.2s | zone=2193.4s
  Person 747 on screen for 1.2s | zone=0.0s
  Person 748 on screen for 16.9s | zone=3.5s
  Person 751 on screen for 2583.2s | zone=0.0s
  Person 764 on screen for 606.4s | zone=596.8s
  Person 766 on screen for 0.8s | zone=0.0s
Person-ID memory saved: C:\Users\vioyq\Desktop\Coach_Tracker\coach-tracker-demo\coach-store\person-ID\coach3\0320.json
CSV written: C:\Users\vioyq\Desktop\Coach_Tracker\coach-tracker-demo\coach-store\CSV-state\coach3\0320-coach3-20260324-133910.csv
--- end report ---

[Progress] 7/13 ( 53.8%) | elapsed  9139.5s | ETA  7833.9s

=== Running: Coach-3-hour-7-20260320155957.mp4 ===
Person-ID memory: loaded 411 IDs from C:\Users\vioyq\Desktop\Coach_Tracker\coach-tracker-demo\coach-store\person-ID\coach3\0320.json
[coach3] C:\Users\vioyq\Desktop\Coach_Tracker\_Coach_Video\3-20\Coach-3\Coach-3-hour-7-20260320155957.mp4 (36000 frames @ 10.0 fps). (headless)
Config: yaml=coach3.yaml zone=C:\Users\vioyq\Desktop\Coach_Tracker\coach-tracker-demo\coach-store\zone\coach3.json
Output CSV: C:\Users\vioyq\Desktop\Coach_Tracker\coach-tracker-demo\coach-store\CSV-state\coach3\0320-coach3-20260324-133910.csv

--- Report ---
Time spent processing: 1487.8s
Time on screen per person:
  Person 0 on screen for 3398.5s | zone=0.0s
  Person 1 on screen for 3169.5s | zone=0.0s
  Person 2 on screen for 0.8s | zone=0.0s
  Person 3 on screen for 0.1s | zone=0.0s
  Person 4 on screen for 2615.9s | zone=0.0s
  Person 6 on screen for 119.0s | zone=86.9s
  Person 7 on screen for 1754.4s | zone=0.0s
  Person 9 on screen for 9.7s | zone=0.0s
  Person 10 on screen for 29.1s | zone=19.1s
  Person 12 on screen for 9.3s | zone=0.0s
  Person 14 on screen for 32.3s | zone=0.0s
  Person 15 on screen for 700.5s | zone=0.0s
  Person 16 on screen for 3.1s | zone=0.0s
  Person 18 on screen for 30.9s | zone=0.0s
  Person 19 on screen for 5.0s | zone=0.0s
  Person 24 on screen for 58.8s | zone=5.2s
  Person 25 on screen for 3.2s | zone=0.0s
  Person 26 on screen for 0.3s | zone=0.0s
  Person 28 on screen for 2431.1s | zone=237.0s
  Person 30 on screen for 93.2s | zone=0.0s
  Person 32 on screen for 2364.8s | zone=0.0s
  Person 41 on screen for 55.0s | zone=10.1s
  Person 42 on screen for 2691.3s | zone=0.3s
  Person 43 on screen for 0.6s | zone=0.0s
  Person 44 on screen for 895.2s | zone=0.0s
  Person 45 on screen for 0.4s | zone=0.0s
  Person 46 on screen for 2002.1s | zone=4.4s
  Person 48 on screen for 0.1s | zone=0.0s
  Person 49 on screen for 409.1s | zone=0.2s
  Person 52 on screen for 4.3s | zone=0.1s
  Person 55 on screen for 25.3s | zone=0.3s
  Person 57 on screen for 2254.0s | zone=0.0s
  Person 62 on screen for 2478.8s | zone=0.0s
  Person 66 on screen for 80.5s | zone=2.2s
  Person 67 on screen for 1.4s | zone=0.0s
  Person 69 on screen for 1727.9s | zone=0.0s
  Person 72 on screen for 3473.8s | zone=0.0s
  Person 74 on screen for 11.2s | zone=0.0s
  Person 77 on screen for 87.0s | zone=19.5s
  Person 80 on screen for 11.6s | zone=0.0s
  Person 82 on screen for 81.4s | zone=0.1s
  Person 84 on screen for 275.3s | zone=0.0s
  Person 86 on screen for 916.3s | zone=0.0s
  Person 87 on screen for 871.1s | zone=859.5s
  Person 88 on screen for 2308.0s | zone=0.1s
  Person 90 on screen for 1141.9s | zone=0.0s
  Person 91 on screen for 1859.2s | zone=2.2s
  Person 92 on screen for 3348.5s | zone=0.0s
  Person 93 on screen for 5.0s | zone=0.0s
  Person 96 on screen for 0.9s | zone=0.0s
  Person 97 on screen for 2246.7s | zone=0.0s
  Person 98 on screen for 1.7s | zone=0.0s
  Person 99 on screen for 1653.6s | zone=5.4s
  Person 104 on screen for 0.6s | zone=0.5s
  Person 108 on screen for 959.5s | zone=0.0s
  Person 109 on screen for 596.3s | zone=0.0s
  Person 110 on screen for 1273.3s | zone=0.5s
  Person 111 on screen for 2103.3s | zone=957.6s
  Person 114 on screen for 20.0s | zone=0.0s
  Person 119 on screen for 2.2s | zone=0.9s
  Person 121 on screen for 6.7s | zone=2.3s
  Person 124 on screen for 1.1s | zone=0.0s
  Person 125 on screen for 1703.5s | zone=346.5s
  Person 127 on screen for 0.6s | zone=0.0s
  Person 129 on screen for 39.4s | zone=0.0s
  Person 131 on screen for 1.9s | zone=0.0s
  Person 132 on screen for 2.6s | zone=0.0s
  Person 133 on screen for 2190.2s | zone=0.0s
  Person 136 on screen for 27.2s | zone=0.0s
  Person 138 on screen for 1308.1s | zone=0.9s
  Person 143 on screen for 551.4s | zone=489.9s
  Person 144 on screen for 14.7s | zone=0.0s
  Person 146 on screen for 9.2s | zone=6.4s
  Person 147 on screen for 1252.3s | zone=0.0s
  Person 150 on screen for 1262.2s | zone=0.5s
  Person 151 on screen for 108.0s | zone=78.9s
  Person 152 on screen for 3462.8s | zone=1809.5s
  Person 159 on screen for 1032.2s | zone=1013.4s
  Person 160 on screen for 2118.8s | zone=0.0s
  Person 161 on screen for 2450.3s | zone=0.0s
  Person 164 on screen for 1222.6s | zone=0.0s
  Person 168 on screen for 2227.1s | zone=0.0s
  Person 179 on screen for 42.4s | zone=0.0s
  Person 181 on screen for 2281.7s | zone=3.1s
  Person 182 on screen for 60.2s | zone=0.0s
  Person 183 on screen for 1843.5s | zone=1724.8s
  Person 185 on screen for 1655.7s | zone=0.1s
  Person 186 on screen for 0.4s | zone=0.0s
  Person 188 on screen for 67.2s | zone=0.1s
  Person 191 on screen for 128.8s | zone=0.0s
  Person 194 on screen for 80.5s | zone=2.4s
  Person 195 on screen for 970.9s | zone=0.0s
  Person 196 on screen for 785.3s | zone=646.4s
  Person 197 on screen for 866.9s | zone=3.3s
  Person 198 on screen for 15.7s | zone=13.6s
  Person 200 on screen for 3.1s | zone=0.0s
  Person 201 on screen for 836.7s | zone=814.4s
  Person 203 on screen for 1200.1s | zone=20.4s
  Person 206 on screen for 2031.9s | zone=0.0s
  Person 207 on screen for 6.7s | zone=0.9s
  Person 209 on screen for 182.3s | zone=0.7s
  Person 211 on screen for 1094.9s | zone=2.2s
  Person 212 on screen for 745.8s | zone=0.0s
  Person 215 on screen for 771.2s | zone=628.5s
  Person 217 on screen for 119.0s | zone=2.5s
  Person 221 on screen for 1.3s | zone=0.0s
  Person 222 on screen for 1528.6s | zone=34.8s
  Person 223 on screen for 1246.4s | zone=2.4s
  Person 226 on screen for 0.6s | zone=0.0s
  Person 227 on screen for 8.7s | zone=0.0s
  Person 229 on screen for 167.9s | zone=11.7s
  Person 231 on screen for 406.8s | zone=1.2s
  Person 232 on screen for 15.4s | zone=0.1s
  Person 239 on screen for 24.7s | zone=10.5s
  Person 241 on screen for 2290.9s | zone=0.1s
  Person 249 on screen for 461.7s | zone=0.0s
  Person 252 on screen for 18.7s | zone=0.0s
  Person 254 on screen for 60.4s | zone=33.7s
  Person 255 on screen for 9.0s | zone=8.9s
  Person 257 on screen for 78.2s | zone=0.0s
  Person 258 on screen for 24.9s | zone=0.0s
  Person 263 on screen for 536.8s | zone=0.0s
  Person 265 on screen for 1381.4s | zone=0.0s
  Person 267 on screen for 1.6s | zone=0.0s
  Person 268 on screen for 57.4s | zone=0.0s
  Person 275 on screen for 918.1s | zone=0.0s
  Person 277 on screen for 8.0s | zone=0.0s
  Person 279 on screen for 3116.7s | zone=0.0s
  Person 285 on screen for 8.8s | zone=0.2s
  Person 286 on screen for 583.3s | zone=0.0s
  Person 289 on screen for 1.6s | zone=0.0s
  Person 291 on screen for 47.1s | zone=8.8s
  Person 293 on screen for 1645.8s | zone=0.0s
  Person 294 on screen for 1266.6s | zone=0.4s
  Person 298 on screen for 3337.9s | zone=54.7s
  Person 299 on screen for 1410.5s | zone=0.0s
  Person 300 on screen for 1479.3s | zone=15.0s
  Person 302 on screen for 0.1s | zone=0.0s
  Person 303 on screen for 1169.4s | zone=2.1s
  Person 305 on screen for 604.9s | zone=0.6s
  Person 306 on screen for 1649.6s | zone=1563.7s
  Person 307 on screen for 2.2s | zone=0.0s
  Person 309 on screen for 98.5s | zone=0.0s
  Person 310 on screen for 0.7s | zone=0.0s
  Person 314 on screen for 274.5s | zone=2.6s
  Person 316 on screen for 669.5s | zone=0.0s
  Person 319 on screen for 1694.3s | zone=6.0s
  Person 320 on screen for 13.9s | zone=12.6s
  Person 322 on screen for 41.7s | zone=3.9s
  Person 326 on screen for 3043.2s | zone=0.3s
  Person 332 on screen for 0.5s | zone=0.0s
  Person 333 on screen for 2589.1s | zone=807.3s
  Person 335 on screen for 1495.3s | zone=0.0s
  Person 340 on screen for 11.0s | zone=0.0s
  Person 341 on screen for 868.6s | zone=0.3s
  Person 346 on screen for 1897.6s | zone=0.2s
  Person 347 on screen for 19.9s | zone=0.0s
  Person 363 on screen for 528.3s | zone=0.0s
  Person 364 on screen for 27.9s | zone=0.0s
  Person 369 on screen for 8.1s | zone=0.0s
  Person 371 on screen for 1405.4s | zone=0.4s
  Person 372 on screen for 1625.2s | zone=2.6s
  Person 373 on screen for 495.0s | zone=114.2s
  Person 378 on screen for 4.2s | zone=0.0s
  Person 381 on screen for 2120.7s | zone=0.0s
  Person 383 on screen for 5.3s | zone=0.0s
  Person 385 on screen for 1006.7s | zone=0.0s
  Person 394 on screen for 2949.6s | zone=3.9s
  Person 405 on screen for 1706.6s | zone=142.6s
  Person 407 on screen for 2090.5s | zone=0.7s
  Person 410 on screen for 17.9s | zone=5.2s
  Person 411 on screen for 2305.3s | zone=0.0s
  Person 413 on screen for 1758.4s | zone=10.3s
  Person 421 on screen for 328.7s | zone=0.0s
  Person 427 on screen for 1578.6s | zone=101.7s
  Person 434 on screen for 656.4s | zone=377.3s
  Person 435 on screen for 233.7s | zone=0.0s
  Person 445 on screen for 1919.6s | zone=0.0s
  Person 446 on screen for 2101.8s | zone=0.0s
  Person 448 on screen for 1733.9s | zone=0.2s
  Person 454 on screen for 2074.5s | zone=0.0s
  Person 460 on screen for 358.9s | zone=0.0s
  Person 462 on screen for 9.2s | zone=0.0s
  Person 464 on screen for 11.3s | zone=0.0s
  Person 465 on screen for 0.3s | zone=0.0s
  Person 466 on screen for 474.3s | zone=8.6s
  Person 473 on screen for 67.8s | zone=0.4s
  Person 475 on screen for 4.7s | zone=2.5s
  Person 478 on screen for 366.9s | zone=0.0s
  Person 480 on screen for 12.3s | zone=0.0s
  Person 494 on screen for 714.7s | zone=1.8s
  Person 495 on screen for 2491.2s | zone=0.5s
  Person 498 on screen for 1706.1s | zone=0.0s
  Person 500 on screen for 597.7s | zone=0.0s
  Person 501 on screen for 4.1s | zone=0.0s
  Person 503 on screen for 94.8s | zone=11.0s
  Person 505 on screen for 1214.8s | zone=0.0s
  Person 506 on screen for 1221.1s | zone=0.0s
  Person 512 on screen for 931.3s | zone=0.0s
  Person 513 on screen for 1353.8s | zone=1.4s
  Person 516 on screen for 341.7s | zone=333.5s
  Person 517 on screen for 1655.6s | zone=4.9s
  Person 520 on screen for 1395.0s | zone=0.0s
  Person 523 on screen for 40.7s | zone=0.0s
  Person 524 on screen for 1063.4s | zone=13.9s
  Person 525 on screen for 2809.6s | zone=3.2s
  Person 534 on screen for 58.0s | zone=0.0s
  Person 535 on screen for 25.6s | zone=0.0s
  Person 539 on screen for 727.8s | zone=39.6s
  Person 544 on screen for 19.5s | zone=0.0s
  Person 550 on screen for 1.8s | zone=0.0s
  Person 552 on screen for 9.9s | zone=1.9s
  Person 553 on screen for 12.9s | zone=0.0s
  Person 562 on screen for 1659.8s | zone=147.7s
  Person 567 on screen for 386.5s | zone=2.4s
  Person 568 on screen for 130.0s | zone=1.1s
  Person 573 on screen for 680.4s | zone=0.0s
  Person 577 on screen for 20.3s | zone=0.0s
  Person 578 on screen for 1774.5s | zone=0.0s
  Person 582 on screen for 140.9s | zone=116.2s
  Person 583 on screen for 63.5s | zone=0.2s
  Person 589 on screen for 96.1s | zone=0.0s
  Person 600 on screen for 2856.6s | zone=0.0s
  Person 601 on screen for 20.8s | zone=0.0s
  Person 603 on screen for 0.3s | zone=0.2s
  Person 608 on screen for 23.7s | zone=0.0s
  Person 614 on screen for 42.4s | zone=37.0s
  Person 617 on screen for 15.0s | zone=14.9s
  Person 625 on screen for 223.1s | zone=0.0s
  Person 628 on screen for 861.4s | zone=6.7s
  Person 629 on screen for 879.6s | zone=3.5s
  Person 630 on screen for 768.8s | zone=0.0s
  Person 631 on screen for 185.8s | zone=0.0s
  Person 632 on screen for 112.4s | zone=22.9s
  Person 634 on screen for 6.3s | zone=2.4s
  Person 638 on screen for 512.4s | zone=703.5s
  Person 652 on screen for 505.0s | zone=287.0s
  Person 653 on screen for 152.1s | zone=0.0s
  Person 660 on screen for 7.3s | zone=0.0s
  Person 661 on screen for 2670.2s | zone=7.3s
  Person 670 on screen for 105.2s | zone=0.0s
  Person 677 on screen for 1703.7s | zone=738.4s
  Person 678 on screen for 7.0s | zone=0.0s
  Person 679 on screen for 2.4s | zone=2.3s
  Person 697 on screen for 2871.1s | zone=0.0s
  Person 700 on screen for 93.4s | zone=10.5s
  Person 703 on screen for 2990.0s | zone=0.0s
  Person 704 on screen for 1830.8s | zone=176.5s
  Person 707 on screen for 506.5s | zone=0.8s
  Person 710 on screen for 4.8s | zone=0.0s
  Person 724 on screen for 2200.3s | zone=0.4s
  Person 729 on screen for 0.2s | zone=0.0s
  Person 736 on screen for 2143.0s | zone=1116.7s
  Person 737 on screen for 3084.0s | zone=0.0s
  Person 742 on screen for 1520.5s | zone=1.1s
  Person 743 on screen for 5.2s | zone=0.0s
  Person 744 on screen for 3501.9s | zone=2.5s
  Person 751 on screen for 1770.7s | zone=349.0s
  Person 754 on screen for 1.6s | zone=0.0s
  Person 781 on screen for 16.9s | zone=0.0s
Person-ID memory saved: C:\Users\vioyq\Desktop\Coach_Tracker\coach-tracker-demo\coach-store\person-ID\coach3\0320.json
CSV written: C:\Users\vioyq\Desktop\Coach_Tracker\coach-tracker-demo\coach-store\CSV-state\coach3\0320-coach3-20260324-133910.csv
--- end report ---

[Progress] 8/13 ( 61.5%) | elapsed 10631.9s | ETA  6644.9s

=== Running: Coach-3-hour-8-20260320165957.mp4 ===
