# date=3-16
# cmd: C:\Users\vioyq\Desktop\Coach_Tracker\coach-tracker-demo\venv\Scripts\python.exe -u C:\Users\vioyq\Desktop\Coach_Tracker\coach-tracker-demo\video-script\coach-date-camera-id-runner.py --date 3-16 --camera coach-4 --video-root C:\Users\vioyq\Desktop\Coach_Tracker\_Coach_Video --drive-mount-root /content/drive --no-viewer
# cwd: C:\Users\vioyq\Desktop\Coach_Tracker\coach-tracker-demo

Combined CSV output: C:\Users\vioyq\Desktop\Coach_Tracker\coach-tracker-demo\coach-store\CSV-state\coach4\0316-coach4-20260325-171325.csv
Found 11 video(s) in C:\Users\vioyq\Desktop\Coach_Tracker\_Coach_Video\3-16\Coach-4
001. Coach-4-hour-1-20260316095957.mp4
002. Coach-4-hour-2-20260316105957.mp4
003. Coach-4-hour-3-20260316115957.mp4
004. Coach-4-hour-4-20260316125957.mp4
005. Coach-4-hour-5-20260316135957.mp4
006. Coach-4-hour-6-20260316145957.mp4
007. Coach-4-hour-7-20260316155957.mp4
008. Coach-4-hour-8-20260316165957.mp4
009. Coach-4-hour-9-20260316175957.mp4
010. Coach-4-hour-10-20260316190000.mp4
011. Coach-4-hour-11-20260316200001.mp4

[Progress] 1/11 (  9.1%) | elapsed     0.0s | ETA     0.0s

=== Running: Coach-4-hour-1-20260316095957.mp4 ===
Person-ID memory: loaded 580 IDs from C:\Users\vioyq\Desktop\Coach_Tracker\coach-tracker-demo\coach-store\person-ID\coach4\0316.json
[coach4] C:\Users\vioyq\Desktop\Coach_Tracker\_Coach_Video\3-16\Coach-4\Coach-4-hour-1-20260316095957.mp4 (36000 frames @ 10.0 fps). (headless)
Config: yaml=coach4.yaml zone=C:\Users\vioyq\Desktop\Coach_Tracker\coach-tracker-demo\coach-store\zone\coach4.json
Output CSV: C:\Users\vioyq\Desktop\Coach_Tracker\coach-tracker-demo\coach-store\CSV-state\coach4\0316-coach4-20260325-171325.csv

--- Report ---
Time spent processing: 1227.2s
Time on screen per person:
  Person 0 on screen for 3570.8s | zone=0.0s
  Person 1 on screen for 3567.7s | zone=5.4s
  Person 2 on screen for 3570.3s | zone=0.1s
  Person 3 on screen for 3511.8s | zone=0.0s
  Person 4 on screen for 3470.7s | zone=0.0s
  Person 5 on screen for 1193.1s | zone=1253.3s
  Person 6 on screen for 904.0s | zone=0.4s
  Person 14 on screen for 2773.3s | zone=0.1s
  Person 17 on screen for 1976.0s | zone=13.9s
  Person 19 on screen for 664.5s | zone=0.0s
  Person 23 on screen for 622.8s | zone=4.2s
  Person 24 on screen for 5.1s | zone=4.5s
  Person 26 on screen for 1595.8s | zone=3.3s
  Person 35 on screen for 53.8s | zone=0.1s
  Person 42 on screen for 2653.3s | zone=0.0s
  Person 47 on screen for 712.8s | zone=712.7s
  Person 49 on screen for 3.7s | zone=0.3s
  Person 60 on screen for 1167.4s | zone=1.1s
  Person 61 on screen for 2684.4s | zone=0.0s
  Person 64 on screen for 6.0s | zone=0.1s
  Person 81 on screen for 2.9s | zone=0.0s
  Person 98 on screen for 64.9s | zone=64.8s
  Person 111 on screen for 622.5s | zone=1401.7s
  Person 112 on screen for 471.8s | zone=3.7s
  Person 113 on screen for 2.1s | zone=2614.6s
  Person 116 on screen for 1.9s | zone=1697.2s
  Person 127 on screen for 27.6s | zone=10.7s
  Person 131 on screen for 22.6s | zone=8.4s
  Person 137 on screen for 116.7s | zone=0.0s
  Person 145 on screen for 2015.9s | zone=0.1s
  Person 146 on screen for 0.4s | zone=0.3s
  Person 160 on screen for 3255.6s | zone=0.6s
  Person 161 on screen for 52.4s | zone=0.0s
  Person 183 on screen for 1608.3s | zone=0.0s
  Person 185 on screen for 28.5s | zone=28.4s
  Person 188 on screen for 2207.6s | zone=0.1s
  Person 200 on screen for 2542.4s | zone=3.1s
  Person 203 on screen for 1419.0s | zone=0.2s
  Person 208 on screen for 2.6s | zone=589.7s
  Person 235 on screen for 0.4s | zone=0.3s
  Person 242 on screen for 10.3s | zone=5.3s
  Person 247 on screen for 0.1s | zone=0.0s
  Person 249 on screen for 951.3s | zone=0.3s
  Person 262 on screen for 1273.2s | zone=1272.4s
  Person 267 on screen for 1642.4s | zone=3.2s
  Person 268 on screen for 1155.3s | zone=0.0s
  Person 295 on screen for 24.1s | zone=831.8s
  Person 303 on screen for 19.1s | zone=0.2s
  Person 342 on screen for 3146.6s | zone=18.4s
  Person 345 on screen for 1400.8s | zone=58.9s
  Person 353 on screen for 1264.6s | zone=0.4s
  Person 354 on screen for 854.3s | zone=0.4s
  Person 356 on screen for 9.0s | zone=0.6s
  Person 364 on screen for 0.3s | zone=0.0s
  Person 370 on screen for 959.1s | zone=0.0s
  Person 374 on screen for 0.3s | zone=0.1s
  Person 380 on screen for 141.7s | zone=0.8s
  Person 387 on screen for 2347.7s | zone=0.2s
  Person 394 on screen for 67.5s | zone=0.0s
  Person 400 on screen for 8.1s | zone=0.0s
  Person 404 on screen for 265.5s | zone=2.1s
  Person 420 on screen for 8.9s | zone=8.8s
  Person 423 on screen for 43.0s | zone=0.2s
  Person 428 on screen for 96.3s | zone=0.1s
  Person 433 on screen for 6.5s | zone=0.0s
  Person 439 on screen for 3116.6s | zone=1384.5s
  Person 440 on screen for 14.4s | zone=0.0s
  Person 451 on screen for 56.6s | zone=0.0s
  Person 462 on screen for 57.9s | zone=2.3s
  Person 463 on screen for 0.1s | zone=0.0s
  Person 469 on screen for 1.2s | zone=0.4s
  Person 480 on screen for 11.3s | zone=9.7s
  Person 494 on screen for 11.3s | zone=7.8s
  Person 521 on screen for 1178.8s | zone=76.9s
  Person 522 on screen for 22.6s | zone=0.4s
  Person 525 on screen for 2.0s | zone=2.1s
  Person 526 on screen for 455.2s | zone=0.2s
  Person 528 on screen for 1.9s | zone=3120.7s
  Person 531 on screen for 10.7s | zone=9.5s
  Person 534 on screen for 578.8s | zone=0.0s
  Person 540 on screen for 8.8s | zone=1.0s
  Person 541 on screen for 1.2s | zone=27.3s
  Person 551 on screen for 1.8s | zone=0.3s
  Person 553 on screen for 2594.9s | zone=733.5s
  Person 568 on screen for 1574.9s | zone=1572.0s
  Person 574 on screen for 3.8s | zone=0.0s
  Person 607 on screen for 820.0s | zone=0.3s
  Person 615 on screen for 0.3s | zone=0.0s
  Person 648 on screen for 2.1s | zone=0.4s
  Person 687 on screen for 1340.2s | zone=1.0s
  Person 707 on screen for 1131.1s | zone=20.8s
  Person 776 on screen for 0.2s | zone=0.0s
  Person 818 on screen for 1628.8s | zone=0.0s
  Person 846 on screen for 13.3s | zone=1.3s
  Person 860 on screen for 1323.3s | zone=1320.0s
  Person 864 on screen for 1.0s | zone=0.9s
  Person 884 on screen for 3214.9s | zone=1.9s
  Person 895 on screen for 0.6s | zone=0.0s
  Person 897 on screen for 2577.6s | zone=2572.4s
  Person 901 on screen for 1191.0s | zone=2.5s
  Person 926 on screen for 1862.1s | zone=0.1s
  Person 930 on screen for 2.7s | zone=2.6s
  Person 955 on screen for 9.3s | zone=1.1s
  Person 962 on screen for 1891.3s | zone=1277.9s
  Person 977 on screen for 467.7s | zone=3.6s
  Person 997 on screen for 1229.2s | zone=0.0s
  Person 1018 on screen for 3042.5s | zone=0.9s
  Person 1022 on screen for 3465.2s | zone=0.7s
  Person 1032 on screen for 1614.2s | zone=17.7s
  Person 1036 on screen for 36.4s | zone=34.1s
  Person 1046 on screen for 385.8s | zone=0.0s
  Person 1049 on screen for 38.0s | zone=0.0s
  Person 1062 on screen for 3495.9s | zone=4.5s
  Person 1074 on screen for 3.0s | zone=0.0s
  Person 1083 on screen for 1840.5s | zone=0.1s
  Person 1093 on screen for 1823.9s | zone=0.0s
  Person 1128 on screen for 3320.2s | zone=2.3s
  Person 1129 on screen for 4.3s | zone=0.0s
  Person 1131 on screen for 2.4s | zone=0.0s
  Person 1150 on screen for 2.1s | zone=0.8s
  Person 1158 on screen for 4.6s | zone=3.7s
  Person 1205 on screen for 40.4s | zone=6.5s
  Person 1208 on screen for 2393.4s | zone=0.2s
  Person 1220 on screen for 159.7s | zone=0.2s
  Person 1223 on screen for 3.4s | zone=3.3s
  Person 1226 on screen for 423.6s | zone=0.4s
  Person 1228 on screen for 4.9s | zone=0.3s
  Person 1232 on screen for 732.3s | zone=0.1s
  Person 1243 on screen for 258.8s | zone=231.5s
  Person 1246 on screen for 1367.0s | zone=0.0s
  Person 1247 on screen for 1241.7s | zone=0.0s
  Person 1248 on screen for 3189.3s | zone=5.1s
  Person 1257 on screen for 2507.2s | zone=0.7s
  Person 1266 on screen for 3473.2s | zone=102.0s
  Person 1291 on screen for 939.5s | zone=1.2s
  Person 1310 on screen for 3154.6s | zone=0.1s
  Person 1324 on screen for 77.3s | zone=0.5s
  Person 1338 on screen for 3464.9s | zone=0.3s
  Person 1353 on screen for 44.0s | zone=0.0s
  Person 1370 on screen for 0.3s | zone=0.2s
  Person 1383 on screen for 310.9s | zone=32.4s
  Person 1391 on screen for 1188.2s | zone=1184.1s
  Person 1436 on screen for 0.3s | zone=0.0s
  Person 1443 on screen for 24.1s | zone=0.8s
  Person 1467 on screen for 1.4s | zone=0.3s
  Person 1550 on screen for 85.7s | zone=0.2s
  Person 1555 on screen for 3348.1s | zone=0.1s
  Person 1565 on screen for 790.6s | zone=0.0s
  Person 1570 on screen for 2039.3s | zone=0.7s
  Person 1668 on screen for 3145.9s | zone=0.8s
  Person 1677 on screen for 2296.2s | zone=0.0s
  Person 1718 on screen for 0.6s | zone=0.2s
  Person 1756 on screen for 20.7s | zone=0.0s
  Person 1766 on screen for 1737.0s | zone=0.0s
Person-ID memory saved: C:\Users\vioyq\Desktop\Coach_Tracker\coach-tracker-demo\coach-store\person-ID\coach4\0316.json
CSV written: C:\Users\vioyq\Desktop\Coach_Tracker\coach-tracker-demo\coach-store\CSV-state\coach4\0316-coach4-20260325-171325.csv
--- end report ---

[Progress] 2/11 ( 18.2%) | elapsed  1232.2s | ETA  5545.1s

=== Running: Coach-4-hour-2-20260316105957.mp4 ===
Person-ID memory: loaded 580 IDs from C:\Users\vioyq\Desktop\Coach_Tracker\coach-tracker-demo\coach-store\person-ID\coach4\0316.json
[coach4] C:\Users\vioyq\Desktop\Coach_Tracker\_Coach_Video\3-16\Coach-4\Coach-4-hour-2-20260316105957.mp4 (36000 frames @ 10.0 fps). (headless)
Config: yaml=coach4.yaml zone=C:\Users\vioyq\Desktop\Coach_Tracker\coach-tracker-demo\coach-store\zone\coach4.json
Output CSV: C:\Users\vioyq\Desktop\Coach_Tracker\coach-tracker-demo\coach-store\CSV-state\coach4\0316-coach4-20260325-171325.csv

--- Report ---
Time spent processing: 1372.8s
Time on screen per person:
  Person 0 on screen for 0.5s | zone=0.0s
  Person 1 on screen for 0.1s | zone=23.3s
  Person 2 on screen for 0.1s | zone=0.3s
  Person 6 on screen for 93.1s | zone=0.3s
  Person 14 on screen for 2909.5s | zone=0.9s
  Person 17 on screen for 2455.0s | zone=0.2s
  Person 18 on screen for 50.0s | zone=35.7s
  Person 19 on screen for 391.0s | zone=2.8s
  Person 23 on screen for 2976.2s | zone=505.2s
  Person 24 on screen for 11.3s | zone=0.5s
  Person 27 on screen for 5.8s | zone=0.1s
  Person 35 on screen for 169.7s | zone=0.2s
  Person 41 on screen for 795.3s | zone=1.8s
  Person 42 on screen for 3179.3s | zone=0.8s
  Person 47 on screen for 231.2s | zone=1.6s
  Person 53 on screen for 1.7s | zone=475.2s
  Person 56 on screen for 1.7s | zone=0.2s
  Person 57 on screen for 1943.3s | zone=0.2s
  Person 61 on screen for 177.9s | zone=167.6s
  Person 64 on screen for 3182.5s | zone=11.4s
  Person 71 on screen for 3005.4s | zone=6.5s
  Person 72 on screen for 101.8s | zone=0.2s
  Person 74 on screen for 4.5s | zone=4.7s
  Person 75 on screen for 1435.6s | zone=79.3s
  Person 76 on screen for 814.7s | zone=2.7s
  Person 78 on screen for 1.6s | zone=0.0s
  Person 81 on screen for 1324.4s | zone=2.7s
  Person 87 on screen for 150.5s | zone=6.1s
  Person 94 on screen for 81.8s | zone=0.0s
  Person 95 on screen for 1948.8s | zone=0.3s
  Person 111 on screen for 49.6s | zone=2700.2s
  Person 112 on screen for 331.8s | zone=1812.6s
  Person 113 on screen for 23.1s | zone=13.1s
  Person 114 on screen for 60.7s | zone=1.4s
  Person 116 on screen for 257.8s | zone=0.0s
  Person 118 on screen for 678.0s | zone=0.0s
  Person 120 on screen for 62.1s | zone=2302.1s
  Person 125 on screen for 17.5s | zone=7.3s
  Person 127 on screen for 0.7s | zone=0.6s
  Person 128 on screen for 36.9s | zone=31.4s
  Person 133 on screen for 1006.4s | zone=0.0s
  Person 134 on screen for 515.4s | zone=0.2s
  Person 137 on screen for 337.0s | zone=382.0s
  Person 145 on screen for 2936.7s | zone=17.4s
  Person 149 on screen for 2306.2s | zone=0.9s
  Person 156 on screen for 235.7s | zone=0.3s
  Person 158 on screen for 1026.9s | zone=0.1s
  Person 160 on screen for 2741.3s | zone=2734.9s
  Person 161 on screen for 3260.5s | zone=0.7s
  Person 163 on screen for 866.2s | zone=2.1s
  Person 167 on screen for 877.7s | zone=0.4s
  Person 176 on screen for 2528.6s | zone=0.2s
  Person 183 on screen for 2.3s | zone=0.1s
  Person 184 on screen for 1460.5s | zone=1449.6s
  Person 185 on screen for 650.0s | zone=0.1s
  Person 188 on screen for 20.8s | zone=0.0s
  Person 195 on screen for 1803.5s | zone=0.6s
  Person 197 on screen for 1967.6s | zone=0.5s
  Person 200 on screen for 1360.1s | zone=2046.7s
  Person 204 on screen for 10.6s | zone=0.1s
  Person 208 on screen for 770.0s | zone=483.1s
  Person 222 on screen for 2.5s | zone=0.6s
  Person 229 on screen for 933.1s | zone=0.1s
  Person 232 on screen for 20.5s | zone=0.4s
  Person 235 on screen for 0.6s | zone=0.0s
  Person 241 on screen for 40.5s | zone=7.5s
  Person 242 on screen for 1322.9s | zone=55.1s
  Person 247 on screen for 110.4s | zone=0.0s
  Person 249 on screen for 1574.7s | zone=0.4s
  Person 251 on screen for 703.0s | zone=10.6s
  Person 262 on screen for 2435.1s | zone=0.4s
  Person 267 on screen for 174.0s | zone=90.0s
  Person 268 on screen for 1045.9s | zone=500.6s
  Person 274 on screen for 0.8s | zone=0.4s
  Person 297 on screen for 2272.3s | zone=1140.6s
  Person 298 on screen for 38.3s | zone=1.4s
  Person 303 on screen for 626.3s | zone=0.3s
  Person 308 on screen for 44.9s | zone=0.3s
  Person 309 on screen for 0.3s | zone=0.0s
  Person 314 on screen for 2047.0s | zone=0.9s
  Person 325 on screen for 3202.8s | zone=0.4s
  Person 334 on screen for 2934.0s | zone=16.0s
  Person 337 on screen for 3.9s | zone=0.1s
  Person 340 on screen for 6.7s | zone=2.4s
  Person 342 on screen for 3325.2s | zone=25.0s
  Person 343 on screen for 1833.8s | zone=0.1s
  Person 345 on screen for 1005.9s | zone=6.3s
  Person 353 on screen for 73.8s | zone=0.0s
  Person 354 on screen for 2197.8s | zone=0.0s
  Person 356 on screen for 1451.6s | zone=1.1s
  Person 362 on screen for 807.1s | zone=0.2s
  Person 363 on screen for 3.1s | zone=2.2s
  Person 364 on screen for 2326.9s | zone=0.1s
  Person 366 on screen for 9.3s | zone=0.1s
  Person 370 on screen for 11.0s | zone=7.6s
  Person 374 on screen for 0.2s | zone=673.3s
  Person 377 on screen for 28.8s | zone=0.8s
  Person 380 on screen for 53.2s | zone=0.0s
  Person 387 on screen for 384.0s | zone=0.3s
  Person 400 on screen for 0.5s | zone=956.8s
  Person 403 on screen for 1575.9s | zone=0.2s
  Person 404 on screen for 353.3s | zone=3.4s
  Person 420 on screen for 0.7s | zone=0.0s
  Person 425 on screen for 1638.0s | zone=1633.0s
  Person 433 on screen for 1736.4s | zone=2.4s
  Person 436 on screen for 141.5s | zone=31.9s
  Person 439 on screen for 852.7s | zone=0.2s
  Person 440 on screen for 7.5s | zone=0.1s
  Person 462 on screen for 3294.2s | zone=0.4s
  Person 465 on screen for 553.4s | zone=0.1s
  Person 469 on screen for 2271.6s | zone=0.1s
  Person 473 on screen for 14.7s | zone=224.9s
  Person 478 on screen for 2975.6s | zone=2972.7s
  Person 487 on screen for 3.4s | zone=2.4s
  Person 494 on screen for 6.0s | zone=0.0s
  Person 506 on screen for 2108.4s | zone=26.4s
  Person 521 on screen for 20.3s | zone=325.7s
  Person 523 on screen for 2600.0s | zone=899.2s
  Person 526 on screen for 831.3s | zone=2.1s
  Person 528 on screen for 2178.0s | zone=3.7s
  Person 531 on screen for 26.1s | zone=1.8s
  Person 534 on screen for 11.9s | zone=0.1s
  Person 551 on screen for 3008.1s | zone=1.0s
  Person 553 on screen for 1991.5s | zone=326.7s
  Person 557 on screen for 76.1s | zone=149.0s
  Person 562 on screen for 2152.7s | zone=2152.6s
  Person 568 on screen for 6.8s | zone=0.1s
  Person 572 on screen for 4.2s | zone=0.0s
  Person 574 on screen for 2483.5s | zone=0.2s
  Person 599 on screen for 2107.3s | zone=6.3s
  Person 600 on screen for 698.0s | zone=333.1s
  Person 602 on screen for 995.1s | zone=0.0s
  Person 607 on screen for 1701.8s | zone=806.4s
  Person 613 on screen for 1406.2s | zone=2.3s
  Person 614 on screen for 1407.6s | zone=0.2s
  Person 615 on screen for 148.5s | zone=0.3s
  Person 619 on screen for 467.5s | zone=0.1s
  Person 625 on screen for 1921.7s | zone=0.0s
  Person 638 on screen for 3073.2s | zone=83.3s
  Person 644 on screen for 63.8s | zone=0.1s
  Person 648 on screen for 0.1s | zone=1313.5s
  Person 649 on screen for 944.4s | zone=0.0s
  Person 650 on screen for 955.3s | zone=6.3s
  Person 665 on screen for 0.3s | zone=0.0s
  Person 666 on screen for 1679.1s | zone=15.0s
  Person 675 on screen for 3.1s | zone=2.4s
  Person 687 on screen for 0.1s | zone=0.0s
  Person 690 on screen for 1824.0s | zone=1.0s
  Person 704 on screen for 1.3s | zone=0.0s
  Person 707 on screen for 458.4s | zone=0.3s
  Person 719 on screen for 2521.9s | zone=0.0s
  Person 721 on screen for 607.4s | zone=3.2s
  Person 732 on screen for 656.6s | zone=47.9s
  Person 733 on screen for 902.0s | zone=0.2s
  Person 736 on screen for 6.6s | zone=5.2s
  Person 763 on screen for 2825.3s | zone=2793.2s
  Person 769 on screen for 121.9s | zone=1.6s
  Person 791 on screen for 10.0s | zone=69.2s
  Person 792 on screen for 481.3s | zone=427.6s
  Person 793 on screen for 1101.1s | zone=0.1s
  Person 816 on screen for 1221.8s | zone=0.1s
  Person 820 on screen for 34.4s | zone=0.0s
  Person 822 on screen for 2506.7s | zone=0.4s
  Person 826 on screen for 0.4s | zone=5.8s
  Person 835 on screen for 859.9s | zone=0.0s
  Person 846 on screen for 2259.0s | zone=0.0s
  Person 864 on screen for 12.2s | zone=0.1s
  Person 874 on screen for 11.7s | zone=0.6s
  Person 883 on screen for 186.6s | zone=0.0s
  Person 884 on screen for 3075.9s | zone=582.2s
  Person 885 on screen for 214.3s | zone=0.0s
  Person 889 on screen for 2310.4s | zone=0.0s
  Person 891 on screen for 1723.1s | zone=0.0s
  Person 895 on screen for 915.3s | zone=493.4s
  Person 896 on screen for 1051.6s | zone=0.0s
  Person 901 on screen for 5.8s | zone=2.3s
  Person 903 on screen for 578.4s | zone=1.9s
  Person 913 on screen for 1.7s | zone=0.0s
  Person 926 on screen for 2859.3s | zone=80.4s
  Person 928 on screen for 854.5s | zone=23.3s
  Person 955 on screen for 3.7s | zone=0.0s
  Person 962 on screen for 2326.6s | zone=4.1s
  Person 977 on screen for 3063.8s | zone=0.3s
  Person 979 on screen for 884.2s | zone=0.3s
  Person 1008 on screen for 975.6s | zone=113.8s
  Person 1010 on screen for 2784.6s | zone=0.2s
  Person 1018 on screen for 1202.4s | zone=1.0s
  Person 1022 on screen for 2838.0s | zone=66.8s
  Person 1032 on screen for 1610.1s | zone=0.4s
  Person 1044 on screen for 1.4s | zone=0.0s
  Person 1046 on screen for 1.0s | zone=0.1s
  Person 1048 on screen for 2802.0s | zone=0.0s
  Person 1049 on screen for 2044.2s | zone=858.8s
  Person 1050 on screen for 8.3s | zone=0.0s
  Person 1053 on screen for 297.2s | zone=297.1s
  Person 1062 on screen for 9.8s | zone=0.0s
  Person 1074 on screen for 0.2s | zone=0.0s
  Person 1077 on screen for 3182.3s | zone=0.1s
  Person 1078 on screen for 13.3s | zone=0.2s
  Person 1083 on screen for 6.8s | zone=0.9s
  Person 1087 on screen for 0.3s | zone=0.0s
  Person 1099 on screen for 1160.2s | zone=537.0s
  Person 1100 on screen for 1446.6s | zone=0.0s
  Person 1106 on screen for 2992.1s | zone=1.3s
  Person 1117 on screen for 0.1s | zone=0.0s
  Person 1128 on screen for 1892.3s | zone=0.1s
  Person 1131 on screen for 2875.3s | zone=0.0s
  Person 1136 on screen for 3116.4s | zone=635.5s
  Person 1138 on screen for 1910.8s | zone=98.2s
  Person 1150 on screen for 2179.4s | zone=0.6s
  Person 1157 on screen for 0.1s | zone=0.0s
  Person 1159 on screen for 696.8s | zone=1.6s
  Person 1162 on screen for 2933.3s | zone=0.0s
  Person 1172 on screen for 143.5s | zone=1.9s
  Person 1178 on screen for 827.8s | zone=372.1s
  Person 1182 on screen for 1079.5s | zone=2.5s
  Person 1183 on screen for 2769.5s | zone=1773.4s
  Person 1205 on screen for 1565.8s | zone=0.2s
  Person 1208 on screen for 1849.2s | zone=0.7s
  Person 1220 on screen for 136.5s | zone=0.1s
  Person 1221 on screen for 2439.5s | zone=1972.3s
  Person 1226 on screen for 58.9s | zone=0.2s
  Person 1228 on screen for 110.4s | zone=0.0s
  Person 1229 on screen for 2779.7s | zone=0.5s
  Person 1230 on screen for 13.0s | zone=0.2s
  Person 1232 on screen for 20.3s | zone=0.7s
  Person 1235 on screen for 1299.4s | zone=7.8s
  Person 1237 on screen for 3.6s | zone=0.5s
  Person 1242 on screen for 36.3s | zone=2.2s
  Person 1245 on screen for 2422.7s | zone=3.9s
  Person 1246 on screen for 1859.1s | zone=1.2s
  Person 1247 on screen for 537.6s | zone=35.1s
  Person 1248 on screen for 1356.2s | zone=1354.2s
  Person 1257 on screen for 3076.1s | zone=0.5s
  Person 1266 on screen for 380.1s | zone=0.0s
  Person 1268 on screen for 10.3s | zone=8.5s
  Person 1272 on screen for 1174.5s | zone=0.1s
  Person 1280 on screen for 38.7s | zone=0.4s
  Person 1285 on screen for 2827.7s | zone=0.5s
  Person 1291 on screen for 475.5s | zone=24.5s
  Person 1310 on screen for 2986.0s | zone=0.0s
  Person 1324 on screen for 13.5s | zone=10.6s
  Person 1338 on screen for 2492.5s | zone=346.3s
  Person 1350 on screen for 0.1s | zone=0.0s
  Person 1370 on screen for 346.6s | zone=346.5s
  Person 1383 on screen for 331.7s | zone=331.3s
  Person 1391 on screen for 1274.7s | zone=1274.6s
  Person 1416 on screen for 1194.6s | zone=0.0s
  Person 1418 on screen for 174.5s | zone=0.7s
  Person 1436 on screen for 314.5s | zone=0.3s
  Person 1447 on screen for 11.2s | zone=0.0s
  Person 1467 on screen for 2.3s | zone=1.0s
  Person 1475 on screen for 1037.4s | zone=66.1s
  Person 1487 on screen for 1860.5s | zone=0.0s
  Person 1521 on screen for 13.6s | zone=7.1s
  Person 1530 on screen for 5.4s | zone=1.9s
  Person 1548 on screen for 1348.2s | zone=0.1s
  Person 1555 on screen for 5.8s | zone=0.1s
  Person 1565 on screen for 3.1s | zone=2.5s
  Person 1570 on screen for 2063.2s | zone=0.1s
  Person 1581 on screen for 30.9s | zone=0.8s
  Person 1609 on screen for 274.9s | zone=0.4s
  Person 1625 on screen for 153.6s | zone=15.3s
  Person 1668 on screen for 3164.3s | zone=856.6s
  Person 1677 on screen for 10.3s | zone=6.6s
  Person 1718 on screen for 22.2s | zone=0.3s
  Person 1756 on screen for 25.2s | zone=0.9s
  Person 1766 on screen for 2223.4s | zone=0.0s
Person-ID memory saved: C:\Users\vioyq\Desktop\Coach_Tracker\coach-tracker-demo\coach-store\person-ID\coach4\0316.json
CSV written: C:\Users\vioyq\Desktop\Coach_Tracker\coach-tracker-demo\coach-store\CSV-state\coach4\0316-coach4-20260325-171325.csv
--- end report ---

[Progress] 3/11 ( 27.3%) | elapsed  2610.0s | ETA  6960.0s

=== Running: Coach-4-hour-3-20260316115957.mp4 ===
Person-ID memory: loaded 580 IDs from C:\Users\vioyq\Desktop\Coach_Tracker\coach-tracker-demo\coach-store\person-ID\coach4\0316.json
[coach4] C:\Users\vioyq\Desktop\Coach_Tracker\_Coach_Video\3-16\Coach-4\Coach-4-hour-3-20260316115957.mp4 (36000 frames @ 10.0 fps). (headless)
Config: yaml=coach4.yaml zone=C:\Users\vioyq\Desktop\Coach_Tracker\coach-tracker-demo\coach-store\zone\coach4.json
Output CSV: C:\Users\vioyq\Desktop\Coach_Tracker\coach-tracker-demo\coach-store\CSV-state\coach4\0316-coach4-20260325-171325.csv

--- Report ---
Time spent processing: 1656.8s
Time on screen per person:
  Person 0 on screen for 2851.7s | zone=0.0s
  Person 1 on screen for 2389.7s | zone=0.0s
  Person 2 on screen for 2389.4s | zone=4.5s
  Person 3 on screen for 2389.4s | zone=9.5s
  Person 4 on screen for 2389.0s | zone=0.0s
  Person 5 on screen for 1882.6s | zone=1.4s
  Person 6 on screen for 3369.6s | zone=2.7s
  Person 14 on screen for 3460.6s | zone=1.5s
  Person 16 on screen for 1.3s | zone=1.2s
  Person 18 on screen for 21.5s | zone=0.2s
  Person 19 on screen for 134.3s | zone=78.9s
  Person 23 on screen for 2286.5s | zone=0.9s
  Person 24 on screen for 107.2s | zone=105.4s
  Person 26 on screen for 1059.7s | zone=0.7s
  Person 27 on screen for 0.7s | zone=1.8s
  Person 35 on screen for 6.2s | zone=0.4s
  Person 41 on screen for 2928.6s | zone=0.2s
  Person 42 on screen for 3291.6s | zone=0.0s
  Person 53 on screen for 31.9s | zone=31.8s
  Person 56 on screen for 0.6s | zone=0.1s
  Person 60 on screen for 2486.8s | zone=0.2s
  Person 61 on screen for 1764.3s | zone=0.0s
  Person 64 on screen for 2077.9s | zone=0.4s
  Person 71 on screen for 2051.8s | zone=32.4s
  Person 72 on screen for 100.4s | zone=3.6s
  Person 75 on screen for 10.1s | zone=0.2s
  Person 76 on screen for 2169.8s | zone=2127.5s
  Person 77 on screen for 0.1s | zone=0.0s
  Person 78 on screen for 1803.4s | zone=204.5s
  Person 81 on screen for 2432.0s | zone=606.2s
  Person 82 on screen for 60.1s | zone=0.5s
  Person 85 on screen for 0.2s | zone=0.0s
  Person 86 on screen for 0.1s | zone=0.0s
  Person 87 on screen for 3188.6s | zone=0.9s
  Person 94 on screen for 747.3s | zone=0.0s
  Person 95 on screen for 1777.1s | zone=299.7s
  Person 97 on screen for 1355.2s | zone=218.4s
  Person 98 on screen for 572.8s | zone=544.0s
  Person 110 on screen for 13.4s | zone=1.2s
  Person 111 on screen for 81.1s | zone=3.9s
  Person 112 on screen for 2336.2s | zone=2272.1s
  Person 113 on screen for 290.7s | zone=2.1s
  Person 114 on screen for 43.2s | zone=0.0s
  Person 115 on screen for 77.6s | zone=17.4s
  Person 117 on screen for 60.1s | zone=25.8s
  Person 118 on screen for 667.7s | zone=0.1s
  Person 120 on screen for 163.8s | zone=149.5s
  Person 122 on screen for 0.2s | zone=0.1s
  Person 123 on screen for 2896.3s | zone=1212.5s
  Person 125 on screen for 412.6s | zone=0.1s
  Person 127 on screen for 1632.6s | zone=0.0s
  Person 128 on screen for 2079.1s | zone=934.1s
  Person 130 on screen for 16.5s | zone=16.4s
  Person 131 on screen for 3161.1s | zone=0.0s
  Person 133 on screen for 10.1s | zone=10.0s
  Person 134 on screen for 195.9s | zone=15.9s
  Person 137 on screen for 18.4s | zone=1.7s
  Person 139 on screen for 390.6s | zone=3.8s
  Person 144 on screen for 2117.8s | zone=2.7s
  Person 145 on screen for 3186.4s | zone=8.2s
  Person 149 on screen for 677.9s | zone=0.1s
  Person 153 on screen for 6.7s | zone=0.1s
  Person 156 on screen for 1.2s | zone=1.1s
  Person 158 on screen for 1334.5s | zone=1255.3s
  Person 160 on screen for 2550.4s | zone=0.0s
  Person 161 on screen for 2024.1s | zone=0.0s
  Person 163 on screen for 2489.5s | zone=4.0s
  Person 167 on screen for 333.2s | zone=0.2s
  Person 170 on screen for 7.4s | zone=7.3s
  Person 174 on screen for 5.7s | zone=0.0s
  Person 176 on screen for 696.1s | zone=56.6s
  Person 177 on screen for 81.6s | zone=17.0s
  Person 181 on screen for 2691.6s | zone=1.2s
  Person 183 on screen for 17.5s | zone=0.1s
  Person 184 on screen for 993.2s | zone=993.1s
  Person 188 on screen for 3219.3s | zone=0.8s
  Person 195 on screen for 2927.8s | zone=12.1s
  Person 197 on screen for 7.9s | zone=1.6s
  Person 200 on screen for 2080.6s | zone=0.1s
  Person 203 on screen for 634.6s | zone=0.1s
  Person 208 on screen for 1927.7s | zone=2703.3s
  Person 210 on screen for 20.1s | zone=3.4s
  Person 216 on screen for 419.1s | zone=0.3s
  Person 222 on screen for 984.7s | zone=2.4s
  Person 229 on screen for 1689.3s | zone=3.5s
  Person 241 on screen for 2398.1s | zone=4.3s
  Person 242 on screen for 2936.1s | zone=910.3s
  Person 247 on screen for 2641.6s | zone=1035.1s
  Person 249 on screen for 1508.9s | zone=0.8s
  Person 262 on screen for 879.1s | zone=2.0s
  Person 265 on screen for 2285.9s | zone=11.1s
  Person 267 on screen for 796.3s | zone=0.3s
  Person 268 on screen for 588.4s | zone=0.0s
  Person 274 on screen for 204.3s | zone=0.1s
  Person 277 on screen for 0.1s | zone=2561.6s
  Person 278 on screen for 698.0s | zone=0.0s
  Person 284 on screen for 2.6s | zone=2.5s
  Person 295 on screen for 234.9s | zone=156.3s
  Person 296 on screen for 2599.0s | zone=0.1s
  Person 297 on screen for 1848.3s | zone=0.3s
  Person 298 on screen for 0.1s | zone=1086.0s
  Person 299 on screen for 1.2s | zone=0.3s
  Person 300 on screen for 1277.4s | zone=0.2s
  Person 303 on screen for 67.9s | zone=63.2s
  Person 308 on screen for 1.6s | zone=0.0s
  Person 316 on screen for 3002.2s | zone=17.4s
  Person 325 on screen for 1531.1s | zone=0.8s
  Person 331 on screen for 9.9s | zone=8.4s
  Person 334 on screen for 342.0s | zone=18.3s
  Person 337 on screen for 12.3s | zone=0.0s
  Person 339 on screen for 2399.3s | zone=0.9s
  Person 340 on screen for 527.1s | zone=0.2s
  Person 342 on screen for 2961.7s | zone=0.5s
  Person 343 on screen for 1362.4s | zone=0.8s
  Person 345 on screen for 1789.4s | zone=1788.3s
  Person 347 on screen for 61.5s | zone=54.2s
  Person 354 on screen for 553.9s | zone=0.0s
  Person 356 on screen for 377.1s | zone=0.0s
  Person 361 on screen for 18.8s | zone=17.6s
  Person 362 on screen for 1416.0s | zone=0.0s
  Person 364 on screen for 1523.1s | zone=0.3s
  Person 365 on screen for 2264.9s | zone=7.5s
  Person 366 on screen for 2116.6s | zone=0.2s
  Person 370 on screen for 94.2s | zone=0.5s
  Person 373 on screen for 13.6s | zone=0.0s
  Person 374 on screen for 935.3s | zone=25.0s
  Person 380 on screen for 968.4s | zone=1.8s
  Person 383 on screen for 892.0s | zone=0.0s
  Person 387 on screen for 2409.4s | zone=1.4s
  Person 394 on screen for 25.5s | zone=0.0s
  Person 400 on screen for 3038.7s | zone=8.0s
  Person 409 on screen for 81.6s | zone=2.9s
  Person 423 on screen for 445.0s | zone=0.3s
  Person 428 on screen for 4.0s | zone=0.1s
  Person 432 on screen for 103.1s | zone=7.0s
  Person 438 on screen for 23.3s | zone=0.0s
  Person 439 on screen for 1734.6s | zone=1.2s
  Person 440 on screen for 3047.4s | zone=0.2s
  Person 457 on screen for 447.6s | zone=1.6s
  Person 462 on screen for 1382.6s | zone=0.3s
  Person 465 on screen for 5.1s | zone=0.1s
  Person 469 on screen for 1040.2s | zone=0.2s
  Person 470 on screen for 2244.9s | zone=2.0s
  Person 472 on screen for 1639.8s | zone=0.0s
  Person 473 on screen for 33.3s | zone=1.4s
  Person 478 on screen for 1.5s | zone=26.8s
  Person 487 on screen for 242.7s | zone=0.0s
  Person 488 on screen for 144.9s | zone=0.1s
  Person 494 on screen for 3281.4s | zone=3261.2s
  Person 506 on screen for 616.4s | zone=559.5s
  Person 510 on screen for 1746.0s | zone=0.3s
  Person 521 on screen for 1.8s | zone=0.3s
  Person 526 on screen for 581.0s | zone=0.1s
  Person 528 on screen for 10.5s | zone=0.0s
  Person 534 on screen for 1924.5s | zone=2.6s
  Person 537 on screen for 1788.4s | zone=1.7s
  Person 538 on screen for 252.4s | zone=0.1s
  Person 541 on screen for 14.7s | zone=1.5s
  Person 549 on screen for 924.3s | zone=0.1s
  Person 551 on screen for 3189.7s | zone=969.2s
  Person 553 on screen for 1769.3s | zone=0.8s
  Person 557 on screen for 797.5s | zone=0.1s
  Person 562 on screen for 895.9s | zone=39.9s
  Person 568 on screen for 478.3s | zone=7.5s
  Person 570 on screen for 40.7s | zone=0.8s
  Person 572 on screen for 1.0s | zone=1575.1s
  Person 574 on screen for 292.5s | zone=6.2s
  Person 587 on screen for 464.1s | zone=9.5s
  Person 592 on screen for 2392.5s | zone=0.5s
  Person 599 on screen for 2648.3s | zone=6.9s
  Person 602 on screen for 2398.1s | zone=0.0s
  Person 607 on screen for 718.1s | zone=4.3s
  Person 612 on screen for 3.6s | zone=0.2s
  Person 613 on screen for 2385.1s | zone=0.0s
  Person 614 on screen for 425.0s | zone=0.0s
  Person 625 on screen for 7.8s | zone=0.0s
  Person 638 on screen for 1433.7s | zone=1433.6s
  Person 648 on screen for 40.5s | zone=0.1s
  Person 649 on screen for 1248.8s | zone=0.0s
  Person 650 on screen for 53.1s | zone=0.0s
  Person 656 on screen for 2167.6s | zone=0.2s
  Person 666 on screen for 2104.6s | zone=0.0s
  Person 667 on screen for 13.9s | zone=11.8s
  Person 670 on screen for 0.2s | zone=0.1s
  Person 673 on screen for 2172.0s | zone=2.5s
  Person 675 on screen for 46.5s | zone=0.1s
  Person 687 on screen for 1524.5s | zone=340.9s
  Person 690 on screen for 286.9s | zone=4.6s
  Person 691 on screen for 575.4s | zone=574.5s
  Person 710 on screen for 1986.3s | zone=7.6s
  Person 719 on screen for 2095.4s | zone=1.4s
  Person 721 on screen for 104.0s | zone=0.5s
  Person 724 on screen for 1.7s | zone=0.0s
  Person 727 on screen for 12.9s | zone=0.7s
  Person 732 on screen for 2747.6s | zone=2710.6s
  Person 733 on screen for 2126.6s | zone=2082.3s
  Person 736 on screen for 822.8s | zone=0.0s
  Person 759 on screen for 1482.6s | zone=4.2s
  Person 763 on screen for 26.1s | zone=1.6s
  Person 769 on screen for 824.2s | zone=0.0s
  Person 776 on screen for 2912.9s | zone=0.0s
  Person 781 on screen for 2960.7s | zone=0.6s
  Person 791 on screen for 2451.4s | zone=3.4s
  Person 792 on screen for 69.8s | zone=11.3s
  Person 793 on screen for 1061.8s | zone=1.8s
  Person 800 on screen for 0.1s | zone=0.0s
  Person 802 on screen for 1516.2s | zone=622.4s
  Person 806 on screen for 59.8s | zone=10.5s
  Person 807 on screen for 2.7s | zone=1.6s
  Person 808 on screen for 2098.1s | zone=0.0s
  Person 813 on screen for 98.3s | zone=2.4s
  Person 816 on screen for 1958.8s | zone=11.6s
  Person 822 on screen for 2598.7s | zone=2.0s
  Person 826 on screen for 18.4s | zone=575.0s
  Person 835 on screen for 2537.7s | zone=347.4s
  Person 844 on screen for 0.1s | zone=6.2s
  Person 858 on screen for 1253.2s | zone=2.5s
  Person 859 on screen for 10.7s | zone=0.0s
  Person 860 on screen for 1177.9s | zone=125.8s
  Person 864 on screen for 824.3s | zone=0.2s
  Person 870 on screen for 0.4s | zone=1.2s
  Person 874 on screen for 376.4s | zone=1.9s
  Person 879 on screen for 2.8s | zone=2.3s
  Person 883 on screen for 73.7s | zone=63.7s
  Person 884 on screen for 1679.8s | zone=0.0s
  Person 885 on screen for 2678.0s | zone=0.4s
  Person 889 on screen for 846.0s | zone=636.4s
  Person 891 on screen for 864.6s | zone=4.4s
  Person 895 on screen for 1777.2s | zone=0.0s
  Person 896 on screen for 1970.2s | zone=0.6s
  Person 897 on screen for 1127.2s | zone=1109.5s
  Person 898 on screen for 2933.6s | zone=0.0s
  Person 901 on screen for 2350.3s | zone=11.3s
  Person 903 on screen for 1946.1s | zone=214.3s
  Person 913 on screen for 400.2s | zone=4.2s
  Person 914 on screen for 1095.4s | zone=0.0s
  Person 918 on screen for 932.8s | zone=223.4s
  Person 926 on screen for 0.9s | zone=1054.2s
  Person 931 on screen for 519.8s | zone=0.1s
  Person 940 on screen for 958.2s | zone=838.5s
  Person 942 on screen for 198.5s | zone=0.0s
  Person 952 on screen for 2327.3s | zone=3.1s
  Person 962 on screen for 1019.0s | zone=1.6s
  Person 963 on screen for 0.2s | zone=0.2s
  Person 977 on screen for 1388.2s | zone=0.5s
  Person 979 on screen for 1563.0s | zone=7.4s
  Person 987 on screen for 24.9s | zone=2.4s
  Person 997 on screen for 835.4s | zone=793.3s
  Person 1008 on screen for 2875.0s | zone=1.3s
  Person 1010 on screen for 585.7s | zone=0.0s
  Person 1018 on screen for 3229.0s | zone=1423.1s
  Person 1022 on screen for 2474.0s | zone=0.1s
  Person 1036 on screen for 59.8s | zone=0.0s
  Person 1044 on screen for 2426.7s | zone=0.0s
  Person 1046 on screen for 29.3s | zone=16.2s
  Person 1048 on screen for 1840.0s | zone=0.1s
  Person 1049 on screen for 2639.2s | zone=0.3s
  Person 1050 on screen for 12.5s | zone=1698.8s
  Person 1051 on screen for 8.1s | zone=3.0s
  Person 1053 on screen for 1044.2s | zone=0.0s
  Person 1062 on screen for 1611.8s | zone=1571.8s
  Person 1070 on screen for 2194.3s | zone=1364.6s
  Person 1074 on screen for 2191.4s | zone=0.2s
  Person 1077 on screen for 1329.9s | zone=294.0s
  Person 1083 on screen for 3102.5s | zone=0.4s
  Person 1087 on screen for 1383.1s | zone=4.8s
  Person 1091 on screen for 1295.4s | zone=1294.3s
  Person 1093 on screen for 846.7s | zone=0.0s
  Person 1099 on screen for 166.4s | zone=835.5s
  Person 1100 on screen for 2518.5s | zone=0.1s
  Person 1106 on screen for 2369.9s | zone=0.4s
  Person 1124 on screen for 1166.0s | zone=1164.0s
  Person 1128 on screen for 2079.3s | zone=345.3s
  Person 1129 on screen for 1940.4s | zone=0.0s
  Person 1132 on screen for 0.5s | zone=0.0s
  Person 1138 on screen for 1626.7s | zone=0.3s
  Person 1150 on screen for 822.4s | zone=3.8s
  Person 1158 on screen for 2243.1s | zone=2241.9s
  Person 1159 on screen for 3309.4s | zone=581.1s
  Person 1162 on screen for 2476.4s | zone=305.0s
  Person 1164 on screen for 874.1s | zone=0.0s
  Person 1165 on screen for 2834.0s | zone=715.4s
  Person 1167 on screen for 2374.9s | zone=30.3s
  Person 1169 on screen for 2.1s | zone=2.0s
  Person 1178 on screen for 1.1s | zone=0.0s
  Person 1182 on screen for 238.0s | zone=1634.2s
  Person 1183 on screen for 0.1s | zone=208.0s
  Person 1204 on screen for 532.3s | zone=376.2s
  Person 1205 on screen for 99.0s | zone=0.3s
  Person 1210 on screen for 956.9s | zone=0.0s
  Person 1216 on screen for 2668.7s | zone=1120.7s
  Person 1221 on screen for 2213.2s | zone=29.5s
  Person 1223 on screen for 1292.2s | zone=0.1s
  Person 1226 on screen for 267.8s | zone=941.4s
  Person 1229 on screen for 536.8s | zone=1.5s
  Person 1230 on screen for 892.7s | zone=96.6s
  Person 1237 on screen for 1.0s | zone=0.9s
  Person 1239 on screen for 25.6s | zone=25.3s
  Person 1245 on screen for 898.2s | zone=1.8s
  Person 1246 on screen for 2211.0s | zone=3.5s
  Person 1247 on screen for 16.7s | zone=0.9s
  Person 1248 on screen for 1397.8s | zone=9.2s
  Person 1257 on screen for 333.9s | zone=2.6s
  Person 1268 on screen for 886.1s | zone=0.6s
  Person 1272 on screen for 938.6s | zone=0.3s
  Person 1280 on screen for 2708.1s | zone=1301.6s
  Person 1285 on screen for 53.4s | zone=0.1s
  Person 1291 on screen for 39.5s | zone=0.2s
  Person 1297 on screen for 1025.8s | zone=8.8s
  Person 1298 on screen for 1452.1s | zone=0.2s
  Person 1303 on screen for 3.9s | zone=0.1s
  Person 1310 on screen for 293.8s | zone=26.0s
  Person 1332 on screen for 0.1s | zone=0.0s
  Person 1338 on screen for 2654.5s | zone=0.1s
  Person 1358 on screen for 2942.0s | zone=1307.2s
  Person 1363 on screen for 1884.7s | zone=0.0s
  Person 1368 on screen for 2355.1s | zone=0.7s
  Person 1383 on screen for 364.7s | zone=338.2s
  Person 1391 on screen for 3417.7s | zone=0.2s
  Person 1399 on screen for 0.6s | zone=0.0s
  Person 1412 on screen for 20.3s | zone=0.5s
  Person 1416 on screen for 181.1s | zone=6.6s
  Person 1418 on screen for 1067.0s | zone=0.5s
  Person 1419 on screen for 190.2s | zone=665.7s
  Person 1421 on screen for 775.1s | zone=0.2s
  Person 1436 on screen for 2165.4s | zone=2117.6s
  Person 1440 on screen for 1571.6s | zone=0.2s
  Person 1443 on screen for 84.5s | zone=0.9s
  Person 1445 on screen for 6.2s | zone=6.1s
  Person 1453 on screen for 1915.5s | zone=1.2s
  Person 1464 on screen for 0.4s | zone=0.5s
  Person 1467 on screen for 1658.9s | zone=1657.7s
  Person 1487 on screen for 3193.6s | zone=1110.4s
  Person 1488 on screen for 1837.0s | zone=0.1s
  Person 1511 on screen for 5.1s | zone=0.2s
  Person 1543 on screen for 2235.8s | zone=5.0s
  Person 1548 on screen for 2802.1s | zone=0.2s
  Person 1550 on screen for 2605.3s | zone=0.0s
  Person 1555 on screen for 2330.3s | zone=0.6s
  Person 1565 on screen for 1622.4s | zone=1.4s
  Person 1570 on screen for 2827.8s | zone=0.6s
  Person 1609 on screen for 3115.1s | zone=4.1s
  Person 1623 on screen for 2075.4s | zone=2075.3s
  Person 1625 on screen for 174.0s | zone=0.9s
  Person 1639 on screen for 2208.8s | zone=981.3s
  Person 1668 on screen for 1738.2s | zone=1.5s
  Person 1677 on screen for 21.6s | zone=12.5s
  Person 1743 on screen for 1830.9s | zone=0.5s
  Person 1756 on screen for 1902.5s | zone=0.4s
  Person 1766 on screen for 2.8s | zone=1.3s
  Person 1805 on screen for 1790.9s | zone=0.3s
Person-ID memory saved: C:\Users\vioyq\Desktop\Coach_Tracker\coach-tracker-demo\coach-store\person-ID\coach4\0316.json
CSV written: C:\Users\vioyq\Desktop\Coach_Tracker\coach-tracker-demo\coach-store\CSV-state\coach4\0316-coach4-20260325-171325.csv
--- end report ---

[Progress] 4/11 ( 36.4%) | elapsed  4271.4s | ETA  7474.9s

=== Running: Coach-4-hour-4-20260316125957.mp4 ===
Person-ID memory: loaded 581 IDs from C:\Users\vioyq\Desktop\Coach_Tracker\coach-tracker-demo\coach-store\person-ID\coach4\0316.json
[coach4] C:\Users\vioyq\Desktop\Coach_Tracker\_Coach_Video\3-16\Coach-4\Coach-4-hour-4-20260316125957.mp4 (36000 frames @ 10.0 fps). (headless)
Config: yaml=coach4.yaml zone=C:\Users\vioyq\Desktop\Coach_Tracker\coach-tracker-demo\coach-store\zone\coach4.json
Output CSV: C:\Users\vioyq\Desktop\Coach_Tracker\coach-tracker-demo\coach-store\CSV-state\coach4\0316-coach4-20260325-171325.csv

--- Report ---
Time spent processing: 1668.9s
Time on screen per person:
  Person 0 on screen for 224.0s | zone=0.0s
  Person 1 on screen for 19.6s | zone=0.7s
  Person 2 on screen for 2581.7s | zone=197.0s
  Person 3 on screen for 2.1s | zone=0.6s
  Person 4 on screen for 81.2s | zone=0.2s
  Person 5 on screen for 2763.3s | zone=0.4s
  Person 6 on screen for 928.5s | zone=0.3s
  Person 9 on screen for 68.0s | zone=1.1s
  Person 14 on screen for 6.7s | zone=0.0s
  Person 17 on screen for 1647.8s | zone=1.7s
  Person 23 on screen for 2799.6s | zone=2793.8s
  Person 26 on screen for 350.8s | zone=0.0s
  Person 35 on screen for 2910.1s | zone=3463.7s
  Person 40 on screen for 9.0s | zone=0.4s
  Person 41 on screen for 1570.6s | zone=0.0s
  Person 42 on screen for 2639.8s | zone=1120.1s
  Person 44 on screen for 1088.8s | zone=997.8s
  Person 57 on screen for 3077.8s | zone=0.9s
  Person 60 on screen for 1193.3s | zone=0.2s
  Person 61 on screen for 2448.6s | zone=2439.4s
  Person 63 on screen for 2.7s | zone=1.9s
  Person 64 on screen for 1105.0s | zone=451.3s
  Person 68 on screen for 6.3s | zone=0.0s
  Person 75 on screen for 1179.5s | zone=0.3s
  Person 76 on screen for 3324.1s | zone=343.0s
  Person 81 on screen for 239.1s | zone=232.6s
  Person 87 on screen for 884.5s | zone=2.0s
  Person 94 on screen for 2293.3s | zone=2328.0s
  Person 95 on screen for 54.4s | zone=0.2s
  Person 97 on screen for 1.6s | zone=0.0s
  Person 98 on screen for 1169.7s | zone=0.2s
  Person 111 on screen for 2478.1s | zone=2.0s
  Person 114 on screen for 149.5s | zone=0.9s
  Person 115 on screen for 1356.5s | zone=0.0s
  Person 118 on screen for 469.9s | zone=541.4s
  Person 125 on screen for 586.2s | zone=558.1s
  Person 127 on screen for 630.8s | zone=0.2s
  Person 128 on screen for 2345.8s | zone=0.5s
  Person 130 on screen for 857.6s | zone=854.9s
  Person 131 on screen for 3101.5s | zone=2947.8s
  Person 134 on screen for 2110.0s | zone=2105.3s
  Person 139 on screen for 11.1s | zone=0.0s
  Person 144 on screen for 459.1s | zone=2371.2s
  Person 145 on screen for 3132.9s | zone=0.2s
  Person 149 on screen for 886.4s | zone=2891.8s
  Person 156 on screen for 0.1s | zone=0.0s
  Person 158 on screen for 877.3s | zone=0.5s
  Person 160 on screen for 1547.5s | zone=0.1s
  Person 161 on screen for 1000.5s | zone=0.8s
  Person 167 on screen for 177.3s | zone=3.6s
  Person 172 on screen for 3433.6s | zone=4.4s
  Person 174 on screen for 2820.1s | zone=2809.8s
  Person 176 on screen for 3291.9s | zone=880.2s
  Person 177 on screen for 192.4s | zone=0.3s
  Person 181 on screen for 2523.3s | zone=0.7s
  Person 183 on screen for 2948.2s | zone=279.3s
  Person 184 on screen for 2293.2s | zone=2292.7s
  Person 185 on screen for 16.8s | zone=6.7s
  Person 195 on screen for 3013.6s | zone=1.5s
  Person 197 on screen for 5.8s | zone=3.6s
  Person 200 on screen for 1165.0s | zone=0.3s
  Person 203 on screen for 35.4s | zone=24.1s
  Person 204 on screen for 2893.0s | zone=8.1s
  Person 206 on screen for 1295.8s | zone=1.0s
  Person 210 on screen for 1589.5s | zone=1.2s
  Person 213 on screen for 1381.6s | zone=0.0s
  Person 216 on screen for 1278.8s | zone=61.6s
  Person 222 on screen for 3205.4s | zone=296.1s
  Person 223 on screen for 50.7s | zone=29.7s
  Person 229 on screen for 63.3s | zone=16.6s
  Person 241 on screen for 2773.7s | zone=0.5s
  Person 242 on screen for 2548.0s | zone=6.4s
  Person 247 on screen for 146.1s | zone=0.0s
  Person 249 on screen for 2805.1s | zone=88.9s
  Person 261 on screen for 9.0s | zone=0.7s
  Person 268 on screen for 1138.8s | zone=26.2s
  Person 274 on screen for 3489.0s | zone=0.0s
  Person 278 on screen for 1767.9s | zone=0.3s
  Person 284 on screen for 81.4s | zone=81.3s
  Person 288 on screen for 7.3s | zone=4.2s
  Person 295 on screen for 2548.7s | zone=2448.4s
  Person 296 on screen for 0.5s | zone=0.2s
  Person 297 on screen for 53.8s | zone=0.7s
  Person 298 on screen for 1770.9s | zone=0.0s
  Person 299 on screen for 926.0s | zone=1.0s
  Person 303 on screen for 2405.7s | zone=0.0s
  Person 308 on screen for 1308.3s | zone=0.6s
  Person 314 on screen for 1612.0s | zone=0.4s
  Person 316 on screen for 746.0s | zone=16.5s
  Person 322 on screen for 2.6s | zone=0.0s
  Person 325 on screen for 2917.6s | zone=626.5s
  Person 334 on screen for 26.1s | zone=0.1s
  Person 337 on screen for 2311.7s | zone=0.1s
  Person 339 on screen for 2357.1s | zone=0.9s
  Person 342 on screen for 2248.5s | zone=6.2s
  Person 343 on screen for 804.7s | zone=1.9s
  Person 345 on screen for 2632.3s | zone=19.5s
  Person 347 on screen for 3326.7s | zone=3301.2s
  Person 352 on screen for 10.3s | zone=10.0s
  Person 353 on screen for 0.2s | zone=0.1s
  Person 355 on screen for 23.1s | zone=0.3s
  Person 356 on screen for 12.9s | zone=0.0s
  Person 361 on screen for 714.6s | zone=0.5s
  Person 362 on screen for 0.1s | zone=2056.2s
  Person 363 on screen for 947.8s | zone=0.0s
  Person 364 on screen for 1.3s | zone=0.8s
  Person 365 on screen for 1663.4s | zone=0.0s
  Person 366 on screen for 32.1s | zone=2.2s
  Person 370 on screen for 2771.8s | zone=0.1s
  Person 373 on screen for 3244.0s | zone=0.7s
  Person 376 on screen for 34.6s | zone=22.4s
  Person 377 on screen for 20.5s | zone=19.8s
  Person 380 on screen for 1830.3s | zone=0.6s
  Person 383 on screen for 1144.5s | zone=797.9s
  Person 394 on screen for 20.1s | zone=2.9s
  Person 399 on screen for 286.5s | zone=0.0s
  Person 400 on screen for 1541.4s | zone=0.2s
  Person 403 on screen for 2301.1s | zone=0.0s
  Person 404 on screen for 622.3s | zone=0.0s
  Person 409 on screen for 37.9s | zone=7.6s
  Person 419 on screen for 2085.9s | zone=0.0s
  Person 420 on screen for 3.2s | zone=293.3s
  Person 423 on screen for 37.5s | zone=139.0s
  Person 428 on screen for 0.5s | zone=0.6s
  Person 433 on screen for 1543.7s | zone=5.5s
  Person 439 on screen for 0.7s | zone=7.9s
  Person 440 on screen for 17.5s | zone=8.1s
  Person 457 on screen for 1983.2s | zone=2.7s
  Person 465 on screen for 58.8s | zone=0.0s
  Person 469 on screen for 2739.9s | zone=1199.5s
  Person 470 on screen for 2394.5s | zone=1907.9s
  Person 472 on screen for 2059.4s | zone=1380.7s
  Person 473 on screen for 2396.7s | zone=0.0s
  Person 478 on screen for 3104.4s | zone=2324.8s
  Person 487 on screen for 38.8s | zone=0.4s
  Person 488 on screen for 1408.8s | zone=0.9s
  Person 493 on screen for 2447.2s | zone=1831.7s
  Person 494 on screen for 2219.7s | zone=1.7s
  Person 506 on screen for 3090.3s | zone=0.0s
  Person 508 on screen for 1.9s | zone=1.7s
  Person 510 on screen for 1939.7s | zone=0.5s
  Person 522 on screen for 35.3s | zone=0.0s
  Person 524 on screen for 1185.2s | zone=1.7s
  Person 525 on screen for 2569.3s | zone=1166.4s
  Person 526 on screen for 24.2s | zone=0.0s
  Person 528 on screen for 1205.3s | zone=1202.2s
  Person 534 on screen for 1695.7s | zone=1.3s
  Person 537 on screen for 3318.4s | zone=451.3s
  Person 538 on screen for 2572.7s | zone=1.7s
  Person 540 on screen for 1443.7s | zone=2.1s
  Person 549 on screen for 12.3s | zone=0.0s
  Person 551 on screen for 2178.6s | zone=0.2s
  Person 553 on screen for 2.6s | zone=0.0s
  Person 557 on screen for 0.1s | zone=0.0s
  Person 562 on screen for 6.1s | zone=0.0s
  Person 568 on screen for 1817.8s | zone=129.2s
  Person 572 on screen for 471.3s | zone=4.5s
  Person 574 on screen for 2804.3s | zone=0.7s
  Person 576 on screen for 1946.4s | zone=15.1s
  Person 592 on screen for 1236.6s | zone=0.0s
  Person 599 on screen for 1174.2s | zone=0.0s
  Person 602 on screen for 511.7s | zone=50.0s
  Person 613 on screen for 2286.7s | zone=0.4s
  Person 614 on screen for 800.5s | zone=0.0s
  Person 615 on screen for 5.7s | zone=3.5s
  Person 626 on screen for 0.1s | zone=0.0s
  Person 636 on screen for 7.3s | zone=662.7s
  Person 644 on screen for 580.1s | zone=0.1s
  Person 648 on screen for 698.7s | zone=196.5s
  Person 650 on screen for 0.1s | zone=2.9s
  Person 656 on screen for 2595.2s | zone=2595.1s
  Person 665 on screen for 356.4s | zone=0.0s
  Person 666 on screen for 3370.3s | zone=0.1s
  Person 667 on screen for 2339.0s | zone=1.4s
  Person 669 on screen for 1573.5s | zone=9.9s
  Person 673 on screen for 3369.2s | zone=1117.3s
  Person 675 on screen for 1641.6s | zone=0.1s
  Person 685 on screen for 30.3s | zone=24.9s
  Person 687 on screen for 3403.1s | zone=0.1s
  Person 691 on screen for 343.0s | zone=0.9s
  Person 693 on screen for 2188.5s | zone=2188.4s
  Person 710 on screen for 2987.0s | zone=0.9s
  Person 721 on screen for 1664.5s | zone=66.4s
  Person 724 on screen for 332.1s | zone=0.1s
  Person 727 on screen for 154.4s | zone=148.1s
  Person 729 on screen for 2004.0s | zone=0.1s
  Person 732 on screen for 3.0s | zone=1004.6s
  Person 736 on screen for 2622.4s | zone=0.0s
  Person 763 on screen for 430.2s | zone=0.1s
  Person 769 on screen for 803.4s | zone=992.9s
  Person 776 on screen for 3292.0s | zone=339.5s
  Person 781 on screen for 3020.1s | zone=564.4s
  Person 791 on screen for 6.0s | zone=0.9s
  Person 793 on screen for 2.8s | zone=1006.5s
  Person 794 on screen for 1374.8s | zone=0.0s
  Person 796 on screen for 1130.7s | zone=1130.6s
  Person 802 on screen for 1736.9s | zone=0.1s
  Person 807 on screen for 2061.8s | zone=2061.7s
  Person 808 on screen for 1739.2s | zone=0.9s
  Person 813 on screen for 1570.3s | zone=0.0s
  Person 816 on screen for 3189.2s | zone=85.6s
  Person 819 on screen for 1032.4s | zone=0.0s
  Person 820 on screen for 435.5s | zone=0.3s
  Person 822 on screen for 532.2s | zone=405.9s
  Person 835 on screen for 3513.9s | zone=3.3s
  Person 858 on screen for 2333.6s | zone=857.8s
  Person 860 on screen for 27.6s | zone=14.8s
  Person 864 on screen for 2058.3s | zone=0.2s
  Person 874 on screen for 1083.8s | zone=0.6s
  Person 883 on screen for 822.4s | zone=807.3s
  Person 885 on screen for 2252.4s | zone=4.7s
  Person 892 on screen for 1256.6s | zone=556.8s
  Person 896 on screen for 2650.9s | zone=2534.0s
  Person 897 on screen for 1498.6s | zone=0.3s
  Person 898 on screen for 285.1s | zone=0.0s
  Person 903 on screen for 1988.2s | zone=1.0s
  Person 913 on screen for 0.1s | zone=0.8s
  Person 914 on screen for 1769.4s | zone=0.2s
  Person 918 on screen for 1938.9s | zone=211.6s
  Person 924 on screen for 528.5s | zone=0.7s
  Person 926 on screen for 2950.5s | zone=16.0s
  Person 928 on screen for 930.7s | zone=0.0s
  Person 931 on screen for 2457.5s | zone=2.1s
  Person 940 on screen for 0.2s | zone=0.0s
  Person 941 on screen for 20.7s | zone=2.2s
  Person 952 on screen for 2389.6s | zone=7.8s
  Person 962 on screen for 0.1s | zone=0.1s
  Person 979 on screen for 11.7s | zone=0.6s
  Person 985 on screen for 1717.8s | zone=0.2s
  Person 986 on screen for 99.7s | zone=1340.5s
  Person 995 on screen for 0.3s | zone=10.5s
  Person 997 on screen for 28.5s | zone=0.0s
  Person 1008 on screen for 3546.4s | zone=0.8s
  Person 1010 on screen for 67.4s | zone=58.2s
  Person 1018 on screen for 1319.9s | zone=8.9s
  Person 1022 on screen for 150.4s | zone=2.5s
  Person 1036 on screen for 3223.3s | zone=3223.2s
  Person 1044 on screen for 251.7s | zone=94.2s
  Person 1046 on screen for 1515.8s | zone=2.5s
  Person 1049 on screen for 1243.1s | zone=2.5s
  Person 1050 on screen for 1804.4s | zone=1.9s
  Person 1070 on screen for 610.8s | zone=0.0s
  Person 1077 on screen for 2367.6s | zone=0.0s
  Person 1078 on screen for 504.2s | zone=1837.7s
  Person 1087 on screen for 3186.7s | zone=18.9s
  Person 1091 on screen for 5.7s | zone=0.2s
  Person 1099 on screen for 1615.2s | zone=203.6s
  Person 1100 on screen for 670.6s | zone=0.0s
  Person 1106 on screen for 2816.8s | zone=0.2s
  Person 1128 on screen for 3277.3s | zone=0.1s
  Person 1129 on screen for 1219.4s | zone=1.5s
  Person 1150 on screen for 2636.7s | zone=0.1s
  Person 1157 on screen for 68.2s | zone=68.1s
  Person 1158 on screen for 3302.6s | zone=1.8s
  Person 1159 on screen for 1090.5s | zone=0.4s
  Person 1162 on screen for 712.7s | zone=15.0s
  Person 1164 on screen for 2230.8s | zone=0.6s
  Person 1165 on screen for 2679.4s | zone=9.7s
  Person 1167 on screen for 17.8s | zone=5.8s
  Person 1169 on screen for 1310.4s | zone=0.2s
  Person 1182 on screen for 1212.0s | zone=6.9s
  Person 1193 on screen for 5.0s | zone=1.3s
  Person 1204 on screen for 3012.8s | zone=0.1s
  Person 1205 on screen for 10.3s | zone=10.3s
  Person 1208 on screen for 2787.7s | zone=1.2s
  Person 1213 on screen for 7.7s | zone=1.3s
  Person 1216 on screen for 1059.0s | zone=1309.3s
  Person 1221 on screen for 2257.0s | zone=1.4s
  Person 1222 on screen for 1.7s | zone=1.0s
  Person 1229 on screen for 2937.7s | zone=1.9s
  Person 1230 on screen for 2774.4s | zone=0.5s
  Person 1232 on screen for 37.4s | zone=2.3s
  Person 1239 on screen for 1035.2s | zone=0.2s
  Person 1242 on screen for 0.1s | zone=0.0s
  Person 1245 on screen for 1.9s | zone=1.7s
  Person 1247 on screen for 1137.5s | zone=34.1s
  Person 1248 on screen for 3.2s | zone=0.2s
  Person 1257 on screen for 2569.7s | zone=0.0s
  Person 1266 on screen for 2595.5s | zone=11.8s
  Person 1268 on screen for 2272.0s | zone=2264.7s
  Person 1272 on screen for 128.2s | zone=6.1s
  Person 1280 on screen for 1518.3s | zone=0.0s
  Person 1285 on screen for 6.1s | zone=3.3s
  Person 1298 on screen for 3320.2s | zone=60.7s
  Person 1303 on screen for 1677.7s | zone=0.1s
  Person 1310 on screen for 1815.3s | zone=0.3s
  Person 1324 on screen for 3475.2s | zone=1594.9s
  Person 1332 on screen for 14.0s | zone=0.4s
  Person 1336 on screen for 0.5s | zone=1.1s
  Person 1338 on screen for 2.7s | zone=0.0s
  Person 1350 on screen for 0.1s | zone=0.0s
  Person 1353 on screen for 3214.9s | zone=0.0s
  Person 1354 on screen for 65.0s | zone=2509.2s
  Person 1358 on screen for 2660.3s | zone=6.7s
  Person 1363 on screen for 8.4s | zone=0.4s
  Person 1368 on screen for 1726.3s | zone=0.1s
  Person 1370 on screen for 1993.4s | zone=0.5s
  Person 1383 on screen for 2760.8s | zone=2755.6s
  Person 1391 on screen for 808.8s | zone=3.8s
  Person 1399 on screen for 0.2s | zone=0.0s
  Person 1412 on screen for 2406.3s | zone=0.4s
  Person 1416 on screen for 3314.9s | zone=0.7s
  Person 1418 on screen for 2099.6s | zone=0.2s
  Person 1421 on screen for 1738.2s | zone=2.9s
  Person 1432 on screen for 0.3s | zone=0.1s
  Person 1436 on screen for 9.1s | zone=0.0s
  Person 1440 on screen for 0.1s | zone=1.1s
  Person 1443 on screen for 1541.7s | zone=0.3s
  Person 1447 on screen for 0.1s | zone=0.0s
  Person 1449 on screen for 1600.6s | zone=0.4s
  Person 1453 on screen for 18.8s | zone=0.9s
  Person 1462 on screen for 0.1s | zone=34.6s
  Person 1467 on screen for 2563.9s | zone=0.2s
  Person 1468 on screen for 0.1s | zone=0.5s
  Person 1475 on screen for 6.8s | zone=3074.9s
  Person 1487 on screen for 1273.8s | zone=23.3s
  Person 1488 on screen for 1370.1s | zone=1.5s
  Person 1511 on screen for 1786.8s | zone=0.0s
  Person 1521 on screen for 2.7s | zone=0.7s
  Person 1543 on screen for 62.2s | zone=1.3s
  Person 1548 on screen for 3494.3s | zone=0.6s
  Person 1550 on screen for 1722.4s | zone=1015.2s
  Person 1565 on screen for 602.5s | zone=12.1s
  Person 1570 on screen for 2442.8s | zone=7.6s
  Person 1572 on screen for 12.0s | zone=4.1s
  Person 1609 on screen for 2076.1s | zone=0.0s
  Person 1623 on screen for 616.8s | zone=0.5s
  Person 1629 on screen for 359.9s | zone=218.9s
  Person 1639 on screen for 2079.4s | zone=2079.3s
  Person 1663 on screen for 0.2s | zone=0.0s
  Person 1668 on screen for 2718.2s | zone=13.4s
  Person 1677 on screen for 1616.2s | zone=8.5s
  Person 1743 on screen for 18.3s | zone=16.3s
  Person 1756 on screen for 2911.0s | zone=0.0s
  Person 1766 on screen for 2.0s | zone=1.5s
  Person 1805 on screen for 2703.5s | zone=2703.4s
Person-ID memory saved: C:\Users\vioyq\Desktop\Coach_Tracker\coach-tracker-demo\coach-store\person-ID\coach4\0316.json
CSV written: C:\Users\vioyq\Desktop\Coach_Tracker\coach-tracker-demo\coach-store\CSV-state\coach4\0316-coach4-20260325-171325.csv
--- end report ---

[Progress] 5/11 ( 45.5%) | elapsed  5944.9s | ETA  7133.9s

=== Running: Coach-4-hour-5-20260316135957.mp4 ===
Person-ID memory: loaded 581 IDs from C:\Users\vioyq\Desktop\Coach_Tracker\coach-tracker-demo\coach-store\person-ID\coach4\0316.json
[coach4] C:\Users\vioyq\Desktop\Coach_Tracker\_Coach_Video\3-16\Coach-4\Coach-4-hour-5-20260316135957.mp4 (36000 frames @ 10.0 fps). (headless)
Config: yaml=coach4.yaml zone=C:\Users\vioyq\Desktop\Coach_Tracker\coach-tracker-demo\coach-store\zone\coach4.json
Output CSV: C:\Users\vioyq\Desktop\Coach_Tracker\coach-tracker-demo\coach-store\CSV-state\coach4\0316-coach4-20260325-171325.csv

--- Report ---
Time spent processing: 1776.7s
Time on screen per person:
  Person 2 on screen for 1910.2s | zone=1.0s
  Person 5 on screen for 3305.2s | zone=4.9s
  Person 6 on screen for 2.5s | zone=0.3s
  Person 8 on screen for 1104.5s | zone=0.0s
  Person 9 on screen for 722.2s | zone=281.5s
  Person 14 on screen for 2549.4s | zone=1743.3s
  Person 17 on screen for 1.7s | zone=0.3s
  Person 23 on screen for 1166.5s | zone=760.8s
  Person 26 on screen for 2.4s | zone=2.2s
  Person 35 on screen for 2568.8s | zone=0.0s
  Person 38 on screen for 6.4s | zone=0.0s
  Person 40 on screen for 216.8s | zone=0.7s
  Person 41 on screen for 2446.5s | zone=179.9s
  Person 42 on screen for 1365.1s | zone=0.0s
  Person 44 on screen for 4.4s | zone=0.0s
  Person 47 on screen for 1.4s | zone=1544.3s
  Person 49 on screen for 32.4s | zone=3200.1s
  Person 53 on screen for 2541.1s | zone=1792.8s
  Person 57 on screen for 2339.3s | zone=204.8s
  Person 59 on screen for 0.1s | zone=729.7s
  Person 60 on screen for 1145.4s | zone=1.0s
  Person 61 on screen for 2392.1s | zone=28.4s
  Person 63 on screen for 1718.3s | zone=10.6s
  Person 64 on screen for 916.2s | zone=0.0s
  Person 72 on screen for 0.1s | zone=1151.1s
  Person 75 on screen for 4.1s | zone=0.1s
  Person 76 on screen for 10.6s | zone=0.0s
  Person 81 on screen for 25.7s | zone=25.6s
  Person 87 on screen for 3253.0s | zone=0.3s
  Person 90 on screen for 1640.6s | zone=666.8s
  Person 94 on screen for 9.5s | zone=3011.2s
  Person 95 on screen for 144.5s | zone=138.5s
  Person 97 on screen for 2459.4s | zone=470.6s
  Person 98 on screen for 1364.7s | zone=0.0s
  Person 105 on screen for 0.2s | zone=3.0s
  Person 111 on screen for 1177.2s | zone=678.6s
  Person 112 on screen for 8.2s | zone=7.6s
  Person 114 on screen for 48.0s | zone=0.1s
  Person 115 on screen for 3061.9s | zone=0.3s
  Person 117 on screen for 5.4s | zone=943.7s
  Person 118 on screen for 2600.5s | zone=0.2s
  Person 120 on screen for 257.0s | zone=0.0s
  Person 125 on screen for 2526.8s | zone=0.4s
  Person 127 on screen for 2447.1s | zone=1.9s
  Person 128 on screen for 2136.0s | zone=390.1s
  Person 130 on screen for 3098.5s | zone=0.1s
  Person 133 on screen for 1.3s | zone=399.2s
  Person 134 on screen for 3361.2s | zone=28.3s
  Person 137 on screen for 21.0s | zone=2.9s
  Person 144 on screen for 14.6s | zone=6.7s
  Person 145 on screen for 1386.7s | zone=1.2s
  Person 149 on screen for 673.7s | zone=0.0s
  Person 156 on screen for 12.7s | zone=1.0s
  Person 158 on screen for 2438.6s | zone=1672.5s
  Person 160 on screen for 1077.8s | zone=0.1s
  Person 161 on screen for 180.2s | zone=0.0s
  Person 163 on screen for 382.7s | zone=335.3s
  Person 167 on screen for 51.1s | zone=20.6s
  Person 170 on screen for 928.3s | zone=0.6s
  Person 173 on screen for 1034.7s | zone=0.0s
  Person 174 on screen for 2399.5s | zone=0.9s
  Person 176 on screen for 1762.5s | zone=0.1s
  Person 177 on screen for 779.6s | zone=4.8s
  Person 181 on screen for 32.9s | zone=0.0s
  Person 182 on screen for 3166.7s | zone=0.0s
  Person 183 on screen for 2449.4s | zone=0.0s
  Person 184 on screen for 971.5s | zone=1734.4s
  Person 185 on screen for 411.3s | zone=0.0s
  Person 197 on screen for 21.1s | zone=0.0s
  Person 200 on screen for 1990.1s | zone=0.1s
  Person 206 on screen for 1024.8s | zone=6.6s
  Person 213 on screen for 1369.0s | zone=21.2s
  Person 222 on screen for 2923.7s | zone=5.9s
  Person 229 on screen for 1910.5s | zone=57.8s
  Person 232 on screen for 9.0s | zone=7.3s
  Person 241 on screen for 1903.9s | zone=0.2s
  Person 247 on screen for 1822.5s | zone=21.9s
  Person 249 on screen for 1211.7s | zone=0.3s
  Person 261 on screen for 406.3s | zone=0.3s
  Person 267 on screen for 1660.1s | zone=1628.2s
  Person 268 on screen for 1272.4s | zone=2733.8s
  Person 274 on screen for 3118.4s | zone=10.1s
  Person 278 on screen for 1546.6s | zone=1.3s
  Person 284 on screen for 42.7s | zone=1.0s
  Person 288 on screen for 1.1s | zone=0.6s
  Person 295 on screen for 11.3s | zone=0.1s
  Person 296 on screen for 2235.0s | zone=0.9s
  Person 297 on screen for 25.7s | zone=13.3s
  Person 298 on screen for 47.2s | zone=0.5s
  Person 300 on screen for 45.4s | zone=0.0s
  Person 303 on screen for 1356.9s | zone=0.4s
  Person 308 on screen for 4.2s | zone=0.1s
  Person 309 on screen for 360.9s | zone=5.2s
  Person 316 on screen for 3247.1s | zone=1156.4s
  Person 318 on screen for 1081.5s | zone=0.5s
  Person 322 on screen for 1127.1s | zone=685.5s
  Person 325 on screen for 546.3s | zone=6.0s
  Person 334 on screen for 2355.0s | zone=0.0s
  Person 337 on screen for 7.5s | zone=7.4s
  Person 339 on screen for 2454.5s | zone=951.5s
  Person 340 on screen for 816.8s | zone=0.2s
  Person 342 on screen for 2437.5s | zone=0.0s
  Person 343 on screen for 1774.2s | zone=11.0s
  Person 345 on screen for 2007.5s | zone=1750.5s
  Person 352 on screen for 66.1s | zone=0.2s
  Person 353 on screen for 2164.4s | zone=0.9s
  Person 355 on screen for 2.4s | zone=0.0s
  Person 356 on screen for 2252.9s | zone=0.0s
  Person 362 on screen for 178.7s | zone=64.3s
  Person 363 on screen for 2706.3s | zone=0.4s
  Person 364 on screen for 640.7s | zone=0.3s
  Person 365 on screen for 2483.8s | zone=3.8s
  Person 366 on screen for 2619.0s | zone=0.3s
  Person 370 on screen for 772.0s | zone=766.0s
  Person 374 on screen for 34.2s | zone=2.2s
  Person 377 on screen for 2246.6s | zone=2093.5s
  Person 380 on screen for 3328.6s | zone=5.8s
  Person 383 on screen for 298.6s | zone=0.0s
  Person 387 on screen for 1303.8s | zone=0.1s
  Person 394 on screen for 4.9s | zone=1405.5s
  Person 396 on screen for 32.5s | zone=0.0s
  Person 397 on screen for 9.5s | zone=0.0s
  Person 399 on screen for 2127.6s | zone=0.0s
  Person 400 on screen for 1354.0s | zone=0.2s
  Person 403 on screen for 2063.2s | zone=13.7s
  Person 404 on screen for 0.5s | zone=638.6s
  Person 409 on screen for 1764.0s | zone=9.4s
  Person 417 on screen for 2173.1s | zone=2.8s
  Person 419 on screen for 961.6s | zone=0.4s
  Person 420 on screen for 1547.0s | zone=2043.9s
  Person 423 on screen for 2142.2s | zone=0.0s
  Person 425 on screen for 0.1s | zone=2054.3s
  Person 428 on screen for 2977.1s | zone=0.7s
  Person 433 on screen for 61.8s | zone=0.0s
  Person 438 on screen for 1243.4s | zone=0.0s
  Person 439 on screen for 3320.2s | zone=0.4s
  Person 440 on screen for 16.4s | zone=0.0s
  Person 457 on screen for 3298.5s | zone=1.4s
  Person 461 on screen for 1634.5s | zone=5.2s
  Person 462 on screen for 0.1s | zone=1.7s
  Person 465 on screen for 1483.3s | zone=2.7s
  Person 469 on screen for 3204.0s | zone=0.0s
  Person 470 on screen for 3346.2s | zone=1.5s
  Person 472 on screen for 2507.1s | zone=0.0s
  Person 473 on screen for 1404.4s | zone=666.0s
  Person 478 on screen for 3298.0s | zone=0.5s
  Person 480 on screen for 659.5s | zone=1788.2s
  Person 486 on screen for 516.9s | zone=0.0s
  Person 487 on screen for 2635.1s | zone=2634.2s
  Person 488 on screen for 45.8s | zone=0.2s
  Person 493 on screen for 2.9s | zone=0.1s
  Person 494 on screen for 7.3s | zone=0.2s
  Person 506 on screen for 111.2s | zone=0.2s
  Person 508 on screen for 2770.7s | zone=1770.8s
  Person 510 on screen for 1788.7s | zone=0.0s
  Person 522 on screen for 357.9s | zone=2.1s
  Person 523 on screen for 2909.6s | zone=0.6s
  Person 524 on screen for 1558.1s | zone=0.6s
  Person 525 on screen for 1251.6s | zone=0.0s
  Person 526 on screen for 39.0s | zone=292.8s
  Person 534 on screen for 1578.0s | zone=0.6s
  Person 537 on screen for 2686.4s | zone=523.7s
  Person 538 on screen for 402.5s | zone=1.4s
  Person 541 on screen for 1332.9s | zone=0.2s
  Person 543 on screen for 127.8s | zone=0.0s
  Person 549 on screen for 6.5s | zone=1152.5s
  Person 550 on screen for 1143.1s | zone=0.3s
  Person 551 on screen for 6.8s | zone=0.2s
  Person 553 on screen for 1776.2s | zone=0.1s
  Person 554 on screen for 0.2s | zone=2.3s
  Person 558 on screen for 10.5s | zone=0.0s
  Person 562 on screen for 2456.7s | zone=1738.6s
  Person 568 on screen for 57.4s | zone=1.1s
  Person 570 on screen for 902.1s | zone=0.4s
  Person 572 on screen for 1773.9s | zone=0.1s
  Person 573 on screen for 56.8s | zone=21.5s
  Person 574 on screen for 1002.2s | zone=0.7s
  Person 576 on screen for 874.3s | zone=0.9s
  Person 578 on screen for 3.2s | zone=0.0s
  Person 587 on screen for 2.5s | zone=0.2s
  Person 588 on screen for 0.1s | zone=1.7s
  Person 592 on screen for 862.7s | zone=0.0s
  Person 599 on screen for 2191.9s | zone=0.2s
  Person 600 on screen for 1359.3s | zone=684.1s
  Person 602 on screen for 2431.0s | zone=416.9s
  Person 607 on screen for 1579.4s | zone=1534.2s
  Person 612 on screen for 102.9s | zone=100.8s
  Person 613 on screen for 3259.1s | zone=0.1s
  Person 614 on screen for 3276.5s | zone=2276.9s
  Person 615 on screen for 35.6s | zone=29.2s
  Person 619 on screen for 537.5s | zone=0.0s
  Person 625 on screen for 3169.9s | zone=1439.8s
  Person 636 on screen for 33.2s | zone=0.1s
  Person 638 on screen for 677.9s | zone=0.0s
  Person 644 on screen for 2629.9s | zone=4.0s
  Person 648 on screen for 3336.4s | zone=2094.5s
  Person 655 on screen for 0.1s | zone=0.2s
  Person 656 on screen for 2562.3s | zone=0.5s
  Person 665 on screen for 7.2s | zone=1.8s
  Person 666 on screen for 2994.5s | zone=0.0s
  Person 669 on screen for 19.5s | zone=8.6s
  Person 673 on screen for 0.1s | zone=0.0s
  Person 674 on screen for 61.5s | zone=0.2s
  Person 675 on screen for 2492.8s | zone=0.2s
  Person 685 on screen for 33.9s | zone=0.4s
  Person 686 on screen for 1509.5s | zone=1509.4s
  Person 687 on screen for 1379.9s | zone=9.6s
  Person 690 on screen for 145.2s | zone=0.5s
  Person 691 on screen for 2051.2s | zone=0.2s
  Person 693 on screen for 836.9s | zone=0.1s
  Person 694 on screen for 0.2s | zone=0.0s
  Person 697 on screen for 2.0s | zone=0.0s
  Person 707 on screen for 484.5s | zone=0.1s
  Person 710 on screen for 1744.8s | zone=0.1s
  Person 721 on screen for 277.8s | zone=0.1s
  Person 724 on screen for 566.8s | zone=0.6s
  Person 727 on screen for 1364.1s | zone=5.0s
  Person 729 on screen for 1521.8s | zone=178.8s
  Person 732 on screen for 2094.8s | zone=1623.4s
  Person 733 on screen for 2888.8s | zone=1612.5s
  Person 736 on screen for 3025.5s | zone=0.2s
  Person 741 on screen for 0.1s | zone=0.0s
  Person 769 on screen for 851.2s | zone=0.0s
  Person 771 on screen for 3.8s | zone=2.9s
  Person 776 on screen for 3341.3s | zone=0.4s
  Person 781 on screen for 1204.1s | zone=0.0s
  Person 791 on screen for 2443.8s | zone=0.1s
  Person 792 on screen for 8.9s | zone=0.0s
  Person 793 on screen for 1469.7s | zone=0.0s
  Person 794 on screen for 82.8s | zone=0.4s
  Person 796 on screen for 780.8s | zone=6.6s
  Person 802 on screen for 2884.2s | zone=1870.2s
  Person 806 on screen for 1142.9s | zone=1.3s
  Person 807 on screen for 1366.7s | zone=0.0s
  Person 808 on screen for 1722.9s | zone=0.0s
  Person 813 on screen for 460.7s | zone=0.0s
  Person 816 on screen for 3360.8s | zone=0.2s
  Person 817 on screen for 0.3s | zone=0.1s
  Person 820 on screen for 2341.5s | zone=0.5s
  Person 822 on screen for 7.2s | zone=3.8s
  Person 835 on screen for 3445.4s | zone=0.0s
  Person 844 on screen for 77.2s | zone=563.2s
  Person 846 on screen for 1.2s | zone=0.0s
  Person 858 on screen for 3472.2s | zone=0.3s
  Person 864 on screen for 1131.0s | zone=1125.0s
  Person 874 on screen for 1430.6s | zone=4.9s
  Person 884 on screen for 1226.0s | zone=56.6s
  Person 885 on screen for 74.6s | zone=0.2s
  Person 889 on screen for 2089.4s | zone=0.3s
  Person 891 on screen for 34.3s | zone=28.4s
  Person 892 on screen for 36.9s | zone=26.5s
  Person 895 on screen for 111.1s | zone=0.8s
  Person 896 on screen for 2587.7s | zone=0.4s
  Person 897 on screen for 1458.9s | zone=0.4s
  Person 898 on screen for 2227.3s | zone=1554.0s
  Person 901 on screen for 3.3s | zone=1121.4s
  Person 903 on screen for 2648.8s | zone=473.7s
  Person 913 on screen for 1123.6s | zone=0.9s
  Person 914 on screen for 3509.4s | zone=0.2s
  Person 918 on screen for 48.1s | zone=8.1s
  Person 924 on screen for 126.1s | zone=19.1s
  Person 926 on screen for 2.2s | zone=1.4s
  Person 928 on screen for 1858.1s | zone=0.3s
  Person 931 on screen for 1658.0s | zone=0.1s
  Person 940 on screen for 1877.1s | zone=2.8s
  Person 941 on screen for 1395.4s | zone=209.8s
  Person 942 on screen for 612.0s | zone=0.2s
  Person 952 on screen for 2702.0s | zone=0.3s
  Person 958 on screen for 927.2s | zone=1.2s
  Person 962 on screen for 2988.7s | zone=0.7s
  Person 966 on screen for 0.3s | zone=0.2s
  Person 973 on screen for 0.2s | zone=0.0s
  Person 977 on screen for 3136.1s | zone=6.1s
  Person 979 on screen for 6.1s | zone=0.0s
  Person 985 on screen for 2412.4s | zone=0.1s
  Person 987 on screen for 2167.4s | zone=181.7s
  Person 1008 on screen for 2583.5s | zone=0.0s
  Person 1010 on screen for 612.6s | zone=69.4s
  Person 1018 on screen for 3.3s | zone=3.2s
  Person 1022 on screen for 242.2s | zone=1351.0s
  Person 1032 on screen for 1510.1s | zone=0.0s
  Person 1036 on screen for 546.4s | zone=2.2s
  Person 1044 on screen for 6.9s | zone=6.0s
  Person 1048 on screen for 0.1s | zone=1160.4s
  Person 1049 on screen for 2544.3s | zone=2.6s
  Person 1050 on screen for 2198.5s | zone=190.1s
  Person 1051 on screen for 1799.1s | zone=0.0s
  Person 1053 on screen for 1.5s | zone=0.1s
  Person 1070 on screen for 2331.5s | zone=212.5s
  Person 1074 on screen for 27.5s | zone=0.0s
  Person 1077 on screen for 3119.1s | zone=0.1s
  Person 1078 on screen for 2266.9s | zone=0.0s
  Person 1086 on screen for 2.0s | zone=0.0s
  Person 1087 on screen for 2016.0s | zone=21.2s
  Person 1091 on screen for 2863.6s | zone=0.8s
  Person 1092 on screen for 3.1s | zone=0.7s
  Person 1099 on screen for 2629.7s | zone=0.3s
  Person 1106 on screen for 1939.0s | zone=0.2s
  Person 1116 on screen for 7.5s | zone=0.3s
  Person 1117 on screen for 664.0s | zone=1.0s
  Person 1121 on screen for 2094.6s | zone=1460.8s
  Person 1124 on screen for 7.2s | zone=0.0s
  Person 1128 on screen for 1699.4s | zone=6.0s
  Person 1129 on screen for 1866.8s | zone=6.0s
  Person 1131 on screen for 2727.5s | zone=662.2s
  Person 1136 on screen for 3.5s | zone=1.3s
  Person 1138 on screen for 3.9s | zone=4.9s
  Person 1140 on screen for 450.0s | zone=444.7s
  Person 1150 on screen for 3428.4s | zone=0.3s
  Person 1158 on screen for 1559.7s | zone=28.7s
  Person 1159 on screen for 52.4s | zone=0.2s
  Person 1164 on screen for 206.5s | zone=2.6s
  Person 1165 on screen for 2683.9s | zone=620.6s
  Person 1167 on screen for 1615.6s | zone=2.1s
  Person 1169 on screen for 1377.9s | zone=9.1s
  Person 1172 on screen for 1775.7s | zone=0.1s
  Person 1178 on screen for 469.6s | zone=15.3s
  Person 1182 on screen for 2301.2s | zone=0.2s
  Person 1183 on screen for 3445.0s | zone=0.1s
  Person 1193 on screen for 7.8s | zone=3.7s
  Person 1204 on screen for 3254.2s | zone=0.2s
  Person 1205 on screen for 26.2s | zone=0.1s
  Person 1208 on screen for 2662.9s | zone=0.3s
  Person 1209 on screen for 0.1s | zone=0.4s
  Person 1216 on screen for 1928.6s | zone=3.9s
  Person 1218 on screen for 4.1s | zone=0.4s
  Person 1221 on screen for 635.0s | zone=1432.5s
  Person 1228 on screen for 0.1s | zone=0.0s
  Person 1229 on screen for 19.9s | zone=0.0s
  Person 1230 on screen for 3338.7s | zone=0.0s
  Person 1232 on screen for 999.4s | zone=10.9s
  Person 1239 on screen for 2167.6s | zone=0.0s
  Person 1240 on screen for 1.9s | zone=2.0s
  Person 1242 on screen for 102.2s | zone=0.6s
  Person 1245 on screen for 1972.7s | zone=340.9s
  Person 1248 on screen for 2269.3s | zone=664.5s
  Person 1257 on screen for 3071.3s | zone=0.3s
  Person 1266 on screen for 1766.2s | zone=12.7s
  Person 1268 on screen for 15.1s | zone=1.5s
  Person 1272 on screen for 412.2s | zone=0.0s
  Person 1274 on screen for 5.2s | zone=5.4s
  Person 1280 on screen for 848.9s | zone=848.8s
  Person 1285 on screen for 2494.1s | zone=152.0s
  Person 1297 on screen for 3166.8s | zone=1.9s
  Person 1298 on screen for 2412.7s | zone=364.9s
  Person 1303 on screen for 2337.8s | zone=9.1s
  Person 1310 on screen for 647.6s | zone=149.1s
  Person 1324 on screen for 129.8s | zone=1782.8s
  Person 1338 on screen for 1913.0s | zone=1.4s
  Person 1350 on screen for 1934.2s | zone=0.2s
  Person 1353 on screen for 2611.3s | zone=93.7s
  Person 1358 on screen for 2405.2s | zone=0.0s
  Person 1362 on screen for 0.7s | zone=0.0s
  Person 1368 on screen for 2659.6s | zone=32.0s
  Person 1370 on screen for 2746.0s | zone=375.5s
  Person 1372 on screen for 1880.5s | zone=0.5s
  Person 1384 on screen for 85.8s | zone=0.2s
  Person 1399 on screen for 375.7s | zone=375.6s
  Person 1411 on screen for 2508.0s | zone=0.0s
  Person 1416 on screen for 3093.9s | zone=0.3s
  Person 1418 on screen for 2030.5s | zone=305.5s
  Person 1419 on screen for 3103.6s | zone=0.1s
  Person 1421 on screen for 1210.0s | zone=0.1s
  Person 1436 on screen for 37.5s | zone=1.9s
  Person 1440 on screen for 1799.5s | zone=0.8s
  Person 1443 on screen for 78.4s | zone=0.2s
  Person 1445 on screen for 4.5s | zone=0.0s
  Person 1447 on screen for 1.5s | zone=26.4s
  Person 1449 on screen for 1952.7s | zone=1.3s
  Person 1475 on screen for 3.0s | zone=4.3s
  Person 1487 on screen for 403.9s | zone=7.3s
  Person 1488 on screen for 2729.7s | zone=548.5s
  Person 1492 on screen for 4.8s | zone=0.1s
  Person 1530 on screen for 2465.2s | zone=591.8s
  Person 1543 on screen for 2256.4s | zone=2222.0s
  Person 1548 on screen for 11.2s | zone=0.2s
  Person 1550 on screen for 2462.0s | zone=0.1s
  Person 1555 on screen for 0.2s | zone=0.0s
  Person 1565 on screen for 2640.1s | zone=0.3s
  Person 1570 on screen for 5.7s | zone=37.1s
  Person 1581 on screen for 0.1s | zone=0.0s
  Person 1593 on screen for 4.3s | zone=0.0s
  Person 1609 on screen for 1960.6s | zone=0.0s
  Person 1623 on screen for 1992.2s | zone=201.4s
  Person 1625 on screen for 2853.2s | zone=0.0s
  Person 1629 on screen for 3002.7s | zone=1.4s
  Person 1639 on screen for 2508.2s | zone=0.1s
  Person 1643 on screen for 230.5s | zone=155.0s
  Person 1663 on screen for 476.6s | zone=2.2s
  Person 1667 on screen for 2.9s | zone=0.2s
  Person 1668 on screen for 788.6s | zone=1.6s
  Person 1677 on screen for 163.0s | zone=0.1s
  Person 1713 on screen for 0.3s | zone=0.6s
  Person 1718 on screen for 3415.5s | zone=0.4s
  Person 1756 on screen for 2581.6s | zone=0.3s
  Person 1766 on screen for 6.6s | zone=30.4s
  Person 1805 on screen for 3357.7s | zone=981.9s
  Person 1821 on screen for 0.2s | zone=0.5s
Person-ID memory saved: C:\Users\vioyq\Desktop\Coach_Tracker\coach-tracker-demo\coach-store\person-ID\coach4\0316.json
CSV written: C:\Users\vioyq\Desktop\Coach_Tracker\coach-tracker-demo\coach-store\CSV-state\coach4\0316-coach4-20260325-171325.csv
--- end report ---

[Progress] 6/11 ( 54.5%) | elapsed  7726.2s | ETA  6438.5s

=== Running: Coach-4-hour-6-20260316145957.mp4 ===
