# date=3-16
# cmd: C:\Users\vioyq\Desktop\Coach_Tracker\coach-tracker-demo\venv\Scripts\python.exe -u C:\Users\vioyq\Desktop\Coach_Tracker\coach-tracker-demo\video-script\coach-date-camera-id-runner.py --date 3-16 --camera coach-5 --video-root C:\Users\vioyq\Desktop\Coach_Tracker\_Coach_Video --drive-mount-root /content/drive --no-viewer
# cwd: C:\Users\vioyq\Desktop\Coach_Tracker\coach-tracker-demo

Combined CSV output: C:\Users\vioyq\Desktop\Coach_Tracker\coach-tracker-demo\coach-store\CSV-state\coach5\0316-coach5-20260325-171325.csv
Found 12 video(s) in C:\Users\vioyq\Desktop\Coach_Tracker\_Coach_Video\3-16\Coach-5
001. Coach-5-hour-1-20260316095957.mp4
002. Coach-5-hour-2-20260316105957.mp4
003. Coach-5-hour-3-20260316115957.mp4
004. Coach-5-hour-4-20260316125957.mp4
005. Coach-5-hour-5-20260316135957.mp4
006. Coach-5-hour-6-20260316145957.mp4
007. Coach-5-hour-7-20260316155632.mp4
008. Coach-5-hour-8-20260316165632.mp4
009. Coach-5-hour-9-20260316175632.mp4
010. Coach-5-hour-10-20260316185632.mp4
011. Coach-5-hour-11-20260316195632.mp4
012. Coach-5-hour-12-20260316205632.mp4

[Progress] 1/12 (  8.3%) | elapsed     0.0s | ETA     0.0s

=== Running: Coach-5-hour-1-20260316095957.mp4 ===
Person-ID memory: loaded 398 IDs from C:\Users\vioyq\Desktop\Coach_Tracker\coach-tracker-demo\coach-store\person-ID\coach5\0316.json
[coach5] C:\Users\vioyq\Desktop\Coach_Tracker\_Coach_Video\3-16\Coach-5\Coach-5-hour-1-20260316095957.mp4 (36000 frames @ 10.0 fps). (headless)
Config: yaml=coach5.yaml zone=C:\Users\vioyq\Desktop\Coach_Tracker\coach-tracker-demo\coach-store\zone\coach5.json
Output CSV: C:\Users\vioyq\Desktop\Coach_Tracker\coach-tracker-demo\coach-store\CSV-state\coach5\0316-coach5-20260325-171325.csv

--- Report ---
Time spent processing: 1175.8s
Time on screen per person:
  Person 0 on screen for 3498.1s | zone=0.0s
  Person 1 on screen for 3472.4s | zone=2569.4s
  Person 2 on screen for 0.3s | zone=0.0s
  Person 3 on screen for 1.6s | zone=1.5s
  Person 4 on screen for 1694.8s | zone=1694.7s
  Person 12 on screen for 4.2s | zone=0.2s
  Person 14 on screen for 4.1s | zone=4.8s
  Person 15 on screen for 8.2s | zone=8.1s
  Person 24 on screen for 27.0s | zone=0.0s
  Person 29 on screen for 6.9s | zone=844.7s
  Person 31 on screen for 4.0s | zone=1.6s
  Person 35 on screen for 1.6s | zone=1255.4s
  Person 43 on screen for 0.7s | zone=0.0s
  Person 44 on screen for 0.4s | zone=0.3s
  Person 47 on screen for 829.5s | zone=829.4s
  Person 53 on screen for 1852.2s | zone=1852.1s
  Person 55 on screen for 459.9s | zone=455.2s
  Person 58 on screen for 1020.8s | zone=0.0s
  Person 63 on screen for 1678.5s | zone=1673.5s
  Person 64 on screen for 43.9s | zone=38.0s
  Person 66 on screen for 393.7s | zone=0.1s
  Person 70 on screen for 60.2s | zone=60.1s
  Person 71 on screen for 5.2s | zone=5.1s
  Person 80 on screen for 84.0s | zone=14.4s
  Person 81 on screen for 5.6s | zone=1.7s
  Person 84 on screen for 49.9s | zone=21.9s
  Person 103 on screen for 53.1s | zone=53.0s
  Person 104 on screen for 10.1s | zone=9.2s
  Person 105 on screen for 29.2s | zone=0.1s
  Person 125 on screen for 27.1s | zone=21.3s
  Person 135 on screen for 8.7s | zone=0.1s
  Person 148 on screen for 793.2s | zone=5.8s
  Person 150 on screen for 1.3s | zone=1.2s
  Person 151 on screen for 43.8s | zone=38.1s
  Person 159 on screen for 2651.6s | zone=2646.6s
  Person 164 on screen for 3.0s | zone=2.9s
  Person 165 on screen for 1825.0s | zone=1.4s
  Person 169 on screen for 4.9s | zone=0.1s
  Person 170 on screen for 1.8s | zone=1.7s
  Person 177 on screen for 7.8s | zone=7.7s
  Person 182 on screen for 0.4s | zone=0.3s
  Person 184 on screen for 30.8s | zone=5.6s
  Person 190 on screen for 2617.3s | zone=3.7s
  Person 191 on screen for 2.8s | zone=2.7s
  Person 198 on screen for 1.7s | zone=1.6s
  Person 199 on screen for 51.8s | zone=32.2s
  Person 202 on screen for 4.3s | zone=3.6s
  Person 208 on screen for 21.0s | zone=20.9s
  Person 222 on screen for 93.3s | zone=92.3s
  Person 233 on screen for 10.1s | zone=4.1s
  Person 243 on screen for 3.2s | zone=1.3s
  Person 283 on screen for 1.8s | zone=1.7s
  Person 287 on screen for 2231.2s | zone=107.3s
  Person 332 on screen for 5.6s | zone=5.5s
  Person 364 on screen for 5.7s | zone=0.3s
  Person 375 on screen for 56.1s | zone=6.8s
  Person 394 on screen for 43.8s | zone=43.7s
  Person 522 on screen for 14.9s | zone=6.2s
  Person 524 on screen for 18.2s | zone=11.4s
  Person 556 on screen for 179.6s | zone=179.5s
Person-ID memory saved: C:\Users\vioyq\Desktop\Coach_Tracker\coach-tracker-demo\coach-store\person-ID\coach5\0316.json
CSV written: C:\Users\vioyq\Desktop\Coach_Tracker\coach-tracker-demo\coach-store\CSV-state\coach5\0316-coach5-20260325-171325.csv
--- end report ---

[Progress] 2/12 ( 16.7%) | elapsed  1180.4s | ETA  5902.0s

=== Running: Coach-5-hour-2-20260316105957.mp4 ===
Person-ID memory: loaded 398 IDs from C:\Users\vioyq\Desktop\Coach_Tracker\coach-tracker-demo\coach-store\person-ID\coach5\0316.json
[coach5] C:\Users\vioyq\Desktop\Coach_Tracker\_Coach_Video\3-16\Coach-5\Coach-5-hour-2-20260316105957.mp4 (36000 frames @ 10.0 fps). (headless)
Config: yaml=coach5.yaml zone=C:\Users\vioyq\Desktop\Coach_Tracker\coach-tracker-demo\coach-store\zone\coach5.json
Output CSV: C:\Users\vioyq\Desktop\Coach_Tracker\coach-tracker-demo\coach-store\CSV-state\coach5\0316-coach5-20260325-171325.csv

--- Report ---
Time spent processing: 1249.8s
Time on screen per person:
  Person 0 on screen for 3537.0s | zone=0.0s
  Person 1 on screen for 3221.8s | zone=2.6s
  Person 2 on screen for 519.9s | zone=1495.7s
  Person 3 on screen for 1521.6s | zone=1521.5s
  Person 5 on screen for 1365.8s | zone=1365.7s
  Person 10 on screen for 1345.3s | zone=0.2s
  Person 12 on screen for 4.5s | zone=468.2s
  Person 14 on screen for 2582.2s | zone=4.2s
  Person 16 on screen for 8.3s | zone=0.0s
  Person 18 on screen for 823.6s | zone=823.5s
  Person 20 on screen for 22.3s | zone=0.6s
  Person 22 on screen for 1613.9s | zone=2749.7s
  Person 24 on screen for 27.7s | zone=0.5s
  Person 30 on screen for 886.6s | zone=5.6s
  Person 35 on screen for 0.1s | zone=0.0s
  Person 38 on screen for 15.0s | zone=4.9s
  Person 41 on screen for 47.5s | zone=16.6s
  Person 42 on screen for 72.6s | zone=31.5s
  Person 47 on screen for 3.6s | zone=0.4s
  Person 49 on screen for 1.7s | zone=957.0s
  Person 50 on screen for 82.4s | zone=3.5s
  Person 53 on screen for 6.8s | zone=0.0s
  Person 55 on screen for 1757.1s | zone=1307.1s
  Person 56 on screen for 2165.7s | zone=9.9s
  Person 58 on screen for 141.8s | zone=131.3s
  Person 61 on screen for 316.3s | zone=264.0s
  Person 63 on screen for 0.1s | zone=0.4s
  Person 64 on screen for 870.3s | zone=851.3s
  Person 66 on screen for 4.5s | zone=3.4s
  Person 69 on screen for 6.5s | zone=6.4s
  Person 70 on screen for 795.1s | zone=0.5s
  Person 71 on screen for 33.2s | zone=0.0s
  Person 80 on screen for 11.0s | zone=0.5s
  Person 81 on screen for 23.1s | zone=10.9s
  Person 83 on screen for 1145.6s | zone=1.3s
  Person 84 on screen for 4.7s | zone=1013.0s
  Person 87 on screen for 15.1s | zone=8.5s
  Person 89 on screen for 25.9s | zone=25.4s
  Person 91 on screen for 1447.9s | zone=0.0s
  Person 93 on screen for 1378.5s | zone=405.5s
  Person 94 on screen for 86.0s | zone=5.2s
  Person 100 on screen for 57.5s | zone=1.8s
  Person 103 on screen for 1957.4s | zone=3.9s
  Person 105 on screen for 1400.6s | zone=31.0s
  Person 110 on screen for 0.5s | zone=1437.2s
  Person 112 on screen for 7.3s | zone=360.5s
  Person 113 on screen for 11.8s | zone=11.7s
  Person 115 on screen for 86.9s | zone=287.8s
  Person 119 on screen for 0.5s | zone=0.6s
  Person 120 on screen for 730.5s | zone=2.7s
  Person 121 on screen for 4.0s | zone=564.0s
  Person 122 on screen for 58.8s | zone=0.0s
  Person 127 on screen for 708.6s | zone=51.1s
  Person 128 on screen for 1582.6s | zone=0.0s
  Person 130 on screen for 649.2s | zone=5.8s
  Person 135 on screen for 16.7s | zone=16.6s
  Person 136 on screen for 0.8s | zone=0.8s
  Person 137 on screen for 1642.8s | zone=1642.7s
  Person 141 on screen for 26.8s | zone=3.7s
  Person 145 on screen for 3.8s | zone=0.0s
  Person 146 on screen for 50.2s | zone=49.0s
  Person 153 on screen for 945.0s | zone=8.0s
  Person 155 on screen for 5.1s | zone=474.9s
  Person 157 on screen for 24.0s | zone=0.0s
  Person 164 on screen for 26.5s | zone=527.9s
  Person 165 on screen for 949.7s | zone=7.5s
  Person 167 on screen for 2.3s | zone=2.4s
  Person 170 on screen for 388.5s | zone=388.4s
  Person 172 on screen for 1.6s | zone=0.0s
  Person 175 on screen for 2.5s | zone=2.4s
  Person 177 on screen for 216.3s | zone=579.6s
  Person 178 on screen for 763.8s | zone=1411.5s
  Person 180 on screen for 28.5s | zone=28.4s
  Person 181 on screen for 575.0s | zone=574.9s
  Person 185 on screen for 1.3s | zone=0.0s
  Person 190 on screen for 15.6s | zone=456.3s
  Person 191 on screen for 5.7s | zone=5.6s
  Person 194 on screen for 791.1s | zone=0.5s
  Person 195 on screen for 543.2s | zone=0.0s
  Person 196 on screen for 8.3s | zone=833.0s
  Person 197 on screen for 34.1s | zone=0.2s
  Person 199 on screen for 18.0s | zone=0.0s
  Person 200 on screen for 1671.5s | zone=0.0s
  Person 201 on screen for 6.2s | zone=6.3s
  Person 202 on screen for 1279.5s | zone=538.2s
  Person 204 on screen for 0.7s | zone=0.6s
  Person 205 on screen for 32.9s | zone=32.8s
  Person 212 on screen for 0.4s | zone=0.3s
  Person 217 on screen for 22.1s | zone=809.3s
  Person 222 on screen for 172.5s | zone=2041.4s
  Person 223 on screen for 841.6s | zone=2.0s
  Person 224 on screen for 0.2s | zone=3.1s
  Person 229 on screen for 1.3s | zone=1.3s
  Person 233 on screen for 4.7s | zone=381.4s
  Person 234 on screen for 24.2s | zone=755.8s
  Person 235 on screen for 826.2s | zone=3.7s
  Person 238 on screen for 1961.2s | zone=1903.6s
  Person 239 on screen for 1616.9s | zone=1956.3s
  Person 240 on screen for 46.9s | zone=13.6s
  Person 245 on screen for 1.4s | zone=382.6s
  Person 247 on screen for 603.6s | zone=585.3s
  Person 253 on screen for 412.9s | zone=1349.4s
  Person 256 on screen for 12.2s | zone=12.2s
  Person 257 on screen for 1189.6s | zone=1108.6s
  Person 258 on screen for 21.0s | zone=0.0s
  Person 259 on screen for 13.6s | zone=1590.1s
  Person 260 on screen for 39.8s | zone=0.2s
  Person 261 on screen for 19.0s | zone=1038.3s
  Person 264 on screen for 1943.0s | zone=1323.9s
  Person 266 on screen for 0.7s | zone=0.0s
  Person 273 on screen for 3.6s | zone=3.6s
  Person 277 on screen for 192.6s | zone=2249.7s
  Person 280 on screen for 1025.4s | zone=0.0s
  Person 283 on screen for 2.3s | zone=2.2s
  Person 284 on screen for 4.3s | zone=4.3s
  Person 287 on screen for 3472.4s | zone=1499.6s
  Person 288 on screen for 13.3s | zone=11.6s
  Person 290 on screen for 1.1s | zone=1.0s
  Person 305 on screen for 20.5s | zone=0.3s
  Person 307 on screen for 876.4s | zone=0.2s
  Person 309 on screen for 481.0s | zone=477.9s
  Person 311 on screen for 28.8s | zone=0.1s
  Person 320 on screen for 39.2s | zone=2.5s
  Person 326 on screen for 2.5s | zone=0.2s
  Person 332 on screen for 16.6s | zone=9.5s
  Person 334 on screen for 2995.8s | zone=0.1s
  Person 337 on screen for 1527.2s | zone=7.2s
  Person 340 on screen for 10.4s | zone=6.4s
  Person 363 on screen for 131.8s | zone=17.3s
  Person 364 on screen for 579.8s | zone=14.1s
  Person 367 on screen for 899.4s | zone=899.3s
  Person 368 on screen for 37.8s | zone=9.0s
  Person 378 on screen for 1715.1s | zone=0.3s
  Person 379 on screen for 1.2s | zone=0.5s
  Person 389 on screen for 778.1s | zone=761.2s
  Person 390 on screen for 8.6s | zone=8.5s
  Person 393 on screen for 21.6s | zone=0.0s
  Person 394 on screen for 70.9s | zone=0.0s
  Person 401 on screen for 801.5s | zone=792.4s
  Person 409 on screen for 364.1s | zone=341.4s
  Person 419 on screen for 25.2s | zone=25.1s
  Person 424 on screen for 773.2s | zone=8.7s
  Person 434 on screen for 2460.5s | zone=2443.1s
  Person 452 on screen for 815.0s | zone=7.4s
  Person 522 on screen for 3.7s | zone=3.6s
  Person 546 on screen for 58.3s | zone=28.3s
  Person 549 on screen for 94.2s | zone=1.4s
  Person 556 on screen for 76.8s | zone=0.1s
  Person 568 on screen for 11.8s | zone=0.1s
  Person 574 on screen for 13.3s | zone=6.3s
Person-ID memory saved: C:\Users\vioyq\Desktop\Coach_Tracker\coach-tracker-demo\coach-store\person-ID\coach5\0316.json
CSV written: C:\Users\vioyq\Desktop\Coach_Tracker\coach-tracker-demo\coach-store\CSV-state\coach5\0316-coach5-20260325-171325.csv
--- end report ---

[Progress] 3/12 ( 25.0%) | elapsed  2434.7s | ETA  7304.2s

=== Running: Coach-5-hour-3-20260316115957.mp4 ===
Person-ID memory: loaded 398 IDs from C:\Users\vioyq\Desktop\Coach_Tracker\coach-tracker-demo\coach-store\person-ID\coach5\0316.json
[coach5] C:\Users\vioyq\Desktop\Coach_Tracker\_Coach_Video\3-16\Coach-5\Coach-5-hour-3-20260316115957.mp4 (36000 frames @ 10.0 fps). (headless)
Config: yaml=coach5.yaml zone=C:\Users\vioyq\Desktop\Coach_Tracker\coach-tracker-demo\coach-store\zone\coach5.json
Output CSV: C:\Users\vioyq\Desktop\Coach_Tracker\coach-tracker-demo\coach-store\CSV-state\coach5\0316-coach5-20260325-171325.csv

--- Report ---
Time spent processing: 1230.4s
Time on screen per person:
  Person 0 on screen for 3593.2s | zone=0.0s
  Person 1 on screen for 2041.7s | zone=3.2s
  Person 2 on screen for 946.7s | zone=9.6s
  Person 3 on screen for 797.7s | zone=4.0s
  Person 5 on screen for 2446.9s | zone=529.5s
  Person 8 on screen for 13.3s | zone=0.0s
  Person 13 on screen for 1767.5s | zone=2.3s
  Person 14 on screen for 2.6s | zone=0.5s
  Person 17 on screen for 3372.4s | zone=2876.2s
  Person 18 on screen for 14.1s | zone=4.6s
  Person 20 on screen for 4.2s | zone=4.1s
  Person 22 on screen for 424.2s | zone=3.7s
  Person 24 on screen for 203.5s | zone=22.3s
  Person 26 on screen for 312.0s | zone=2.9s
  Person 28 on screen for 1965.4s | zone=8.7s
  Person 29 on screen for 122.7s | zone=51.6s
  Person 30 on screen for 13.7s | zone=3331.8s
  Person 31 on screen for 22.9s | zone=5.8s
  Person 32 on screen for 826.4s | zone=1.4s
  Person 35 on screen for 438.1s | zone=0.0s
  Person 37 on screen for 120.5s | zone=13.3s
  Person 38 on screen for 870.7s | zone=0.1s
  Person 42 on screen for 2.1s | zone=1.0s
  Person 44 on screen for 2624.0s | zone=2566.2s
  Person 46 on screen for 107.1s | zone=0.1s
  Person 48 on screen for 20.6s | zone=2.2s
  Person 50 on screen for 1647.2s | zone=0.0s
  Person 52 on screen for 3.6s | zone=1.0s
  Person 54 on screen for 2246.6s | zone=0.0s
  Person 55 on screen for 4.5s | zone=1.0s
  Person 57 on screen for 3.3s | zone=3.2s
  Person 58 on screen for 1.5s | zone=0.6s
  Person 59 on screen for 288.5s | zone=174.7s
  Person 62 on screen for 2018.1s | zone=5.8s
  Person 64 on screen for 11.7s | zone=11.6s
  Person 66 on screen for 1.8s | zone=0.1s
  Person 68 on screen for 239.4s | zone=0.4s
  Person 70 on screen for 20.1s | zone=8.6s
  Person 71 on screen for 3.8s | zone=3.7s
  Person 72 on screen for 445.4s | zone=1.4s
  Person 76 on screen for 2.9s | zone=0.0s
  Person 81 on screen for 66.7s | zone=0.5s
  Person 84 on screen for 170.9s | zone=797.4s
  Person 85 on screen for 19.8s | zone=18.5s
  Person 86 on screen for 6.9s | zone=6.8s
  Person 87 on screen for 35.3s | zone=4.3s
  Person 88 on screen for 12.0s | zone=2750.5s
  Person 90 on screen for 1551.0s | zone=1538.5s
  Person 92 on screen for 442.6s | zone=1.0s
  Person 93 on screen for 2255.0s | zone=0.0s
  Person 95 on screen for 150.9s | zone=2.1s
  Person 97 on screen for 69.2s | zone=18.3s
  Person 100 on screen for 1464.1s | zone=0.3s
  Person 101 on screen for 76.3s | zone=64.5s
  Person 105 on screen for 278.8s | zone=0.2s
  Person 106 on screen for 6.0s | zone=2.3s
  Person 107 on screen for 2730.1s | zone=0.0s
  Person 112 on screen for 33.2s | zone=33.1s
  Person 114 on screen for 26.8s | zone=0.0s
  Person 115 on screen for 4.2s | zone=4.4s
  Person 119 on screen for 1.5s | zone=585.3s
  Person 120 on screen for 704.3s | zone=0.2s
  Person 121 on screen for 24.2s | zone=5.1s
  Person 122 on screen for 102.3s | zone=386.2s
  Person 125 on screen for 4.2s | zone=2094.5s
  Person 130 on screen for 1617.7s | zone=2466.3s
  Person 131 on screen for 323.4s | zone=310.3s
  Person 136 on screen for 2515.4s | zone=2062.9s
  Person 137 on screen for 0.9s | zone=914.6s
  Person 143 on screen for 12.9s | zone=11.8s
  Person 145 on screen for 27.4s | zone=2.4s
  Person 146 on screen for 552.9s | zone=0.7s
  Person 147 on screen for 3.1s | zone=456.1s
  Person 150 on screen for 1755.1s | zone=1755.0s
  Person 153 on screen for 80.9s | zone=81.5s
  Person 155 on screen for 1896.5s | zone=1896.4s
  Person 158 on screen for 3.0s | zone=3.1s
  Person 162 on screen for 1003.9s | zone=1.3s
  Person 170 on screen for 272.9s | zone=1188.8s
  Person 174 on screen for 1890.3s | zone=5.4s
  Person 175 on screen for 33.0s | zone=20.5s
  Person 181 on screen for 898.2s | zone=886.5s
  Person 183 on screen for 910.8s | zone=0.1s
  Person 185 on screen for 62.0s | zone=0.4s
  Person 187 on screen for 17.0s | zone=16.9s
  Person 190 on screen for 124.0s | zone=0.0s
  Person 191 on screen for 1.5s | zone=1.4s
  Person 193 on screen for 2.4s | zone=2.3s
  Person 194 on screen for 1824.3s | zone=212.4s
  Person 195 on screen for 914.3s | zone=49.6s
  Person 199 on screen for 1438.5s | zone=0.0s
  Person 200 on screen for 3.2s | zone=3.1s
  Person 201 on screen for 1.4s | zone=1057.8s
  Person 202 on screen for 292.8s | zone=10.8s
  Person 204 on screen for 309.7s | zone=0.0s
  Person 206 on screen for 2.4s | zone=2.1s
  Person 210 on screen for 0.7s | zone=0.6s
  Person 212 on screen for 48.5s | zone=2.2s
  Person 214 on screen for 356.3s | zone=11.9s
  Person 221 on screen for 1286.6s | zone=1286.5s
  Person 222 on screen for 39.1s | zone=1316.0s
  Person 227 on screen for 3.2s | zone=3.4s
  Person 229 on screen for 2819.7s | zone=1571.0s
  Person 235 on screen for 502.0s | zone=501.9s
  Person 236 on screen for 1.0s | zone=689.5s
  Person 237 on screen for 527.1s | zone=1661.8s
  Person 239 on screen for 1196.6s | zone=0.1s
  Person 240 on screen for 52.3s | zone=0.2s
  Person 243 on screen for 3.3s | zone=2.6s
  Person 245 on screen for 637.3s | zone=709.4s
  Person 247 on screen for 1030.5s | zone=0.1s
  Person 253 on screen for 2507.1s | zone=862.5s
  Person 254 on screen for 3.2s | zone=3.2s
  Person 259 on screen for 2238.8s | zone=0.1s
  Person 260 on screen for 56.3s | zone=8.4s
  Person 262 on screen for 4.0s | zone=4.2s
  Person 263 on screen for 1047.5s | zone=0.0s
  Person 266 on screen for 1.4s | zone=1.3s
  Person 273 on screen for 2.9s | zone=2.8s
  Person 276 on screen for 143.3s | zone=143.2s
  Person 277 on screen for 2306.0s | zone=2305.9s
  Person 278 on screen for 1146.0s | zone=12.8s
  Person 280 on screen for 287.5s | zone=287.4s
  Person 284 on screen for 1600.2s | zone=1600.1s
  Person 285 on screen for 3.8s | zone=4.1s
  Person 286 on screen for 6.9s | zone=6.8s
  Person 287 on screen for 4.0s | zone=3.9s
  Person 288 on screen for 7.1s | zone=7.0s
  Person 290 on screen for 2322.8s | zone=0.8s
  Person 291 on screen for 0.8s | zone=0.5s
  Person 292 on screen for 3003.9s | zone=15.0s
  Person 293 on screen for 5.0s | zone=5.1s
  Person 296 on screen for 0.3s | zone=0.2s
  Person 300 on screen for 1785.3s | zone=756.4s
  Person 302 on screen for 3.4s | zone=3.3s
  Person 305 on screen for 437.7s | zone=0.0s
  Person 312 on screen for 23.7s | zone=1.9s
  Person 316 on screen for 39.2s | zone=39.4s
  Person 323 on screen for 354.5s | zone=0.5s
  Person 324 on screen for 0.8s | zone=0.7s
  Person 325 on screen for 930.2s | zone=910.3s
  Person 326 on screen for 119.5s | zone=56.5s
  Person 327 on screen for 28.9s | zone=28.8s
  Person 331 on screen for 818.9s | zone=1751.1s
  Person 333 on screen for 6.0s | zone=0.0s
  Person 341 on screen for 32.3s | zone=0.1s
  Person 347 on screen for 0.3s | zone=0.2s
  Person 352 on screen for 971.9s | zone=0.1s
  Person 355 on screen for 0.5s | zone=0.4s
  Person 362 on screen for 2183.6s | zone=2.6s
  Person 363 on screen for 2263.3s | zone=7.7s
  Person 367 on screen for 1.8s | zone=1.7s
  Person 369 on screen for 25.4s | zone=8.0s
  Person 377 on screen for 28.0s | zone=26.4s
  Person 384 on screen for 1468.5s | zone=1466.1s
  Person 389 on screen for 26.6s | zone=6.3s
  Person 396 on screen for 1086.2s | zone=1086.1s
  Person 397 on screen for 51.4s | zone=51.3s
  Person 414 on screen for 1140.2s | zone=3.5s
  Person 418 on screen for 0.8s | zone=0.7s
  Person 420 on screen for 1.0s | zone=0.9s
  Person 424 on screen for 1040.7s | zone=1040.6s
  Person 434 on screen for 3364.1s | zone=0.0s
  Person 443 on screen for 877.5s | zone=871.7s
  Person 452 on screen for 18.5s | zone=1.6s
  Person 484 on screen for 4.5s | zone=4.4s
  Person 489 on screen for 1078.4s | zone=1065.4s
  Person 519 on screen for 68.4s | zone=68.3s
  Person 522 on screen for 0.2s | zone=0.1s
  Person 549 on screen for 3037.2s | zone=3028.1s
  Person 565 on screen for 2.5s | zone=2.4s
  Person 568 on screen for 39.8s | zone=4.7s
Person-ID memory saved: C:\Users\vioyq\Desktop\Coach_Tracker\coach-tracker-demo\coach-store\person-ID\coach5\0316.json
CSV written: C:\Users\vioyq\Desktop\Coach_Tracker\coach-tracker-demo\coach-store\CSV-state\coach5\0316-coach5-20260325-171325.csv
--- end report ---

[Progress] 4/12 ( 33.3%) | elapsed  3669.6s | ETA  7339.2s

=== Running: Coach-5-hour-4-20260316125957.mp4 ===
Person-ID memory: loaded 398 IDs from C:\Users\vioyq\Desktop\Coach_Tracker\coach-tracker-demo\coach-store\person-ID\coach5\0316.json
[coach5] C:\Users\vioyq\Desktop\Coach_Tracker\_Coach_Video\3-16\Coach-5\Coach-5-hour-4-20260316125957.mp4 (36000 frames @ 10.0 fps). (headless)
Config: yaml=coach5.yaml zone=C:\Users\vioyq\Desktop\Coach_Tracker\coach-tracker-demo\coach-store\zone\coach5.json
Output CSV: C:\Users\vioyq\Desktop\Coach_Tracker\coach-tracker-demo\coach-store\CSV-state\coach5\0316-coach5-20260325-171325.csv

--- Report ---
Time spent processing: 1422.2s
Time on screen per person:
  Person 0 on screen for 2987.8s | zone=0.0s
  Person 1 on screen for 2987.4s | zone=0.0s
  Person 2 on screen for 711.4s | zone=0.0s
  Person 11 on screen for 979.7s | zone=0.2s
  Person 12 on screen for 187.2s | zone=115.9s
  Person 13 on screen for 14.9s | zone=14.8s
  Person 14 on screen for 1417.1s | zone=5.2s
  Person 15 on screen for 3.9s | zone=2291.3s
  Person 18 on screen for 2.8s | zone=2.7s
  Person 20 on screen for 8.0s | zone=615.5s
  Person 23 on screen for 84.5s | zone=0.0s
  Person 24 on screen for 6.7s | zone=6.6s
  Person 26 on screen for 17.7s | zone=676.4s
  Person 27 on screen for 2279.7s | zone=1.8s
  Person 28 on screen for 3101.1s | zone=2521.8s
  Person 30 on screen for 1010.2s | zone=13.5s
  Person 36 on screen for 571.7s | zone=1.1s
  Person 38 on screen for 3.2s | zone=0.0s
  Person 41 on screen for 5.7s | zone=1.7s
  Person 42 on screen for 25.1s | zone=7.9s
  Person 43 on screen for 771.8s | zone=1.8s
  Person 45 on screen for 2.6s | zone=0.0s
  Person 55 on screen for 1312.6s | zone=2089.5s
  Person 58 on screen for 1.3s | zone=1.3s
  Person 61 on screen for 494.9s | zone=34.0s
  Person 65 on screen for 2.5s | zone=1.5s
  Person 68 on screen for 39.1s | zone=39.2s
  Person 71 on screen for 12.0s | zone=7.2s
  Person 72 on screen for 87.2s | zone=0.1s
  Person 74 on screen for 69.1s | zone=48.6s
  Person 77 on screen for 164.0s | zone=0.0s
  Person 80 on screen for 22.8s | zone=22.7s
  Person 81 on screen for 744.5s | zone=159.7s
  Person 87 on screen for 1169.1s | zone=0.2s
  Person 90 on screen for 841.7s | zone=8.1s
  Person 91 on screen for 23.2s | zone=2.9s
  Person 93 on screen for 1.6s | zone=0.1s
  Person 96 on screen for 57.0s | zone=339.6s
  Person 98 on screen for 8.7s | zone=8.6s
  Person 103 on screen for 21.1s | zone=21.0s
  Person 104 on screen for 10.1s | zone=0.0s
  Person 105 on screen for 109.1s | zone=101.6s
  Person 106 on screen for 92.6s | zone=12.6s
  Person 110 on screen for 0.9s | zone=113.0s
  Person 115 on screen for 1936.8s | zone=1923.7s
  Person 117 on screen for 101.7s | zone=95.7s
  Person 119 on screen for 320.9s | zone=0.0s
  Person 120 on screen for 13.2s | zone=5.9s
  Person 122 on screen for 204.8s | zone=40.1s
  Person 123 on screen for 29.7s | zone=0.0s
  Person 125 on screen for 16.5s | zone=16.4s
  Person 126 on screen for 3.4s | zone=0.2s
  Person 127 on screen for 2.0s | zone=0.4s
  Person 129 on screen for 16.0s | zone=9.5s
  Person 130 on screen for 9.5s | zone=0.1s
  Person 133 on screen for 74.5s | zone=73.8s
  Person 136 on screen for 535.2s | zone=1078.6s
  Person 139 on screen for 0.4s | zone=0.7s
  Person 140 on screen for 26.2s | zone=0.5s
  Person 141 on screen for 173.9s | zone=5.5s
  Person 145 on screen for 3.6s | zone=3.5s
  Person 148 on screen for 28.2s | zone=0.5s
  Person 149 on screen for 803.4s | zone=154.8s
  Person 150 on screen for 16.8s | zone=866.5s
  Person 153 on screen for 17.8s | zone=17.7s
  Person 155 on screen for 0.6s | zone=1621.4s
  Person 157 on screen for 18.5s | zone=0.8s
  Person 159 on screen for 1241.4s | zone=1176.0s
  Person 160 on screen for 392.6s | zone=270.9s
  Person 161 on screen for 211.5s | zone=0.0s
  Person 163 on screen for 904.7s | zone=0.2s
  Person 170 on screen for 407.0s | zone=2.9s
  Person 174 on screen for 1835.4s | zone=1835.3s
  Person 175 on screen for 1056.9s | zone=1197.4s
  Person 176 on screen for 5.9s | zone=1.1s
  Person 177 on screen for 485.2s | zone=0.5s
  Person 178 on screen for 7.1s | zone=7.2s
  Person 181 on screen for 2098.4s | zone=2.2s
  Person 182 on screen for 110.6s | zone=574.5s
  Person 183 on screen for 2065.2s | zone=101.0s
  Person 190 on screen for 967.6s | zone=967.5s
  Person 194 on screen for 207.4s | zone=0.0s
  Person 195 on screen for 1315.2s | zone=1315.1s
  Person 196 on screen for 287.6s | zone=0.0s
  Person 199 on screen for 1209.2s | zone=1.3s
  Person 200 on screen for 2175.7s | zone=0.0s
  Person 201 on screen for 2040.7s | zone=2040.6s
  Person 204 on screen for 825.7s | zone=818.8s
  Person 208 on screen for 4.1s | zone=4.0s
  Person 209 on screen for 72.8s | zone=0.2s
  Person 212 on screen for 1424.5s | zone=4.6s
  Person 214 on screen for 3158.8s | zone=6.4s
  Person 216 on screen for 180.1s | zone=0.0s
  Person 217 on screen for 121.1s | zone=0.5s
  Person 219 on screen for 5.0s | zone=5.4s
  Person 220 on screen for 87.8s | zone=0.0s
  Person 221 on screen for 3053.3s | zone=7.9s
  Person 222 on screen for 1174.2s | zone=676.0s
  Person 224 on screen for 412.8s | zone=48.3s
  Person 227 on screen for 3.5s | zone=2.5s
  Person 229 on screen for 3317.0s | zone=0.2s
  Person 230 on screen for 8.8s | zone=8.7s
  Person 235 on screen for 2092.2s | zone=20.0s
  Person 236 on screen for 227.1s | zone=1.2s
  Person 237 on screen for 788.6s | zone=0.2s
  Person 238 on screen for 18.1s | zone=14.4s
  Person 239 on screen for 83.2s | zone=2.6s
  Person 243 on screen for 48.7s | zone=14.1s
  Person 245 on screen for 0.3s | zone=0.2s
  Person 247 on screen for 40.1s | zone=7.1s
  Person 253 on screen for 1330.9s | zone=44.3s
  Person 255 on screen for 566.7s | zone=0.0s
  Person 256 on screen for 52.9s | zone=28.1s
  Person 257 on screen for 1220.6s | zone=12.7s
  Person 259 on screen for 1.8s | zone=1.5s
  Person 260 on screen for 94.5s | zone=1003.0s
  Person 261 on screen for 235.1s | zone=0.0s
  Person 263 on screen for 40.2s | zone=1694.5s
  Person 264 on screen for 2789.5s | zone=1.1s
  Person 266 on screen for 1633.6s | zone=1403.8s
  Person 273 on screen for 729.5s | zone=729.4s
  Person 276 on screen for 1694.9s | zone=0.3s
  Person 277 on screen for 9.9s | zone=1666.1s
  Person 278 on screen for 423.8s | zone=416.3s
  Person 280 on screen for 239.9s | zone=10.2s
  Person 281 on screen for 57.4s | zone=0.0s
  Person 282 on screen for 4.2s | zone=0.3s
  Person 284 on screen for 2714.4s | zone=21.1s
  Person 286 on screen for 42.5s | zone=0.0s
  Person 287 on screen for 1834.5s | zone=1823.7s
  Person 290 on screen for 1798.5s | zone=1538.4s
  Person 294 on screen for 455.1s | zone=7.3s
  Person 301 on screen for 531.5s | zone=0.0s
  Person 302 on screen for 221.9s | zone=221.8s
  Person 304 on screen for 0.3s | zone=0.2s
  Person 305 on screen for 2423.6s | zone=0.0s
  Person 306 on screen for 3.8s | zone=1.2s
  Person 309 on screen for 2170.6s | zone=0.0s
  Person 310 on screen for 1455.4s | zone=1455.7s
  Person 318 on screen for 2502.6s | zone=202.4s
  Person 320 on screen for 2.9s | zone=2.8s
  Person 322 on screen for 49.0s | zone=3.5s
  Person 323 on screen for 32.4s | zone=0.0s
  Person 325 on screen for 5.4s | zone=5.3s
  Person 326 on screen for 4.9s | zone=0.4s
  Person 328 on screen for 820.8s | zone=1882.2s
  Person 330 on screen for 195.8s | zone=195.7s
  Person 338 on screen for 8.0s | zone=0.3s
  Person 339 on screen for 6.8s | zone=6.7s
  Person 340 on screen for 126.7s | zone=10.9s
  Person 352 on screen for 167.6s | zone=2137.9s
  Person 354 on screen for 68.6s | zone=68.5s
  Person 355 on screen for 2.2s | zone=2.1s
  Person 357 on screen for 1798.4s | zone=340.4s
  Person 361 on screen for 25.0s | zone=0.1s
  Person 362 on screen for 1572.1s | zone=0.0s
  Person 363 on screen for 10.3s | zone=97.2s
  Person 365 on screen for 153.3s | zone=12.5s
  Person 367 on screen for 748.0s | zone=7.1s
  Person 369 on screen for 17.2s | zone=0.0s
  Person 372 on screen for 21.5s | zone=0.1s
  Person 375 on screen for 996.7s | zone=27.2s
  Person 377 on screen for 27.2s | zone=27.1s
  Person 378 on screen for 6.3s | zone=1800.6s
  Person 379 on screen for 26.6s | zone=1.2s
  Person 383 on screen for 3267.7s | zone=3.8s
  Person 385 on screen for 51.3s | zone=5.2s
  Person 388 on screen for 206.0s | zone=0.9s
  Person 392 on screen for 25.2s | zone=3.6s
  Person 393 on screen for 1.2s | zone=2.1s
  Person 395 on screen for 0.6s | zone=0.0s
  Person 401 on screen for 2229.9s | zone=260.7s
  Person 411 on screen for 64.2s | zone=61.6s
  Person 412 on screen for 7.7s | zone=1.3s
  Person 414 on screen for 1069.6s | zone=0.0s
  Person 416 on screen for 9.3s | zone=9.3s
  Person 418 on screen for 48.7s | zone=30.1s
  Person 419 on screen for 0.6s | zone=0.4s
  Person 420 on screen for 26.4s | zone=26.3s
  Person 422 on screen for 4.9s | zone=0.3s
  Person 424 on screen for 3.5s | zone=3.4s
  Person 426 on screen for 80.3s | zone=80.2s
  Person 429 on screen for 1119.2s | zone=1119.1s
  Person 434 on screen for 3.5s | zone=0.4s
  Person 441 on screen for 276.4s | zone=268.1s
  Person 449 on screen for 639.6s | zone=3.4s
  Person 457 on screen for 510.8s | zone=0.0s
  Person 500 on screen for 2187.7s | zone=0.1s
  Person 549 on screen for 65.7s | zone=27.5s
  Person 568 on screen for 2543.4s | zone=2543.3s
  Person 576 on screen for 10.1s | zone=5.4s
Person-ID memory saved: C:\Users\vioyq\Desktop\Coach_Tracker\coach-tracker-demo\coach-store\person-ID\coach5\0316.json
CSV written: C:\Users\vioyq\Desktop\Coach_Tracker\coach-tracker-demo\coach-store\CSV-state\coach5\0316-coach5-20260325-171325.csv
--- end report ---

[Progress] 5/12 ( 41.7%) | elapsed  5096.2s | ETA  7134.7s

=== Running: Coach-5-hour-5-20260316135957.mp4 ===
Person-ID memory: loaded 398 IDs from C:\Users\vioyq\Desktop\Coach_Tracker\coach-tracker-demo\coach-store\person-ID\coach5\0316.json
[coach5] C:\Users\vioyq\Desktop\Coach_Tracker\_Coach_Video\3-16\Coach-5\Coach-5-hour-5-20260316135957.mp4 (36000 frames @ 10.0 fps). (headless)
Config: yaml=coach5.yaml zone=C:\Users\vioyq\Desktop\Coach_Tracker\coach-tracker-demo\coach-store\zone\coach5.json
Output CSV: C:\Users\vioyq\Desktop\Coach_Tracker\coach-tracker-demo\coach-store\CSV-state\coach5\0316-coach5-20260325-171325.csv

--- Report ---
Time spent processing: 1396.9s
Time on screen per person:
  Person 0 on screen for 2574.8s | zone=0.0s
  Person 1 on screen for 2571.4s | zone=5.8s
  Person 2 on screen for 0.1s | zone=0.8s
  Person 5 on screen for 2617.2s | zone=138.5s
  Person 6 on screen for 34.6s | zone=0.0s
  Person 8 on screen for 1076.8s | zone=2867.7s
  Person 10 on screen for 676.3s | zone=0.5s
  Person 14 on screen for 671.9s | zone=224.4s
  Person 15 on screen for 31.7s | zone=21.2s
  Person 17 on screen for 61.0s | zone=7.6s
  Person 20 on screen for 2.2s | zone=2.1s
  Person 23 on screen for 2791.1s | zone=2791.0s
  Person 24 on screen for 1917.2s | zone=0.6s
  Person 25 on screen for 0.7s | zone=0.6s
  Person 26 on screen for 391.8s | zone=376.7s
  Person 27 on screen for 1058.4s | zone=0.0s
  Person 29 on screen for 1117.3s | zone=29.5s
  Person 30 on screen for 32.6s | zone=13.8s
  Person 31 on screen for 3.9s | zone=3.9s
  Person 35 on screen for 5.3s | zone=2774.9s
  Person 38 on screen for 2358.0s | zone=2303.6s
  Person 39 on screen for 2278.9s | zone=0.1s
  Person 42 on screen for 490.0s | zone=477.4s
  Person 43 on screen for 2152.4s | zone=0.3s
  Person 46 on screen for 20.5s | zone=0.7s
  Person 48 on screen for 6.2s | zone=0.0s
  Person 52 on screen for 2072.9s | zone=0.1s
  Person 56 on screen for 136.4s | zone=0.1s
  Person 57 on screen for 1162.4s | zone=0.7s
  Person 60 on screen for 11.4s | zone=968.8s
  Person 62 on screen for 1432.7s | zone=12.7s
  Person 64 on screen for 26.1s | zone=24.8s
  Person 66 on screen for 13.6s | zone=0.4s
  Person 74 on screen for 1686.5s | zone=0.2s
  Person 77 on screen for 19.2s | zone=1961.7s
  Person 83 on screen for 2.6s | zone=0.8s
  Person 84 on screen for 148.8s | zone=106.0s
  Person 85 on screen for 29.3s | zone=7.7s
  Person 86 on screen for 437.4s | zone=262.3s
  Person 90 on screen for 1854.8s | zone=6.1s
  Person 91 on screen for 2380.0s | zone=2378.9s
  Person 95 on screen for 2396.3s | zone=129.3s
  Person 96 on screen for 30.0s | zone=5.6s
  Person 98 on screen for 23.0s | zone=19.1s
  Person 101 on screen for 931.1s | zone=0.9s
  Person 105 on screen for 1.8s | zone=1.7s
  Person 106 on screen for 293.4s | zone=0.2s
  Person 107 on screen for 320.6s | zone=12.4s
  Person 108 on screen for 1.5s | zone=0.7s
  Person 110 on screen for 1699.0s | zone=2257.3s
  Person 113 on screen for 3248.0s | zone=3180.8s
  Person 114 on screen for 2.9s | zone=0.2s
  Person 115 on screen for 671.6s | zone=252.4s
  Person 119 on screen for 2617.3s | zone=825.1s
  Person 121 on screen for 0.6s | zone=1106.9s
  Person 122 on screen for 3335.7s | zone=4.0s
  Person 123 on screen for 2324.7s | zone=0.0s
  Person 124 on screen for 23.0s | zone=11.5s
  Person 125 on screen for 1626.8s | zone=21.8s
  Person 128 on screen for 1.8s | zone=2018.7s
  Person 130 on screen for 1877.9s | zone=0.3s
  Person 131 on screen for 1049.2s | zone=7.2s
  Person 133 on screen for 658.2s | zone=47.1s
  Person 136 on screen for 3048.1s | zone=3048.0s
  Person 137 on screen for 2145.2s | zone=2045.1s
  Person 138 on screen for 51.9s | zone=233.3s
  Person 139 on screen for 6.8s | zone=3.8s
  Person 140 on screen for 59.4s | zone=394.5s
  Person 141 on screen for 1672.6s | zone=0.5s
  Person 142 on screen for 0.8s | zone=0.7s
  Person 143 on screen for 212.3s | zone=0.0s
  Person 148 on screen for 2633.6s | zone=11.7s
  Person 151 on screen for 2.3s | zone=0.0s
  Person 155 on screen for 3125.3s | zone=302.6s
  Person 156 on screen for 273.5s | zone=273.4s
  Person 159 on screen for 26.9s | zone=14.5s
  Person 160 on screen for 57.2s | zone=13.1s
  Person 161 on screen for 2843.4s | zone=0.0s
  Person 169 on screen for 194.5s | zone=2.8s
  Person 171 on screen for 2613.7s | zone=3.9s
  Person 174 on screen for 1352.2s | zone=27.4s
  Person 177 on screen for 198.8s | zone=5.5s
  Person 178 on screen for 455.3s | zone=1.1s
  Person 180 on screen for 5.8s | zone=3.9s
  Person 181 on screen for 1958.3s | zone=773.2s
  Person 182 on screen for 3171.3s | zone=2898.6s
  Person 183 on screen for 2888.4s | zone=5.7s
  Person 184 on screen for 14.3s | zone=0.3s
  Person 190 on screen for 386.1s | zone=386.0s
  Person 193 on screen for 2154.4s | zone=520.5s
  Person 195 on screen for 899.5s | zone=876.4s
  Person 196 on screen for 17.3s | zone=0.0s
  Person 197 on screen for 316.4s | zone=1.2s
  Person 198 on screen for 3171.8s | zone=600.2s
  Person 199 on screen for 70.7s | zone=14.7s
  Person 200 on screen for 2.0s | zone=1.9s
  Person 201 on screen for 2034.2s | zone=102.1s
  Person 202 on screen for 142.8s | zone=142.7s
  Person 206 on screen for 22.8s | zone=22.7s
  Person 207 on screen for 34.8s | zone=3.0s
  Person 208 on screen for 926.0s | zone=0.4s
  Person 216 on screen for 12.9s | zone=2.8s
  Person 218 on screen for 107.8s | zone=3.1s
  Person 219 on screen for 908.2s | zone=2425.5s
  Person 220 on screen for 1053.6s | zone=580.3s
  Person 221 on screen for 1020.9s | zone=0.0s
  Person 222 on screen for 3.3s | zone=2.6s
  Person 224 on screen for 6.3s | zone=708.6s
  Person 227 on screen for 1231.0s | zone=83.6s
  Person 230 on screen for 509.6s | zone=6.0s
  Person 233 on screen for 952.9s | zone=14.0s
  Person 235 on screen for 801.7s | zone=0.4s
  Person 236 on screen for 1178.0s | zone=0.0s
  Person 237 on screen for 1061.3s | zone=39.5s
  Person 238 on screen for 209.6s | zone=9.7s
  Person 242 on screen for 2258.9s | zone=2258.8s
  Person 244 on screen for 7.0s | zone=7.1s
  Person 248 on screen for 5.0s | zone=1490.0s
  Person 255 on screen for 1147.6s | zone=0.2s
  Person 256 on screen for 1564.0s | zone=563.2s
  Person 258 on screen for 0.6s | zone=445.4s
  Person 260 on screen for 2.6s | zone=2.9s
  Person 263 on screen for 288.7s | zone=1441.4s
  Person 264 on screen for 2189.4s | zone=1889.7s
  Person 266 on screen for 2440.5s | zone=3.3s
  Person 267 on screen for 1274.5s | zone=0.0s
  Person 273 on screen for 853.3s | zone=62.8s
  Person 278 on screen for 2642.7s | zone=12.2s
  Person 280 on screen for 1091.7s | zone=1.1s
  Person 281 on screen for 231.8s | zone=14.7s
  Person 282 on screen for 67.5s | zone=0.1s
  Person 286 on screen for 1565.6s | zone=6.5s
  Person 290 on screen for 1412.8s | zone=41.2s
  Person 294 on screen for 1294.2s | zone=0.4s
  Person 297 on screen for 3.8s | zone=3.7s
  Person 301 on screen for 2359.4s | zone=0.0s
  Person 302 on screen for 33.7s | zone=25.9s
  Person 304 on screen for 37.9s | zone=0.0s
  Person 305 on screen for 24.5s | zone=11.2s
  Person 306 on screen for 5.2s | zone=5.1s
  Person 309 on screen for 656.5s | zone=656.4s
  Person 310 on screen for 11.0s | zone=10.9s
  Person 311 on screen for 2135.0s | zone=1486.5s
  Person 312 on screen for 22.1s | zone=14.4s
  Person 314 on screen for 0.7s | zone=1.1s
  Person 317 on screen for 0.9s | zone=0.0s
  Person 318 on screen for 2317.3s | zone=0.0s
  Person 320 on screen for 25.1s | zone=2.4s
  Person 322 on screen for 31.6s | zone=1.3s
  Person 326 on screen for 1161.2s | zone=0.2s
  Person 327 on screen for 1428.1s | zone=1423.6s
  Person 328 on screen for 0.8s | zone=0.7s
  Person 329 on screen for 2509.1s | zone=295.0s
  Person 330 on screen for 285.2s | zone=67.6s
  Person 331 on screen for 198.5s | zone=0.1s
  Person 333 on screen for 10.5s | zone=10.4s
  Person 345 on screen for 1310.2s | zone=0.2s
  Person 347 on screen for 67.0s | zone=44.0s
  Person 348 on screen for 282.8s | zone=13.6s
  Person 355 on screen for 2184.9s | zone=1313.9s
  Person 357 on screen for 16.9s | zone=0.0s
  Person 358 on screen for 25.8s | zone=21.7s
  Person 360 on screen for 229.0s | zone=228.9s
  Person 362 on screen for 1539.6s | zone=0.0s
  Person 364 on screen for 945.5s | zone=1.2s
  Person 366 on screen for 5.3s | zone=1.5s
  Person 367 on screen for 49.2s | zone=36.0s
  Person 368 on screen for 983.1s | zone=4.7s
  Person 369 on screen for 3.5s | zone=3.6s
  Person 370 on screen for 24.1s | zone=3.0s
  Person 372 on screen for 14.2s | zone=4.4s
  Person 373 on screen for 1300.0s | zone=0.0s
  Person 375 on screen for 588.7s | zone=588.6s
  Person 376 on screen for 2696.8s | zone=1062.4s
  Person 377 on screen for 1.7s | zone=1.6s
  Person 378 on screen for 627.4s | zone=627.3s
  Person 379 on screen for 330.9s | zone=12.3s
  Person 385 on screen for 1879.5s | zone=1.4s
  Person 392 on screen for 0.5s | zone=0.3s
  Person 393 on screen for 0.6s | zone=0.5s
  Person 398 on screen for 0.2s | zone=0.1s
  Person 402 on screen for 403.1s | zone=0.0s
  Person 404 on screen for 19.1s | zone=0.0s
  Person 409 on screen for 12.6s | zone=12.7s
  Person 411 on screen for 626.7s | zone=0.1s
  Person 412 on screen for 1863.4s | zone=1736.7s
  Person 414 on screen for 32.4s | zone=6.7s
  Person 415 on screen for 1.1s | zone=1.0s
  Person 418 on screen for 1.9s | zone=0.4s
  Person 419 on screen for 318.8s | zone=13.0s
  Person 420 on screen for 2045.1s | zone=2039.9s
  Person 424 on screen for 17.3s | zone=0.0s
  Person 426 on screen for 694.6s | zone=0.0s
  Person 428 on screen for 15.0s | zone=8.3s
  Person 429 on screen for 3553.9s | zone=3553.8s
  Person 434 on screen for 42.4s | zone=2083.0s
  Person 441 on screen for 2635.9s | zone=28.2s
  Person 449 on screen for 104.5s | zone=104.4s
  Person 457 on screen for 14.9s | zone=0.0s
  Person 468 on screen for 8.4s | zone=8.3s
  Person 469 on screen for 10.5s | zone=11.1s
  Person 477 on screen for 409.1s | zone=209.6s
  Person 480 on screen for 13.0s | zone=0.0s
  Person 484 on screen for 456.3s | zone=8.1s
  Person 489 on screen for 51.1s | zone=0.0s
  Person 495 on screen for 599.2s | zone=57.0s
  Person 496 on screen for 250.4s | zone=0.0s
  Person 500 on screen for 2880.1s | zone=14.8s
  Person 519 on screen for 1043.6s | zone=17.3s
  Person 520 on screen for 2715.9s | zone=0.1s
  Person 522 on screen for 3195.7s | zone=25.3s
  Person 524 on screen for 550.8s | zone=1.2s
  Person 546 on screen for 809.7s | zone=45.9s
  Person 549 on screen for 31.0s | zone=1.3s
  Person 556 on screen for 46.0s | zone=20.1s
  Person 561 on screen for 14.5s | zone=14.5s
  Person 563 on screen for 62.7s | zone=0.0s
  Person 565 on screen for 1018.5s | zone=1018.4s
  Person 568 on screen for 0.6s | zone=0.6s
  Person 574 on screen for 3515.6s | zone=3489.6s
  Person 576 on screen for 1808.5s | zone=1565.2s
  Person 580 on screen for 22.7s | zone=22.6s
Person-ID memory saved: C:\Users\vioyq\Desktop\Coach_Tracker\coach-tracker-demo\coach-store\person-ID\coach5\0316.json
CSV written: C:\Users\vioyq\Desktop\Coach_Tracker\coach-tracker-demo\coach-store\CSV-state\coach5\0316-coach5-20260325-171325.csv
--- end report ---

[Progress] 6/12 ( 50.0%) | elapsed  6497.4s | ETA  6497.4s

=== Running: Coach-5-hour-6-20260316145957.mp4 ===
Person-ID memory: loaded 400 IDs from C:\Users\vioyq\Desktop\Coach_Tracker\coach-tracker-demo\coach-store\person-ID\coach5\0316.json
[coach5] C:\Users\vioyq\Desktop\Coach_Tracker\_Coach_Video\3-16\Coach-5\Coach-5-hour-6-20260316145957.mp4 (33498 frames @ 10.0 fps). (headless)
Config: yaml=coach5.yaml zone=C:\Users\vioyq\Desktop\Coach_Tracker\coach-tracker-demo\coach-store\zone\coach5.json
Output CSV: C:\Users\vioyq\Desktop\Coach_Tracker\coach-tracker-demo\coach-store\CSV-state\coach5\0316-coach5-20260325-171325.csv

--- Report ---
Time spent processing: 1251.8s
Time on screen per person:
  Person 0 on screen for 2508.6s | zone=0.0s
  Person 1 on screen for 2364.0s | zone=2.1s
  Person 2 on screen for 2364.2s | zone=0.1s
  Person 4 on screen for 0.8s | zone=1511.8s
  Person 8 on screen for 1639.1s | zone=0.0s
  Person 10 on screen for 2778.8s | zone=2158.3s
  Person 11 on screen for 2347.6s | zone=165.5s
  Person 13 on screen for 1191.9s | zone=1191.8s
  Person 14 on screen for 2122.6s | zone=2119.7s
  Person 15 on screen for 5.6s | zone=0.1s
  Person 22 on screen for 2873.1s | zone=2872.2s
  Person 24 on screen for 710.2s | zone=454.5s
  Person 26 on screen for 1085.1s | zone=0.1s
  Person 27 on screen for 50.5s | zone=50.4s
  Person 30 on screen for 713.3s | zone=25.3s
  Person 35 on screen for 3208.8s | zone=11.9s
  Person 37 on screen for 2.4s | zone=0.0s
  Person 40 on screen for 1960.7s | zone=0.1s
  Person 41 on screen for 37.3s | zone=0.0s
  Person 44 on screen for 119.6s | zone=2394.5s
  Person 46 on screen for 319.4s | zone=6.4s
  Person 47 on screen for 70.4s | zone=0.0s
  Person 50 on screen for 22.1s | zone=0.1s
  Person 53 on screen for 1230.0s | zone=0.0s
  Person 56 on screen for 49.3s | zone=0.3s
  Person 57 on screen for 431.6s | zone=1.5s
  Person 58 on screen for 19.9s | zone=19.8s
  Person 59 on screen for 2676.5s | zone=0.0s
  Person 61 on screen for 1.7s | zone=0.4s
  Person 62 on screen for 106.7s | zone=164.7s
  Person 64 on screen for 208.8s | zone=28.5s
  Person 66 on screen for 56.9s | zone=14.1s
  Person 67 on screen for 1664.1s | zone=2.0s
  Person 68 on screen for 13.2s | zone=1.9s
  Person 71 on screen for 912.6s | zone=7.5s
  Person 72 on screen for 23.3s | zone=0.7s
  Person 74 on screen for 10.8s | zone=0.5s
  Person 77 on screen for 1893.8s | zone=0.1s
  Person 79 on screen for 14.3s | zone=1.2s
  Person 80 on screen for 650.3s | zone=599.5s
  Person 83 on screen for 2306.9s | zone=3.1s
  Person 85 on screen for 1644.5s | zone=1620.6s
  Person 86 on screen for 153.8s | zone=1.7s
  Person 87 on screen for 2417.9s | zone=2230.0s
  Person 88 on screen for 1647.3s | zone=7.5s
  Person 91 on screen for 263.0s | zone=257.4s
  Person 92 on screen for 1.2s | zone=1.1s
  Person 95 on screen for 1856.0s | zone=1774.9s
  Person 96 on screen for 1491.5s | zone=1418.3s
  Person 97 on screen for 15.6s | zone=3.9s
  Person 98 on screen for 1187.4s | zone=0.2s
  Person 103 on screen for 82.4s | zone=0.0s
  Person 106 on screen for 2441.2s | zone=2441.1s
  Person 110 on screen for 6.7s | zone=731.6s
  Person 113 on screen for 28.4s | zone=4.8s
  Person 114 on screen for 30.2s | zone=12.8s
  Person 115 on screen for 1786.7s | zone=764.8s
  Person 117 on screen for 14.0s | zone=8.6s
  Person 121 on screen for 1037.4s | zone=5.7s
  Person 122 on screen for 86.3s | zone=1.0s
  Person 123 on screen for 26.9s | zone=0.2s
  Person 125 on screen for 12.7s | zone=0.0s
  Person 128 on screen for 22.0s | zone=18.5s
  Person 129 on screen for 15.0s | zone=1.8s
  Person 136 on screen for 923.3s | zone=0.3s
  Person 137 on screen for 415.4s | zone=409.7s
  Person 138 on screen for 4.5s | zone=0.0s
  Person 143 on screen for 447.0s | zone=409.7s
  Person 147 on screen for 31.1s | zone=0.0s
  Person 148 on screen for 26.8s | zone=0.2s
  Person 149 on screen for 3.1s | zone=1879.8s
  Person 150 on screen for 1510.0s | zone=1335.8s
  Person 153 on screen for 2146.1s | zone=0.2s
  Person 155 on screen for 540.9s | zone=0.0s
  Person 157 on screen for 1396.1s | zone=41.0s
  Person 159 on screen for 87.9s | zone=0.2s
  Person 160 on screen for 10.1s | zone=0.0s
  Person 161 on screen for 2125.3s | zone=57.7s
  Person 162 on screen for 19.6s | zone=0.3s
  Person 168 on screen for 3.0s | zone=2.9s
  Person 169 on screen for 5.5s | zone=1.6s
  Person 171 on screen for 257.4s | zone=0.0s
  Person 172 on screen for 1740.9s | zone=9.5s
  Person 181 on screen for 1116.4s | zone=1.6s
  Person 183 on screen for 1074.3s | zone=219.2s
  Person 185 on screen for 1925.0s | zone=0.6s
  Person 187 on screen for 1250.2s | zone=11.0s
  Person 189 on screen for 15.5s | zone=7.8s
  Person 190 on screen for 0.7s | zone=1.2s
  Person 192 on screen for 22.0s | zone=0.5s
  Person 193 on screen for 1623.7s | zone=31.7s
  Person 195 on screen for 1794.7s | zone=0.1s
  Person 196 on screen for 1039.9s | zone=0.4s
  Person 197 on screen for 823.9s | zone=0.0s
  Person 198 on screen for 3.5s | zone=0.4s
  Person 199 on screen for 11.5s | zone=0.1s
  Person 200 on screen for 1290.5s | zone=2.4s
  Person 201 on screen for 3.2s | zone=0.6s
  Person 202 on screen for 2436.6s | zone=0.0s
  Person 204 on screen for 0.5s | zone=0.1s
  Person 205 on screen for 3.7s | zone=0.0s
  Person 206 on screen for 1474.5s | zone=0.0s
  Person 207 on screen for 42.7s | zone=1.7s
  Person 208 on screen for 1052.2s | zone=4.4s
  Person 211 on screen for 3.9s | zone=4.1s
  Person 214 on screen for 25.7s | zone=1.6s
  Person 218 on screen for 26.7s | zone=0.1s
  Person 219 on screen for 7.5s | zone=0.1s
  Person 224 on screen for 47.7s | zone=47.6s
  Person 229 on screen for 174.2s | zone=14.4s
  Person 234 on screen for 17.7s | zone=0.5s
  Person 235 on screen for 1885.1s | zone=0.4s
  Person 236 on screen for 1032.9s | zone=1032.8s
  Person 238 on screen for 27.8s | zone=5.5s
  Person 239 on screen for 613.6s | zone=82.8s
  Person 240 on screen for 10.2s | zone=10.1s
  Person 244 on screen for 23.7s | zone=0.5s
  Person 246 on screen for 48.9s | zone=331.6s
  Person 248 on screen for 2641.5s | zone=2640.0s
  Person 250 on screen for 4.0s | zone=3.9s
  Person 253 on screen for 13.7s | zone=13.8s
  Person 254 on screen for 3.1s | zone=0.0s
  Person 255 on screen for 195.7s | zone=2.5s
  Person 256 on screen for 2095.2s | zone=174.1s
  Person 257 on screen for 3.4s | zone=792.5s
  Person 258 on screen for 4.2s | zone=0.4s
  Person 259 on screen for 1.0s | zone=0.0s
  Person 260 on screen for 21.0s | zone=15.0s
  Person 264 on screen for 7.9s | zone=7.8s
  Person 266 on screen for 37.5s | zone=8.1s
  Person 267 on screen for 7.5s | zone=7.5s
  Person 285 on screen for 1329.6s | zone=979.6s
  Person 287 on screen for 15.7s | zone=273.3s
  Person 288 on screen for 777.2s | zone=707.1s
  Person 290 on screen for 70.2s | zone=51.4s
  Person 292 on screen for 420.7s | zone=3.3s
  Person 293 on screen for 4.0s | zone=3.9s
  Person 294 on screen for 1124.3s | zone=0.2s
  Person 297 on screen for 786.0s | zone=0.0s
  Person 305 on screen for 15.5s | zone=668.6s
  Person 306 on screen for 2040.4s | zone=1.0s
  Person 309 on screen for 0.2s | zone=0.1s
  Person 311 on screen for 49.0s | zone=49.0s
  Person 314 on screen for 267.5s | zone=0.0s
  Person 316 on screen for 1660.6s | zone=13.9s
  Person 320 on screen for 462.3s | zone=3.6s
  Person 321 on screen for 1644.2s | zone=284.7s
  Person 323 on screen for 6.0s | zone=0.3s
  Person 326 on screen for 3.0s | zone=378.6s
  Person 328 on screen for 1.3s | zone=0.0s
  Person 329 on screen for 1944.9s | zone=0.9s
  Person 330 on screen for 41.3s | zone=2.1s
  Person 333 on screen for 1135.7s | zone=33.3s
  Person 334 on screen for 15.0s | zone=15.1s
  Person 338 on screen for 15.6s | zone=0.0s
  Person 340 on screen for 2341.9s | zone=0.0s
  Person 347 on screen for 1520.5s | zone=0.7s
  Person 348 on screen for 298.4s | zone=144.8s
  Person 352 on screen for 14.4s | zone=857.5s
  Person 355 on screen for 1814.7s | zone=790.4s
  Person 358 on screen for 42.5s | zone=1346.1s
  Person 361 on screen for 3.1s | zone=824.5s
  Person 362 on screen for 88.3s | zone=0.2s
  Person 363 on screen for 1420.3s | zone=0.0s
  Person 364 on screen for 182.9s | zone=13.3s
  Person 365 on screen for 308.4s | zone=1.4s
  Person 366 on screen for 2278.7s | zone=0.0s
  Person 369 on screen for 2547.2s | zone=1.6s
  Person 370 on screen for 30.0s | zone=973.9s
  Person 372 on screen for 13.2s | zone=0.1s
  Person 373 on screen for 46.5s | zone=0.0s
  Person 375 on screen for 5.7s | zone=2.4s
  Person 378 on screen for 5.6s | zone=1.0s
  Person 379 on screen for 909.6s | zone=903.1s
  Person 384 on screen for 980.0s | zone=0.0s
  Person 385 on screen for 1319.1s | zone=2.1s
  Person 389 on screen for 2.2s | zone=953.0s
  Person 390 on screen for 67.3s | zone=0.0s
  Person 391 on screen for 339.1s | zone=0.0s
  Person 393 on screen for 2921.1s | zone=0.5s
  Person 396 on screen for 49.5s | zone=0.3s
  Person 398 on screen for 407.2s | zone=50.1s
  Person 400 on screen for 32.2s | zone=32.4s
  Person 402 on screen for 1499.1s | zone=0.2s
  Person 412 on screen for 1160.7s | zone=6.5s
  Person 420 on screen for 22.2s | zone=15.5s
  Person 424 on screen for 758.0s | zone=712.2s
  Person 428 on screen for 9.1s | zone=9.2s
  Person 429 on screen for 2533.9s | zone=1.0s
  Person 443 on screen for 15.6s | zone=0.9s
  Person 449 on screen for 185.6s | zone=99.4s
  Person 452 on screen for 1605.6s | zone=1596.2s
  Person 457 on screen for 1362.1s | zone=11.7s
  Person 468 on screen for 24.8s | zone=24.7s
  Person 469 on screen for 57.2s | zone=20.9s
  Person 470 on screen for 111.9s | zone=11.9s
  Person 477 on screen for 2857.3s | zone=313.9s
  Person 485 on screen for 38.0s | zone=18.9s
  Person 496 on screen for 1985.7s | zone=0.1s
  Person 498 on screen for 1.6s | zone=0.0s
  Person 499 on screen for 9.1s | zone=0.1s
  Person 519 on screen for 1358.9s | zone=11.3s
  Person 520 on screen for 247.3s | zone=3.4s
  Person 521 on screen for 3.5s | zone=0.0s
  Person 522 on screen for 804.5s | zone=8.3s
  Person 524 on screen for 493.4s | zone=0.1s
  Person 546 on screen for 2495.3s | zone=48.3s
  Person 556 on screen for 15.4s | zone=12.1s
  Person 561 on screen for 213.9s | zone=8.0s
  Person 563 on screen for 42.3s | zone=11.2s
  Person 565 on screen for 3.5s | zone=1.3s
  Person 568 on screen for 938.6s | zone=13.2s
  Person 576 on screen for 2206.9s | zone=891.9s
  Person 580 on screen for 315.1s | zone=0.2s
Person-ID memory saved: C:\Users\vioyq\Desktop\Coach_Tracker\coach-tracker-demo\coach-store\person-ID\coach5\0316.json
CSV written: C:\Users\vioyq\Desktop\Coach_Tracker\coach-tracker-demo\coach-store\CSV-state\coach5\0316-coach5-20260325-171325.csv
--- end report ---

[Progress] 7/12 ( 58.3%) | elapsed  7753.6s | ETA  5538.3s

=== Running: Coach-5-hour-7-20260316155632.mp4 ===
